2024-12-14 21:16:19.107 [info] Extension host with pid 1477 started
2024-12-14 21:16:19.107 [error] Error: EEXIST: file already exists, open '/home/ubuntu/.vscode-server/data/User/workspaceStorage/89c7bb5c0ce2071f34ce53eb8b7aa3eb/vscode.lock'
2024-12-14 21:16:19.116 [info] Lock '/home/ubuntu/.vscode-server/data/User/workspaceStorage/89c7bb5c0ce2071f34ce53eb8b7aa3eb/vscode.lock': Could not acquire lock, checking if the file is stale.
2024-12-14 21:16:19.129 [info] Lock '/home/ubuntu/.vscode-server/data/User/workspaceStorage/89c7bb5c0ce2071f34ce53eb8b7aa3eb/vscode.lock': The lock does not look stale, elapsed: 34207 ms, giving up.
2024-12-14 21:16:19.166 [info] ExtensionService#_doActivateExtension vscode.git-base, startup: false, activationEvent: '*', root cause: vscode.git
2024-12-14 21:16:19.170 [info] ExtensionService#_doActivateExtension vscode.emmet, startup: false, activationEvent: 'onLanguage'
2024-12-14 21:16:19.170 [info] ExtensionService#_doActivateExtension vscode.configuration-editing, startup: false, activationEvent: 'onLanguage:json'
2024-12-14 21:16:19.170 [info] ExtensionService#_doActivateExtension vscode.extension-editing, startup: false, activationEvent: 'onLanguage:json'
2024-12-14 21:16:19.171 [info] ExtensionService#_doActivateExtension vscode.json-language-features, startup: false, activationEvent: 'onLanguage:json'
2024-12-14 21:16:19.171 [info] ExtensionService#_doActivateExtension vscode.npm, startup: false, activationEvent: 'onLanguage:json'
2024-12-14 21:16:19.200 [info] Lock '/home/ubuntu/.vscode-server/data/User/workspaceStorage/89c7bb5c0ce2071f34ce53eb8b7aa3eb-1/vscode.lock': Lock acquired.
2024-12-14 21:16:19.581 [info] ExtensionService#_doActivateExtension vscode.git, startup: false, activationEvent: '*'
2024-12-14 21:16:19.582 [info] ExtensionService#_doActivateExtension vscode.github, startup: false, activationEvent: '*'
2024-12-14 21:16:20.247 [info] Eager extensions activated
2024-12-14 21:16:20.248 [info] ExtensionService#_doActivateExtension vscode.debug-auto-launch, startup: false, activationEvent: 'onStartupFinished'
2024-12-14 21:16:20.248 [info] ExtensionService#_doActivateExtension vscode.merge-conflict, startup: false, activationEvent: 'onStartupFinished'
2024-12-14 21:16:20.697 [warning] [Decorations] CAPPING events from decorations provider vscode.git 2003
2024-12-14 21:16:21.077 [info] ExtensionService#_doActivateExtension vscode.tunnel-forwarding, startup: false, activationEvent: 'onTunnel'
2024-12-14 21:16:21.263 [warning] [Decorations] CAPPING events from decorations provider vscode.git 2003
2024-12-14 21:16:33.527 [warning] [Decorations] CAPPING events from decorations provider vscode.git 2003
2024-12-14 21:18:07.901 [warning] [Decorations] CAPPING events from decorations provider vscode.git 2003
2024-12-14 21:18:13.094 [warning] [Decorations] CAPPING events from decorations provider vscode.git 2003
2024-12-14 21:18:18.298 [warning] [Decorations] CAPPING events from decorations provider vscode.git 2003
2024-12-14 21:19:31.320 [warning] [Decorations] CAPPING events from decorations provider vscode.git 2003
2024-12-14 21:19:36.515 [warning] [Decorations] CAPPING events from decorations provider vscode.git 2003
2024-12-14 21:19:51.037 [warning] [Decorations] CAPPING events from decorations provider vscode.git 2003
2024-12-14 21:19:56.594 [warning] [Decorations] CAPPING events from decorations provider vscode.git 2003
2024-12-14 21:20:01.797 [warning] [Decorations] CAPPING events from decorations provider vscode.git 2003
2024-12-14 21:21:10.555 [warning] [Decorations] CAPPING events from decorations provider vscode.git 2003
2024-12-14 21:21:15.754 [warning] [Decorations] CAPPING events from decorations provider vscode.git 2003
2024-12-14 21:21:20.941 [warning] [Decorations] CAPPING events from decorations provider vscode.git 2003
2024-12-14 21:21:27.511 [warning] [Decorations] CAPPING events from decorations provider vscode.git 2003
2024-12-14 21:21:32.702 [warning] [Decorations] CAPPING events from decorations provider vscode.git 2003
2024-12-14 21:21:37.869 [warning] [Decorations] CAPPING events from decorations provider vscode.git 2003
2024-12-14 21:22:36.470 [warning] [Decorations] CAPPING events from decorations provider vscode.git 2003
2024-12-14 21:25:26.521 [warning] [Decorations] CAPPING events from decorations provider vscode.git 2003
2024-12-14 21:25:31.727 [warning] [Decorations] CAPPING events from decorations provider vscode.git 2003
2024-12-14 21:25:36.892 [warning] [Decorations] CAPPING events from decorations provider vscode.git 2003
2024-12-14 21:25:42.091 [warning] [Decorations] CAPPING events from decorations provider vscode.git 2003
2024-12-14 21:25:47.236 [warning] [Decorations] CAPPING events from decorations provider vscode.git 2003
2024-12-14 21:25:52.436 [warning] [Decorations] CAPPING events from decorations provider vscode.git 2003
2024-12-14 21:25:57.609 [warning] [Decorations] CAPPING events from decorations provider vscode.git 2003
2024-12-14 21:26:02.779 [warning] [Decorations] CAPPING events from decorations provider vscode.git 2003
2024-12-14 21:26:07.949 [warning] [Decorations] CAPPING events from decorations provider vscode.git 2003
2024-12-14 21:26:13.137 [warning] [Decorations] CAPPING events from decorations provider vscode.git 2003
2024-12-14 21:26:18.333 [warning] [Decorations] CAPPING events from decorations provider vscode.git 2003
2024-12-14 21:26:23.537 [warning] [Decorations] CAPPING events from decorations provider vscode.git 2003
2024-12-14 21:26:28.739 [warning] [Decorations] CAPPING events from decorations provider vscode.git 2003
2024-12-14 21:26:33.913 [warning] [Decorations] CAPPING events from decorations provider vscode.git 2003
2024-12-14 21:26:39.530 [warning] [Decorations] CAPPING events from decorations provider vscode.git 2003
2024-12-14 21:26:44.725 [warning] [Decorations] CAPPING events from decorations provider vscode.git 2003
2024-12-14 21:26:49.917 [warning] [Decorations] CAPPING events from decorations provider vscode.git 2003
2024-12-14 21:26:55.545 [warning] [Decorations] CAPPING events from decorations provider vscode.git 2003
2024-12-14 21:27:00.755 [warning] [Decorations] CAPPING events from decorations provider vscode.git 2003
2024-12-14 21:27:05.955 [warning] [Decorations] CAPPING events from decorations provider vscode.git 2003
2024-12-14 21:27:11.126 [warning] [Decorations] CAPPING events from decorations provider vscode.git 2003
2024-12-14 21:27:16.325 [warning] [Decorations] CAPPING events from decorations provider vscode.git 2003
2024-12-14 21:27:21.879 [warning] [Decorations] CAPPING events from decorations provider vscode.git 2003
2024-12-14 21:27:27.076 [warning] [Decorations] CAPPING events from decorations provider vscode.git 2003
2024-12-14 21:27:32.276 [warning] [Decorations] CAPPING events from decorations provider vscode.git 2003
2024-12-14 21:27:37.863 [warning] [Decorations] CAPPING events from decorations provider vscode.git 2003
2024-12-14 21:27:43.062 [warning] [Decorations] CAPPING events from decorations provider vscode.git 2003
2024-12-14 21:27:48.258 [warning] [Decorations] CAPPING events from decorations provider vscode.git 2003
2024-12-14 21:27:53.446 [warning] [Decorations] CAPPING events from decorations provider vscode.git 2003
2024-12-14 21:27:58.623 [warning] [Decorations] CAPPING events from decorations provider vscode.git 2003
2024-12-14 21:28:03.827 [warning] [Decorations] CAPPING events from decorations provider vscode.git 2003
2024-12-14 21:28:09.031 [warning] [Decorations] CAPPING events from decorations provider vscode.git 2003
2024-12-14 21:28:14.238 [warning] [Decorations] CAPPING events from decorations provider vscode.git 2003
2024-12-14 21:28:19.434 [warning] [Decorations] CAPPING events from decorations provider vscode.git 2003
2024-12-14 21:28:24.596 [warning] [Decorations] CAPPING events from decorations provider vscode.git 2003
2024-12-14 21:28:29.799 [warning] [Decorations] CAPPING events from decorations provider vscode.git 2003
2024-12-14 21:28:35.002 [warning] [Decorations] CAPPING events from decorations provider vscode.git 2003
2024-12-14 21:28:40.201 [warning] [Decorations] CAPPING events from decorations provider vscode.git 2003
2024-12-14 21:28:45.400 [warning] [Decorations] CAPPING events from decorations provider vscode.git 2003
2024-12-14 21:28:50.566 [warning] [Decorations] CAPPING events from decorations provider vscode.git 2003
2024-12-14 21:28:55.752 [warning] [Decorations] CAPPING events from decorations provider vscode.git 2003
2024-12-14 21:29:00.958 [warning] [Decorations] CAPPING events from decorations provider vscode.git 2003
2024-12-14 21:29:06.573 [warning] [Decorations] CAPPING events from decorations provider vscode.git 2003
2024-12-14 21:29:11.769 [warning] [Decorations] CAPPING events from decorations provider vscode.git 2003
2024-12-14 21:29:16.961 [warning] [Decorations] CAPPING events from decorations provider vscode.git 2003
2024-12-14 21:29:22.149 [warning] [Decorations] CAPPING events from decorations provider vscode.git 2003
2024-12-14 21:29:27.603 [warning] [Decorations] CAPPING events from decorations provider vscode.git 2003
2024-12-14 21:29:32.814 [warning] [Decorations] CAPPING events from decorations provider vscode.git 2003
2024-12-14 21:30:04.335 [warning] [Decorations] CAPPING events from decorations provider vscode.git 2003
2024-12-14 21:30:31.120 [warning] [Decorations] CAPPING events from decorations provider vscode.git 2003
2024-12-14 21:30:47.208 [warning] [Decorations] CAPPING events from decorations provider vscode.git 2003
2024-12-14 21:31:00.949 [warning] [Decorations] CAPPING events from decorations provider vscode.git 2003
2024-12-14 21:31:06.119 [warning] [Decorations] CAPPING events from decorations provider vscode.git 2003
2024-12-14 21:31:11.329 [warning] [Decorations] CAPPING events from decorations provider vscode.git 2003
2024-12-14 21:31:26.865 [warning] [Decorations] CAPPING events from decorations provider vscode.git 2003
2024-12-14 21:31:32.068 [warning] [Decorations] CAPPING events from decorations provider vscode.git 2003
2024-12-14 21:31:45.229 [warning] [Decorations] CAPPING events from decorations provider vscode.git 2003
2024-12-14 21:31:50.431 [warning] [Decorations] CAPPING events from decorations provider vscode.git 2003
2024-12-14 21:31:55.642 [warning] [Decorations] CAPPING events from decorations provider vscode.git 2003
2024-12-14 21:32:00.841 [warning] [Decorations] CAPPING events from decorations provider vscode.git 2003
2024-12-14 21:32:21.987 [warning] [Decorations] CAPPING events from decorations provider vscode.git 2003
2024-12-14 21:32:27.199 [warning] [Decorations] CAPPING events from decorations provider vscode.git 2003
2024-12-14 21:32:34.221 [warning] [Decorations] CAPPING events from decorations provider vscode.git 2003
2024-12-14 21:32:39.408 [warning] [Decorations] CAPPING events from decorations provider vscode.git 2003
2024-12-14 21:32:44.601 [warning] [Decorations] CAPPING events from decorations provider vscode.git 2003
2024-12-14 21:32:50.163 [warning] [Decorations] CAPPING events from decorations provider vscode.git 2003
2024-12-14 21:32:55.315 [warning] [Decorations] CAPPING events from decorations provider vscode.git 2003
2024-12-14 21:33:07.179 [warning] [Decorations] CAPPING events from decorations provider vscode.git 2003
2024-12-14 21:33:12.336 [warning] [Decorations] CAPPING events from decorations provider vscode.git 2003
2024-12-14 21:33:17.528 [warning] [Decorations] CAPPING events from decorations provider vscode.git 2003
2024-12-14 21:33:23.181 [warning] [Decorations] CAPPING events from decorations provider vscode.git 2003
2024-12-14 21:33:28.371 [warning] [Decorations] CAPPING events from decorations provider vscode.git 2003
2024-12-14 21:33:33.571 [warning] [Decorations] CAPPING events from decorations provider vscode.git 2003
2024-12-14 21:33:38.733 [warning] [Decorations] CAPPING events from decorations provider vscode.git 2003
2024-12-14 21:33:43.911 [warning] [Decorations] CAPPING events from decorations provider vscode.git 2003
2024-12-14 21:33:49.112 [warning] [Decorations] CAPPING events from decorations provider vscode.git 2003
2024-12-14 21:33:55.655 [warning] [Decorations] CAPPING events from decorations provider vscode.git 2003
2024-12-14 21:34:00.854 [warning] [Decorations] CAPPING events from decorations provider vscode.git 2003
2024-12-14 21:36:11.217 [warning] [Decorations] CAPPING events from decorations provider vscode.git 2003
2024-12-14 21:36:16.418 [warning] [Decorations] CAPPING events from decorations provider vscode.git 2003
2024-12-14 21:36:21.618 [warning] [Decorations] CAPPING events from decorations provider vscode.git 2003
2024-12-14 21:36:26.826 [warning] [Decorations] CAPPING events from decorations provider vscode.git 2003
2024-12-14 21:36:32.020 [warning] [Decorations] CAPPING events from decorations provider vscode.git 2003
2024-12-14 21:37:11.482 [warning] [Decorations] CAPPING events from decorations provider vscode.git 2003
2024-12-14 21:37:43.936 [warning] [Decorations] CAPPING events from decorations provider vscode.git 2003
2024-12-14 21:37:49.117 [warning] [Decorations] CAPPING events from decorations provider vscode.git 2003
2024-12-14 21:38:53.003 [warning] [Decorations] CAPPING events from decorations provider vscode.git 2003
2024-12-14 21:38:58.204 [warning] [Decorations] CAPPING events from decorations provider vscode.git 2003
2024-12-14 21:39:03.773 [warning] [Decorations] CAPPING events from decorations provider vscode.git 2003
2024-12-14 21:39:08.970 [warning] [Decorations] CAPPING events from decorations provider vscode.git 2003
2024-12-14 21:40:29.407 [warning] [Decorations] CAPPING events from decorations provider vscode.git 2003
2024-12-14 21:40:34.612 [warning] [Decorations] CAPPING events from decorations provider vscode.git 2003
2024-12-14 21:41:19.893 [warning] [Decorations] CAPPING events from decorations provider vscode.git 2003
2024-12-14 21:42:04.212 [warning] [Decorations] CAPPING events from decorations provider vscode.git 2003
2024-12-14 21:42:09.416 [warning] [Decorations] CAPPING events from decorations provider vscode.git 2003
2024-12-14 21:42:14.613 [warning] [Decorations] CAPPING events from decorations provider vscode.git 2003
2024-12-14 21:42:19.818 [warning] [Decorations] CAPPING events from decorations provider vscode.git 2003
2024-12-14 21:43:02.590 [warning] [Decorations] CAPPING events from decorations provider vscode.git 2003
2024-12-14 21:43:07.792 [warning] [Decorations] CAPPING events from decorations provider vscode.git 2003
2024-12-14 21:43:13.836 [warning] [Decorations] CAPPING events from decorations provider vscode.git 2003
2024-12-14 21:44:03.222 [warning] [Decorations] CAPPING events from decorations provider vscode.git 2003
2024-12-14 21:44:08.439 [warning] [Decorations] CAPPING events from decorations provider vscode.git 2003
2024-12-14 21:44:36.879 [warning] [Decorations] CAPPING events from decorations provider vscode.git 2003
2024-12-14 21:44:42.080 [warning] [Decorations] CAPPING events from decorations provider vscode.git 2003
2024-12-14 21:44:47.274 [warning] [Decorations] CAPPING events from decorations provider vscode.git 2003
2024-12-14 21:44:52.475 [warning] [Decorations] CAPPING events from decorations provider vscode.git 2003
2024-12-14 21:44:57.673 [warning] [Decorations] CAPPING events from decorations provider vscode.git 2003
2024-12-14 21:46:30.261 [warning] [Decorations] CAPPING events from decorations provider vscode.git 2003
2024-12-14 21:46:35.457 [warning] [Decorations] CAPPING events from decorations provider vscode.git 2003
2024-12-14 21:46:40.664 [warning] [Decorations] CAPPING events from decorations provider vscode.git 2003
2024-12-14 21:47:17.627 [warning] [Decorations] CAPPING events from decorations provider vscode.git 2003
2024-12-14 21:47:22.798 [warning] [Decorations] CAPPING events from decorations provider vscode.git 2003
2024-12-14 21:47:28.000 [warning] [Decorations] CAPPING events from decorations provider vscode.git 2003
2024-12-14 21:47:33.204 [warning] [Decorations] CAPPING events from decorations provider vscode.git 2003
2024-12-14 21:47:38.379 [warning] [Decorations] CAPPING events from decorations provider vscode.git 2003
2024-12-14 21:47:43.578 [warning] [Decorations] CAPPING events from decorations provider vscode.git 2003
2024-12-14 21:48:15.023 [warning] [Decorations] CAPPING events from decorations provider vscode.git 2003
2024-12-14 21:48:20.523 [warning] [Decorations] CAPPING events from decorations provider vscode.git 2003
2024-12-14 21:48:25.705 [warning] [Decorations] CAPPING events from decorations provider vscode.git 2003
2024-12-14 21:48:30.905 [warning] [Decorations] CAPPING events from decorations provider vscode.git 2003
2024-12-14 21:48:36.091 [warning] [Decorations] CAPPING events from decorations provider vscode.git 2003
2024-12-14 21:48:44.197 [warning] [Decorations] CAPPING events from decorations provider vscode.git 2003
2024-12-14 21:48:49.393 [warning] [Decorations] CAPPING events from decorations provider vscode.git 2003
2024-12-14 21:48:54.579 [warning] [Decorations] CAPPING events from decorations provider vscode.git 2003
2024-12-14 21:48:59.740 [warning] [Decorations] CAPPING events from decorations provider vscode.git 2003
2024-12-14 21:49:04.943 [warning] [Decorations] CAPPING events from decorations provider vscode.git 2003
2024-12-14 21:49:10.740 [warning] [Decorations] CAPPING events from decorations provider vscode.git 2003
2024-12-14 21:49:15.942 [warning] [Decorations] CAPPING events from decorations provider vscode.git 2003
2024-12-14 21:51:14.763 [warning] [Decorations] CAPPING events from decorations provider vscode.git 2003
2024-12-14 21:51:19.980 [warning] [Decorations] CAPPING events from decorations provider vscode.git 2003
2024-12-14 21:51:25.176 [warning] [Decorations] CAPPING events from decorations provider vscode.git 2003
2024-12-14 21:51:30.347 [warning] [Decorations] CAPPING events from decorations provider vscode.git 2003
2024-12-14 21:51:35.531 [warning] [Decorations] CAPPING events from decorations provider vscode.git 2003
2024-12-14 21:51:40.720 [warning] [Decorations] CAPPING events from decorations provider vscode.git 2003
2024-12-14 21:51:45.909 [warning] [Decorations] CAPPING events from decorations provider vscode.git 2003
2024-12-14 21:51:51.078 [warning] [Decorations] CAPPING events from decorations provider vscode.git 2003
2024-12-14 21:51:56.255 [warning] [Decorations] CAPPING events from decorations provider vscode.git 2003
2024-12-14 21:52:01.439 [warning] [Decorations] CAPPING events from decorations provider vscode.git 2003
2024-12-14 21:52:06.996 [warning] [Decorations] CAPPING events from decorations provider vscode.git 2003
2024-12-14 21:52:12.186 [warning] [Decorations] CAPPING events from decorations provider vscode.git 2003
2024-12-14 21:52:17.393 [warning] [Decorations] CAPPING events from decorations provider vscode.git 2003
2024-12-14 21:52:22.585 [warning] [Decorations] CAPPING events from decorations provider vscode.git 2003
2024-12-14 21:52:27.786 [warning] [Decorations] CAPPING events from decorations provider vscode.git 2003
2024-12-14 21:52:32.973 [warning] [Decorations] CAPPING events from decorations provider vscode.git 2003
2024-12-14 21:52:38.180 [warning] [Decorations] CAPPING events from decorations provider vscode.git 2003
2024-12-14 21:52:43.373 [warning] [Decorations] CAPPING events from decorations provider vscode.git 2003
2024-12-14 21:52:48.562 [warning] [Decorations] CAPPING events from decorations provider vscode.git 2003
2024-12-14 21:52:53.753 [warning] [Decorations] CAPPING events from decorations provider vscode.git 2003
2024-12-14 21:52:58.939 [warning] [Decorations] CAPPING events from decorations provider vscode.git 2003
2024-12-14 21:53:04.146 [warning] [Decorations] CAPPING events from decorations provider vscode.git 2003
2024-12-14 21:53:09.350 [warning] [Decorations] CAPPING events from decorations provider vscode.git 2003
2024-12-14 21:53:14.515 [warning] [Decorations] CAPPING events from decorations provider vscode.git 2003
2024-12-14 21:53:19.706 [warning] [Decorations] CAPPING events from decorations provider vscode.git 2003
2024-12-14 21:53:24.877 [warning] [Decorations] CAPPING events from decorations provider vscode.git 2003
2024-12-14 21:53:30.067 [warning] [Decorations] CAPPING events from decorations provider vscode.git 2003
2024-12-14 21:53:35.263 [warning] [Decorations] CAPPING events from decorations provider vscode.git 2003
2024-12-14 21:53:44.850 [warning] [Decorations] CAPPING events from decorations provider vscode.git 2003
2024-12-14 21:53:50.022 [warning] [Decorations] CAPPING events from decorations provider vscode.git 2003
2024-12-14 21:53:56.843 [warning] [Decorations] CAPPING events from decorations provider vscode.git 2003
2024-12-14 21:54:05.847 [warning] [Decorations] CAPPING events from decorations provider vscode.git 2003
2024-12-14 21:54:11.040 [warning] [Decorations] CAPPING events from decorations provider vscode.git 2003
2024-12-14 21:54:16.213 [warning] [Decorations] CAPPING events from decorations provider vscode.git 2003
2024-12-14 21:54:21.417 [warning] [Decorations] CAPPING events from decorations provider vscode.git 2003
2024-12-14 21:54:26.613 [warning] [Decorations] CAPPING events from decorations provider vscode.git 2003
2024-12-14 21:54:31.809 [warning] [Decorations] CAPPING events from decorations provider vscode.git 2003
2024-12-14 21:54:36.999 [warning] [Decorations] CAPPING events from decorations provider vscode.git 2003
2024-12-14 21:54:42.220 [warning] [Decorations] CAPPING events from decorations provider vscode.git 2003
2024-12-14 21:54:47.416 [warning] [Decorations] CAPPING events from decorations provider vscode.git 2003
2024-12-14 21:54:52.610 [warning] [Decorations] CAPPING events from decorations provider vscode.git 2003
2024-12-14 21:54:57.815 [warning] [Decorations] CAPPING events from decorations provider vscode.git 2003
2024-12-14 21:55:03.012 [warning] [Decorations] CAPPING events from decorations provider vscode.git 2003
2024-12-14 21:55:08.213 [warning] [Decorations] CAPPING events from decorations provider vscode.git 2003
2024-12-14 21:55:13.387 [warning] [Decorations] CAPPING events from decorations provider vscode.git 2003
2024-12-14 21:55:18.590 [warning] [Decorations] CAPPING events from decorations provider vscode.git 2003
2024-12-14 21:55:23.752 [warning] [Decorations] CAPPING events from decorations provider vscode.git 2003
2024-12-14 21:55:28.921 [warning] [Decorations] CAPPING events from decorations provider vscode.git 2003
2024-12-14 21:55:34.104 [warning] [Decorations] CAPPING events from decorations provider vscode.git 2003
2024-12-14 21:55:39.305 [warning] [Decorations] CAPPING events from decorations provider vscode.git 2003
2024-12-14 21:55:44.503 [warning] [Decorations] CAPPING events from decorations provider vscode.git 2003
2024-12-14 21:55:49.699 [warning] [Decorations] CAPPING events from decorations provider vscode.git 2003
2024-12-14 21:55:54.888 [warning] [Decorations] CAPPING events from decorations provider vscode.git 2003
2024-12-14 21:56:00.089 [warning] [Decorations] CAPPING events from decorations provider vscode.git 2003
2024-12-14 21:56:05.285 [warning] [Decorations] CAPPING events from decorations provider vscode.git 2003
2024-12-14 21:56:10.477 [warning] [Decorations] CAPPING events from decorations provider vscode.git 2003
2024-12-14 21:56:15.680 [warning] [Decorations] CAPPING events from decorations provider vscode.git 2003
2024-12-14 21:56:20.871 [warning] [Decorations] CAPPING events from decorations provider vscode.git 2003
2024-12-14 21:56:26.064 [warning] [Decorations] CAPPING events from decorations provider vscode.git 2003
2024-12-14 21:56:31.262 [warning] [Decorations] CAPPING events from decorations provider vscode.git 2003
2024-12-14 21:56:36.461 [warning] [Decorations] CAPPING events from decorations provider vscode.git 2003
2024-12-14 21:56:41.664 [warning] [Decorations] CAPPING events from decorations provider vscode.git 2003
2024-12-14 21:56:46.862 [warning] [Decorations] CAPPING events from decorations provider vscode.git 2003
2024-12-14 21:56:52.065 [warning] [Decorations] CAPPING events from decorations provider vscode.git 2003
2024-12-14 21:56:57.254 [warning] [Decorations] CAPPING events from decorations provider vscode.git 2003
2024-12-14 21:57:02.417 [warning] [Decorations] CAPPING events from decorations provider vscode.git 2003
2024-12-14 21:57:07.617 [warning] [Decorations] CAPPING events from decorations provider vscode.git 2003
2024-12-14 21:57:13.164 [warning] [Decorations] CAPPING events from decorations provider vscode.git 2003
2024-12-14 21:57:18.322 [warning] [Decorations] CAPPING events from decorations provider vscode.git 2003
2024-12-14 21:57:23.474 [warning] [Decorations] CAPPING events from decorations provider vscode.git 2003
2024-12-14 21:57:28.657 [warning] [Decorations] CAPPING events from decorations provider vscode.git 2003
2024-12-14 21:57:33.853 [warning] [Decorations] CAPPING events from decorations provider vscode.git 2003
2024-12-14 21:57:39.049 [warning] [Decorations] CAPPING events from decorations provider vscode.git 2003
2024-12-14 21:57:44.247 [warning] [Decorations] CAPPING events from decorations provider vscode.git 2003
2024-12-14 21:57:49.444 [warning] [Decorations] CAPPING events from decorations provider vscode.git 2003
2024-12-14 21:57:56.451 [warning] [Decorations] CAPPING events from decorations provider vscode.git 2003
2024-12-14 21:58:01.648 [warning] [Decorations] CAPPING events from decorations provider vscode.git 2003
2024-12-14 21:58:10.204 [warning] [Decorations] CAPPING events from decorations provider vscode.git 2003
