2024-12-14 18:29:48.858 [info] [main] 로그 수준: Info
2024-12-14 18:29:48.858 [info] [main] "git"에서 찾은 git 유효성을 검사하는 중
2024-12-14 18:29:48.858 [info] [main] "2.43.0"에서 git "git"을(를) 사용하는 중
2024-12-14 18:29:48.858 [info] [Model][doInitialScan] Initial repository scan started
2024-12-14 18:29:48.858 [info] > git rev-parse --show-toplevel [10ms]
2024-12-14 18:29:48.858 [info] > git rev-parse --git-dir --git-common-dir [4ms]
2024-12-14 18:29:48.858 [info] [Model][openRepository] Opened repository: /home/ubuntu
2024-12-14 18:29:48.858 [info] > git rev-parse --show-toplevel [34ms]
2024-12-14 18:29:48.858 [info] > git config --get commit.template [38ms]
2024-12-14 18:29:48.869 [info] > git rev-parse --show-toplevel [0ms]
2024-12-14 18:29:48.916 [info] > git for-each-ref --format=%(refname)%00%(upstream:short)%00%(objectname)%00%(upstream:track)%00%(upstream:remotename)%00%(upstream:remoteref) refs/heads/main refs/remotes/main [54ms]
2024-12-14 18:29:48.927 [info] > git rev-parse --show-toplevel [55ms]
2024-12-14 18:29:48.941 [info] > git rev-parse --show-toplevel [12ms]
2024-12-14 18:29:48.945 [info] > git rev-parse --show-toplevel [1ms]
2024-12-14 18:29:48.946 [info] > git for-each-ref --sort -committerdate --format %(refname) %(objectname) %(*objectname) [6ms]
2024-12-14 18:29:48.965 [info] > git rev-parse --show-toplevel [1ms]
2024-12-14 18:29:48.981 [info] > git rev-parse --show-toplevel [1ms]
2024-12-14 18:29:48.987 [info] > git rev-parse --show-toplevel [0ms]
2024-12-14 18:29:48.993 [info] > git rev-parse --show-toplevel [0ms]
2024-12-14 18:29:49.002 [info] > git rev-parse --show-toplevel [1ms]
2024-12-14 18:29:49.005 [info] > git rev-parse --show-toplevel [1ms]
2024-12-14 18:29:49.010 [info] > git rev-parse --show-toplevel [0ms]
2024-12-14 18:29:49.016 [info] > git rev-parse --show-toplevel [1ms]
2024-12-14 18:29:49.022 [info] [Model][doInitialScan] Initial repository scan completed - repositories (1), closed repositories (0), parent repositories (0), unsafe repositories (0)
2024-12-14 18:29:49.061 [info] > git status -z -uall [129ms]
2024-12-14 18:29:49.180 [info] > git for-each-ref --format=%(refname)%00%(upstream:short)%00%(objectname)%00%(upstream:track)%00%(upstream:remotename)%00%(upstream:remoteref) refs/heads/main refs/remotes/main [13ms]
2024-12-14 18:29:49.475 [info] > git config --local branch.main.vscode-merge-base [293ms]
2024-12-14 18:29:49.475 [warning] [Git][config] git config failed: Failed to execute git
2024-12-14 18:29:49.480 [info] > git config --get commit.template [301ms]
2024-12-14 18:29:49.519 [info] > git show --textconv :static/swagger.json [54ms]
2024-12-14 18:29:49.519 [info] > git reflog main --grep-reflog=branch: Created from *. [40ms]
2024-12-14 18:29:49.526 [info] > git ls-files --stage -- /home/ubuntu/static/swagger.json [57ms]
2024-12-14 18:29:49.540 [info] > git check-ignore -v -z --stdin [53ms]
2024-12-14 18:29:49.541 [info] > git symbolic-ref --short refs/remotes/origin/HEAD [15ms]
2024-12-14 18:29:49.541 [info] fatal: ref refs/remotes/origin/HEAD is not a symbolic ref
2024-12-14 18:29:49.541 [warning] [Repository][getDefaultBranch] Failed to get default branch details: Failed to execute git.
2024-12-14 18:29:49.555 [info] > git merge-base refs/heads/main refs/remotes/origin/main [10ms]
2024-12-14 18:29:49.559 [info] > git for-each-ref --format=%(refname)%00%(upstream:short)%00%(objectname)%00%(upstream:track)%00%(upstream:remotename)%00%(upstream:remoteref) refs/heads/main refs/remotes/main [19ms]
2024-12-14 18:29:49.559 [info] > git cat-file -s ab73e4a3c11f5f8d1042eae240b3bad3108103b5 [25ms]
2024-12-14 18:29:49.563 [info] > git diff --name-status -z --diff-filter=ADMR 297643d4dc7e94925d0824c35dbac7c6bcb504e6...refs/remotes/origin/main [5ms]
2024-12-14 18:29:49.575 [info] > git for-each-ref --sort -committerdate --format %(refname) %(objectname) %(*objectname) [1ms]
2024-12-14 18:29:49.801 [info] > git status -z -uall [232ms]
2024-12-14 18:29:49.802 [info] > git blame --root --incremental 297643d4dc7e94925d0824c35dbac7c6bcb504e6 -- /home/ubuntu/static/swagger.json [147ms]
2024-12-14 18:29:53.974 [info] > git config --get commit.template [7ms]
2024-12-14 18:29:53.976 [info] > git for-each-ref --format=%(refname)%00%(upstream:short)%00%(objectname)%00%(upstream:track)%00%(upstream:remotename)%00%(upstream:remoteref) refs/heads/main refs/remotes/main [4ms]
2024-12-14 18:29:54.002 [info] > git for-each-ref --sort -committerdate --format %(refname) %(objectname) %(*objectname) [14ms]
2024-12-14 18:29:54.094 [info] > git status -z -uall [112ms]
2024-12-14 18:30:19.571 [info] > git config --get commit.template [7ms]
2024-12-14 18:30:19.573 [info] > git for-each-ref --format=%(refname)%00%(upstream:short)%00%(objectname)%00%(upstream:track)%00%(upstream:remotename)%00%(upstream:remoteref) refs/heads/main refs/remotes/main [3ms]
2024-12-14 18:30:19.589 [info] > git for-each-ref --sort -committerdate --format %(refname) %(objectname) %(*objectname) [5ms]
2024-12-14 18:30:19.688 [info] > git status -z -uall [108ms]
2024-12-14 18:30:24.769 [info] > git config --get commit.template [8ms]
2024-12-14 18:30:24.771 [info] > git for-each-ref --format=%(refname)%00%(upstream:short)%00%(objectname)%00%(upstream:track)%00%(upstream:remotename)%00%(upstream:remoteref) refs/heads/main refs/remotes/main [4ms]
2024-12-14 18:30:24.787 [info] > git for-each-ref --sort -committerdate --format %(refname) %(objectname) %(*objectname) [4ms]
2024-12-14 18:30:24.892 [info] > git status -z -uall [115ms]
2024-12-14 18:30:47.492 [info] > git config --get commit.template [7ms]
2024-12-14 18:30:47.494 [info] > git for-each-ref --format=%(refname)%00%(upstream:short)%00%(objectname)%00%(upstream:track)%00%(upstream:remotename)%00%(upstream:remoteref) refs/heads/main refs/remotes/main [3ms]
2024-12-14 18:30:47.512 [info] > git for-each-ref --sort -committerdate --format %(refname) %(objectname) %(*objectname) [6ms]
2024-12-14 18:30:47.601 [info] > git status -z -uall [100ms]
2024-12-14 18:30:52.669 [info] > git config --get commit.template [7ms]
2024-12-14 18:30:52.671 [info] > git for-each-ref --format=%(refname)%00%(upstream:short)%00%(objectname)%00%(upstream:track)%00%(upstream:remotename)%00%(upstream:remoteref) refs/heads/main refs/remotes/main [3ms]
2024-12-14 18:30:52.690 [info] > git for-each-ref --sort -committerdate --format %(refname) %(objectname) %(*objectname) [6ms]
2024-12-14 18:30:52.786 [info] > git status -z -uall [109ms]
2024-12-14 18:31:10.844 [info] > git config --get commit.template [2ms]
2024-12-14 18:31:10.854 [info] > git for-each-ref --format=%(refname)%00%(upstream:short)%00%(objectname)%00%(upstream:track)%00%(upstream:remotename)%00%(upstream:remoteref) refs/heads/main refs/remotes/main [3ms]
2024-12-14 18:31:10.885 [info] > git for-each-ref --sort -committerdate --format %(refname) %(objectname) %(*objectname) [18ms]
2024-12-14 18:31:10.968 [info] > git status -z -uall [108ms]
2024-12-14 18:31:16.050 [info] > git config --get commit.template [7ms]
2024-12-14 18:31:16.051 [info] > git for-each-ref --format=%(refname)%00%(upstream:short)%00%(objectname)%00%(upstream:track)%00%(upstream:remotename)%00%(upstream:remoteref) refs/heads/main refs/remotes/main [3ms]
2024-12-14 18:31:16.068 [info] > git for-each-ref --sort -committerdate --format %(refname) %(objectname) %(*objectname) [5ms]
2024-12-14 18:31:16.168 [info] > git status -z -uall [111ms]
2024-12-14 18:31:21.216 [info] > git config --get commit.template [8ms]
2024-12-14 18:31:21.217 [info] > git for-each-ref --format=%(refname)%00%(upstream:short)%00%(objectname)%00%(upstream:track)%00%(upstream:remotename)%00%(upstream:remoteref) refs/heads/main refs/remotes/main [4ms]
2024-12-14 18:31:21.238 [info] > git for-each-ref --sort -committerdate --format %(refname) %(objectname) %(*objectname) [8ms]
2024-12-14 18:31:21.334 [info] > git status -z -uall [110ms]
