2024-12-14 18:31:53.795 [info] Extension host with pid 1488 started
2024-12-14 18:31:53.795 [error] Error: EEXIST: file already exists, open '/home/ubuntu/.vscode-server/data/User/workspaceStorage/89c7bb5c0ce2071f34ce53eb8b7aa3eb/vscode.lock'
2024-12-14 18:31:53.825 [info] Lock '/home/ubuntu/.vscode-server/data/User/workspaceStorage/89c7bb5c0ce2071f34ce53eb8b7aa3eb/vscode.lock': Lock acquired.
2024-12-14 18:31:53.835 [info] ExtensionService#_doActivateExtension vscode.git-base, startup: false, activationEvent: '*', root cause: vscode.git
2024-12-14 18:31:53.836 [info] ExtensionService#_doActivateExtension vscode.emmet, startup: false, activationEvent: 'onLanguage'
2024-12-14 18:31:53.836 [info] ExtensionService#_doActivateExtension vscode.configuration-editing, startup: false, activationEvent: 'onLanguage:json'
2024-12-14 18:31:53.836 [info] ExtensionService#_doActivateExtension vscode.extension-editing, startup: false, activationEvent: 'onLanguage:json'
2024-12-14 18:31:53.837 [info] ExtensionService#_doActivateExtension vscode.json-language-features, startup: false, activationEvent: 'onLanguage:json'
2024-12-14 18:31:53.837 [info] ExtensionService#_doActivateExtension vscode.npm, startup: false, activationEvent: 'onLanguage:json'
2024-12-14 18:31:54.200 [info] ExtensionService#_doActivateExtension vscode.git, startup: false, activationEvent: '*'
2024-12-14 18:31:54.201 [info] ExtensionService#_doActivateExtension vscode.github, startup: false, activationEvent: '*'
2024-12-14 18:31:54.886 [info] Eager extensions activated
2024-12-14 18:31:54.886 [info] ExtensionService#_doActivateExtension vscode.debug-auto-launch, startup: false, activationEvent: 'onStartupFinished'
2024-12-14 18:31:54.886 [info] ExtensionService#_doActivateExtension vscode.merge-conflict, startup: false, activationEvent: 'onStartupFinished'
2024-12-14 18:31:55.340 [warning] [Decorations] CAPPING events from decorations provider vscode.git 1902
2024-12-14 18:31:55.660 [info] ExtensionService#_doActivateExtension vscode.tunnel-forwarding, startup: false, activationEvent: 'onTunnel'
2024-12-14 18:31:55.950 [warning] [Decorations] CAPPING events from decorations provider vscode.git 1902
2024-12-14 18:32:03.204 [warning] [Decorations] CAPPING events from decorations provider vscode.git 1936
2024-12-14 18:32:08.415 [warning] [Decorations] CAPPING events from decorations provider vscode.git 1936
2024-12-14 18:32:13.607 [warning] [Decorations] CAPPING events from decorations provider vscode.git 1936
2024-12-14 18:32:18.811 [warning] [Decorations] CAPPING events from decorations provider vscode.git 1936
2024-12-14 18:32:24.005 [warning] [Decorations] CAPPING events from decorations provider vscode.git 1936
