2024-12-14 16:31:18.333 [info] [main] 로그 수준: Info
2024-12-14 16:31:18.333 [info] [main] "git"에서 찾은 git 유효성을 검사하는 중
2024-12-14 16:31:18.333 [info] [main] "2.43.0"에서 git "git"을(를) 사용하는 중
2024-12-14 16:31:18.333 [info] [Model][doInitialScan] Initial repository scan started
2024-12-14 16:31:18.333 [info] > git rev-parse --show-toplevel [3ms]
2024-12-14 16:31:18.333 [info] > git rev-parse --git-dir --git-common-dir [1ms]
2024-12-14 16:31:18.333 [info] [Model][openRepository] Opened repository: /home/ubuntu
2024-12-14 16:31:18.333 [info] > git config --get commit.template [3ms]
2024-12-14 16:31:18.339 [info] > git for-each-ref --format=%(refname)%00%(upstream:short)%00%(objectname)%00%(upstream:track)%00%(upstream:remotename)%00%(upstream:remoteref) refs/heads/main refs/remotes/main [3ms]
2024-12-14 16:31:18.354 [info] > git for-each-ref --sort -committerdate --format %(refname) %(objectname) %(*objectname) [5ms]
2024-12-14 16:31:18.355 [info] > git rev-parse --show-toplevel [2ms]
2024-12-14 16:31:18.358 [info] > git rev-parse --show-toplevel [0ms]
2024-12-14 16:31:18.361 [info] > git rev-parse --show-toplevel [0ms]
2024-12-14 16:31:18.364 [info] > git rev-parse --show-toplevel [0ms]
2024-12-14 16:31:18.367 [info] > git rev-parse --show-toplevel [0ms]
2024-12-14 16:31:18.386 [info] > git rev-parse --show-toplevel [14ms]
2024-12-14 16:31:18.399 [info] > git rev-parse --show-toplevel [5ms]
2024-12-14 16:31:18.404 [info] > git rev-parse --show-toplevel [1ms]
2024-12-14 16:31:18.409 [info] > git rev-parse --show-toplevel [1ms]
2024-12-14 16:31:18.418 [info] > git rev-parse --show-toplevel [2ms]
2024-12-14 16:31:18.422 [info] > git rev-parse --show-toplevel [0ms]
2024-12-14 16:31:18.427 [info] > git rev-parse --show-toplevel [1ms]
2024-12-14 16:31:18.434 [info] [Model][doInitialScan] Initial repository scan completed - repositories (1), closed repositories (0), parent repositories (0), unsafe repositories (0)
2024-12-14 16:31:18.497 [info] > git status -z -uall [153ms]
2024-12-14 16:31:18.565 [info] > git for-each-ref --format=%(refname)%00%(upstream:short)%00%(objectname)%00%(upstream:track)%00%(upstream:remotename)%00%(upstream:remoteref) refs/heads/main refs/remotes/main [6ms]
2024-12-14 16:31:18.569 [info] > git config --local branch.main.vscode-merge-base [0ms]
2024-12-14 16:31:18.569 [warning] [Git][config] git config failed: Failed to execute git
2024-12-14 16:31:18.573 [info] > git config --get commit.template [9ms]
2024-12-14 16:31:18.579 [info] > git for-each-ref --format=%(refname)%00%(upstream:short)%00%(objectname)%00%(upstream:track)%00%(upstream:remotename)%00%(upstream:remoteref) refs/heads/main refs/remotes/main [1ms]
2024-12-14 16:31:18.579 [info] > git reflog main --grep-reflog=branch: Created from *. [6ms]
2024-12-14 16:31:18.591 [info] > git for-each-ref --sort -committerdate --format %(refname) %(objectname) %(*objectname) [0ms]
2024-12-14 16:31:18.592 [info] > git symbolic-ref --short refs/remotes/origin/HEAD [11ms]
2024-12-14 16:31:18.592 [info] fatal: ref refs/remotes/origin/HEAD is not a symbolic ref
2024-12-14 16:31:18.592 [warning] [Repository][getDefaultBranch] Failed to get default branch details: Failed to execute git.
2024-12-14 16:31:18.917 [info] > git merge-base refs/heads/main refs/remotes/origin/main [321ms]
2024-12-14 16:31:18.928 [info] > git status -z -uall [344ms]
2024-12-14 16:31:18.928 [info] > git diff --name-status -z --diff-filter=ADMR 297643d4dc7e94925d0824c35dbac7c6bcb504e6...refs/remotes/origin/main [7ms]
2024-12-14 16:31:18.970 [info] > git check-ignore -v -z --stdin [44ms]
2024-12-14 16:31:23.119 [info] > git config --get commit.template [4ms]
2024-12-14 16:31:23.129 [info] > git for-each-ref --format=%(refname)%00%(upstream:short)%00%(objectname)%00%(upstream:track)%00%(upstream:remotename)%00%(upstream:remoteref) refs/heads/main refs/remotes/main [4ms]
2024-12-14 16:31:23.148 [info] > git for-each-ref --sort -committerdate --format %(refname) %(objectname) %(*objectname) [4ms]
2024-12-14 16:31:23.248 [info] > git status -z -uall [111ms]
2024-12-14 16:31:23.250 [info] > git show --textconv :static/swagger.json [12ms]
2024-12-14 16:31:23.286 [info] > git ls-files --stage -- /home/ubuntu/static/swagger.json [40ms]
2024-12-14 16:31:23.293 [info] > git cat-file -s ab73e4a3c11f5f8d1042eae240b3bad3108103b5 [3ms]
2024-12-14 16:31:23.353 [info] > git blame --root --incremental 297643d4dc7e94925d0824c35dbac7c6bcb504e6 -- /home/ubuntu/static/swagger.json [41ms]
2024-12-14 16:31:28.298 [info] > git config --get commit.template [2ms]
2024-12-14 16:31:28.310 [info] > git for-each-ref --format=%(refname)%00%(upstream:short)%00%(objectname)%00%(upstream:track)%00%(upstream:remotename)%00%(upstream:remoteref) refs/heads/main refs/remotes/main [3ms]
2024-12-14 16:31:28.327 [info] > git for-each-ref --sort -committerdate --format %(refname) %(objectname) %(*objectname) [4ms]
2024-12-14 16:31:28.420 [info] > git status -z -uall [104ms]
2024-12-14 16:31:34.084 [info] > git config --get commit.template [6ms]
2024-12-14 16:31:34.086 [info] > git for-each-ref --format=%(refname)%00%(upstream:short)%00%(objectname)%00%(upstream:track)%00%(upstream:remotename)%00%(upstream:remoteref) refs/heads/main refs/remotes/main [4ms]
2024-12-14 16:31:34.104 [info] > git for-each-ref --sort -committerdate --format %(refname) %(objectname) %(*objectname) [6ms]
2024-12-14 16:31:34.202 [info] > git status -z -uall [110ms]
2024-12-14 16:31:39.284 [info] > git config --get commit.template [7ms]
2024-12-14 16:31:39.286 [info] > git for-each-ref --format=%(refname)%00%(upstream:short)%00%(objectname)%00%(upstream:track)%00%(upstream:remotename)%00%(upstream:remoteref) refs/heads/main refs/remotes/main [3ms]
2024-12-14 16:31:39.303 [info] > git for-each-ref --sort -committerdate --format %(refname) %(objectname) %(*objectname) [4ms]
2024-12-14 16:31:39.380 [info] > git status -z -uall [88ms]
2024-12-14 16:31:44.450 [info] > git config --get commit.template [7ms]
2024-12-14 16:31:44.452 [info] > git for-each-ref --format=%(refname)%00%(upstream:short)%00%(objectname)%00%(upstream:track)%00%(upstream:remotename)%00%(upstream:remoteref) refs/heads/main refs/remotes/main [3ms]
2024-12-14 16:31:44.469 [info] > git for-each-ref --sort -committerdate --format %(refname) %(objectname) %(*objectname) [4ms]
2024-12-14 16:31:44.572 [info] > git status -z -uall [114ms]
2024-12-14 16:31:49.626 [info] > git config --get commit.template [8ms]
2024-12-14 16:31:49.627 [info] > git for-each-ref --format=%(refname)%00%(upstream:short)%00%(objectname)%00%(upstream:track)%00%(upstream:remotename)%00%(upstream:remoteref) refs/heads/main refs/remotes/main [3ms]
2024-12-14 16:31:49.643 [info] > git for-each-ref --sort -committerdate --format %(refname) %(objectname) %(*objectname) [4ms]
2024-12-14 16:31:49.751 [info] > git status -z -uall [118ms]
2024-12-14 16:31:54.823 [info] > git config --get commit.template [8ms]
2024-12-14 16:31:54.825 [info] > git for-each-ref --format=%(refname)%00%(upstream:short)%00%(objectname)%00%(upstream:track)%00%(upstream:remotename)%00%(upstream:remoteref) refs/heads/main refs/remotes/main [4ms]
2024-12-14 16:31:54.843 [info] > git for-each-ref --sort -committerdate --format %(refname) %(objectname) %(*objectname) [4ms]
2024-12-14 16:31:54.940 [info] > git status -z -uall [108ms]
2024-12-14 16:32:00.001 [info] > git config --get commit.template [8ms]
2024-12-14 16:32:00.003 [info] > git for-each-ref --format=%(refname)%00%(upstream:short)%00%(objectname)%00%(upstream:track)%00%(upstream:remotename)%00%(upstream:remoteref) refs/heads/main refs/remotes/main [4ms]
2024-12-14 16:32:00.022 [info] > git for-each-ref --sort -committerdate --format %(refname) %(objectname) %(*objectname) [5ms]
2024-12-14 16:32:00.118 [info] > git status -z -uall [108ms]
2024-12-14 16:32:05.191 [info] > git config --get commit.template [7ms]
2024-12-14 16:32:05.193 [info] > git for-each-ref --format=%(refname)%00%(upstream:short)%00%(objectname)%00%(upstream:track)%00%(upstream:remotename)%00%(upstream:remoteref) refs/heads/main refs/remotes/main [3ms]
2024-12-14 16:32:05.212 [info] > git for-each-ref --sort -committerdate --format %(refname) %(objectname) %(*objectname) [5ms]
2024-12-14 16:32:05.309 [info] > git status -z -uall [107ms]
2024-12-14 16:32:10.385 [info] > git config --get commit.template [10ms]
2024-12-14 16:32:10.385 [info] > git for-each-ref --format=%(refname)%00%(upstream:short)%00%(objectname)%00%(upstream:track)%00%(upstream:remotename)%00%(upstream:remoteref) refs/heads/main refs/remotes/main [4ms]
2024-12-14 16:32:10.404 [info] > git for-each-ref --sort -committerdate --format %(refname) %(objectname) %(*objectname) [6ms]
2024-12-14 16:32:10.509 [info] > git status -z -uall [117ms]
2024-12-14 16:32:15.578 [info] > git config --get commit.template [7ms]
2024-12-14 16:32:15.581 [info] > git for-each-ref --format=%(refname)%00%(upstream:short)%00%(objectname)%00%(upstream:track)%00%(upstream:remotename)%00%(upstream:remoteref) refs/heads/main refs/remotes/main [3ms]
2024-12-14 16:32:15.599 [info] > git for-each-ref --sort -committerdate --format %(refname) %(objectname) %(*objectname) [6ms]
2024-12-14 16:32:15.702 [info] > git status -z -uall [115ms]
2024-12-14 16:32:20.774 [info] > git config --get commit.template [8ms]
2024-12-14 16:32:20.776 [info] > git for-each-ref --format=%(refname)%00%(upstream:short)%00%(objectname)%00%(upstream:track)%00%(upstream:remotename)%00%(upstream:remoteref) refs/heads/main refs/remotes/main [3ms]
2024-12-14 16:32:20.794 [info] > git for-each-ref --sort -committerdate --format %(refname) %(objectname) %(*objectname) [5ms]
2024-12-14 16:32:20.882 [info] > git status -z -uall [99ms]
2024-12-14 16:33:28.487 [info] > git config --get commit.template [10ms]
2024-12-14 16:33:28.489 [info] > git for-each-ref --format=%(refname)%00%(upstream:short)%00%(objectname)%00%(upstream:track)%00%(upstream:remotename)%00%(upstream:remoteref) refs/heads/main refs/remotes/main [4ms]
2024-12-14 16:33:28.509 [info] > git for-each-ref --sort -committerdate --format %(refname) %(objectname) %(*objectname) [4ms]
2024-12-14 16:33:28.611 [info] > git status -z -uall [113ms]
2024-12-14 16:33:33.678 [info] > git config --get commit.template [8ms]
2024-12-14 16:33:33.680 [info] > git for-each-ref --format=%(refname)%00%(upstream:short)%00%(objectname)%00%(upstream:track)%00%(upstream:remotename)%00%(upstream:remoteref) refs/heads/main refs/remotes/main [3ms]
2024-12-14 16:33:33.697 [info] > git for-each-ref --sort -committerdate --format %(refname) %(objectname) %(*objectname) [5ms]
2024-12-14 16:33:33.788 [info] > git status -z -uall [102ms]
2024-12-14 16:33:38.869 [info] > git config --get commit.template [8ms]
2024-12-14 16:33:38.871 [info] > git for-each-ref --format=%(refname)%00%(upstream:short)%00%(objectname)%00%(upstream:track)%00%(upstream:remotename)%00%(upstream:remoteref) refs/heads/main refs/remotes/main [4ms]
2024-12-14 16:33:38.886 [info] > git for-each-ref --sort -committerdate --format %(refname) %(objectname) %(*objectname) [3ms]
2024-12-14 16:33:38.983 [info] > git status -z -uall [106ms]
2024-12-14 16:33:44.063 [info] > git config --get commit.template [7ms]
2024-12-14 16:33:44.064 [info] > git for-each-ref --format=%(refname)%00%(upstream:short)%00%(objectname)%00%(upstream:track)%00%(upstream:remotename)%00%(upstream:remoteref) refs/heads/main refs/remotes/main [3ms]
2024-12-14 16:33:44.090 [info] > git for-each-ref --sort -committerdate --format %(refname) %(objectname) %(*objectname) [10ms]
2024-12-14 16:33:44.176 [info] > git status -z -uall [104ms]
2024-12-14 16:33:49.258 [info] > git config --get commit.template [9ms]
2024-12-14 16:33:49.258 [info] > git for-each-ref --format=%(refname)%00%(upstream:short)%00%(objectname)%00%(upstream:track)%00%(upstream:remotename)%00%(upstream:remoteref) refs/heads/main refs/remotes/main [4ms]
2024-12-14 16:33:49.274 [info] > git for-each-ref --sort -committerdate --format %(refname) %(objectname) %(*objectname) [3ms]
2024-12-14 16:33:49.365 [info] > git status -z -uall [101ms]
2024-12-14 16:33:59.006 [info] > git config --get commit.template [7ms]
2024-12-14 16:33:59.009 [info] > git for-each-ref --format=%(refname)%00%(upstream:short)%00%(objectname)%00%(upstream:track)%00%(upstream:remotename)%00%(upstream:remoteref) refs/heads/main refs/remotes/main [4ms]
2024-12-14 16:33:59.028 [info] > git for-each-ref --sort -committerdate --format %(refname) %(objectname) %(*objectname) [6ms]
2024-12-14 16:33:59.130 [info] > git status -z -uall [115ms]
2024-12-14 16:34:04.170 [info] > git config --get commit.template [7ms]
2024-12-14 16:34:04.171 [info] > git for-each-ref --format=%(refname)%00%(upstream:short)%00%(objectname)%00%(upstream:track)%00%(upstream:remotename)%00%(upstream:remoteref) refs/heads/main refs/remotes/main [3ms]
2024-12-14 16:34:04.193 [info] > git for-each-ref --sort -committerdate --format %(refname) %(objectname) %(*objectname) [8ms]
2024-12-14 16:34:04.287 [info] > git status -z -uall [109ms]
2024-12-14 16:34:18.001 [info] > git config --get commit.template [7ms]
2024-12-14 16:34:18.004 [info] > git for-each-ref --format=%(refname)%00%(upstream:short)%00%(objectname)%00%(upstream:track)%00%(upstream:remotename)%00%(upstream:remoteref) refs/heads/main refs/remotes/main [3ms]
2024-12-14 16:34:18.022 [info] > git for-each-ref --sort -committerdate --format %(refname) %(objectname) %(*objectname) [7ms]
2024-12-14 16:34:18.119 [info] > git status -z -uall [109ms]
2024-12-14 16:34:23.191 [info] > git config --get commit.template [8ms]
2024-12-14 16:34:23.192 [info] > git for-each-ref --format=%(refname)%00%(upstream:short)%00%(objectname)%00%(upstream:track)%00%(upstream:remotename)%00%(upstream:remoteref) refs/heads/main refs/remotes/main [3ms]
2024-12-14 16:34:23.209 [info] > git for-each-ref --sort -committerdate --format %(refname) %(objectname) %(*objectname) [4ms]
2024-12-14 16:34:23.301 [info] > git status -z -uall [102ms]
2024-12-14 16:35:48.982 [info] > git config --get commit.template [7ms]
2024-12-14 16:35:48.984 [info] > git for-each-ref --format=%(refname)%00%(upstream:short)%00%(objectname)%00%(upstream:track)%00%(upstream:remotename)%00%(upstream:remoteref) refs/heads/main refs/remotes/main [3ms]
2024-12-14 16:35:49.000 [info] > git for-each-ref --sort -committerdate --format %(refname) %(objectname) %(*objectname) [4ms]
2024-12-14 16:35:49.095 [info] > git status -z -uall [105ms]
2024-12-14 16:35:54.165 [info] > git config --get commit.template [7ms]
2024-12-14 16:35:54.167 [info] > git for-each-ref --format=%(refname)%00%(upstream:short)%00%(objectname)%00%(upstream:track)%00%(upstream:remotename)%00%(upstream:remoteref) refs/heads/main refs/remotes/main [3ms]
2024-12-14 16:35:54.183 [info] > git for-each-ref --sort -committerdate --format %(refname) %(objectname) %(*objectname) [4ms]
2024-12-14 16:35:54.282 [info] > git status -z -uall [109ms]
2024-12-14 16:35:59.361 [info] > git config --get commit.template [7ms]
2024-12-14 16:35:59.362 [info] > git for-each-ref --format=%(refname)%00%(upstream:short)%00%(objectname)%00%(upstream:track)%00%(upstream:remotename)%00%(upstream:remoteref) refs/heads/main refs/remotes/main [3ms]
2024-12-14 16:35:59.378 [info] > git for-each-ref --sort -committerdate --format %(refname) %(objectname) %(*objectname) [4ms]
2024-12-14 16:35:59.477 [info] > git status -z -uall [108ms]
2024-12-14 16:36:04.553 [info] > git config --get commit.template [7ms]
2024-12-14 16:36:04.555 [info] > git for-each-ref --format=%(refname)%00%(upstream:short)%00%(objectname)%00%(upstream:track)%00%(upstream:remotename)%00%(upstream:remoteref) refs/heads/main refs/remotes/main [3ms]
2024-12-14 16:36:04.574 [info] > git for-each-ref --sort -committerdate --format %(refname) %(objectname) %(*objectname) [7ms]
2024-12-14 16:36:04.672 [info] > git status -z -uall [111ms]
2024-12-14 16:36:09.745 [info] > git config --get commit.template [8ms]
2024-12-14 16:36:09.747 [info] > git for-each-ref --format=%(refname)%00%(upstream:short)%00%(objectname)%00%(upstream:track)%00%(upstream:remotename)%00%(upstream:remoteref) refs/heads/main refs/remotes/main [3ms]
2024-12-14 16:36:09.766 [info] > git for-each-ref --sort -committerdate --format %(refname) %(objectname) %(*objectname) [6ms]
2024-12-14 16:36:09.867 [info] > git status -z -uall [114ms]
2024-12-14 16:38:26.546 [info] > git config --get commit.template [7ms]
2024-12-14 16:38:26.548 [info] > git for-each-ref --format=%(refname)%00%(upstream:short)%00%(objectname)%00%(upstream:track)%00%(upstream:remotename)%00%(upstream:remoteref) refs/heads/main refs/remotes/main [3ms]
2024-12-14 16:38:26.564 [info] > git for-each-ref --sort -committerdate --format %(refname) %(objectname) %(*objectname) [4ms]
2024-12-14 16:38:26.664 [info] > git status -z -uall [109ms]
2024-12-14 16:38:31.734 [info] > git config --get commit.template [7ms]
2024-12-14 16:38:31.736 [info] > git for-each-ref --format=%(refname)%00%(upstream:short)%00%(objectname)%00%(upstream:track)%00%(upstream:remotename)%00%(upstream:remoteref) refs/heads/main refs/remotes/main [3ms]
2024-12-14 16:38:31.752 [info] > git for-each-ref --sort -committerdate --format %(refname) %(objectname) %(*objectname) [4ms]
2024-12-14 16:38:31.857 [info] > git status -z -uall [115ms]
2024-12-14 16:38:37.394 [info] > git config --get commit.template [7ms]
2024-12-14 16:38:37.396 [info] > git for-each-ref --format=%(refname)%00%(upstream:short)%00%(objectname)%00%(upstream:track)%00%(upstream:remotename)%00%(upstream:remoteref) refs/heads/main refs/remotes/main [3ms]
2024-12-14 16:38:37.412 [info] > git for-each-ref --sort -committerdate --format %(refname) %(objectname) %(*objectname) [5ms]
2024-12-14 16:38:37.518 [info] > git status -z -uall [116ms]
2024-12-14 16:38:42.590 [info] > git config --get commit.template [6ms]
2024-12-14 16:38:42.592 [info] > git for-each-ref --format=%(refname)%00%(upstream:short)%00%(objectname)%00%(upstream:track)%00%(upstream:remotename)%00%(upstream:remoteref) refs/heads/main refs/remotes/main [4ms]
2024-12-14 16:38:42.610 [info] > git for-each-ref --sort -committerdate --format %(refname) %(objectname) %(*objectname) [7ms]
2024-12-14 16:38:42.704 [info] > git status -z -uall [107ms]
2024-12-14 16:38:47.766 [info] > git config --get commit.template [9ms]
2024-12-14 16:38:47.768 [info] > git for-each-ref --format=%(refname)%00%(upstream:short)%00%(objectname)%00%(upstream:track)%00%(upstream:remotename)%00%(upstream:remoteref) refs/heads/main refs/remotes/main [3ms]
2024-12-14 16:38:47.787 [info] > git for-each-ref --sort -committerdate --format %(refname) %(objectname) %(*objectname) [7ms]
2024-12-14 16:38:47.887 [info] > git status -z -uall [113ms]
2024-12-14 16:38:52.975 [info] > git config --get commit.template [7ms]
2024-12-14 16:38:52.977 [info] > git for-each-ref --format=%(refname)%00%(upstream:short)%00%(objectname)%00%(upstream:track)%00%(upstream:remotename)%00%(upstream:remoteref) refs/heads/main refs/remotes/main [3ms]
2024-12-14 16:38:52.993 [info] > git for-each-ref --sort -committerdate --format %(refname) %(objectname) %(*objectname) [5ms]
2024-12-14 16:38:53.095 [info] > git status -z -uall [112ms]
2024-12-14 16:41:47.630 [info] > git config --get commit.template [7ms]
2024-12-14 16:41:47.632 [info] > git for-each-ref --format=%(refname)%00%(upstream:short)%00%(objectname)%00%(upstream:track)%00%(upstream:remotename)%00%(upstream:remoteref) refs/heads/main refs/remotes/main [3ms]
2024-12-14 16:41:47.650 [info] > git for-each-ref --sort -committerdate --format %(refname) %(objectname) %(*objectname) [6ms]
2024-12-14 16:41:47.747 [info] > git status -z -uall [108ms]
2024-12-14 16:41:52.798 [info] > git config --get commit.template [7ms]
2024-12-14 16:41:52.800 [info] > git for-each-ref --format=%(refname)%00%(upstream:short)%00%(objectname)%00%(upstream:track)%00%(upstream:remotename)%00%(upstream:remoteref) refs/heads/main refs/remotes/main [4ms]
2024-12-14 16:41:52.816 [info] > git for-each-ref --sort -committerdate --format %(refname) %(objectname) %(*objectname) [4ms]
2024-12-14 16:41:52.918 [info] > git status -z -uall [112ms]
2024-12-14 16:41:57.996 [info] > git config --get commit.template [7ms]
2024-12-14 16:41:57.997 [info] > git for-each-ref --format=%(refname)%00%(upstream:short)%00%(objectname)%00%(upstream:track)%00%(upstream:remotename)%00%(upstream:remoteref) refs/heads/main refs/remotes/main [3ms]
2024-12-14 16:41:58.014 [info] > git for-each-ref --sort -committerdate --format %(refname) %(objectname) %(*objectname) [4ms]
2024-12-14 16:41:58.111 [info] > git status -z -uall [107ms]
2024-12-14 16:42:03.676 [info] > git config --get commit.template [8ms]
2024-12-14 16:42:03.678 [info] > git for-each-ref --format=%(refname)%00%(upstream:short)%00%(objectname)%00%(upstream:track)%00%(upstream:remotename)%00%(upstream:remoteref) refs/heads/main refs/remotes/main [4ms]
2024-12-14 16:42:03.696 [info] > git for-each-ref --sort -committerdate --format %(refname) %(objectname) %(*objectname) [4ms]
2024-12-14 16:42:03.804 [info] > git status -z -uall [120ms]
2024-12-14 16:42:08.882 [info] > git config --get commit.template [8ms]
2024-12-14 16:42:08.884 [info] > git for-each-ref --format=%(refname)%00%(upstream:short)%00%(objectname)%00%(upstream:track)%00%(upstream:remotename)%00%(upstream:remoteref) refs/heads/main refs/remotes/main [3ms]
2024-12-14 16:42:08.901 [info] > git for-each-ref --sort -committerdate --format %(refname) %(objectname) %(*objectname) [5ms]
2024-12-14 16:42:09.007 [info] > git status -z -uall [116ms]
2024-12-14 16:42:14.079 [info] > git config --get commit.template [6ms]
2024-12-14 16:42:14.081 [info] > git for-each-ref --format=%(refname)%00%(upstream:short)%00%(objectname)%00%(upstream:track)%00%(upstream:remotename)%00%(upstream:remoteref) refs/heads/main refs/remotes/main [3ms]
2024-12-14 16:42:14.097 [info] > git for-each-ref --sort -committerdate --format %(refname) %(objectname) %(*objectname) [4ms]
2024-12-14 16:42:14.191 [info] > git status -z -uall [103ms]
2024-12-14 16:42:25.686 [info] > git config --get commit.template [6ms]
2024-12-14 16:42:25.689 [info] > git for-each-ref --format=%(refname)%00%(upstream:short)%00%(objectname)%00%(upstream:track)%00%(upstream:remotename)%00%(upstream:remoteref) refs/heads/main refs/remotes/main [3ms]
2024-12-14 16:42:25.704 [info] > git for-each-ref --sort -committerdate --format %(refname) %(objectname) %(*objectname) [4ms]
2024-12-14 16:42:25.806 [info] > git status -z -uall [112ms]
2024-12-14 16:42:30.847 [info] > git config --get commit.template [7ms]
2024-12-14 16:42:30.849 [info] > git for-each-ref --format=%(refname)%00%(upstream:short)%00%(objectname)%00%(upstream:track)%00%(upstream:remotename)%00%(upstream:remoteref) refs/heads/main refs/remotes/main [3ms]
2024-12-14 16:42:30.864 [info] > git for-each-ref --sort -committerdate --format %(refname) %(objectname) %(*objectname) [4ms]
2024-12-14 16:42:30.969 [info] > git status -z -uall [114ms]
2024-12-14 16:47:15.134 [info] > git config --get commit.template [7ms]
2024-12-14 16:47:15.136 [info] > git for-each-ref --format=%(refname)%00%(upstream:short)%00%(objectname)%00%(upstream:track)%00%(upstream:remotename)%00%(upstream:remoteref) refs/heads/main refs/remotes/main [3ms]
2024-12-14 16:47:15.152 [info] > git for-each-ref --sort -committerdate --format %(refname) %(objectname) %(*objectname) [4ms]
2024-12-14 16:47:15.247 [info] > git status -z -uall [105ms]
2024-12-14 16:47:20.333 [info] > git config --get commit.template [8ms]
2024-12-14 16:47:20.335 [info] > git for-each-ref --format=%(refname)%00%(upstream:short)%00%(objectname)%00%(upstream:track)%00%(upstream:remotename)%00%(upstream:remoteref) refs/heads/main refs/remotes/main [3ms]
2024-12-14 16:47:20.354 [info] > git for-each-ref --sort -committerdate --format %(refname) %(objectname) %(*objectname) [7ms]
2024-12-14 16:47:20.454 [info] > git status -z -uall [113ms]
2024-12-14 16:47:32.810 [info] > git config --get commit.template [7ms]
2024-12-14 16:47:32.813 [info] > git for-each-ref --format=%(refname)%00%(upstream:short)%00%(objectname)%00%(upstream:track)%00%(upstream:remotename)%00%(upstream:remoteref) refs/heads/main refs/remotes/main [3ms]
2024-12-14 16:47:32.830 [info] > git for-each-ref --sort -committerdate --format %(refname) %(objectname) %(*objectname) [4ms]
2024-12-14 16:47:32.926 [info] > git status -z -uall [107ms]
2024-12-14 16:47:38.008 [info] > git config --get commit.template [7ms]
2024-12-14 16:47:38.011 [info] > git for-each-ref --format=%(refname)%00%(upstream:short)%00%(objectname)%00%(upstream:track)%00%(upstream:remotename)%00%(upstream:remoteref) refs/heads/main refs/remotes/main [4ms]
2024-12-14 16:47:38.027 [info] > git for-each-ref --sort -committerdate --format %(refname) %(objectname) %(*objectname) [4ms]
2024-12-14 16:47:38.130 [info] > git status -z -uall [112ms]
2024-12-14 16:47:43.207 [info] > git config --get commit.template [7ms]
2024-12-14 16:47:43.209 [info] > git for-each-ref --format=%(refname)%00%(upstream:short)%00%(objectname)%00%(upstream:track)%00%(upstream:remotename)%00%(upstream:remoteref) refs/heads/main refs/remotes/main [3ms]
2024-12-14 16:47:43.227 [info] > git for-each-ref --sort -committerdate --format %(refname) %(objectname) %(*objectname) [6ms]
2024-12-14 16:47:43.325 [info] > git status -z -uall [110ms]
2024-12-14 16:47:48.366 [info] > git config --get commit.template [7ms]
2024-12-14 16:47:48.368 [info] > git for-each-ref --format=%(refname)%00%(upstream:short)%00%(objectname)%00%(upstream:track)%00%(upstream:remotename)%00%(upstream:remoteref) refs/heads/main refs/remotes/main [3ms]
2024-12-14 16:47:48.384 [info] > git for-each-ref --sort -committerdate --format %(refname) %(objectname) %(*objectname) [4ms]
2024-12-14 16:47:48.477 [info] > git status -z -uall [103ms]
2024-12-14 16:47:53.547 [info] > git config --get commit.template [7ms]
2024-12-14 16:47:53.549 [info] > git for-each-ref --format=%(refname)%00%(upstream:short)%00%(objectname)%00%(upstream:track)%00%(upstream:remotename)%00%(upstream:remoteref) refs/heads/main refs/remotes/main [3ms]
2024-12-14 16:47:53.569 [info] > git for-each-ref --sort -committerdate --format %(refname) %(objectname) %(*objectname) [8ms]
2024-12-14 16:47:53.667 [info] > git status -z -uall [112ms]
2024-12-14 16:47:58.740 [info] > git config --get commit.template [7ms]
2024-12-14 16:47:58.742 [info] > git for-each-ref --format=%(refname)%00%(upstream:short)%00%(objectname)%00%(upstream:track)%00%(upstream:remotename)%00%(upstream:remoteref) refs/heads/main refs/remotes/main [3ms]
2024-12-14 16:47:58.760 [info] > git for-each-ref --sort -committerdate --format %(refname) %(objectname) %(*objectname) [6ms]
2024-12-14 16:47:58.861 [info] > git status -z -uall [112ms]
2024-12-14 16:48:03.930 [info] > git config --get commit.template [7ms]
2024-12-14 16:48:03.932 [info] > git for-each-ref --format=%(refname)%00%(upstream:short)%00%(objectname)%00%(upstream:track)%00%(upstream:remotename)%00%(upstream:remoteref) refs/heads/main refs/remotes/main [3ms]
2024-12-14 16:48:03.950 [info] > git for-each-ref --sort -committerdate --format %(refname) %(objectname) %(*objectname) [5ms]
2024-12-14 16:48:04.048 [info] > git status -z -uall [110ms]
2024-12-14 16:48:09.468 [info] > git config --get commit.template [7ms]
2024-12-14 16:48:09.471 [info] > git for-each-ref --format=%(refname)%00%(upstream:short)%00%(objectname)%00%(upstream:track)%00%(upstream:remotename)%00%(upstream:remoteref) refs/heads/main refs/remotes/main [3ms]
2024-12-14 16:48:09.487 [info] > git for-each-ref --sort -committerdate --format %(refname) %(objectname) %(*objectname) [4ms]
2024-12-14 16:48:09.584 [info] > git status -z -uall [107ms]
2024-12-14 16:48:14.622 [info] > git config --get commit.template [8ms]
2024-12-14 16:48:14.624 [info] > git for-each-ref --format=%(refname)%00%(upstream:short)%00%(objectname)%00%(upstream:track)%00%(upstream:remotename)%00%(upstream:remoteref) refs/heads/main refs/remotes/main [3ms]
2024-12-14 16:48:14.640 [info] > git for-each-ref --sort -committerdate --format %(refname) %(objectname) %(*objectname) [5ms]
2024-12-14 16:48:14.743 [info] > git status -z -uall [113ms]
2024-12-14 16:48:19.836 [info] > git config --get commit.template [8ms]
2024-12-14 16:48:19.838 [info] > git for-each-ref --format=%(refname)%00%(upstream:short)%00%(objectname)%00%(upstream:track)%00%(upstream:remotename)%00%(upstream:remoteref) refs/heads/main refs/remotes/main [3ms]
2024-12-14 16:48:19.857 [info] > git for-each-ref --sort -committerdate --format %(refname) %(objectname) %(*objectname) [7ms]
2024-12-14 16:48:19.957 [info] > git status -z -uall [112ms]
2024-12-14 16:48:24.994 [info] > git config --get commit.template [7ms]
2024-12-14 16:48:24.996 [info] > git for-each-ref --format=%(refname)%00%(upstream:short)%00%(objectname)%00%(upstream:track)%00%(upstream:remotename)%00%(upstream:remoteref) refs/heads/main refs/remotes/main [3ms]
2024-12-14 16:48:25.012 [info] > git for-each-ref --sort -committerdate --format %(refname) %(objectname) %(*objectname) [4ms]
2024-12-14 16:48:25.109 [info] > git status -z -uall [106ms]
2024-12-14 16:48:30.155 [info] > git config --get commit.template [8ms]
2024-12-14 16:48:30.157 [info] > git for-each-ref --format=%(refname)%00%(upstream:short)%00%(objectname)%00%(upstream:track)%00%(upstream:remotename)%00%(upstream:remoteref) refs/heads/main refs/remotes/main [3ms]
2024-12-14 16:48:30.173 [info] > git for-each-ref --sort -committerdate --format %(refname) %(objectname) %(*objectname) [5ms]
2024-12-14 16:48:30.272 [info] > git status -z -uall [109ms]
2024-12-14 16:48:50.448 [info] > git config --get commit.template [7ms]
2024-12-14 16:48:50.450 [info] > git for-each-ref --format=%(refname)%00%(upstream:short)%00%(objectname)%00%(upstream:track)%00%(upstream:remotename)%00%(upstream:remoteref) refs/heads/main refs/remotes/main [4ms]
2024-12-14 16:48:50.471 [info] > git for-each-ref --sort -committerdate --format %(refname) %(objectname) %(*objectname) [7ms]
2024-12-14 16:48:50.568 [info] > git status -z -uall [112ms]
2024-12-14 16:48:55.655 [info] > git config --get commit.template [7ms]
2024-12-14 16:48:55.657 [info] > git for-each-ref --format=%(refname)%00%(upstream:short)%00%(objectname)%00%(upstream:track)%00%(upstream:remotename)%00%(upstream:remoteref) refs/heads/main refs/remotes/main [3ms]
2024-12-14 16:48:55.671 [info] > git for-each-ref --sort -committerdate --format %(refname) %(objectname) %(*objectname) [4ms]
2024-12-14 16:48:55.757 [info] > git status -z -uall [95ms]
2024-12-14 16:49:00.831 [info] > git config --get commit.template [6ms]
2024-12-14 16:49:00.833 [info] > git for-each-ref --format=%(refname)%00%(upstream:short)%00%(objectname)%00%(upstream:track)%00%(upstream:remotename)%00%(upstream:remoteref) refs/heads/main refs/remotes/main [3ms]
2024-12-14 16:49:00.847 [info] > git for-each-ref --sort -committerdate --format %(refname) %(objectname) %(*objectname) [3ms]
2024-12-14 16:49:00.945 [info] > git status -z -uall [107ms]
2024-12-14 16:49:06.016 [info] > git config --get commit.template [7ms]
2024-12-14 16:49:06.019 [info] > git for-each-ref --format=%(refname)%00%(upstream:short)%00%(objectname)%00%(upstream:track)%00%(upstream:remotename)%00%(upstream:remoteref) refs/heads/main refs/remotes/main [3ms]
2024-12-14 16:49:06.037 [info] > git for-each-ref --sort -committerdate --format %(refname) %(objectname) %(*objectname) [6ms]
2024-12-14 16:49:06.135 [info] > git status -z -uall [110ms]
2024-12-14 16:49:11.205 [info] > git config --get commit.template [7ms]
2024-12-14 16:49:11.208 [info] > git for-each-ref --format=%(refname)%00%(upstream:short)%00%(objectname)%00%(upstream:track)%00%(upstream:remotename)%00%(upstream:remoteref) refs/heads/main refs/remotes/main [4ms]
2024-12-14 16:49:11.227 [info] > git for-each-ref --sort -committerdate --format %(refname) %(objectname) %(*objectname) [4ms]
2024-12-14 16:49:11.317 [info] > git status -z -uall [101ms]
2024-12-14 16:49:16.354 [info] > git config --get commit.template [7ms]
2024-12-14 16:49:16.357 [info] > git for-each-ref --format=%(refname)%00%(upstream:short)%00%(objectname)%00%(upstream:track)%00%(upstream:remotename)%00%(upstream:remoteref) refs/heads/main refs/remotes/main [4ms]
2024-12-14 16:49:16.372 [info] > git for-each-ref --sort -committerdate --format %(refname) %(objectname) %(*objectname) [4ms]
2024-12-14 16:49:16.476 [info] > git status -z -uall [114ms]
2024-12-14 16:49:21.568 [info] > git config --get commit.template [7ms]
2024-12-14 16:49:21.570 [info] > git for-each-ref --format=%(refname)%00%(upstream:short)%00%(objectname)%00%(upstream:track)%00%(upstream:remotename)%00%(upstream:remoteref) refs/heads/main refs/remotes/main [3ms]
2024-12-14 16:49:21.588 [info] > git for-each-ref --sort -committerdate --format %(refname) %(objectname) %(*objectname) [5ms]
2024-12-14 16:49:21.695 [info] > git status -z -uall [119ms]
2024-12-14 16:49:27.884 [info] > git config --get commit.template [7ms]
2024-12-14 16:49:27.886 [info] > git for-each-ref --format=%(refname)%00%(upstream:short)%00%(objectname)%00%(upstream:track)%00%(upstream:remotename)%00%(upstream:remoteref) refs/heads/main refs/remotes/main [3ms]
2024-12-14 16:49:27.905 [info] > git for-each-ref --sort -committerdate --format %(refname) %(objectname) %(*objectname) [4ms]
2024-12-14 16:49:28.003 [info] > git status -z -uall [111ms]
2024-12-14 16:49:33.072 [info] > git config --get commit.template [8ms]
2024-12-14 16:49:33.073 [info] > git for-each-ref --format=%(refname)%00%(upstream:short)%00%(objectname)%00%(upstream:track)%00%(upstream:remotename)%00%(upstream:remoteref) refs/heads/main refs/remotes/main [3ms]
2024-12-14 16:49:33.094 [info] > git for-each-ref --sort -committerdate --format %(refname) %(objectname) %(*objectname) [7ms]
2024-12-14 16:49:33.193 [info] > git status -z -uall [113ms]
2024-12-14 16:49:35.662 [info] > git check-ignore -v -z --stdin [14ms]
2024-12-14 16:49:38.264 [info] > git config --get commit.template [8ms]
2024-12-14 16:49:38.266 [info] > git for-each-ref --format=%(refname)%00%(upstream:short)%00%(objectname)%00%(upstream:track)%00%(upstream:remotename)%00%(upstream:remoteref) refs/heads/main refs/remotes/main [3ms]
2024-12-14 16:49:38.282 [info] > git for-each-ref --sort -committerdate --format %(refname) %(objectname) %(*objectname) [4ms]
2024-12-14 16:49:38.384 [info] > git status -z -uall [112ms]
2024-12-14 16:49:45.354 [info] > git config --get commit.template [7ms]
2024-12-14 16:49:45.357 [info] > git for-each-ref --format=%(refname)%00%(upstream:short)%00%(objectname)%00%(upstream:track)%00%(upstream:remotename)%00%(upstream:remoteref) refs/heads/main refs/remotes/main [3ms]
2024-12-14 16:49:45.379 [info] > git for-each-ref --sort -committerdate --format %(refname) %(objectname) %(*objectname) [11ms]
2024-12-14 16:49:45.465 [info] > git status -z -uall [102ms]
2024-12-14 16:49:50.590 [info] > git config --get commit.template [7ms]
2024-12-14 16:49:50.591 [info] > git for-each-ref --format=%(refname)%00%(upstream:short)%00%(objectname)%00%(upstream:track)%00%(upstream:remotename)%00%(upstream:remoteref) refs/heads/main refs/remotes/main [3ms]
2024-12-14 16:49:50.610 [info] > git for-each-ref --sort -committerdate --format %(refname) %(objectname) %(*objectname) [5ms]
2024-12-14 16:49:50.712 [info] > git status -z -uall [114ms]
2024-12-14 16:49:55.782 [info] > git config --get commit.template [7ms]
2024-12-14 16:49:55.785 [info] > git for-each-ref --format=%(refname)%00%(upstream:short)%00%(objectname)%00%(upstream:track)%00%(upstream:remotename)%00%(upstream:remoteref) refs/heads/main refs/remotes/main [3ms]
2024-12-14 16:49:55.803 [info] > git for-each-ref --sort -committerdate --format %(refname) %(objectname) %(*objectname) [7ms]
2024-12-14 16:49:55.900 [info] > git status -z -uall [109ms]
2024-12-14 16:50:00.938 [info] > git config --get commit.template [8ms]
2024-12-14 16:50:00.940 [info] > git for-each-ref --format=%(refname)%00%(upstream:short)%00%(objectname)%00%(upstream:track)%00%(upstream:remotename)%00%(upstream:remoteref) refs/heads/main refs/remotes/main [3ms]
2024-12-14 16:50:00.956 [info] > git for-each-ref --sort -committerdate --format %(refname) %(objectname) %(*objectname) [4ms]
2024-12-14 16:50:01.046 [info] > git status -z -uall [100ms]
2024-12-14 16:50:06.117 [info] > git config --get commit.template [7ms]
2024-12-14 16:50:06.120 [info] > git for-each-ref --format=%(refname)%00%(upstream:short)%00%(objectname)%00%(upstream:track)%00%(upstream:remotename)%00%(upstream:remoteref) refs/heads/main refs/remotes/main [3ms]
2024-12-14 16:50:06.135 [info] > git for-each-ref --sort -committerdate --format %(refname) %(objectname) %(*objectname) [4ms]
2024-12-14 16:50:06.235 [info] > git status -z -uall [109ms]
2024-12-14 16:50:11.273 [info] > git config --get commit.template [7ms]
2024-12-14 16:50:11.275 [info] > git for-each-ref --format=%(refname)%00%(upstream:short)%00%(objectname)%00%(upstream:track)%00%(upstream:remotename)%00%(upstream:remoteref) refs/heads/main refs/remotes/main [4ms]
2024-12-14 16:50:11.292 [info] > git for-each-ref --sort -committerdate --format %(refname) %(objectname) %(*objectname) [5ms]
2024-12-14 16:50:11.380 [info] > git status -z -uall [99ms]
2024-12-14 16:50:16.450 [info] > git config --get commit.template [7ms]
2024-12-14 16:50:16.453 [info] > git for-each-ref --format=%(refname)%00%(upstream:short)%00%(objectname)%00%(upstream:track)%00%(upstream:remotename)%00%(upstream:remoteref) refs/heads/main refs/remotes/main [3ms]
2024-12-14 16:50:16.469 [info] > git for-each-ref --sort -committerdate --format %(refname) %(objectname) %(*objectname) [4ms]
2024-12-14 16:50:16.566 [info] > git status -z -uall [107ms]
2024-12-14 16:50:21.636 [info] > git config --get commit.template [8ms]
2024-12-14 16:50:21.637 [info] > git for-each-ref --format=%(refname)%00%(upstream:short)%00%(objectname)%00%(upstream:track)%00%(upstream:remotename)%00%(upstream:remoteref) refs/heads/main refs/remotes/main [3ms]
2024-12-14 16:50:21.651 [info] > git for-each-ref --sort -committerdate --format %(refname) %(objectname) %(*objectname) [2ms]
2024-12-14 16:50:21.749 [info] > git status -z -uall [105ms]
2024-12-14 16:50:26.819 [info] > git config --get commit.template [8ms]
2024-12-14 16:50:26.821 [info] > git for-each-ref --format=%(refname)%00%(upstream:short)%00%(objectname)%00%(upstream:track)%00%(upstream:remotename)%00%(upstream:remoteref) refs/heads/main refs/remotes/main [3ms]
2024-12-14 16:50:26.839 [info] > git for-each-ref --sort -committerdate --format %(refname) %(objectname) %(*objectname) [5ms]
2024-12-14 16:50:26.941 [info] > git status -z -uall [114ms]
2024-12-14 16:50:32.014 [info] > git config --get commit.template [7ms]
2024-12-14 16:50:32.017 [info] > git for-each-ref --format=%(refname)%00%(upstream:short)%00%(objectname)%00%(upstream:track)%00%(upstream:remotename)%00%(upstream:remoteref) refs/heads/main refs/remotes/main [3ms]
2024-12-14 16:50:32.032 [info] > git for-each-ref --sort -committerdate --format %(refname) %(objectname) %(*objectname) [4ms]
2024-12-14 16:50:32.134 [info] > git status -z -uall [111ms]
2024-12-14 16:50:37.207 [info] > git config --get commit.template [7ms]
2024-12-14 16:50:37.210 [info] > git for-each-ref --format=%(refname)%00%(upstream:short)%00%(objectname)%00%(upstream:track)%00%(upstream:remotename)%00%(upstream:remoteref) refs/heads/main refs/remotes/main [3ms]
2024-12-14 16:50:37.238 [info] > git for-each-ref --sort -committerdate --format %(refname) %(objectname) %(*objectname) [17ms]
2024-12-14 16:50:37.331 [info] > git status -z -uall [115ms]
2024-12-14 16:50:42.371 [info] > git config --get commit.template [6ms]
2024-12-14 16:50:42.373 [info] > git for-each-ref --format=%(refname)%00%(upstream:short)%00%(objectname)%00%(upstream:track)%00%(upstream:remotename)%00%(upstream:remoteref) refs/heads/main refs/remotes/main [3ms]
2024-12-14 16:50:42.389 [info] > git for-each-ref --sort -committerdate --format %(refname) %(objectname) %(*objectname) [4ms]
2024-12-14 16:50:42.472 [info] > git status -z -uall [92ms]
2024-12-14 16:50:47.507 [info] > git config --get commit.template [6ms]
2024-12-14 16:50:47.509 [info] > git for-each-ref --format=%(refname)%00%(upstream:short)%00%(objectname)%00%(upstream:track)%00%(upstream:remotename)%00%(upstream:remoteref) refs/heads/main refs/remotes/main [3ms]
2024-12-14 16:50:47.523 [info] > git for-each-ref --sort -committerdate --format %(refname) %(objectname) %(*objectname) [4ms]
2024-12-14 16:50:47.631 [info] > git status -z -uall [117ms]
2024-12-14 16:50:52.705 [info] > git config --get commit.template [7ms]
2024-12-14 16:50:52.707 [info] > git for-each-ref --format=%(refname)%00%(upstream:short)%00%(objectname)%00%(upstream:track)%00%(upstream:remotename)%00%(upstream:remoteref) refs/heads/main refs/remotes/main [3ms]
2024-12-14 16:50:52.727 [info] > git for-each-ref --sort -committerdate --format %(refname) %(objectname) %(*objectname) [7ms]
2024-12-14 16:50:52.824 [info] > git status -z -uall [111ms]
2024-12-14 16:50:57.896 [info] > git config --get commit.template [7ms]
2024-12-14 16:50:57.899 [info] > git for-each-ref --format=%(refname)%00%(upstream:short)%00%(objectname)%00%(upstream:track)%00%(upstream:remotename)%00%(upstream:remoteref) refs/heads/main refs/remotes/main [3ms]
2024-12-14 16:50:57.915 [info] > git for-each-ref --sort -committerdate --format %(refname) %(objectname) %(*objectname) [5ms]
2024-12-14 16:50:58.012 [info] > git status -z -uall [107ms]
2024-12-14 16:51:04.901 [info] > git config --get commit.template [7ms]
2024-12-14 16:51:04.904 [info] > git for-each-ref --format=%(refname)%00%(upstream:short)%00%(objectname)%00%(upstream:track)%00%(upstream:remotename)%00%(upstream:remoteref) refs/heads/main refs/remotes/main [3ms]
2024-12-14 16:51:04.922 [info] > git for-each-ref --sort -committerdate --format %(refname) %(objectname) %(*objectname) [7ms]
2024-12-14 16:51:05.023 [info] > git status -z -uall [114ms]
2024-12-14 16:53:23.567 [info] > git config --get commit.template [7ms]
2024-12-14 16:53:23.569 [info] > git for-each-ref --format=%(refname)%00%(upstream:short)%00%(objectname)%00%(upstream:track)%00%(upstream:remotename)%00%(upstream:remoteref) refs/heads/main refs/remotes/main [3ms]
2024-12-14 16:53:23.585 [info] > git for-each-ref --sort -committerdate --format %(refname) %(objectname) %(*objectname) [4ms]
2024-12-14 16:53:23.687 [info] > git status -z -uall [112ms]
2024-12-14 16:53:28.769 [info] > git config --get commit.template [7ms]
2024-12-14 16:53:28.771 [info] > git for-each-ref --format=%(refname)%00%(upstream:short)%00%(objectname)%00%(upstream:track)%00%(upstream:remotename)%00%(upstream:remoteref) refs/heads/main refs/remotes/main [3ms]
2024-12-14 16:53:28.787 [info] > git for-each-ref --sort -committerdate --format %(refname) %(objectname) %(*objectname) [4ms]
2024-12-14 16:53:28.895 [info] > git status -z -uall [118ms]
