2024-12-14 23:20:17.557 [info] [main] 로그 수준: Info
2024-12-14 23:20:17.557 [info] [main] "git"에서 찾은 git 유효성을 검사하는 중
2024-12-14 23:20:17.557 [info] [main] "2.43.0"에서 git "git"을(를) 사용하는 중
2024-12-14 23:20:17.557 [info] [Model][doInitialScan] Initial repository scan started
2024-12-14 23:20:17.557 [info] > git rev-parse --show-toplevel [14ms]
2024-12-14 23:20:17.561 [info] > git rev-parse --git-dir --git-common-dir [1ms]
2024-12-14 23:20:17.570 [info] [Model][openRepository] Opened repository: /home/ubuntu
2024-12-14 23:20:17.578 [info] > git config --get commit.template [2ms]
2024-12-14 23:20:17.581 [info] > git rev-parse --show-toplevel [4ms]
2024-12-14 23:20:17.585 [info] > git rev-parse --show-toplevel [0ms]
2024-12-14 23:20:17.588 [info] > git rev-parse --show-toplevel [0ms]
2024-12-14 23:20:17.590 [info] > git for-each-ref --format=%(refname)%00%(upstream:short)%00%(objectname)%00%(upstream:track)%00%(upstream:remotename)%00%(upstream:remoteref) refs/heads/main refs/remotes/main [10ms]
2024-12-14 23:20:17.598 [info] > git rev-parse --show-toplevel [9ms]
2024-12-14 23:20:17.603 [info] > git rev-parse --show-toplevel [1ms]
2024-12-14 23:20:17.603 [info] > git for-each-ref --sort -committerdate --format %(refname) %(objectname) %(*objectname) [6ms]
2024-12-14 23:20:17.607 [info] > git rev-parse --show-toplevel [0ms]
2024-12-14 23:20:17.665 [info] > git rev-parse --show-toplevel [54ms]
2024-12-14 23:20:17.669 [info] > git rev-parse --show-toplevel [0ms]
2024-12-14 23:20:17.674 [info] > git rev-parse --show-toplevel [1ms]
2024-12-14 23:20:17.678 [info] > git rev-parse --show-toplevel [0ms]
2024-12-14 23:20:17.680 [info] > git rev-parse --show-toplevel [0ms]
2024-12-14 23:20:17.683 [info] > git rev-parse --show-toplevel [0ms]
2024-12-14 23:20:17.686 [info] [Model][doInitialScan] Initial repository scan completed - repositories (1), closed repositories (0), parent repositories (0), unsafe repositories (0)
2024-12-14 23:20:17.702 [info] > git status -z -uall [109ms]
2024-12-14 23:20:17.774 [info] > git for-each-ref --format=%(refname)%00%(upstream:short)%00%(objectname)%00%(upstream:track)%00%(upstream:remotename)%00%(upstream:remoteref) refs/heads/main refs/remotes/main [9ms]
2024-12-14 23:20:17.778 [info] > git config --local branch.main.vscode-merge-base [1ms]
2024-12-14 23:20:17.778 [warning] [Git][config] git config failed: Failed to execute git
2024-12-14 23:20:17.781 [info] > git config --get commit.template [8ms]
2024-12-14 23:20:17.788 [info] > git for-each-ref --format=%(refname)%00%(upstream:short)%00%(objectname)%00%(upstream:track)%00%(upstream:remotename)%00%(upstream:remoteref) refs/heads/main refs/remotes/main [5ms]
2024-12-14 23:20:17.797 [info] > git reflog main --grep-reflog=branch: Created from *. [17ms]
2024-12-14 23:20:17.800 [info] > git for-each-ref --sort -committerdate --format %(refname) %(objectname) %(*objectname) [4ms]
2024-12-14 23:20:18.038 [info] > git symbolic-ref --short refs/remotes/origin/HEAD [239ms]
2024-12-14 23:20:18.038 [info] fatal: ref refs/remotes/origin/HEAD is not a symbolic ref
2024-12-14 23:20:18.038 [warning] [Repository][getDefaultBranch] Failed to get default branch details: Failed to execute git.
2024-12-14 23:20:18.046 [info] > git status -z -uall [252ms]
2024-12-14 23:20:18.046 [info] > git merge-base refs/heads/main refs/remotes/origin/main [5ms]
2024-12-14 23:20:18.080 [info] > git merge-base refs/heads/main refs/remotes/origin/main [1ms]
2024-12-14 23:20:18.082 [info] > git diff --name-status -z --diff-filter=ADMR 297643d4dc7e94925d0824c35dbac7c6bcb504e6...refs/remotes/origin/main [33ms]
2024-12-14 23:20:18.427 [info] > git diff --name-status -z --diff-filter=ADMR 297643d4dc7e94925d0824c35dbac7c6bcb504e6...refs/remotes/origin/main [345ms]
2024-12-14 23:20:18.428 [info] > git check-ignore -v -z --stdin [206ms]
2024-12-14 23:20:18.493 [info] > git ls-files --stage -- /home/ubuntu/app.py [7ms]
2024-12-14 23:20:18.496 [info] > git show --textconv :app.py [14ms]
2024-12-14 23:20:18.497 [info] > git cat-file -s 0ac064fbce065d7a1922012af3677c1f044d8950 [1ms]
2024-12-14 23:20:18.542 [info] > git blame --root --incremental 297643d4dc7e94925d0824c35dbac7c6bcb504e6 -- /home/ubuntu/app.py [31ms]
2024-12-14 23:20:25.529 [info] > git config --get commit.template [8ms]
2024-12-14 23:20:25.530 [info] > git for-each-ref --format=%(refname)%00%(upstream:short)%00%(objectname)%00%(upstream:track)%00%(upstream:remotename)%00%(upstream:remoteref) refs/heads/main refs/remotes/main [4ms]
2024-12-14 23:20:25.570 [info] > git for-each-ref --sort -committerdate --format %(refname) %(objectname) %(*objectname) [21ms]
2024-12-14 23:20:25.653 [info] > git status -z -uall [113ms]
2024-12-14 23:20:30.731 [info] > git config --get commit.template [8ms]
2024-12-14 23:20:30.732 [info] > git for-each-ref --format=%(refname)%00%(upstream:short)%00%(objectname)%00%(upstream:track)%00%(upstream:remotename)%00%(upstream:remoteref) refs/heads/main refs/remotes/main [3ms]
2024-12-14 23:20:30.748 [info] > git for-each-ref --sort -committerdate --format %(refname) %(objectname) %(*objectname) [4ms]
2024-12-14 23:20:30.846 [info] > git status -z -uall [107ms]
2024-12-14 23:20:35.923 [info] > git config --get commit.template [7ms]
2024-12-14 23:20:35.925 [info] > git for-each-ref --format=%(refname)%00%(upstream:short)%00%(objectname)%00%(upstream:track)%00%(upstream:remotename)%00%(upstream:remoteref) refs/heads/main refs/remotes/main [3ms]
2024-12-14 23:20:35.936 [info] > git for-each-ref --sort -committerdate --format %(refname) %(objectname) %(*objectname) [1ms]
2024-12-14 23:20:35.998 [info] > git status -z -uall [68ms]
2024-12-14 23:20:41.075 [info] > git config --get commit.template [8ms]
2024-12-14 23:20:41.076 [info] > git for-each-ref --format=%(refname)%00%(upstream:short)%00%(objectname)%00%(upstream:track)%00%(upstream:remotename)%00%(upstream:remoteref) refs/heads/main refs/remotes/main [3ms]
2024-12-14 23:20:41.096 [info] > git for-each-ref --sort -committerdate --format %(refname) %(objectname) %(*objectname) [6ms]
2024-12-14 23:20:41.200 [info] > git status -z -uall [117ms]
2024-12-14 23:20:48.637 [info] > git config --get commit.template [9ms]
2024-12-14 23:20:48.639 [info] > git for-each-ref --format=%(refname)%00%(upstream:short)%00%(objectname)%00%(upstream:track)%00%(upstream:remotename)%00%(upstream:remoteref) refs/heads/main refs/remotes/main [3ms]
2024-12-14 23:20:48.655 [info] > git for-each-ref --sort -committerdate --format %(refname) %(objectname) %(*objectname) [4ms]
2024-12-14 23:20:48.750 [info] > git status -z -uall [105ms]
2024-12-14 23:20:53.836 [info] > git config --get commit.template [8ms]
2024-12-14 23:20:53.837 [info] > git for-each-ref --format=%(refname)%00%(upstream:short)%00%(objectname)%00%(upstream:track)%00%(upstream:remotename)%00%(upstream:remoteref) refs/heads/main refs/remotes/main [4ms]
2024-12-14 23:20:53.855 [info] > git for-each-ref --sort -committerdate --format %(refname) %(objectname) %(*objectname) [6ms]
2024-12-14 23:20:53.946 [info] > git status -z -uall [103ms]
2024-12-14 23:20:59.023 [info] > git config --get commit.template [8ms]
2024-12-14 23:20:59.024 [info] > git for-each-ref --format=%(refname)%00%(upstream:short)%00%(objectname)%00%(upstream:track)%00%(upstream:remotename)%00%(upstream:remoteref) refs/heads/main refs/remotes/main [3ms]
2024-12-14 23:20:59.044 [info] > git for-each-ref --sort -committerdate --format %(refname) %(objectname) %(*objectname) [7ms]
2024-12-14 23:20:59.147 [info] > git status -z -uall [116ms]
2024-12-14 23:21:04.201 [info] > git config --get commit.template [8ms]
2024-12-14 23:21:04.202 [info] > git for-each-ref --format=%(refname)%00%(upstream:short)%00%(objectname)%00%(upstream:track)%00%(upstream:remotename)%00%(upstream:remoteref) refs/heads/main refs/remotes/main [4ms]
2024-12-14 23:21:04.239 [info] > git for-each-ref --sort -committerdate --format %(refname) %(objectname) %(*objectname) [7ms]
2024-12-14 23:21:04.321 [info] > git status -z -uall [112ms]
2024-12-14 23:21:09.401 [info] > git config --get commit.template [9ms]
2024-12-14 23:21:09.402 [info] > git for-each-ref --format=%(refname)%00%(upstream:short)%00%(objectname)%00%(upstream:track)%00%(upstream:remotename)%00%(upstream:remoteref) refs/heads/main refs/remotes/main [4ms]
2024-12-14 23:21:09.419 [info] > git for-each-ref --sort -committerdate --format %(refname) %(objectname) %(*objectname) [4ms]
2024-12-14 23:21:09.522 [info] > git status -z -uall [113ms]
2024-12-14 23:21:14.608 [info] > git config --get commit.template [9ms]
2024-12-14 23:21:14.610 [info] > git for-each-ref --format=%(refname)%00%(upstream:short)%00%(objectname)%00%(upstream:track)%00%(upstream:remotename)%00%(upstream:remoteref) refs/heads/main refs/remotes/main [3ms]
2024-12-14 23:21:14.629 [info] > git for-each-ref --sort -committerdate --format %(refname) %(objectname) %(*objectname) [6ms]
2024-12-14 23:21:14.730 [info] > git status -z -uall [114ms]
2024-12-14 23:21:19.807 [info] > git config --get commit.template [8ms]
2024-12-14 23:21:19.809 [info] > git for-each-ref --format=%(refname)%00%(upstream:short)%00%(objectname)%00%(upstream:track)%00%(upstream:remotename)%00%(upstream:remoteref) refs/heads/main refs/remotes/main [4ms]
2024-12-14 23:21:19.826 [info] > git for-each-ref --sort -committerdate --format %(refname) %(objectname) %(*objectname) [5ms]
2024-12-14 23:21:19.928 [info] > git status -z -uall [113ms]
2024-12-14 23:21:25.003 [info] > git config --get commit.template [6ms]
2024-12-14 23:21:25.005 [info] > git for-each-ref --format=%(refname)%00%(upstream:short)%00%(objectname)%00%(upstream:track)%00%(upstream:remotename)%00%(upstream:remoteref) refs/heads/main refs/remotes/main [4ms]
2024-12-14 23:21:25.025 [info] > git for-each-ref --sort -committerdate --format %(refname) %(objectname) %(*objectname) [7ms]
2024-12-14 23:21:25.117 [info] > git status -z -uall [105ms]
2024-12-14 23:21:30.206 [info] > git config --get commit.template [8ms]
2024-12-14 23:21:30.207 [info] > git for-each-ref --format=%(refname)%00%(upstream:short)%00%(objectname)%00%(upstream:track)%00%(upstream:remotename)%00%(upstream:remoteref) refs/heads/main refs/remotes/main [3ms]
2024-12-14 23:21:30.222 [info] > git for-each-ref --sort -committerdate --format %(refname) %(objectname) %(*objectname) [4ms]
2024-12-14 23:21:30.324 [info] > git status -z -uall [111ms]
2024-12-14 23:21:35.399 [info] > git config --get commit.template [6ms]
2024-12-14 23:21:35.402 [info] > git for-each-ref --format=%(refname)%00%(upstream:short)%00%(objectname)%00%(upstream:track)%00%(upstream:remotename)%00%(upstream:remoteref) refs/heads/main refs/remotes/main [3ms]
2024-12-14 23:21:35.415 [info] > git for-each-ref --sort -committerdate --format %(refname) %(objectname) %(*objectname) [4ms]
2024-12-14 23:21:35.499 [info] > git status -z -uall [92ms]
2024-12-14 23:21:40.591 [info] > git config --get commit.template [7ms]
2024-12-14 23:21:40.593 [info] > git for-each-ref --format=%(refname)%00%(upstream:short)%00%(objectname)%00%(upstream:track)%00%(upstream:remotename)%00%(upstream:remoteref) refs/heads/main refs/remotes/main [4ms]
2024-12-14 23:21:40.609 [info] > git for-each-ref --sort -committerdate --format %(refname) %(objectname) %(*objectname) [4ms]
2024-12-14 23:21:40.725 [info] > git status -z -uall [126ms]
2024-12-14 23:21:45.799 [info] > git config --get commit.template [1ms]
2024-12-14 23:21:45.810 [info] > git for-each-ref --format=%(refname)%00%(upstream:short)%00%(objectname)%00%(upstream:track)%00%(upstream:remotename)%00%(upstream:remoteref) refs/heads/main refs/remotes/main [3ms]
2024-12-14 23:21:45.840 [info] > git for-each-ref --sort -committerdate --format %(refname) %(objectname) %(*objectname) [16ms]
2024-12-14 23:21:45.930 [info] > git status -z -uall [113ms]
2024-12-14 23:21:51.009 [info] > git config --get commit.template [2ms]
2024-12-14 23:21:51.017 [info] > git for-each-ref --format=%(refname)%00%(upstream:short)%00%(objectname)%00%(upstream:track)%00%(upstream:remotename)%00%(upstream:remoteref) refs/heads/main refs/remotes/main [3ms]
2024-12-14 23:21:51.036 [info] > git for-each-ref --sort -committerdate --format %(refname) %(objectname) %(*objectname) [7ms]
2024-12-14 23:21:51.135 [info] > git status -z -uall [112ms]
2024-12-14 23:21:56.217 [info] > git config --get commit.template [10ms]
2024-12-14 23:21:56.219 [info] > git for-each-ref --format=%(refname)%00%(upstream:short)%00%(objectname)%00%(upstream:track)%00%(upstream:remotename)%00%(upstream:remoteref) refs/heads/main refs/remotes/main [4ms]
2024-12-14 23:21:56.236 [info] > git for-each-ref --sort -committerdate --format %(refname) %(objectname) %(*objectname) [4ms]
2024-12-14 23:21:56.337 [info] > git status -z -uall [111ms]
2024-12-14 23:22:01.409 [info] > git config --get commit.template [7ms]
2024-12-14 23:22:01.411 [info] > git for-each-ref --format=%(refname)%00%(upstream:short)%00%(objectname)%00%(upstream:track)%00%(upstream:remotename)%00%(upstream:remoteref) refs/heads/main refs/remotes/main [3ms]
2024-12-14 23:22:01.427 [info] > git for-each-ref --sort -committerdate --format %(refname) %(objectname) %(*objectname) [3ms]
2024-12-14 23:22:01.524 [info] > git status -z -uall [107ms]
2024-12-14 23:22:08.908 [info] > git config --get commit.template [9ms]
2024-12-14 23:22:08.910 [info] > git for-each-ref --format=%(refname)%00%(upstream:short)%00%(objectname)%00%(upstream:track)%00%(upstream:remotename)%00%(upstream:remoteref) refs/heads/main refs/remotes/main [3ms]
2024-12-14 23:22:08.927 [info] > git for-each-ref --sort -committerdate --format %(refname) %(objectname) %(*objectname) [6ms]
2024-12-14 23:22:09.023 [info] > git status -z -uall [106ms]
2024-12-14 23:22:14.062 [info] > git config --get commit.template [7ms]
2024-12-14 23:22:14.064 [info] > git for-each-ref --format=%(refname)%00%(upstream:short)%00%(objectname)%00%(upstream:track)%00%(upstream:remotename)%00%(upstream:remoteref) refs/heads/main refs/remotes/main [3ms]
2024-12-14 23:22:14.092 [info] > git for-each-ref --sort -committerdate --format %(refname) %(objectname) %(*objectname) [15ms]
2024-12-14 23:22:14.181 [info] > git status -z -uall [111ms]
2024-12-14 23:22:20.914 [info] > git config --get commit.template [7ms]
2024-12-14 23:22:20.916 [info] > git for-each-ref --format=%(refname)%00%(upstream:short)%00%(objectname)%00%(upstream:track)%00%(upstream:remotename)%00%(upstream:remoteref) refs/heads/main refs/remotes/main [3ms]
2024-12-14 23:22:20.933 [info] > git for-each-ref --sort -committerdate --format %(refname) %(objectname) %(*objectname) [6ms]
2024-12-14 23:22:21.039 [info] > git status -z -uall [118ms]
2024-12-14 23:22:26.114 [info] > git config --get commit.template [7ms]
2024-12-14 23:22:26.116 [info] > git for-each-ref --format=%(refname)%00%(upstream:short)%00%(objectname)%00%(upstream:track)%00%(upstream:remotename)%00%(upstream:remoteref) refs/heads/main refs/remotes/main [3ms]
2024-12-14 23:22:26.137 [info] > git for-each-ref --sort -committerdate --format %(refname) %(objectname) %(*objectname) [9ms]
2024-12-14 23:22:26.232 [info] > git status -z -uall [110ms]
2024-12-14 23:22:31.316 [info] > git config --get commit.template [7ms]
2024-12-14 23:22:31.318 [info] > git for-each-ref --format=%(refname)%00%(upstream:short)%00%(objectname)%00%(upstream:track)%00%(upstream:remotename)%00%(upstream:remoteref) refs/heads/main refs/remotes/main [3ms]
2024-12-14 23:22:31.341 [info] > git for-each-ref --sort -committerdate --format %(refname) %(objectname) %(*objectname) [11ms]
2024-12-14 23:22:31.437 [info] > git status -z -uall [113ms]
2024-12-14 23:22:38.928 [info] > git config --get commit.template [5ms]
2024-12-14 23:22:38.929 [info] > git for-each-ref --format=%(refname)%00%(upstream:short)%00%(objectname)%00%(upstream:track)%00%(upstream:remotename)%00%(upstream:remoteref) refs/heads/main refs/remotes/main [2ms]
2024-12-14 23:22:38.942 [info] > git for-each-ref --sort -committerdate --format %(refname) %(objectname) %(*objectname) [1ms]
2024-12-14 23:22:38.998 [info] > git status -z -uall [64ms]
2024-12-14 23:22:44.073 [info] > git config --get commit.template [7ms]
2024-12-14 23:22:44.074 [info] > git for-each-ref --format=%(refname)%00%(upstream:short)%00%(objectname)%00%(upstream:track)%00%(upstream:remotename)%00%(upstream:remoteref) refs/heads/main refs/remotes/main [3ms]
2024-12-14 23:22:44.091 [info] > git for-each-ref --sort -committerdate --format %(refname) %(objectname) %(*objectname) [4ms]
2024-12-14 23:22:44.195 [info] > git status -z -uall [114ms]
2024-12-14 23:22:49.277 [info] > git config --get commit.template [8ms]
2024-12-14 23:22:49.279 [info] > git for-each-ref --format=%(refname)%00%(upstream:short)%00%(objectname)%00%(upstream:track)%00%(upstream:remotename)%00%(upstream:remoteref) refs/heads/main refs/remotes/main [3ms]
2024-12-14 23:22:49.299 [info] > git for-each-ref --sort -committerdate --format %(refname) %(objectname) %(*objectname) [9ms]
2024-12-14 23:22:49.387 [info] > git status -z -uall [103ms]
2024-12-14 23:22:54.434 [info] > git config --get commit.template [7ms]
2024-12-14 23:22:54.435 [info] > git for-each-ref --format=%(refname)%00%(upstream:short)%00%(objectname)%00%(upstream:track)%00%(upstream:remotename)%00%(upstream:remoteref) refs/heads/main refs/remotes/main [3ms]
2024-12-14 23:22:54.454 [info] > git for-each-ref --sort -committerdate --format %(refname) %(objectname) %(*objectname) [7ms]
2024-12-14 23:22:54.553 [info] > git status -z -uall [112ms]
2024-12-14 23:22:59.627 [info] > git config --get commit.template [6ms]
2024-12-14 23:22:59.629 [info] > git for-each-ref --format=%(refname)%00%(upstream:short)%00%(objectname)%00%(upstream:track)%00%(upstream:remotename)%00%(upstream:remoteref) refs/heads/main refs/remotes/main [3ms]
2024-12-14 23:22:59.644 [info] > git for-each-ref --sort -committerdate --format %(refname) %(objectname) %(*objectname) [3ms]
2024-12-14 23:22:59.745 [info] > git status -z -uall [109ms]
2024-12-14 23:23:04.824 [info] > git config --get commit.template [8ms]
2024-12-14 23:23:04.825 [info] > git for-each-ref --format=%(refname)%00%(upstream:short)%00%(objectname)%00%(upstream:track)%00%(upstream:remotename)%00%(upstream:remoteref) refs/heads/main refs/remotes/main [3ms]
2024-12-14 23:23:04.837 [info] > git for-each-ref --sort -committerdate --format %(refname) %(objectname) %(*objectname) [1ms]
2024-12-14 23:23:04.901 [info] > git status -z -uall [70ms]
2024-12-14 23:23:09.972 [info] > git config --get commit.template [7ms]
2024-12-14 23:23:09.975 [info] > git for-each-ref --format=%(refname)%00%(upstream:short)%00%(objectname)%00%(upstream:track)%00%(upstream:remotename)%00%(upstream:remoteref) refs/heads/main refs/remotes/main [3ms]
2024-12-14 23:23:09.993 [info] > git for-each-ref --sort -committerdate --format %(refname) %(objectname) %(*objectname) [7ms]
2024-12-14 23:23:10.092 [info] > git status -z -uall [110ms]
2024-12-14 23:23:15.167 [info] > git config --get commit.template [7ms]
2024-12-14 23:23:15.169 [info] > git for-each-ref --format=%(refname)%00%(upstream:short)%00%(objectname)%00%(upstream:track)%00%(upstream:remotename)%00%(upstream:remoteref) refs/heads/main refs/remotes/main [3ms]
2024-12-14 23:23:15.188 [info] > git for-each-ref --sort -committerdate --format %(refname) %(objectname) %(*objectname) [5ms]
2024-12-14 23:23:15.312 [info] > git status -z -uall [135ms]
2024-12-14 23:23:20.355 [info] > git config --get commit.template [7ms]
2024-12-14 23:23:20.357 [info] > git for-each-ref --format=%(refname)%00%(upstream:short)%00%(objectname)%00%(upstream:track)%00%(upstream:remotename)%00%(upstream:remoteref) refs/heads/main refs/remotes/main [3ms]
2024-12-14 23:23:20.375 [info] > git for-each-ref --sort -committerdate --format %(refname) %(objectname) %(*objectname) [5ms]
2024-12-14 23:23:20.473 [info] > git status -z -uall [110ms]
2024-12-14 23:23:25.572 [info] > git config --get commit.template [7ms]
2024-12-14 23:23:25.573 [info] > git for-each-ref --format=%(refname)%00%(upstream:short)%00%(objectname)%00%(upstream:track)%00%(upstream:remotename)%00%(upstream:remoteref) refs/heads/main refs/remotes/main [3ms]
2024-12-14 23:23:25.592 [info] > git for-each-ref --sort -committerdate --format %(refname) %(objectname) %(*objectname) [6ms]
2024-12-14 23:23:25.695 [info] > git status -z -uall [116ms]
2024-12-14 23:23:30.770 [info] > git config --get commit.template [7ms]
2024-12-14 23:23:30.772 [info] > git for-each-ref --format=%(refname)%00%(upstream:short)%00%(objectname)%00%(upstream:track)%00%(upstream:remotename)%00%(upstream:remoteref) refs/heads/main refs/remotes/main [4ms]
2024-12-14 23:23:30.787 [info] > git for-each-ref --sort -committerdate --format %(refname) %(objectname) %(*objectname) [4ms]
2024-12-14 23:23:30.894 [info] > git status -z -uall [116ms]
2024-12-14 23:23:35.968 [info] > git config --get commit.template [7ms]
2024-12-14 23:23:35.969 [info] > git for-each-ref --format=%(refname)%00%(upstream:short)%00%(objectname)%00%(upstream:track)%00%(upstream:remotename)%00%(upstream:remoteref) refs/heads/main refs/remotes/main [3ms]
2024-12-14 23:23:35.987 [info] > git for-each-ref --sort -committerdate --format %(refname) %(objectname) %(*objectname) [6ms]
2024-12-14 23:23:36.054 [info] > git status -z -uall [79ms]
2024-12-14 23:23:41.091 [info] > git config --get commit.template [7ms]
2024-12-14 23:23:41.093 [info] > git for-each-ref --format=%(refname)%00%(upstream:short)%00%(objectname)%00%(upstream:track)%00%(upstream:remotename)%00%(upstream:remoteref) refs/heads/main refs/remotes/main [3ms]
2024-12-14 23:23:41.109 [info] > git for-each-ref --sort -committerdate --format %(refname) %(objectname) %(*objectname) [4ms]
2024-12-14 23:23:41.209 [info] > git status -z -uall [110ms]
2024-12-14 23:23:46.284 [info] > git config --get commit.template [7ms]
2024-12-14 23:23:46.286 [info] > git for-each-ref --format=%(refname)%00%(upstream:short)%00%(objectname)%00%(upstream:track)%00%(upstream:remotename)%00%(upstream:remoteref) refs/heads/main refs/remotes/main [3ms]
2024-12-14 23:23:46.304 [info] > git for-each-ref --sort -committerdate --format %(refname) %(objectname) %(*objectname) [5ms]
2024-12-14 23:23:46.394 [info] > git status -z -uall [102ms]
2024-12-14 23:23:51.469 [info] > git config --get commit.template [7ms]
2024-12-14 23:23:51.471 [info] > git for-each-ref --format=%(refname)%00%(upstream:short)%00%(objectname)%00%(upstream:track)%00%(upstream:remotename)%00%(upstream:remoteref) refs/heads/main refs/remotes/main [3ms]
2024-12-14 23:23:51.489 [info] > git for-each-ref --sort -committerdate --format %(refname) %(objectname) %(*objectname) [7ms]
2024-12-14 23:23:51.587 [info] > git status -z -uall [110ms]
2024-12-14 23:23:56.663 [info] > git config --get commit.template [8ms]
2024-12-14 23:23:56.664 [info] > git for-each-ref --format=%(refname)%00%(upstream:short)%00%(objectname)%00%(upstream:track)%00%(upstream:remotename)%00%(upstream:remoteref) refs/heads/main refs/remotes/main [3ms]
2024-12-14 23:23:56.681 [info] > git for-each-ref --sort -committerdate --format %(refname) %(objectname) %(*objectname) [3ms]
2024-12-14 23:23:56.783 [info] > git status -z -uall [112ms]
2024-12-14 23:24:01.858 [info] > git config --get commit.template [7ms]
2024-12-14 23:24:01.860 [info] > git for-each-ref --format=%(refname)%00%(upstream:short)%00%(objectname)%00%(upstream:track)%00%(upstream:remotename)%00%(upstream:remoteref) refs/heads/main refs/remotes/main [3ms]
2024-12-14 23:24:01.883 [info] > git for-each-ref --sort -committerdate --format %(refname) %(objectname) %(*objectname) [11ms]
2024-12-14 23:24:01.977 [info] > git status -z -uall [111ms]
2024-12-14 23:24:07.058 [info] > git config --get commit.template [8ms]
2024-12-14 23:24:07.060 [info] > git for-each-ref --format=%(refname)%00%(upstream:short)%00%(objectname)%00%(upstream:track)%00%(upstream:remotename)%00%(upstream:remoteref) refs/heads/main refs/remotes/main [4ms]
2024-12-14 23:24:07.078 [info] > git for-each-ref --sort -committerdate --format %(refname) %(objectname) %(*objectname) [4ms]
2024-12-14 23:24:07.182 [info] > git status -z -uall [114ms]
2024-12-14 23:24:12.261 [info] > git config --get commit.template [8ms]
2024-12-14 23:24:12.263 [info] > git for-each-ref --format=%(refname)%00%(upstream:short)%00%(objectname)%00%(upstream:track)%00%(upstream:remotename)%00%(upstream:remoteref) refs/heads/main refs/remotes/main [4ms]
2024-12-14 23:24:12.278 [info] > git for-each-ref --sort -committerdate --format %(refname) %(objectname) %(*objectname) [4ms]
2024-12-14 23:24:12.388 [info] > git status -z -uall [119ms]
2024-12-14 23:24:17.466 [info] > git config --get commit.template [8ms]
2024-12-14 23:24:17.468 [info] > git for-each-ref --format=%(refname)%00%(upstream:short)%00%(objectname)%00%(upstream:track)%00%(upstream:remotename)%00%(upstream:remoteref) refs/heads/main refs/remotes/main [4ms]
2024-12-14 23:24:17.488 [info] > git for-each-ref --sort -committerdate --format %(refname) %(objectname) %(*objectname) [8ms]
2024-12-14 23:24:17.581 [info] > git status -z -uall [108ms]
2024-12-14 23:24:22.655 [info] > git config --get commit.template [7ms]
2024-12-14 23:24:22.657 [info] > git for-each-ref --format=%(refname)%00%(upstream:short)%00%(objectname)%00%(upstream:track)%00%(upstream:remotename)%00%(upstream:remoteref) refs/heads/main refs/remotes/main [3ms]
2024-12-14 23:24:22.675 [info] > git for-each-ref --sort -committerdate --format %(refname) %(objectname) %(*objectname) [6ms]
2024-12-14 23:24:22.776 [info] > git status -z -uall [113ms]
2024-12-14 23:24:27.855 [info] > git config --get commit.template [7ms]
2024-12-14 23:24:27.857 [info] > git for-each-ref --format=%(refname)%00%(upstream:short)%00%(objectname)%00%(upstream:track)%00%(upstream:remotename)%00%(upstream:remoteref) refs/heads/main refs/remotes/main [3ms]
2024-12-14 23:24:27.875 [info] > git for-each-ref --sort -committerdate --format %(refname) %(objectname) %(*objectname) [6ms]
2024-12-14 23:24:27.975 [info] > git status -z -uall [112ms]
2024-12-14 23:24:33.049 [info] > git config --get commit.template [8ms]
2024-12-14 23:24:33.051 [info] > git for-each-ref --format=%(refname)%00%(upstream:short)%00%(objectname)%00%(upstream:track)%00%(upstream:remotename)%00%(upstream:remoteref) refs/heads/main refs/remotes/main [4ms]
2024-12-14 23:24:33.067 [info] > git for-each-ref --sort -committerdate --format %(refname) %(objectname) %(*objectname) [4ms]
2024-12-14 23:24:33.172 [info] > git status -z -uall [115ms]
2024-12-14 23:24:38.582 [info] > git config --get commit.template [2ms]
2024-12-14 23:24:38.588 [info] > git for-each-ref --format=%(refname)%00%(upstream:short)%00%(objectname)%00%(upstream:track)%00%(upstream:remotename)%00%(upstream:remoteref) refs/heads/main refs/remotes/main [2ms]
2024-12-14 23:24:38.613 [info] > git for-each-ref --sort -committerdate --format %(refname) %(objectname) %(*objectname) [14ms]
2024-12-14 23:24:38.667 [info] > git status -z -uall [75ms]
2024-12-14 23:24:43.740 [info] > git config --get commit.template [7ms]
2024-12-14 23:24:43.741 [info] > git for-each-ref --format=%(refname)%00%(upstream:short)%00%(objectname)%00%(upstream:track)%00%(upstream:remotename)%00%(upstream:remoteref) refs/heads/main refs/remotes/main [3ms]
2024-12-14 23:24:43.757 [info] > git for-each-ref --sort -committerdate --format %(refname) %(objectname) %(*objectname) [4ms]
2024-12-14 23:24:43.854 [info] > git status -z -uall [107ms]
2024-12-14 23:24:48.900 [info] > git config --get commit.template [9ms]
2024-12-14 23:24:48.902 [info] > git for-each-ref --format=%(refname)%00%(upstream:short)%00%(objectname)%00%(upstream:track)%00%(upstream:remotename)%00%(upstream:remoteref) refs/heads/main refs/remotes/main [5ms]
2024-12-14 23:24:48.921 [info] > git for-each-ref --sort -committerdate --format %(refname) %(objectname) %(*objectname) [5ms]
2024-12-14 23:24:49.018 [info] > git status -z -uall [109ms]
2024-12-14 23:24:54.064 [info] > git config --get commit.template [7ms]
2024-12-14 23:24:54.067 [info] > git for-each-ref --format=%(refname)%00%(upstream:short)%00%(objectname)%00%(upstream:track)%00%(upstream:remotename)%00%(upstream:remoteref) refs/heads/main refs/remotes/main [4ms]
2024-12-14 23:24:54.082 [info] > git for-each-ref --sort -committerdate --format %(refname) %(objectname) %(*objectname) [4ms]
2024-12-14 23:24:54.194 [info] > git status -z -uall [121ms]
2024-12-14 23:24:59.277 [info] > git config --get commit.template [8ms]
2024-12-14 23:24:59.279 [info] > git for-each-ref --format=%(refname)%00%(upstream:short)%00%(objectname)%00%(upstream:track)%00%(upstream:remotename)%00%(upstream:remoteref) refs/heads/main refs/remotes/main [4ms]
2024-12-14 23:24:59.295 [info] > git for-each-ref --sort -committerdate --format %(refname) %(objectname) %(*objectname) [4ms]
2024-12-14 23:24:59.396 [info] > git status -z -uall [111ms]
2024-12-14 23:25:04.470 [info] > git config --get commit.template [7ms]
2024-12-14 23:25:04.472 [info] > git for-each-ref --format=%(refname)%00%(upstream:short)%00%(objectname)%00%(upstream:track)%00%(upstream:remotename)%00%(upstream:remoteref) refs/heads/main refs/remotes/main [3ms]
2024-12-14 23:25:04.490 [info] > git for-each-ref --sort -committerdate --format %(refname) %(objectname) %(*objectname) [6ms]
2024-12-14 23:25:04.589 [info] > git status -z -uall [111ms]
2024-12-14 23:25:09.670 [info] > git config --get commit.template [8ms]
2024-12-14 23:25:09.671 [info] > git for-each-ref --format=%(refname)%00%(upstream:short)%00%(objectname)%00%(upstream:track)%00%(upstream:remotename)%00%(upstream:remoteref) refs/heads/main refs/remotes/main [3ms]
2024-12-14 23:25:09.692 [info] > git for-each-ref --sort -committerdate --format %(refname) %(objectname) %(*objectname) [10ms]
2024-12-14 23:25:09.791 [info] > git status -z -uall [114ms]
2024-12-14 23:25:14.866 [info] > git config --get commit.template [8ms]
2024-12-14 23:25:14.868 [info] > git for-each-ref --format=%(refname)%00%(upstream:short)%00%(objectname)%00%(upstream:track)%00%(upstream:remotename)%00%(upstream:remoteref) refs/heads/main refs/remotes/main [3ms]
2024-12-14 23:25:14.885 [info] > git for-each-ref --sort -committerdate --format %(refname) %(objectname) %(*objectname) [4ms]
2024-12-14 23:25:14.979 [info] > git status -z -uall [105ms]
2024-12-14 23:25:20.055 [info] > git config --get commit.template [7ms]
2024-12-14 23:25:20.057 [info] > git for-each-ref --format=%(refname)%00%(upstream:short)%00%(objectname)%00%(upstream:track)%00%(upstream:remotename)%00%(upstream:remoteref) refs/heads/main refs/remotes/main [3ms]
2024-12-14 23:25:20.075 [info] > git for-each-ref --sort -committerdate --format %(refname) %(objectname) %(*objectname) [6ms]
2024-12-14 23:25:20.176 [info] > git status -z -uall [113ms]
2024-12-14 23:25:25.251 [info] > git config --get commit.template [8ms]
2024-12-14 23:25:25.253 [info] > git for-each-ref --format=%(refname)%00%(upstream:short)%00%(objectname)%00%(upstream:track)%00%(upstream:remotename)%00%(upstream:remoteref) refs/heads/main refs/remotes/main [3ms]
2024-12-14 23:25:25.268 [info] > git for-each-ref --sort -committerdate --format %(refname) %(objectname) %(*objectname) [4ms]
2024-12-14 23:25:25.373 [info] > git status -z -uall [114ms]
2024-12-14 23:26:19.335 [info] > git config --get commit.template [7ms]
2024-12-14 23:26:19.337 [info] > git for-each-ref --format=%(refname)%00%(upstream:short)%00%(objectname)%00%(upstream:track)%00%(upstream:remotename)%00%(upstream:remoteref) refs/heads/main refs/remotes/main [3ms]
2024-12-14 23:26:19.353 [info] > git for-each-ref --sort -committerdate --format %(refname) %(objectname) %(*objectname) [4ms]
2024-12-14 23:26:19.454 [info] > git status -z -uall [111ms]
2024-12-14 23:26:24.515 [info] > git config --get commit.template [7ms]
2024-12-14 23:26:24.518 [info] > git for-each-ref --format=%(refname)%00%(upstream:short)%00%(objectname)%00%(upstream:track)%00%(upstream:remotename)%00%(upstream:remoteref) refs/heads/main refs/remotes/main [4ms]
2024-12-14 23:26:24.536 [info] > git for-each-ref --sort -committerdate --format %(refname) %(objectname) %(*objectname) [6ms]
2024-12-14 23:26:24.633 [info] > git status -z -uall [109ms]
2024-12-14 23:26:52.340 [info] > git config --get commit.template [6ms]
2024-12-14 23:26:52.342 [info] > git for-each-ref --format=%(refname)%00%(upstream:short)%00%(objectname)%00%(upstream:track)%00%(upstream:remotename)%00%(upstream:remoteref) refs/heads/main refs/remotes/main [3ms]
2024-12-14 23:26:52.357 [info] > git for-each-ref --sort -committerdate --format %(refname) %(objectname) %(*objectname) [4ms]
2024-12-14 23:26:52.457 [info] > git status -z -uall [109ms]
2024-12-14 23:26:57.539 [info] > git config --get commit.template [7ms]
2024-12-14 23:26:57.541 [info] > git for-each-ref --format=%(refname)%00%(upstream:short)%00%(objectname)%00%(upstream:track)%00%(upstream:remotename)%00%(upstream:remoteref) refs/heads/main refs/remotes/main [3ms]
2024-12-14 23:26:57.559 [info] > git for-each-ref --sort -committerdate --format %(refname) %(objectname) %(*objectname) [6ms]
2024-12-14 23:26:57.665 [info] > git status -z -uall [118ms]
2024-12-14 23:27:39.198 [info] > git config --get commit.template [6ms]
2024-12-14 23:27:39.200 [info] > git for-each-ref --format=%(refname)%00%(upstream:short)%00%(objectname)%00%(upstream:track)%00%(upstream:remotename)%00%(upstream:remoteref) refs/heads/main refs/remotes/main [4ms]
2024-12-14 23:27:39.218 [info] > git for-each-ref --sort -committerdate --format %(refname) %(objectname) %(*objectname) [6ms]
2024-12-14 23:27:39.321 [info] > git status -z -uall [115ms]
2024-12-14 23:27:44.425 [info] > git config --get commit.template [8ms]
2024-12-14 23:27:44.427 [info] > git for-each-ref --format=%(refname)%00%(upstream:short)%00%(objectname)%00%(upstream:track)%00%(upstream:remotename)%00%(upstream:remoteref) refs/heads/main refs/remotes/main [3ms]
2024-12-14 23:27:44.444 [info] > git for-each-ref --sort -committerdate --format %(refname) %(objectname) %(*objectname) [4ms]
2024-12-14 23:27:44.543 [info] > git status -z -uall [110ms]
2024-12-14 23:27:49.626 [info] > git config --get commit.template [7ms]
2024-12-14 23:27:49.628 [info] > git for-each-ref --format=%(refname)%00%(upstream:short)%00%(objectname)%00%(upstream:track)%00%(upstream:remotename)%00%(upstream:remoteref) refs/heads/main refs/remotes/main [3ms]
2024-12-14 23:27:49.643 [info] > git for-each-ref --sort -committerdate --format %(refname) %(objectname) %(*objectname) [4ms]
2024-12-14 23:27:49.742 [info] > git status -z -uall [108ms]
2024-12-14 23:28:15.087 [info] > git config --get commit.template [6ms]
2024-12-14 23:28:15.089 [info] > git for-each-ref --format=%(refname)%00%(upstream:short)%00%(objectname)%00%(upstream:track)%00%(upstream:remotename)%00%(upstream:remoteref) refs/heads/main refs/remotes/main [4ms]
2024-12-14 23:28:15.109 [info] > git for-each-ref --sort -committerdate --format %(refname) %(objectname) %(*objectname) [9ms]
2024-12-14 23:28:15.198 [info] > git status -z -uall [103ms]
2024-12-14 23:28:20.273 [info] > git config --get commit.template [7ms]
2024-12-14 23:28:20.275 [info] > git for-each-ref --format=%(refname)%00%(upstream:short)%00%(objectname)%00%(upstream:track)%00%(upstream:remotename)%00%(upstream:remoteref) refs/heads/main refs/remotes/main [3ms]
2024-12-14 23:28:20.291 [info] > git for-each-ref --sort -committerdate --format %(refname) %(objectname) %(*objectname) [4ms]
2024-12-14 23:28:20.394 [info] > git status -z -uall [113ms]
2024-12-14 23:28:25.473 [info] > git config --get commit.template [7ms]
2024-12-14 23:28:25.475 [info] > git for-each-ref --format=%(refname)%00%(upstream:short)%00%(objectname)%00%(upstream:track)%00%(upstream:remotename)%00%(upstream:remoteref) refs/heads/main refs/remotes/main [3ms]
2024-12-14 23:28:25.492 [info] > git for-each-ref --sort -committerdate --format %(refname) %(objectname) %(*objectname) [4ms]
2024-12-14 23:28:25.596 [info] > git status -z -uall [114ms]
2024-12-14 23:28:30.659 [info] > git config --get commit.template [7ms]
2024-12-14 23:28:30.661 [info] > git for-each-ref --format=%(refname)%00%(upstream:short)%00%(objectname)%00%(upstream:track)%00%(upstream:remotename)%00%(upstream:remoteref) refs/heads/main refs/remotes/main [4ms]
2024-12-14 23:28:30.682 [info] > git for-each-ref --sort -committerdate --format %(refname) %(objectname) %(*objectname) [6ms]
2024-12-14 23:28:30.785 [info] > git status -z -uall [118ms]
2024-12-14 23:28:38.232 [info] > git config --get commit.template [7ms]
2024-12-14 23:28:38.234 [info] > git for-each-ref --format=%(refname)%00%(upstream:short)%00%(objectname)%00%(upstream:track)%00%(upstream:remotename)%00%(upstream:remoteref) refs/heads/main refs/remotes/main [3ms]
2024-12-14 23:28:38.252 [info] > git for-each-ref --sort -committerdate --format %(refname) %(objectname) %(*objectname) [6ms]
2024-12-14 23:28:38.350 [info] > git status -z -uall [109ms]
2024-12-14 23:28:43.428 [info] > git config --get commit.template [2ms]
2024-12-14 23:28:43.434 [info] > git for-each-ref --format=%(refname)%00%(upstream:short)%00%(objectname)%00%(upstream:track)%00%(upstream:remotename)%00%(upstream:remoteref) refs/heads/main refs/remotes/main [1ms]
2024-12-14 23:28:43.452 [info] > git for-each-ref --sort -committerdate --format %(refname) %(objectname) %(*objectname) [5ms]
2024-12-14 23:28:43.546 [info] > git status -z -uall [107ms]
2024-12-14 23:29:25.139 [info] > git config --get commit.template [7ms]
2024-12-14 23:29:25.141 [info] > git for-each-ref --format=%(refname)%00%(upstream:short)%00%(objectname)%00%(upstream:track)%00%(upstream:remotename)%00%(upstream:remoteref) refs/heads/main refs/remotes/main [3ms]
2024-12-14 23:29:25.157 [info] > git for-each-ref --sort -committerdate --format %(refname) %(objectname) %(*objectname) [4ms]
2024-12-14 23:29:25.271 [info] > git status -z -uall [124ms]
2024-12-14 23:29:30.379 [info] > git config --get commit.template [7ms]
2024-12-14 23:29:30.381 [info] > git for-each-ref --format=%(refname)%00%(upstream:short)%00%(objectname)%00%(upstream:track)%00%(upstream:remotename)%00%(upstream:remoteref) refs/heads/main refs/remotes/main [3ms]
2024-12-14 23:29:30.396 [info] > git for-each-ref --sort -committerdate --format %(refname) %(objectname) %(*objectname) [4ms]
2024-12-14 23:29:30.499 [info] > git status -z -uall [113ms]
2024-12-14 23:29:35.585 [info] > git config --get commit.template [8ms]
2024-12-14 23:29:35.588 [info] > git for-each-ref --format=%(refname)%00%(upstream:short)%00%(objectname)%00%(upstream:track)%00%(upstream:remotename)%00%(upstream:remoteref) refs/heads/main refs/remotes/main [4ms]
2024-12-14 23:29:35.604 [info] > git for-each-ref --sort -committerdate --format %(refname) %(objectname) %(*objectname) [4ms]
2024-12-14 23:29:35.703 [info] > git status -z -uall [109ms]
2024-12-14 23:29:58.953 [info] > git config --get commit.template [7ms]
2024-12-14 23:29:58.955 [info] > git for-each-ref --format=%(refname)%00%(upstream:short)%00%(objectname)%00%(upstream:track)%00%(upstream:remotename)%00%(upstream:remoteref) refs/heads/main refs/remotes/main [3ms]
2024-12-14 23:29:58.973 [info] > git for-each-ref --sort -committerdate --format %(refname) %(objectname) %(*objectname) [5ms]
2024-12-14 23:29:59.097 [info] > git status -z -uall [136ms]
2024-12-14 23:30:04.162 [info] > git config --get commit.template [9ms]
2024-12-14 23:30:04.164 [info] > git for-each-ref --format=%(refname)%00%(upstream:short)%00%(objectname)%00%(upstream:track)%00%(upstream:remotename)%00%(upstream:remoteref) refs/heads/main refs/remotes/main [3ms]
2024-12-14 23:30:04.182 [info] > git for-each-ref --sort -committerdate --format %(refname) %(objectname) %(*objectname) [5ms]
2024-12-14 23:30:04.281 [info] > git status -z -uall [110ms]
2024-12-14 23:30:09.352 [info] > git config --get commit.template [7ms]
2024-12-14 23:30:09.354 [info] > git for-each-ref --format=%(refname)%00%(upstream:short)%00%(objectname)%00%(upstream:track)%00%(upstream:remotename)%00%(upstream:remoteref) refs/heads/main refs/remotes/main [3ms]
2024-12-14 23:30:09.371 [info] > git for-each-ref --sort -committerdate --format %(refname) %(objectname) %(*objectname) [4ms]
2024-12-14 23:30:09.472 [info] > git status -z -uall [112ms]
2024-12-14 23:30:14.554 [info] > git config --get commit.template [8ms]
2024-12-14 23:30:14.556 [info] > git for-each-ref --format=%(refname)%00%(upstream:short)%00%(objectname)%00%(upstream:track)%00%(upstream:remotename)%00%(upstream:remoteref) refs/heads/main refs/remotes/main [3ms]
2024-12-14 23:30:14.572 [info] > git for-each-ref --sort -committerdate --format %(refname) %(objectname) %(*objectname) [4ms]
2024-12-14 23:30:14.669 [info] > git status -z -uall [106ms]
2024-12-14 23:30:41.310 [info] > git config --get commit.template [7ms]
2024-12-14 23:30:41.312 [info] > git for-each-ref --format=%(refname)%00%(upstream:short)%00%(objectname)%00%(upstream:track)%00%(upstream:remotename)%00%(upstream:remoteref) refs/heads/main refs/remotes/main [3ms]
2024-12-14 23:30:41.327 [info] > git for-each-ref --sort -committerdate --format %(refname) %(objectname) %(*objectname) [4ms]
2024-12-14 23:30:41.430 [info] > git status -z -uall [112ms]
2024-12-14 23:30:46.519 [info] > git config --get commit.template [7ms]
2024-12-14 23:30:46.520 [info] > git for-each-ref --format=%(refname)%00%(upstream:short)%00%(objectname)%00%(upstream:track)%00%(upstream:remotename)%00%(upstream:remoteref) refs/heads/main refs/remotes/main [3ms]
2024-12-14 23:30:46.537 [info] > git for-each-ref --sort -committerdate --format %(refname) %(objectname) %(*objectname) [4ms]
2024-12-14 23:30:46.636 [info] > git status -z -uall [110ms]
2024-12-14 23:30:51.678 [info] > git config --get commit.template [7ms]
2024-12-14 23:30:51.680 [info] > git for-each-ref --format=%(refname)%00%(upstream:short)%00%(objectname)%00%(upstream:track)%00%(upstream:remotename)%00%(upstream:remoteref) refs/heads/main refs/remotes/main [3ms]
2024-12-14 23:30:51.696 [info] > git for-each-ref --sort -committerdate --format %(refname) %(objectname) %(*objectname) [4ms]
2024-12-14 23:30:51.802 [info] > git status -z -uall [116ms]
2024-12-14 23:30:56.880 [info] > git config --get commit.template [8ms]
2024-12-14 23:30:56.882 [info] > git for-each-ref --format=%(refname)%00%(upstream:short)%00%(objectname)%00%(upstream:track)%00%(upstream:remotename)%00%(upstream:remoteref) refs/heads/main refs/remotes/main [3ms]
2024-12-14 23:30:56.900 [info] > git for-each-ref --sort -committerdate --format %(refname) %(objectname) %(*objectname) [6ms]
2024-12-14 23:30:56.990 [info] > git status -z -uall [102ms]
2024-12-14 23:32:07.442 [info] > git config --get commit.template [6ms]
2024-12-14 23:32:07.443 [info] > git for-each-ref --format=%(refname)%00%(upstream:short)%00%(objectname)%00%(upstream:track)%00%(upstream:remotename)%00%(upstream:remoteref) refs/heads/main refs/remotes/main [3ms]
2024-12-14 23:32:07.458 [info] > git for-each-ref --sort -committerdate --format %(refname) %(objectname) %(*objectname) [4ms]
2024-12-14 23:32:07.564 [info] > git status -z -uall [115ms]
2024-12-14 23:32:12.666 [info] > git config --get commit.template [8ms]
2024-12-14 23:32:12.668 [info] > git for-each-ref --format=%(refname)%00%(upstream:short)%00%(objectname)%00%(upstream:track)%00%(upstream:remotename)%00%(upstream:remoteref) refs/heads/main refs/remotes/main [3ms]
2024-12-14 23:32:12.684 [info] > git for-each-ref --sort -committerdate --format %(refname) %(objectname) %(*objectname) [4ms]
2024-12-14 23:32:12.786 [info] > git status -z -uall [112ms]
2024-12-14 23:32:17.867 [info] > git config --get commit.template [8ms]
2024-12-14 23:32:17.869 [info] > git for-each-ref --format=%(refname)%00%(upstream:short)%00%(objectname)%00%(upstream:track)%00%(upstream:remotename)%00%(upstream:remoteref) refs/heads/main refs/remotes/main [3ms]
2024-12-14 23:32:17.887 [info] > git for-each-ref --sort -committerdate --format %(refname) %(objectname) %(*objectname) [7ms]
2024-12-14 23:32:17.982 [info] > git status -z -uall [107ms]
2024-12-14 23:32:23.070 [info] > git config --get commit.template [8ms]
2024-12-14 23:32:23.071 [info] > git for-each-ref --format=%(refname)%00%(upstream:short)%00%(objectname)%00%(upstream:track)%00%(upstream:remotename)%00%(upstream:remoteref) refs/heads/main refs/remotes/main [2ms]
2024-12-14 23:32:23.087 [info] > git for-each-ref --sort -committerdate --format %(refname) %(objectname) %(*objectname) [4ms]
2024-12-14 23:32:23.209 [info] > git status -z -uall [132ms]
2024-12-14 23:33:38.624 [info] > git config --get commit.template [7ms]
2024-12-14 23:33:38.626 [info] > git for-each-ref --format=%(refname)%00%(upstream:short)%00%(objectname)%00%(upstream:track)%00%(upstream:remotename)%00%(upstream:remoteref) refs/heads/main refs/remotes/main [3ms]
2024-12-14 23:33:38.644 [info] > git for-each-ref --sort -committerdate --format %(refname) %(objectname) %(*objectname) [6ms]
2024-12-14 23:33:38.736 [info] > git status -z -uall [104ms]
2024-12-14 23:33:46.551 [info] > git config --get commit.template [7ms]
2024-12-14 23:33:46.553 [info] > git for-each-ref --format=%(refname)%00%(upstream:short)%00%(objectname)%00%(upstream:track)%00%(upstream:remotename)%00%(upstream:remoteref) refs/heads/main refs/remotes/main [3ms]
2024-12-14 23:33:46.570 [info] > git for-each-ref --sort -committerdate --format %(refname) %(objectname) %(*objectname) [6ms]
2024-12-14 23:33:46.669 [info] > git status -z -uall [110ms]
2024-12-14 23:33:51.762 [info] > git config --get commit.template [7ms]
2024-12-14 23:33:51.764 [info] > git for-each-ref --format=%(refname)%00%(upstream:short)%00%(objectname)%00%(upstream:track)%00%(upstream:remotename)%00%(upstream:remoteref) refs/heads/main refs/remotes/main [3ms]
2024-12-14 23:33:51.781 [info] > git for-each-ref --sort -committerdate --format %(refname) %(objectname) %(*objectname) [4ms]
2024-12-14 23:33:51.872 [info] > git status -z -uall [102ms]
2024-12-14 23:33:56.961 [info] > git config --get commit.template [8ms]
2024-12-14 23:33:56.963 [info] > git for-each-ref --format=%(refname)%00%(upstream:short)%00%(objectname)%00%(upstream:track)%00%(upstream:remotename)%00%(upstream:remoteref) refs/heads/main refs/remotes/main [3ms]
2024-12-14 23:33:56.984 [info] > git for-each-ref --sort -committerdate --format %(refname) %(objectname) %(*objectname) [8ms]
2024-12-14 23:33:57.082 [info] > git status -z -uall [112ms]
2024-12-14 23:34:02.159 [info] > git config --get commit.template [7ms]
2024-12-14 23:34:02.161 [info] > git for-each-ref --format=%(refname)%00%(upstream:short)%00%(objectname)%00%(upstream:track)%00%(upstream:remotename)%00%(upstream:remoteref) refs/heads/main refs/remotes/main [3ms]
2024-12-14 23:34:02.180 [info] > git for-each-ref --sort -committerdate --format %(refname) %(objectname) %(*objectname) [6ms]
2024-12-14 23:34:02.278 [info] > git status -z -uall [111ms]
2024-12-14 23:34:09.926 [info] > git config --get commit.template [8ms]
2024-12-14 23:34:09.928 [info] > git for-each-ref --format=%(refname)%00%(upstream:short)%00%(objectname)%00%(upstream:track)%00%(upstream:remotename)%00%(upstream:remoteref) refs/heads/main refs/remotes/main [4ms]
2024-12-14 23:34:09.950 [info] > git for-each-ref --sort -committerdate --format %(refname) %(objectname) %(*objectname) [7ms]
2024-12-14 23:34:10.053 [info] > git status -z -uall [118ms]
2024-12-14 23:34:29.179 [info] > git config --get commit.template [7ms]
2024-12-14 23:34:29.181 [info] > git for-each-ref --format=%(refname)%00%(upstream:short)%00%(objectname)%00%(upstream:track)%00%(upstream:remotename)%00%(upstream:remoteref) refs/heads/main refs/remotes/main [4ms]
2024-12-14 23:34:29.202 [info] > git for-each-ref --sort -committerdate --format %(refname) %(objectname) %(*objectname) [9ms]
2024-12-14 23:34:29.299 [info] > git status -z -uall [112ms]
2024-12-14 23:34:34.363 [info] > git config --get commit.template [7ms]
2024-12-14 23:34:34.364 [info] > git for-each-ref --format=%(refname)%00%(upstream:short)%00%(objectname)%00%(upstream:track)%00%(upstream:remotename)%00%(upstream:remoteref) refs/heads/main refs/remotes/main [3ms]
2024-12-14 23:34:34.381 [info] > git for-each-ref --sort -committerdate --format %(refname) %(objectname) %(*objectname) [5ms]
2024-12-14 23:34:34.505 [info] > git status -z -uall [135ms]
2024-12-14 23:34:39.585 [info] > git config --get commit.template [7ms]
2024-12-14 23:34:39.587 [info] > git for-each-ref --format=%(refname)%00%(upstream:short)%00%(objectname)%00%(upstream:track)%00%(upstream:remotename)%00%(upstream:remoteref) refs/heads/main refs/remotes/main [4ms]
2024-12-14 23:34:39.605 [info] > git for-each-ref --sort -committerdate --format %(refname) %(objectname) %(*objectname) [6ms]
2024-12-14 23:34:39.706 [info] > git status -z -uall [113ms]
2024-12-14 23:34:44.790 [info] > git config --get commit.template [7ms]
2024-12-14 23:34:44.792 [info] > git for-each-ref --format=%(refname)%00%(upstream:short)%00%(objectname)%00%(upstream:track)%00%(upstream:remotename)%00%(upstream:remoteref) refs/heads/main refs/remotes/main [3ms]
2024-12-14 23:34:44.807 [info] > git for-each-ref --sort -committerdate --format %(refname) %(objectname) %(*objectname) [3ms]
2024-12-14 23:34:44.909 [info] > git status -z -uall [112ms]
2024-12-14 23:34:49.984 [info] > git config --get commit.template [7ms]
2024-12-14 23:34:49.986 [info] > git for-each-ref --format=%(refname)%00%(upstream:short)%00%(objectname)%00%(upstream:track)%00%(upstream:remotename)%00%(upstream:remoteref) refs/heads/main refs/remotes/main [3ms]
2024-12-14 23:34:50.001 [info] > git for-each-ref --sort -committerdate --format %(refname) %(objectname) %(*objectname) [4ms]
2024-12-14 23:34:50.100 [info] > git status -z -uall [107ms]
2024-12-14 23:34:55.181 [info] > git config --get commit.template [8ms]
2024-12-14 23:34:55.182 [info] > git for-each-ref --format=%(refname)%00%(upstream:short)%00%(objectname)%00%(upstream:track)%00%(upstream:remotename)%00%(upstream:remoteref) refs/heads/main refs/remotes/main [2ms]
2024-12-14 23:34:55.197 [info] > git for-each-ref --sort -committerdate --format %(refname) %(objectname) %(*objectname) [4ms]
2024-12-14 23:34:55.294 [info] > git status -z -uall [107ms]
2024-12-14 23:35:00.372 [info] > git config --get commit.template [7ms]
2024-12-14 23:35:00.374 [info] > git for-each-ref --format=%(refname)%00%(upstream:short)%00%(objectname)%00%(upstream:track)%00%(upstream:remotename)%00%(upstream:remoteref) refs/heads/main refs/remotes/main [3ms]
2024-12-14 23:35:00.389 [info] > git for-each-ref --sort -committerdate --format %(refname) %(objectname) %(*objectname) [4ms]
2024-12-14 23:35:00.494 [info] > git status -z -uall [114ms]
2024-12-14 23:35:20.641 [info] > git config --get commit.template [7ms]
2024-12-14 23:35:20.643 [info] > git for-each-ref --format=%(refname)%00%(upstream:short)%00%(objectname)%00%(upstream:track)%00%(upstream:remotename)%00%(upstream:remoteref) refs/heads/main refs/remotes/main [3ms]
2024-12-14 23:35:20.659 [info] > git for-each-ref --sort -committerdate --format %(refname) %(objectname) %(*objectname) [4ms]
2024-12-14 23:35:20.763 [info] > git status -z -uall [114ms]
2024-12-14 23:35:36.547 [info] > git config --get commit.template [7ms]
2024-12-14 23:35:36.549 [info] > git for-each-ref --format=%(refname)%00%(upstream:short)%00%(objectname)%00%(upstream:track)%00%(upstream:remotename)%00%(upstream:remoteref) refs/heads/main refs/remotes/main [3ms]
2024-12-14 23:35:36.568 [info] > git for-each-ref --sort -committerdate --format %(refname) %(objectname) %(*objectname) [6ms]
2024-12-14 23:35:36.656 [info] > git status -z -uall [101ms]
2024-12-14 23:36:31.231 [info] > git config --get commit.template [6ms]
2024-12-14 23:36:31.233 [info] > git for-each-ref --format=%(refname)%00%(upstream:short)%00%(objectname)%00%(upstream:track)%00%(upstream:remotename)%00%(upstream:remoteref) refs/heads/main refs/remotes/main [4ms]
2024-12-14 23:36:31.254 [info] > git for-each-ref --sort -committerdate --format %(refname) %(objectname) %(*objectname) [9ms]
2024-12-14 23:36:31.349 [info] > git status -z -uall [110ms]
2024-12-14 23:36:36.438 [info] > git config --get commit.template [8ms]
2024-12-14 23:36:36.440 [info] > git for-each-ref --format=%(refname)%00%(upstream:short)%00%(objectname)%00%(upstream:track)%00%(upstream:remotename)%00%(upstream:remoteref) refs/heads/main refs/remotes/main [4ms]
2024-12-14 23:36:36.456 [info] > git for-each-ref --sort -committerdate --format %(refname) %(objectname) %(*objectname) [5ms]
2024-12-14 23:36:36.549 [info] > git status -z -uall [103ms]
2024-12-14 23:36:42.151 [info] > git config --get commit.template [9ms]
2024-12-14 23:36:42.152 [info] > git for-each-ref --format=%(refname)%00%(upstream:short)%00%(objectname)%00%(upstream:track)%00%(upstream:remotename)%00%(upstream:remoteref) refs/heads/main refs/remotes/main [3ms]
2024-12-14 23:36:42.169 [info] > git for-each-ref --sort -committerdate --format %(refname) %(objectname) %(*objectname) [4ms]
2024-12-14 23:36:42.272 [info] > git status -z -uall [113ms]
2024-12-14 23:36:47.315 [info] > git config --get commit.template [8ms]
2024-12-14 23:36:47.317 [info] > git for-each-ref --format=%(refname)%00%(upstream:short)%00%(objectname)%00%(upstream:track)%00%(upstream:remotename)%00%(upstream:remoteref) refs/heads/main refs/remotes/main [4ms]
2024-12-14 23:36:47.335 [info] > git for-each-ref --sort -committerdate --format %(refname) %(objectname) %(*objectname) [6ms]
2024-12-14 23:36:47.435 [info] > git status -z -uall [112ms]
2024-12-14 23:36:52.476 [info] > git config --get commit.template [7ms]
2024-12-14 23:36:52.478 [info] > git for-each-ref --format=%(refname)%00%(upstream:short)%00%(objectname)%00%(upstream:track)%00%(upstream:remotename)%00%(upstream:remoteref) refs/heads/main refs/remotes/main [3ms]
2024-12-14 23:36:52.493 [info] > git for-each-ref --sort -committerdate --format %(refname) %(objectname) %(*objectname) [4ms]
2024-12-14 23:36:52.591 [info] > git status -z -uall [107ms]
2024-12-14 23:36:57.668 [info] > git config --get commit.template [8ms]
2024-12-14 23:36:57.670 [info] > git for-each-ref --format=%(refname)%00%(upstream:short)%00%(objectname)%00%(upstream:track)%00%(upstream:remotename)%00%(upstream:remoteref) refs/heads/main refs/remotes/main [3ms]
2024-12-14 23:36:57.690 [info] > git for-each-ref --sort -committerdate --format %(refname) %(objectname) %(*objectname) [6ms]
2024-12-14 23:36:57.762 [info] > git status -z -uall [86ms]
2024-12-14 23:37:03.182 [info] > git config --get commit.template [7ms]
2024-12-14 23:37:03.184 [info] > git for-each-ref --format=%(refname)%00%(upstream:short)%00%(objectname)%00%(upstream:track)%00%(upstream:remotename)%00%(upstream:remoteref) refs/heads/main refs/remotes/main [3ms]
2024-12-14 23:37:03.206 [info] > git for-each-ref --sort -committerdate --format %(refname) %(objectname) %(*objectname) [11ms]
2024-12-14 23:37:03.300 [info] > git status -z -uall [110ms]
2024-12-14 23:37:08.378 [info] > git config --get commit.template [8ms]
2024-12-14 23:37:08.380 [info] > git for-each-ref --format=%(refname)%00%(upstream:short)%00%(objectname)%00%(upstream:track)%00%(upstream:remotename)%00%(upstream:remoteref) refs/heads/main refs/remotes/main [3ms]
2024-12-14 23:37:08.396 [info] > git for-each-ref --sort -committerdate --format %(refname) %(objectname) %(*objectname) [4ms]
2024-12-14 23:37:08.494 [info] > git status -z -uall [109ms]
2024-12-14 23:37:13.571 [info] > git config --get commit.template [7ms]
2024-12-14 23:37:13.573 [info] > git for-each-ref --format=%(refname)%00%(upstream:short)%00%(objectname)%00%(upstream:track)%00%(upstream:remotename)%00%(upstream:remoteref) refs/heads/main refs/remotes/main [3ms]
2024-12-14 23:37:13.598 [info] > git for-each-ref --sort -committerdate --format %(refname) %(objectname) %(*objectname) [12ms]
2024-12-14 23:37:13.702 [info] > git status -z -uall [122ms]
2024-12-14 23:37:19.411 [info] > git config --get commit.template [7ms]
2024-12-14 23:37:19.413 [info] > git for-each-ref --format=%(refname)%00%(upstream:short)%00%(objectname)%00%(upstream:track)%00%(upstream:remotename)%00%(upstream:remoteref) refs/heads/main refs/remotes/main [3ms]
2024-12-14 23:37:19.429 [info] > git for-each-ref --sort -committerdate --format %(refname) %(objectname) %(*objectname) [4ms]
2024-12-14 23:37:19.531 [info] > git status -z -uall [110ms]
2024-12-14 23:37:24.607 [info] > git config --get commit.template [7ms]
2024-12-14 23:37:24.609 [info] > git for-each-ref --format=%(refname)%00%(upstream:short)%00%(objectname)%00%(upstream:track)%00%(upstream:remotename)%00%(upstream:remoteref) refs/heads/main refs/remotes/main [3ms]
2024-12-14 23:37:24.626 [info] > git for-each-ref --sort -committerdate --format %(refname) %(objectname) %(*objectname) [5ms]
2024-12-14 23:37:24.725 [info] > git status -z -uall [109ms]
2024-12-14 23:37:47.722 [info] > git config --get commit.template [7ms]
2024-12-14 23:37:47.724 [info] > git for-each-ref --format=%(refname)%00%(upstream:short)%00%(objectname)%00%(upstream:track)%00%(upstream:remotename)%00%(upstream:remoteref) refs/heads/main refs/remotes/main [4ms]
2024-12-14 23:37:47.742 [info] > git for-each-ref --sort -committerdate --format %(refname) %(objectname) %(*objectname) [6ms]
2024-12-14 23:37:47.841 [info] > git status -z -uall [111ms]
2024-12-14 23:37:52.916 [info] > git config --get commit.template [7ms]
2024-12-14 23:37:52.918 [info] > git for-each-ref --format=%(refname)%00%(upstream:short)%00%(objectname)%00%(upstream:track)%00%(upstream:remotename)%00%(upstream:remoteref) refs/heads/main refs/remotes/main [3ms]
2024-12-14 23:37:52.934 [info] > git for-each-ref --sort -committerdate --format %(refname) %(objectname) %(*objectname) [5ms]
2024-12-14 23:37:53.031 [info] > git status -z -uall [107ms]
2024-12-15 00:00:59.183 [info] > git config --get commit.template [6ms]
2024-12-15 00:00:59.185 [info] > git for-each-ref --format=%(refname)%00%(upstream:short)%00%(objectname)%00%(upstream:track)%00%(upstream:remotename)%00%(upstream:remoteref) refs/heads/main refs/remotes/main [3ms]
2024-12-15 00:00:59.203 [info] > git for-each-ref --sort -committerdate --format %(refname) %(objectname) %(*objectname) [7ms]
2024-12-15 00:00:59.305 [info] > git status -z -uall [114ms]
2024-12-15 00:01:04.422 [info] > git config --get commit.template [8ms]
2024-12-15 00:01:04.423 [info] > git for-each-ref --format=%(refname)%00%(upstream:short)%00%(objectname)%00%(upstream:track)%00%(upstream:remotename)%00%(upstream:remoteref) refs/heads/main refs/remotes/main [3ms]
2024-12-15 00:01:04.440 [info] > git for-each-ref --sort -committerdate --format %(refname) %(objectname) %(*objectname) [6ms]
2024-12-15 00:01:04.541 [info] > git status -z -uall [112ms]
2024-12-15 00:02:37.730 [info] > git config --get commit.template [7ms]
2024-12-15 00:02:37.732 [info] > git for-each-ref --format=%(refname)%00%(upstream:short)%00%(objectname)%00%(upstream:track)%00%(upstream:remotename)%00%(upstream:remoteref) refs/heads/main refs/remotes/main [4ms]
2024-12-15 00:02:37.748 [info] > git for-each-ref --sort -committerdate --format %(refname) %(objectname) %(*objectname) [4ms]
2024-12-15 00:02:37.850 [info] > git status -z -uall [112ms]
2024-12-15 00:02:43.121 [info] > git config --get commit.template [6ms]
2024-12-15 00:02:43.123 [info] > git for-each-ref --format=%(refname)%00%(upstream:short)%00%(objectname)%00%(upstream:track)%00%(upstream:remotename)%00%(upstream:remoteref) refs/heads/main refs/remotes/main [3ms]
2024-12-15 00:02:43.139 [info] > git for-each-ref --sort -committerdate --format %(refname) %(objectname) %(*objectname) [4ms]
2024-12-15 00:02:43.236 [info] > git status -z -uall [107ms]
2024-12-15 00:02:48.328 [info] > git config --get commit.template [8ms]
2024-12-15 00:02:48.332 [info] > git for-each-ref --format=%(refname)%00%(upstream:short)%00%(objectname)%00%(upstream:track)%00%(upstream:remotename)%00%(upstream:remoteref) refs/heads/main refs/remotes/main [4ms]
2024-12-15 00:02:48.348 [info] > git for-each-ref --sort -committerdate --format %(refname) %(objectname) %(*objectname) [4ms]
2024-12-15 00:02:48.457 [info] > git status -z -uall [119ms]
2024-12-15 00:02:53.549 [info] > git config --get commit.template [7ms]
2024-12-15 00:02:53.551 [info] > git for-each-ref --format=%(refname)%00%(upstream:short)%00%(objectname)%00%(upstream:track)%00%(upstream:remotename)%00%(upstream:remoteref) refs/heads/main refs/remotes/main [3ms]
2024-12-15 00:02:53.572 [info] > git for-each-ref --sort -committerdate --format %(refname) %(objectname) %(*objectname) [9ms]
2024-12-15 00:02:53.674 [info] > git status -z -uall [117ms]
2024-12-15 00:02:58.750 [info] > git config --get commit.template [8ms]
2024-12-15 00:02:58.752 [info] > git for-each-ref --format=%(refname)%00%(upstream:short)%00%(objectname)%00%(upstream:track)%00%(upstream:remotename)%00%(upstream:remoteref) refs/heads/main refs/remotes/main [3ms]
2024-12-15 00:02:58.768 [info] > git for-each-ref --sort -committerdate --format %(refname) %(objectname) %(*objectname) [5ms]
2024-12-15 00:02:58.873 [info] > git status -z -uall [116ms]
2024-12-15 00:03:03.955 [info] > git config --get commit.template [7ms]
2024-12-15 00:03:03.957 [info] > git for-each-ref --format=%(refname)%00%(upstream:short)%00%(objectname)%00%(upstream:track)%00%(upstream:remotename)%00%(upstream:remoteref) refs/heads/main refs/remotes/main [3ms]
2024-12-15 00:03:03.975 [info] > git for-each-ref --sort -committerdate --format %(refname) %(objectname) %(*objectname) [6ms]
2024-12-15 00:03:04.076 [info] > git status -z -uall [113ms]
2024-12-15 00:03:09.156 [info] > git config --get commit.template [7ms]
2024-12-15 00:03:09.157 [info] > git for-each-ref --format=%(refname)%00%(upstream:short)%00%(objectname)%00%(upstream:track)%00%(upstream:remotename)%00%(upstream:remoteref) refs/heads/main refs/remotes/main [3ms]
2024-12-15 00:03:09.174 [info] > git for-each-ref --sort -committerdate --format %(refname) %(objectname) %(*objectname) [4ms]
2024-12-15 00:03:09.281 [info] > git status -z -uall [117ms]
2024-12-15 00:03:14.361 [info] > git config --get commit.template [8ms]
2024-12-15 00:03:14.363 [info] > git for-each-ref --format=%(refname)%00%(upstream:short)%00%(objectname)%00%(upstream:track)%00%(upstream:remotename)%00%(upstream:remoteref) refs/heads/main refs/remotes/main [3ms]
2024-12-15 00:03:14.381 [info] > git for-each-ref --sort -committerdate --format %(refname) %(objectname) %(*objectname) [4ms]
2024-12-15 00:03:14.482 [info] > git status -z -uall [113ms]
2024-12-15 00:03:19.575 [info] > git config --get commit.template [7ms]
2024-12-15 00:03:19.576 [info] > git for-each-ref --format=%(refname)%00%(upstream:short)%00%(objectname)%00%(upstream:track)%00%(upstream:remotename)%00%(upstream:remoteref) refs/heads/main refs/remotes/main [3ms]
2024-12-15 00:03:19.594 [info] > git for-each-ref --sort -committerdate --format %(refname) %(objectname) %(*objectname) [6ms]
2024-12-15 00:03:19.693 [info] > git status -z -uall [111ms]
2024-12-15 00:03:24.921 [info] > git config --get commit.template [7ms]
2024-12-15 00:03:24.923 [info] > git for-each-ref --format=%(refname)%00%(upstream:short)%00%(objectname)%00%(upstream:track)%00%(upstream:remotename)%00%(upstream:remoteref) refs/heads/main refs/remotes/main [3ms]
2024-12-15 00:03:24.941 [info] > git for-each-ref --sort -committerdate --format %(refname) %(objectname) %(*objectname) [6ms]
2024-12-15 00:03:25.038 [info] > git status -z -uall [109ms]
2024-12-15 00:03:30.120 [info] > git config --get commit.template [10ms]
2024-12-15 00:03:30.122 [info] > git for-each-ref --format=%(refname)%00%(upstream:short)%00%(objectname)%00%(upstream:track)%00%(upstream:remotename)%00%(upstream:remoteref) refs/heads/main refs/remotes/main [4ms]
2024-12-15 00:03:30.154 [info] > git for-each-ref --sort -committerdate --format %(refname) %(objectname) %(*objectname) [14ms]
2024-12-15 00:03:30.232 [info] > git status -z -uall [101ms]
2024-12-15 00:03:35.306 [info] > git config --get commit.template [7ms]
2024-12-15 00:03:35.308 [info] > git for-each-ref --format=%(refname)%00%(upstream:short)%00%(objectname)%00%(upstream:track)%00%(upstream:remotename)%00%(upstream:remoteref) refs/heads/main refs/remotes/main [3ms]
2024-12-15 00:03:35.336 [info] > git for-each-ref --sort -committerdate --format %(refname) %(objectname) %(*objectname) [17ms]
2024-12-15 00:03:35.418 [info] > git status -z -uall [105ms]
2024-12-15 00:03:40.477 [info] > git config --get commit.template [7ms]
2024-12-15 00:03:40.479 [info] > git for-each-ref --format=%(refname)%00%(upstream:short)%00%(objectname)%00%(upstream:track)%00%(upstream:remotename)%00%(upstream:remoteref) refs/heads/main refs/remotes/main [3ms]
2024-12-15 00:03:40.497 [info] > git for-each-ref --sort -committerdate --format %(refname) %(objectname) %(*objectname) [7ms]
2024-12-15 00:03:40.600 [info] > git status -z -uall [115ms]
2024-12-15 00:03:45.641 [info] > git config --get commit.template [7ms]
2024-12-15 00:03:45.644 [info] > git for-each-ref --format=%(refname)%00%(upstream:short)%00%(objectname)%00%(upstream:track)%00%(upstream:remotename)%00%(upstream:remoteref) refs/heads/main refs/remotes/main [3ms]
2024-12-15 00:03:45.661 [info] > git for-each-ref --sort -committerdate --format %(refname) %(objectname) %(*objectname) [3ms]
2024-12-15 00:03:45.764 [info] > git status -z -uall [113ms]
2024-12-15 00:03:50.849 [info] > git config --get commit.template [7ms]
2024-12-15 00:03:50.851 [info] > git for-each-ref --format=%(refname)%00%(upstream:short)%00%(objectname)%00%(upstream:track)%00%(upstream:remotename)%00%(upstream:remoteref) refs/heads/main refs/remotes/main [4ms]
2024-12-15 00:03:50.869 [info] > git for-each-ref --sort -committerdate --format %(refname) %(objectname) %(*objectname) [6ms]
2024-12-15 00:03:50.974 [info] > git status -z -uall [117ms]
2024-12-15 00:03:56.058 [info] > git config --get commit.template [7ms]
2024-12-15 00:03:56.060 [info] > git for-each-ref --format=%(refname)%00%(upstream:short)%00%(objectname)%00%(upstream:track)%00%(upstream:remotename)%00%(upstream:remoteref) refs/heads/main refs/remotes/main [3ms]
2024-12-15 00:03:56.085 [info] > git for-each-ref --sort -committerdate --format %(refname) %(objectname) %(*objectname) [14ms]
2024-12-15 00:03:56.169 [info] > git status -z -uall [103ms]
2024-12-15 00:04:01.246 [info] > git config --get commit.template [8ms]
2024-12-15 00:04:01.248 [info] > git for-each-ref --format=%(refname)%00%(upstream:short)%00%(objectname)%00%(upstream:track)%00%(upstream:remotename)%00%(upstream:remoteref) refs/heads/main refs/remotes/main [3ms]
2024-12-15 00:04:01.272 [info] > git for-each-ref --sort -committerdate --format %(refname) %(objectname) %(*objectname) [12ms]
2024-12-15 00:04:01.363 [info] > git status -z -uall [109ms]
2024-12-15 00:04:06.437 [info] > git config --get commit.template [7ms]
2024-12-15 00:04:06.439 [info] > git for-each-ref --format=%(refname)%00%(upstream:short)%00%(objectname)%00%(upstream:track)%00%(upstream:remotename)%00%(upstream:remoteref) refs/heads/main refs/remotes/main [3ms]
2024-12-15 00:04:06.457 [info] > git for-each-ref --sort -committerdate --format %(refname) %(objectname) %(*objectname) [6ms]
2024-12-15 00:04:06.559 [info] > git status -z -uall [114ms]
2024-12-15 00:04:11.637 [info] > git config --get commit.template [6ms]
2024-12-15 00:04:11.638 [info] > git for-each-ref --format=%(refname)%00%(upstream:short)%00%(objectname)%00%(upstream:track)%00%(upstream:remotename)%00%(upstream:remoteref) refs/heads/main refs/remotes/main [3ms]
2024-12-15 00:04:11.653 [info] > git for-each-ref --sort -committerdate --format %(refname) %(objectname) %(*objectname) [2ms]
2024-12-15 00:04:11.748 [info] > git status -z -uall [105ms]
2024-12-15 00:04:16.825 [info] > git config --get commit.template [7ms]
2024-12-15 00:04:16.828 [info] > git for-each-ref --format=%(refname)%00%(upstream:short)%00%(objectname)%00%(upstream:track)%00%(upstream:remotename)%00%(upstream:remoteref) refs/heads/main refs/remotes/main [4ms]
2024-12-15 00:04:16.851 [info] > git for-each-ref --sort -committerdate --format %(refname) %(objectname) %(*objectname) [8ms]
2024-12-15 00:04:16.951 [info] > git status -z -uall [115ms]
2024-12-15 00:04:21.990 [info] > git config --get commit.template [6ms]
2024-12-15 00:04:21.993 [info] > git for-each-ref --format=%(refname)%00%(upstream:short)%00%(objectname)%00%(upstream:track)%00%(upstream:remotename)%00%(upstream:remoteref) refs/heads/main refs/remotes/main [4ms]
2024-12-15 00:04:22.013 [info] > git for-each-ref --sort -committerdate --format %(refname) %(objectname) %(*objectname) [5ms]
2024-12-15 00:04:22.062 [info] > git status -z -uall [61ms]
2024-12-15 00:04:27.114 [info] > git config --get commit.template [8ms]
2024-12-15 00:04:27.116 [info] > git for-each-ref --format=%(refname)%00%(upstream:short)%00%(objectname)%00%(upstream:track)%00%(upstream:remotename)%00%(upstream:remoteref) refs/heads/main refs/remotes/main [3ms]
2024-12-15 00:04:27.133 [info] > git for-each-ref --sort -committerdate --format %(refname) %(objectname) %(*objectname) [4ms]
2024-12-15 00:04:27.228 [info] > git status -z -uall [105ms]
2024-12-15 00:04:32.308 [info] > git config --get commit.template [8ms]
2024-12-15 00:04:32.309 [info] > git for-each-ref --format=%(refname)%00%(upstream:short)%00%(objectname)%00%(upstream:track)%00%(upstream:remotename)%00%(upstream:remoteref) refs/heads/main refs/remotes/main [3ms]
2024-12-15 00:04:32.327 [info] > git for-each-ref --sort -committerdate --format %(refname) %(objectname) %(*objectname) [4ms]
2024-12-15 00:04:32.425 [info] > git status -z -uall [109ms]
2024-12-15 00:04:37.504 [info] > git config --get commit.template [8ms]
2024-12-15 00:04:37.506 [info] > git for-each-ref --format=%(refname)%00%(upstream:short)%00%(objectname)%00%(upstream:track)%00%(upstream:remotename)%00%(upstream:remoteref) refs/heads/main refs/remotes/main [3ms]
2024-12-15 00:04:37.524 [info] > git for-each-ref --sort -committerdate --format %(refname) %(objectname) %(*objectname) [4ms]
2024-12-15 00:04:37.612 [info] > git status -z -uall [99ms]
2024-12-15 00:04:42.695 [info] > git config --get commit.template [8ms]
2024-12-15 00:04:42.697 [info] > git for-each-ref --format=%(refname)%00%(upstream:short)%00%(objectname)%00%(upstream:track)%00%(upstream:remotename)%00%(upstream:remoteref) refs/heads/main refs/remotes/main [4ms]
2024-12-15 00:04:42.715 [info] > git for-each-ref --sort -committerdate --format %(refname) %(objectname) %(*objectname) [6ms]
2024-12-15 00:04:42.818 [info] > git status -z -uall [115ms]
2024-12-15 00:04:47.899 [info] > git config --get commit.template [8ms]
2024-12-15 00:04:47.901 [info] > git for-each-ref --format=%(refname)%00%(upstream:short)%00%(objectname)%00%(upstream:track)%00%(upstream:remotename)%00%(upstream:remoteref) refs/heads/main refs/remotes/main [3ms]
2024-12-15 00:04:47.919 [info] > git for-each-ref --sort -committerdate --format %(refname) %(objectname) %(*objectname) [6ms]
2024-12-15 00:04:48.030 [info] > git status -z -uall [122ms]
2024-12-15 00:04:53.113 [info] > git config --get commit.template [9ms]
2024-12-15 00:04:53.115 [info] > git for-each-ref --format=%(refname)%00%(upstream:short)%00%(objectname)%00%(upstream:track)%00%(upstream:remotename)%00%(upstream:remoteref) refs/heads/main refs/remotes/main [3ms]
2024-12-15 00:04:53.131 [info] > git for-each-ref --sort -committerdate --format %(refname) %(objectname) %(*objectname) [4ms]
2024-12-15 00:04:53.216 [info] > git status -z -uall [95ms]
2024-12-15 00:04:59.282 [info] > git config --get commit.template [7ms]
2024-12-15 00:04:59.285 [info] > git for-each-ref --format=%(refname)%00%(upstream:short)%00%(objectname)%00%(upstream:track)%00%(upstream:remotename)%00%(upstream:remoteref) refs/heads/main refs/remotes/main [3ms]
2024-12-15 00:04:59.303 [info] > git for-each-ref --sort -committerdate --format %(refname) %(objectname) %(*objectname) [6ms]
2024-12-15 00:04:59.407 [info] > git status -z -uall [116ms]
2024-12-15 00:05:04.487 [info] > git config --get commit.template [8ms]
2024-12-15 00:05:04.489 [info] > git for-each-ref --format=%(refname)%00%(upstream:short)%00%(objectname)%00%(upstream:track)%00%(upstream:remotename)%00%(upstream:remoteref) refs/heads/main refs/remotes/main [3ms]
2024-12-15 00:05:04.505 [info] > git for-each-ref --sort -committerdate --format %(refname) %(objectname) %(*objectname) [4ms]
2024-12-15 00:05:04.610 [info] > git status -z -uall [115ms]
2024-12-15 00:05:09.689 [info] > git config --get commit.template [6ms]
2024-12-15 00:05:09.691 [info] > git for-each-ref --format=%(refname)%00%(upstream:short)%00%(objectname)%00%(upstream:track)%00%(upstream:remotename)%00%(upstream:remoteref) refs/heads/main refs/remotes/main [3ms]
2024-12-15 00:05:09.707 [info] > git for-each-ref --sort -committerdate --format %(refname) %(objectname) %(*objectname) [4ms]
2024-12-15 00:05:09.811 [info] > git status -z -uall [113ms]
2024-12-15 00:05:14.892 [info] > git config --get commit.template [8ms]
2024-12-15 00:05:14.893 [info] > git for-each-ref --format=%(refname)%00%(upstream:short)%00%(objectname)%00%(upstream:track)%00%(upstream:remotename)%00%(upstream:remoteref) refs/heads/main refs/remotes/main [3ms]
2024-12-15 00:05:14.911 [info] > git for-each-ref --sort -committerdate --format %(refname) %(objectname) %(*objectname) [5ms]
2024-12-15 00:05:15.015 [info] > git status -z -uall [115ms]
2024-12-15 00:05:20.092 [info] > git config --get commit.template [7ms]
2024-12-15 00:05:20.094 [info] > git for-each-ref --format=%(refname)%00%(upstream:short)%00%(objectname)%00%(upstream:track)%00%(upstream:remotename)%00%(upstream:remoteref) refs/heads/main refs/remotes/main [4ms]
2024-12-15 00:05:20.119 [info] > git for-each-ref --sort -committerdate --format %(refname) %(objectname) %(*objectname) [12ms]
2024-12-15 00:05:20.211 [info] > git status -z -uall [111ms]
2024-12-15 00:05:25.286 [info] > git config --get commit.template [7ms]
2024-12-15 00:05:25.288 [info] > git for-each-ref --format=%(refname)%00%(upstream:short)%00%(objectname)%00%(upstream:track)%00%(upstream:remotename)%00%(upstream:remoteref) refs/heads/main refs/remotes/main [3ms]
2024-12-15 00:05:25.305 [info] > git for-each-ref --sort -committerdate --format %(refname) %(objectname) %(*objectname) [4ms]
2024-12-15 00:05:25.409 [info] > git status -z -uall [115ms]
2024-12-15 00:05:30.464 [info] > git config --get commit.template [7ms]
2024-12-15 00:05:30.466 [info] > git for-each-ref --format=%(refname)%00%(upstream:short)%00%(objectname)%00%(upstream:track)%00%(upstream:remotename)%00%(upstream:remoteref) refs/heads/main refs/remotes/main [3ms]
2024-12-15 00:05:30.486 [info] > git for-each-ref --sort -committerdate --format %(refname) %(objectname) %(*objectname) [6ms]
2024-12-15 00:05:30.578 [info] > git status -z -uall [105ms]
2024-12-15 00:06:02.875 [info] > git config --get commit.template [8ms]
2024-12-15 00:06:02.877 [info] > git for-each-ref --format=%(refname)%00%(upstream:short)%00%(objectname)%00%(upstream:track)%00%(upstream:remotename)%00%(upstream:remoteref) refs/heads/main refs/remotes/main [3ms]
2024-12-15 00:06:02.897 [info] > git for-each-ref --sort -committerdate --format %(refname) %(objectname) %(*objectname) [4ms]
2024-12-15 00:06:02.973 [info] > git status -z -uall [89ms]
2024-12-15 00:06:08.077 [info] > git config --get commit.template [7ms]
2024-12-15 00:06:08.079 [info] > git for-each-ref --format=%(refname)%00%(upstream:short)%00%(objectname)%00%(upstream:track)%00%(upstream:remotename)%00%(upstream:remoteref) refs/heads/main refs/remotes/main [3ms]
2024-12-15 00:06:08.095 [info] > git for-each-ref --sort -committerdate --format %(refname) %(objectname) %(*objectname) [4ms]
2024-12-15 00:06:08.203 [info] > git status -z -uall [118ms]
2024-12-15 00:06:13.712 [info] > git config --get commit.template [6ms]
2024-12-15 00:06:13.714 [info] > git for-each-ref --format=%(refname)%00%(upstream:short)%00%(objectname)%00%(upstream:track)%00%(upstream:remotename)%00%(upstream:remoteref) refs/heads/main refs/remotes/main [4ms]
2024-12-15 00:06:13.732 [info] > git for-each-ref --sort -committerdate --format %(refname) %(objectname) %(*objectname) [5ms]
2024-12-15 00:06:13.841 [info] > git status -z -uall [121ms]
2024-12-15 00:06:18.917 [info] > git config --get commit.template [5ms]
2024-12-15 00:06:18.919 [info] > git for-each-ref --format=%(refname)%00%(upstream:short)%00%(objectname)%00%(upstream:track)%00%(upstream:remotename)%00%(upstream:remoteref) refs/heads/main refs/remotes/main [3ms]
2024-12-15 00:06:18.932 [info] > git for-each-ref --sort -committerdate --format %(refname) %(objectname) %(*objectname) [5ms]
2024-12-15 00:06:19.029 [info] > git status -z -uall [106ms]
2024-12-15 00:12:20.602 [info] > git config --get commit.template [3ms]
2024-12-15 00:12:20.611 [info] > git for-each-ref --format=%(refname)%00%(upstream:short)%00%(objectname)%00%(upstream:track)%00%(upstream:remotename)%00%(upstream:remoteref) refs/heads/main refs/remotes/main [3ms]
2024-12-15 00:12:20.630 [info] > git for-each-ref --sort -committerdate --format %(refname) %(objectname) %(*objectname) [6ms]
2024-12-15 00:12:20.727 [info] > git status -z -uall [109ms]
2024-12-15 00:12:25.828 [info] > git config --get commit.template [7ms]
2024-12-15 00:12:25.830 [info] > git for-each-ref --format=%(refname)%00%(upstream:short)%00%(objectname)%00%(upstream:track)%00%(upstream:remotename)%00%(upstream:remoteref) refs/heads/main refs/remotes/main [3ms]
2024-12-15 00:12:25.848 [info] > git for-each-ref --sort -committerdate --format %(refname) %(objectname) %(*objectname) [6ms]
2024-12-15 00:12:25.948 [info] > git status -z -uall [112ms]
2024-12-15 00:12:31.037 [info] > git config --get commit.template [6ms]
2024-12-15 00:12:31.038 [info] > git for-each-ref --format=%(refname)%00%(upstream:short)%00%(objectname)%00%(upstream:track)%00%(upstream:remotename)%00%(upstream:remoteref) refs/heads/main refs/remotes/main [3ms]
2024-12-15 00:12:31.058 [info] > git for-each-ref --sort -committerdate --format %(refname) %(objectname) %(*objectname) [6ms]
2024-12-15 00:12:31.154 [info] > git status -z -uall [109ms]
2024-12-15 00:12:36.232 [info] > git config --get commit.template [7ms]
2024-12-15 00:12:36.234 [info] > git for-each-ref --format=%(refname)%00%(upstream:short)%00%(objectname)%00%(upstream:track)%00%(upstream:remotename)%00%(upstream:remoteref) refs/heads/main refs/remotes/main [3ms]
2024-12-15 00:12:36.250 [info] > git for-each-ref --sort -committerdate --format %(refname) %(objectname) %(*objectname) [4ms]
2024-12-15 00:12:36.349 [info] > git status -z -uall [109ms]
2024-12-15 00:12:41.435 [info] > git config --get commit.template [7ms]
2024-12-15 00:12:41.437 [info] > git for-each-ref --format=%(refname)%00%(upstream:short)%00%(objectname)%00%(upstream:track)%00%(upstream:remotename)%00%(upstream:remoteref) refs/heads/main refs/remotes/main [4ms]
2024-12-15 00:12:41.459 [info] > git for-each-ref --sort -committerdate --format %(refname) %(objectname) %(*objectname) [8ms]
2024-12-15 00:12:41.560 [info] > git status -z -uall [116ms]
2024-12-15 00:13:47.963 [info] > git config --get commit.template [7ms]
2024-12-15 00:13:47.965 [info] > git for-each-ref --format=%(refname)%00%(upstream:short)%00%(objectname)%00%(upstream:track)%00%(upstream:remotename)%00%(upstream:remoteref) refs/heads/main refs/remotes/main [3ms]
2024-12-15 00:13:47.984 [info] > git for-each-ref --sort -committerdate --format %(refname) %(objectname) %(*objectname) [7ms]
2024-12-15 00:13:48.085 [info] > git status -z -uall [114ms]
2024-12-15 00:27:42.643 [info] > git config --get commit.template [10ms]
2024-12-15 00:27:42.644 [info] > git for-each-ref --format=%(refname)%00%(upstream:short)%00%(objectname)%00%(upstream:track)%00%(upstream:remotename)%00%(upstream:remoteref) refs/heads/main refs/remotes/main [4ms]
2024-12-15 00:27:42.663 [info] > git for-each-ref --sort -committerdate --format %(refname) %(objectname) %(*objectname) [5ms]
2024-12-15 00:27:42.774 [info] > git status -z -uall [123ms]
