2024-12-14 18:34:15.321 [info] [main] 로그 수준: Info
2024-12-14 18:34:15.321 [info] [main] "git"에서 찾은 git 유효성을 검사하는 중
2024-12-14 18:34:15.321 [info] [main] "2.43.0"에서 git "git"을(를) 사용하는 중
2024-12-14 18:34:15.321 [info] [Model][doInitialScan] Initial repository scan started
2024-12-14 18:34:15.321 [info] > git rev-parse --show-toplevel [15ms]
2024-12-14 18:34:15.321 [info] > git rev-parse --git-dir --git-common-dir [5ms]
2024-12-14 18:34:15.321 [info] [Model][openRepository] Opened repository: /home/ubuntu
2024-12-14 18:34:15.328 [info] > git rev-parse --show-toplevel [7ms]
2024-12-14 18:34:15.329 [info] > git config --get commit.template [13ms]
2024-12-14 18:34:15.369 [info] > git rev-parse --show-toplevel [0ms]
2024-12-14 18:34:15.375 [info] > git rev-parse --show-toplevel [1ms]
2024-12-14 18:34:15.375 [info] > git for-each-ref --format=%(refname)%00%(upstream:short)%00%(objectname)%00%(upstream:track)%00%(upstream:remotename)%00%(upstream:remoteref) refs/heads/main refs/remotes/main [13ms]
2024-12-14 18:34:15.485 [info] > git rev-parse --show-toplevel [108ms]
2024-12-14 18:34:15.492 [info] > git for-each-ref --sort -committerdate --format %(refname) %(objectname) %(*objectname) [108ms]
2024-12-14 18:34:15.493 [info] > git rev-parse --show-toplevel [1ms]
2024-12-14 18:34:15.499 [info] > git rev-parse --show-toplevel [1ms]
2024-12-14 18:34:15.502 [info] > git rev-parse --show-toplevel [1ms]
2024-12-14 18:34:15.510 [info] > git rev-parse --show-toplevel [1ms]
2024-12-14 18:34:15.513 [info] > git rev-parse --show-toplevel [1ms]
2024-12-14 18:34:15.519 [info] > git rev-parse --show-toplevel [1ms]
2024-12-14 18:34:15.526 [info] > git status -z -uall [145ms]
2024-12-14 18:34:15.644 [info] > git for-each-ref --format=%(refname)%00%(upstream:short)%00%(objectname)%00%(upstream:track)%00%(upstream:remotename)%00%(upstream:remoteref) refs/heads/main refs/remotes/main [31ms]
2024-12-14 18:34:15.651 [info] > git rev-parse --show-toplevel [125ms]
2024-12-14 18:34:16.039 [info] > git config --local branch.main.vscode-merge-base [389ms]
2024-12-14 18:34:16.040 [warning] [Git][config] git config failed: Failed to execute git
2024-12-14 18:34:16.043 [info] > git config --get commit.template [413ms]
2024-12-14 18:34:16.092 [info] > git reflog main --grep-reflog=branch: Created from *. [49ms]
2024-12-14 18:34:16.100 [info] > git rev-parse --show-toplevel [96ms]
2024-12-14 18:34:16.129 [info] > git check-ignore -v -z --stdin [75ms]
2024-12-14 18:34:16.133 [info] > git symbolic-ref --short refs/remotes/origin/HEAD [34ms]
2024-12-14 18:34:16.133 [info] fatal: ref refs/remotes/origin/HEAD is not a symbolic ref
2024-12-14 18:34:16.133 [warning] [Repository][getDefaultBranch] Failed to get default branch details: Failed to execute git.
2024-12-14 18:34:16.148 [info] > git for-each-ref --format=%(refname)%00%(upstream:short)%00%(objectname)%00%(upstream:track)%00%(upstream:remotename)%00%(upstream:remoteref) refs/heads/main refs/remotes/main [37ms]
2024-12-14 18:34:16.148 [info] > git merge-base refs/heads/main refs/remotes/origin/main [4ms]
2024-12-14 18:34:16.155 [info] > git diff --name-status -z --diff-filter=ADMR 297643d4dc7e94925d0824c35dbac7c6bcb504e6...refs/remotes/origin/main [1ms]
2024-12-14 18:34:16.155 [info] > git rev-parse --show-toplevel [8ms]
2024-12-14 18:34:16.161 [info] [Model][doInitialScan] Initial repository scan completed - repositories (1), closed repositories (0), parent repositories (0), unsafe repositories (0)
2024-12-14 18:34:16.173 [info] > git for-each-ref --sort -committerdate --format %(refname) %(objectname) %(*objectname) [1ms]
2024-12-14 18:34:16.273 [info] > git show --textconv :static/swagger.json [41ms]
2024-12-14 18:34:16.274 [info] > git ls-files --stage -- /home/ubuntu/static/swagger.json [38ms]
2024-12-14 18:34:16.283 [info] > git cat-file -s ab73e4a3c11f5f8d1042eae240b3bad3108103b5 [1ms]
2024-12-14 18:34:16.424 [info] > git status -z -uall [255ms]
2024-12-14 18:34:16.478 [info] > git blame --root --incremental 297643d4dc7e94925d0824c35dbac7c6bcb504e6 -- /home/ubuntu/static/swagger.json [21ms]
2024-12-14 18:34:19.348 [info] > git config --get commit.template [8ms]
2024-12-14 18:34:19.349 [info] > git for-each-ref --format=%(refname)%00%(upstream:short)%00%(objectname)%00%(upstream:track)%00%(upstream:remotename)%00%(upstream:remoteref) refs/heads/main refs/remotes/main [3ms]
2024-12-14 18:34:19.368 [info] > git for-each-ref --sort -committerdate --format %(refname) %(objectname) %(*objectname) [4ms]
2024-12-14 18:34:19.470 [info] > git status -z -uall [112ms]
2024-12-14 18:34:24.550 [info] > git config --get commit.template [7ms]
2024-12-14 18:34:24.552 [info] > git for-each-ref --format=%(refname)%00%(upstream:short)%00%(objectname)%00%(upstream:track)%00%(upstream:remotename)%00%(upstream:remoteref) refs/heads/main refs/remotes/main [3ms]
2024-12-14 18:34:24.571 [info] > git for-each-ref --sort -committerdate --format %(refname) %(objectname) %(*objectname) [6ms]
2024-12-14 18:34:24.668 [info] > git status -z -uall [110ms]
2024-12-14 18:35:13.288 [info] > git config --get commit.template [4ms]
2024-12-14 18:35:13.296 [info] > git for-each-ref --format=%(refname)%00%(upstream:short)%00%(objectname)%00%(upstream:track)%00%(upstream:remotename)%00%(upstream:remoteref) refs/heads/main refs/remotes/main [4ms]
2024-12-14 18:35:13.313 [info] > git for-each-ref --sort -committerdate --format %(refname) %(objectname) %(*objectname) [6ms]
2024-12-14 18:35:13.414 [info] > git status -z -uall [112ms]
2024-12-14 18:35:18.520 [info] > git config --get commit.template [7ms]
2024-12-14 18:35:18.522 [info] > git for-each-ref --format=%(refname)%00%(upstream:short)%00%(objectname)%00%(upstream:track)%00%(upstream:remotename)%00%(upstream:remoteref) refs/heads/main refs/remotes/main [3ms]
2024-12-14 18:35:18.538 [info] > git for-each-ref --sort -committerdate --format %(refname) %(objectname) %(*objectname) [4ms]
2024-12-14 18:35:18.642 [info] > git status -z -uall [114ms]
2024-12-14 18:35:25.368 [info] > git config --get commit.template [6ms]
2024-12-14 18:35:25.370 [info] > git for-each-ref --format=%(refname)%00%(upstream:short)%00%(objectname)%00%(upstream:track)%00%(upstream:remotename)%00%(upstream:remoteref) refs/heads/main refs/remotes/main [4ms]
2024-12-14 18:35:25.387 [info] > git for-each-ref --sort -committerdate --format %(refname) %(objectname) %(*objectname) [4ms]
2024-12-14 18:35:25.486 [info] > git status -z -uall [109ms]
2024-12-14 18:35:30.566 [info] > git config --get commit.template [7ms]
2024-12-14 18:35:30.567 [info] > git for-each-ref --format=%(refname)%00%(upstream:short)%00%(objectname)%00%(upstream:track)%00%(upstream:remotename)%00%(upstream:remoteref) refs/heads/main refs/remotes/main [3ms]
2024-12-14 18:35:30.584 [info] > git for-each-ref --sort -committerdate --format %(refname) %(objectname) %(*objectname) [4ms]
2024-12-14 18:35:30.684 [info] > git status -z -uall [110ms]
2024-12-14 18:35:35.765 [info] > git config --get commit.template [7ms]
2024-12-14 18:35:35.767 [info] > git for-each-ref --format=%(refname)%00%(upstream:short)%00%(objectname)%00%(upstream:track)%00%(upstream:remotename)%00%(upstream:remoteref) refs/heads/main refs/remotes/main [3ms]
2024-12-14 18:35:35.783 [info] > git for-each-ref --sort -committerdate --format %(refname) %(objectname) %(*objectname) [3ms]
2024-12-14 18:35:35.884 [info] > git status -z -uall [111ms]
2024-12-14 18:35:40.975 [info] > git config --get commit.template [8ms]
2024-12-14 18:35:40.976 [info] > git for-each-ref --format=%(refname)%00%(upstream:short)%00%(objectname)%00%(upstream:track)%00%(upstream:remotename)%00%(upstream:remoteref) refs/heads/main refs/remotes/main [3ms]
2024-12-14 18:35:40.993 [info] > git for-each-ref --sort -committerdate --format %(refname) %(objectname) %(*objectname) [4ms]
2024-12-14 18:35:41.092 [info] > git status -z -uall [109ms]
2024-12-14 18:35:46.530 [info] > git config --get commit.template [8ms]
2024-12-14 18:35:46.531 [info] > git for-each-ref --format=%(refname)%00%(upstream:short)%00%(objectname)%00%(upstream:track)%00%(upstream:remotename)%00%(upstream:remoteref) refs/heads/main refs/remotes/main [3ms]
2024-12-14 18:35:46.550 [info] > git for-each-ref --sort -committerdate --format %(refname) %(objectname) %(*objectname) [7ms]
2024-12-14 18:35:46.646 [info] > git status -z -uall [109ms]
2024-12-14 18:35:51.719 [info] > git config --get commit.template [4ms]
2024-12-14 18:35:51.720 [info] > git for-each-ref --format=%(refname)%00%(upstream:short)%00%(objectname)%00%(upstream:track)%00%(upstream:remotename)%00%(upstream:remoteref) refs/heads/main refs/remotes/main [1ms]
2024-12-14 18:35:51.731 [info] > git for-each-ref --sort -committerdate --format %(refname) %(objectname) %(*objectname) [4ms]
2024-12-14 18:35:51.820 [info] > git status -z -uall [96ms]
2024-12-14 18:36:01.534 [info] > git config --get commit.template [7ms]
2024-12-14 18:36:01.535 [info] > git for-each-ref --format=%(refname)%00%(upstream:short)%00%(objectname)%00%(upstream:track)%00%(upstream:remotename)%00%(upstream:remoteref) refs/heads/main refs/remotes/main [3ms]
2024-12-14 18:36:01.554 [info] > git for-each-ref --sort -committerdate --format %(refname) %(objectname) %(*objectname) [7ms]
2024-12-14 18:36:01.640 [info] > git status -z -uall [98ms]
2024-12-14 18:36:52.540 [info] > git config --get commit.template [7ms]
2024-12-14 18:36:52.542 [info] > git for-each-ref --format=%(refname)%00%(upstream:short)%00%(objectname)%00%(upstream:track)%00%(upstream:remotename)%00%(upstream:remoteref) refs/heads/main refs/remotes/main [3ms]
2024-12-14 18:36:52.556 [info] > git for-each-ref --sort -committerdate --format %(refname) %(objectname) %(*objectname) [2ms]
2024-12-14 18:36:52.654 [info] > git status -z -uall [106ms]
2024-12-14 18:37:01.056 [info] > git config --get commit.template [7ms]
2024-12-14 18:37:01.058 [info] > git for-each-ref --format=%(refname)%00%(upstream:short)%00%(objectname)%00%(upstream:track)%00%(upstream:remotename)%00%(upstream:remoteref) refs/heads/main refs/remotes/main [3ms]
2024-12-14 18:37:01.077 [info] > git for-each-ref --sort -committerdate --format %(refname) %(objectname) %(*objectname) [3ms]
2024-12-14 18:37:01.177 [info] > git status -z -uall [110ms]
2024-12-14 18:37:06.277 [info] > git config --get commit.template [7ms]
2024-12-14 18:37:06.279 [info] > git for-each-ref --format=%(refname)%00%(upstream:short)%00%(objectname)%00%(upstream:track)%00%(upstream:remotename)%00%(upstream:remoteref) refs/heads/main refs/remotes/main [4ms]
2024-12-14 18:37:06.297 [info] > git for-each-ref --sort -committerdate --format %(refname) %(objectname) %(*objectname) [6ms]
2024-12-14 18:37:06.399 [info] > git status -z -uall [114ms]
2024-12-14 18:37:11.478 [info] > git config --get commit.template [8ms]
2024-12-14 18:37:11.480 [info] > git for-each-ref --format=%(refname)%00%(upstream:short)%00%(objectname)%00%(upstream:track)%00%(upstream:remotename)%00%(upstream:remoteref) refs/heads/main refs/remotes/main [4ms]
2024-12-14 18:37:11.496 [info] > git for-each-ref --sort -committerdate --format %(refname) %(objectname) %(*objectname) [4ms]
2024-12-14 18:37:11.594 [info] > git status -z -uall [108ms]
2024-12-14 18:37:16.633 [info] > git config --get commit.template [7ms]
2024-12-14 18:37:16.636 [info] > git for-each-ref --format=%(refname)%00%(upstream:short)%00%(objectname)%00%(upstream:track)%00%(upstream:remotename)%00%(upstream:remoteref) refs/heads/main refs/remotes/main [4ms]
2024-12-14 18:37:16.652 [info] > git for-each-ref --sort -committerdate --format %(refname) %(objectname) %(*objectname) [4ms]
2024-12-14 18:37:16.751 [info] > git status -z -uall [109ms]
2024-12-14 18:37:21.791 [info] > git config --get commit.template [8ms]
2024-12-14 18:37:21.793 [info] > git for-each-ref --format=%(refname)%00%(upstream:short)%00%(objectname)%00%(upstream:track)%00%(upstream:remotename)%00%(upstream:remoteref) refs/heads/main refs/remotes/main [3ms]
2024-12-14 18:37:21.810 [info] > git for-each-ref --sort -committerdate --format %(refname) %(objectname) %(*objectname) [4ms]
2024-12-14 18:37:21.911 [info] > git status -z -uall [112ms]
2024-12-14 18:37:42.757 [info] > git config --get commit.template [7ms]
2024-12-14 18:37:42.758 [info] > git for-each-ref --format=%(refname)%00%(upstream:short)%00%(objectname)%00%(upstream:track)%00%(upstream:remotename)%00%(upstream:remoteref) refs/heads/main refs/remotes/main [3ms]
2024-12-14 18:37:42.777 [info] > git for-each-ref --sort -committerdate --format %(refname) %(objectname) %(*objectname) [7ms]
2024-12-14 18:37:42.844 [info] > git status -z -uall [80ms]
2024-12-14 18:37:47.941 [info] > git config --get commit.template [7ms]
2024-12-14 18:37:47.943 [info] > git for-each-ref --format=%(refname)%00%(upstream:short)%00%(objectname)%00%(upstream:track)%00%(upstream:remotename)%00%(upstream:remoteref) refs/heads/main refs/remotes/main [3ms]
2024-12-14 18:37:47.968 [info] > git for-each-ref --sort -committerdate --format %(refname) %(objectname) %(*objectname) [11ms]
2024-12-14 18:37:48.049 [info] > git status -z -uall [99ms]
2024-12-14 18:37:53.137 [info] > git config --get commit.template [7ms]
2024-12-14 18:37:53.140 [info] > git for-each-ref --format=%(refname)%00%(upstream:short)%00%(objectname)%00%(upstream:track)%00%(upstream:remotename)%00%(upstream:remoteref) refs/heads/main refs/remotes/main [4ms]
2024-12-14 18:37:53.158 [info] > git for-each-ref --sort -committerdate --format %(refname) %(objectname) %(*objectname) [7ms]
2024-12-14 18:37:53.254 [info] > git status -z -uall [108ms]
2024-12-14 18:37:58.330 [info] > git config --get commit.template [6ms]
2024-12-14 18:37:58.332 [info] > git for-each-ref --format=%(refname)%00%(upstream:short)%00%(objectname)%00%(upstream:track)%00%(upstream:remotename)%00%(upstream:remoteref) refs/heads/main refs/remotes/main [3ms]
2024-12-14 18:37:58.347 [info] > git for-each-ref --sort -committerdate --format %(refname) %(objectname) %(*objectname) [4ms]
2024-12-14 18:37:58.441 [info] > git status -z -uall [102ms]
2024-12-14 18:38:03.515 [info] > git config --get commit.template [7ms]
2024-12-14 18:38:03.516 [info] > git for-each-ref --format=%(refname)%00%(upstream:short)%00%(objectname)%00%(upstream:track)%00%(upstream:remotename)%00%(upstream:remoteref) refs/heads/main refs/remotes/main [3ms]
2024-12-14 18:38:03.533 [info] > git for-each-ref --sort -committerdate --format %(refname) %(objectname) %(*objectname) [5ms]
2024-12-14 18:38:03.637 [info] > git status -z -uall [114ms]
2024-12-14 18:38:08.718 [info] > git config --get commit.template [7ms]
2024-12-14 18:38:08.720 [info] > git for-each-ref --format=%(refname)%00%(upstream:short)%00%(objectname)%00%(upstream:track)%00%(upstream:remotename)%00%(upstream:remoteref) refs/heads/main refs/remotes/main [3ms]
2024-12-14 18:38:08.738 [info] > git for-each-ref --sort -committerdate --format %(refname) %(objectname) %(*objectname) [7ms]
2024-12-14 18:38:08.839 [info] > git status -z -uall [113ms]
2024-12-14 18:38:13.913 [info] > git config --get commit.template [8ms]
2024-12-14 18:38:13.916 [info] > git for-each-ref --format=%(refname)%00%(upstream:short)%00%(objectname)%00%(upstream:track)%00%(upstream:remotename)%00%(upstream:remoteref) refs/heads/main refs/remotes/main [4ms]
2024-12-14 18:38:13.933 [info] > git for-each-ref --sort -committerdate --format %(refname) %(objectname) %(*objectname) [4ms]
2024-12-14 18:38:14.042 [info] > git status -z -uall [118ms]
2024-12-14 18:38:20.471 [info] > git config --get commit.template [9ms]
2024-12-14 18:38:20.473 [info] > git for-each-ref --format=%(refname)%00%(upstream:short)%00%(objectname)%00%(upstream:track)%00%(upstream:remotename)%00%(upstream:remoteref) refs/heads/main refs/remotes/main [4ms]
2024-12-14 18:38:20.490 [info] > git for-each-ref --sort -committerdate --format %(refname) %(objectname) %(*objectname) [4ms]
2024-12-14 18:38:20.580 [info] > git status -z -uall [99ms]
2024-12-14 18:38:25.654 [info] > git config --get commit.template [7ms]
2024-12-14 18:38:25.656 [info] > git for-each-ref --format=%(refname)%00%(upstream:short)%00%(objectname)%00%(upstream:track)%00%(upstream:remotename)%00%(upstream:remoteref) refs/heads/main refs/remotes/main [3ms]
2024-12-14 18:38:25.676 [info] > git for-each-ref --sort -committerdate --format %(refname) %(objectname) %(*objectname) [5ms]
2024-12-14 18:38:25.776 [info] > git status -z -uall [113ms]
2024-12-14 18:38:30.817 [info] > git config --get commit.template [8ms]
2024-12-14 18:38:30.819 [info] > git for-each-ref --format=%(refname)%00%(upstream:short)%00%(objectname)%00%(upstream:track)%00%(upstream:remotename)%00%(upstream:remoteref) refs/heads/main refs/remotes/main [3ms]
2024-12-14 18:38:30.838 [info] > git for-each-ref --sort -committerdate --format %(refname) %(objectname) %(*objectname) [7ms]
2024-12-14 18:38:30.924 [info] > git status -z -uall [99ms]
2024-12-14 18:38:35.997 [info] > git config --get commit.template [6ms]
2024-12-14 18:38:35.999 [info] > git for-each-ref --format=%(refname)%00%(upstream:short)%00%(objectname)%00%(upstream:track)%00%(upstream:remotename)%00%(upstream:remoteref) refs/heads/main refs/remotes/main [4ms]
2024-12-14 18:38:36.021 [info] > git for-each-ref --sort -committerdate --format %(refname) %(objectname) %(*objectname) [10ms]
2024-12-14 18:38:36.110 [info] > git status -z -uall [105ms]
2024-12-14 18:38:41.191 [info] > git config --get commit.template [7ms]
2024-12-14 18:38:41.193 [info] > git for-each-ref --format=%(refname)%00%(upstream:short)%00%(objectname)%00%(upstream:track)%00%(upstream:remotename)%00%(upstream:remoteref) refs/heads/main refs/remotes/main [3ms]
2024-12-14 18:38:41.210 [info] > git for-each-ref --sort -committerdate --format %(refname) %(objectname) %(*objectname) [4ms]
2024-12-14 18:38:41.313 [info] > git status -z -uall [114ms]
2024-12-14 18:38:46.392 [info] > git config --get commit.template [7ms]
2024-12-14 18:38:46.394 [info] > git for-each-ref --format=%(refname)%00%(upstream:short)%00%(objectname)%00%(upstream:track)%00%(upstream:remotename)%00%(upstream:remoteref) refs/heads/main refs/remotes/main [3ms]
2024-12-14 18:38:46.412 [info] > git for-each-ref --sort -committerdate --format %(refname) %(objectname) %(*objectname) [5ms]
2024-12-14 18:38:46.503 [info] > git status -z -uall [102ms]
2024-12-14 18:38:52.932 [info] > git config --get commit.template [7ms]
2024-12-14 18:38:52.934 [info] > git for-each-ref --format=%(refname)%00%(upstream:short)%00%(objectname)%00%(upstream:track)%00%(upstream:remotename)%00%(upstream:remoteref) refs/heads/main refs/remotes/main [3ms]
2024-12-14 18:38:52.955 [info] > git for-each-ref --sort -committerdate --format %(refname) %(objectname) %(*objectname) [9ms]
2024-12-14 18:38:53.050 [info] > git status -z -uall [110ms]
2024-12-14 18:38:58.124 [info] > git config --get commit.template [7ms]
2024-12-14 18:38:58.126 [info] > git for-each-ref --format=%(refname)%00%(upstream:short)%00%(objectname)%00%(upstream:track)%00%(upstream:remotename)%00%(upstream:remoteref) refs/heads/main refs/remotes/main [3ms]
2024-12-14 18:38:58.141 [info] > git for-each-ref --sort -committerdate --format %(refname) %(objectname) %(*objectname) [3ms]
2024-12-14 18:38:58.243 [info] > git status -z -uall [112ms]
2024-12-14 18:39:03.323 [info] > git config --get commit.template [10ms]
2024-12-14 18:39:03.325 [info] > git for-each-ref --format=%(refname)%00%(upstream:short)%00%(objectname)%00%(upstream:track)%00%(upstream:remotename)%00%(upstream:remoteref) refs/heads/main refs/remotes/main [4ms]
2024-12-14 18:39:03.362 [info] > git for-each-ref --sort -committerdate --format %(refname) %(objectname) %(*objectname) [19ms]
2024-12-14 18:39:03.446 [info] > git status -z -uall [113ms]
2024-12-14 18:39:11.944 [info] > git config --get commit.template [7ms]
2024-12-14 18:39:11.946 [info] > git for-each-ref --format=%(refname)%00%(upstream:short)%00%(objectname)%00%(upstream:track)%00%(upstream:remotename)%00%(upstream:remoteref) refs/heads/main refs/remotes/main [4ms]
2024-12-14 18:39:11.967 [info] > git for-each-ref --sort -committerdate --format %(refname) %(objectname) %(*objectname) [9ms]
2024-12-14 18:39:12.065 [info] > git status -z -uall [113ms]
2024-12-14 18:39:17.107 [info] > git config --get commit.template [9ms]
2024-12-14 18:39:17.109 [info] > git for-each-ref --format=%(refname)%00%(upstream:short)%00%(objectname)%00%(upstream:track)%00%(upstream:remotename)%00%(upstream:remoteref) refs/heads/main refs/remotes/main [4ms]
2024-12-14 18:39:17.130 [info] > git for-each-ref --sort -committerdate --format %(refname) %(objectname) %(*objectname) [8ms]
2024-12-14 18:39:17.229 [info] > git status -z -uall [113ms]
2024-12-14 18:40:14.348 [info] > git config --get commit.template [9ms]
2024-12-14 18:40:14.349 [info] > git for-each-ref --format=%(refname)%00%(upstream:short)%00%(objectname)%00%(upstream:track)%00%(upstream:remotename)%00%(upstream:remoteref) refs/heads/main refs/remotes/main [4ms]
2024-12-14 18:40:14.380 [info] > git for-each-ref --sort -committerdate --format %(refname) %(objectname) %(*objectname) [19ms]
2024-12-14 18:40:14.462 [info] > git status -z -uall [108ms]
2024-12-14 18:40:19.576 [info] > git config --get commit.template [6ms]
2024-12-14 18:40:19.577 [info] > git for-each-ref --format=%(refname)%00%(upstream:short)%00%(objectname)%00%(upstream:track)%00%(upstream:remotename)%00%(upstream:remoteref) refs/heads/main refs/remotes/main [3ms]
2024-12-14 18:40:19.594 [info] > git for-each-ref --sort -committerdate --format %(refname) %(objectname) %(*objectname) [5ms]
2024-12-14 18:40:19.699 [info] > git status -z -uall [115ms]
2024-12-14 18:40:24.783 [info] > git config --get commit.template [7ms]
2024-12-14 18:40:24.785 [info] > git for-each-ref --format=%(refname)%00%(upstream:short)%00%(objectname)%00%(upstream:track)%00%(upstream:remotename)%00%(upstream:remoteref) refs/heads/main refs/remotes/main [4ms]
2024-12-14 18:40:24.798 [info] > git for-each-ref --sort -committerdate --format %(refname) %(objectname) %(*objectname) [4ms]
2024-12-14 18:40:24.898 [info] > git status -z -uall [107ms]
2024-12-14 18:40:29.986 [info] > git config --get commit.template [7ms]
2024-12-14 18:40:29.987 [info] > git for-each-ref --format=%(refname)%00%(upstream:short)%00%(objectname)%00%(upstream:track)%00%(upstream:remotename)%00%(upstream:remoteref) refs/heads/main refs/remotes/main [3ms]
2024-12-14 18:40:30.003 [info] > git for-each-ref --sort -committerdate --format %(refname) %(objectname) %(*objectname) [4ms]
2024-12-14 18:40:30.108 [info] > git status -z -uall [115ms]
2024-12-14 18:40:35.188 [info] > git config --get commit.template [7ms]
2024-12-14 18:40:35.190 [info] > git for-each-ref --format=%(refname)%00%(upstream:short)%00%(objectname)%00%(upstream:track)%00%(upstream:remotename)%00%(upstream:remoteref) refs/heads/main refs/remotes/main [3ms]
2024-12-14 18:40:35.207 [info] > git for-each-ref --sort -committerdate --format %(refname) %(objectname) %(*objectname) [5ms]
2024-12-14 18:40:35.308 [info] > git status -z -uall [111ms]
2024-12-14 18:40:40.383 [info] > git config --get commit.template [8ms]
2024-12-14 18:40:40.385 [info] > git for-each-ref --format=%(refname)%00%(upstream:short)%00%(objectname)%00%(upstream:track)%00%(upstream:remotename)%00%(upstream:remoteref) refs/heads/main refs/remotes/main [3ms]
2024-12-14 18:40:40.407 [info] > git for-each-ref --sort -committerdate --format %(refname) %(objectname) %(*objectname) [9ms]
2024-12-14 18:40:40.508 [info] > git status -z -uall [117ms]
2024-12-14 18:40:45.589 [info] > git config --get commit.template [8ms]
2024-12-14 18:40:45.591 [info] > git for-each-ref --format=%(refname)%00%(upstream:short)%00%(objectname)%00%(upstream:track)%00%(upstream:remotename)%00%(upstream:remoteref) refs/heads/main refs/remotes/main [4ms]
2024-12-14 18:40:45.611 [info] > git for-each-ref --sort -committerdate --format %(refname) %(objectname) %(*objectname) [7ms]
2024-12-14 18:40:45.709 [info] > git status -z -uall [110ms]
2024-12-14 18:40:50.784 [info] > git config --get commit.template [7ms]
2024-12-14 18:40:50.785 [info] > git for-each-ref --format=%(refname)%00%(upstream:short)%00%(objectname)%00%(upstream:track)%00%(upstream:remotename)%00%(upstream:remoteref) refs/heads/main refs/remotes/main [3ms]
2024-12-14 18:40:50.802 [info] > git for-each-ref --sort -committerdate --format %(refname) %(objectname) %(*objectname) [5ms]
2024-12-14 18:40:50.892 [info] > git status -z -uall [101ms]
2024-12-14 18:40:55.966 [info] > git config --get commit.template [8ms]
2024-12-14 18:40:55.968 [info] > git for-each-ref --format=%(refname)%00%(upstream:short)%00%(objectname)%00%(upstream:track)%00%(upstream:remotename)%00%(upstream:remoteref) refs/heads/main refs/remotes/main [3ms]
2024-12-14 18:40:55.985 [info] > git for-each-ref --sort -committerdate --format %(refname) %(objectname) %(*objectname) [5ms]
2024-12-14 18:40:56.082 [info] > git status -z -uall [108ms]
2024-12-14 18:41:01.158 [info] > git config --get commit.template [8ms]
2024-12-14 18:41:01.159 [info] > git for-each-ref --format=%(refname)%00%(upstream:short)%00%(objectname)%00%(upstream:track)%00%(upstream:remotename)%00%(upstream:remoteref) refs/heads/main refs/remotes/main [3ms]
2024-12-14 18:41:01.180 [info] > git for-each-ref --sort -committerdate --format %(refname) %(objectname) %(*objectname) [8ms]
2024-12-14 18:41:01.274 [info] > git status -z -uall [109ms]
2024-12-14 18:41:30.046 [info] > git config --get commit.template [7ms]
2024-12-14 18:41:30.048 [info] > git for-each-ref --format=%(refname)%00%(upstream:short)%00%(objectname)%00%(upstream:track)%00%(upstream:remotename)%00%(upstream:remoteref) refs/heads/main refs/remotes/main [3ms]
2024-12-14 18:41:30.067 [info] > git for-each-ref --sort -committerdate --format %(refname) %(objectname) %(*objectname) [7ms]
2024-12-14 18:41:30.167 [info] > git status -z -uall [112ms]
2024-12-14 18:41:35.244 [info] > git config --get commit.template [8ms]
2024-12-14 18:41:35.246 [info] > git for-each-ref --format=%(refname)%00%(upstream:short)%00%(objectname)%00%(upstream:track)%00%(upstream:remotename)%00%(upstream:remoteref) refs/heads/main refs/remotes/main [3ms]
2024-12-14 18:41:35.263 [info] > git for-each-ref --sort -committerdate --format %(refname) %(objectname) %(*objectname) [5ms]
2024-12-14 18:41:35.368 [info] > git status -z -uall [116ms]
2024-12-14 18:42:08.844 [info] > git config --get commit.template [7ms]
2024-12-14 18:42:08.846 [info] > git for-each-ref --format=%(refname)%00%(upstream:short)%00%(objectname)%00%(upstream:track)%00%(upstream:remotename)%00%(upstream:remoteref) refs/heads/main refs/remotes/main [3ms]
2024-12-14 18:42:08.864 [info] > git for-each-ref --sort -committerdate --format %(refname) %(objectname) %(*objectname) [3ms]
2024-12-14 18:42:08.962 [info] > git status -z -uall [109ms]
2024-12-14 18:42:14.042 [info] > git config --get commit.template [7ms]
2024-12-14 18:42:14.044 [info] > git for-each-ref --format=%(refname)%00%(upstream:short)%00%(objectname)%00%(upstream:track)%00%(upstream:remotename)%00%(upstream:remoteref) refs/heads/main refs/remotes/main [4ms]
2024-12-14 18:42:14.059 [info] > git for-each-ref --sort -committerdate --format %(refname) %(objectname) %(*objectname) [4ms]
2024-12-14 18:42:14.158 [info] > git status -z -uall [108ms]
2024-12-14 18:42:19.244 [info] > git config --get commit.template [7ms]
2024-12-14 18:42:19.246 [info] > git for-each-ref --format=%(refname)%00%(upstream:short)%00%(objectname)%00%(upstream:track)%00%(upstream:remotename)%00%(upstream:remoteref) refs/heads/main refs/remotes/main [3ms]
2024-12-14 18:42:19.262 [info] > git for-each-ref --sort -committerdate --format %(refname) %(objectname) %(*objectname) [3ms]
2024-12-14 18:42:19.361 [info] > git status -z -uall [109ms]
2024-12-14 18:42:28.814 [info] > git config --get commit.template [6ms]
2024-12-14 18:42:28.815 [info] > git for-each-ref --format=%(refname)%00%(upstream:short)%00%(objectname)%00%(upstream:track)%00%(upstream:remotename)%00%(upstream:remoteref) refs/heads/main refs/remotes/main [3ms]
2024-12-14 18:42:28.827 [info] > git for-each-ref --sort -committerdate --format %(refname) %(objectname) %(*objectname) [5ms]
2024-12-14 18:42:28.934 [info] > git status -z -uall [114ms]
2024-12-14 18:42:34.017 [info] > git config --get commit.template [7ms]
2024-12-14 18:42:34.019 [info] > git for-each-ref --format=%(refname)%00%(upstream:short)%00%(objectname)%00%(upstream:track)%00%(upstream:remotename)%00%(upstream:remoteref) refs/heads/main refs/remotes/main [3ms]
2024-12-14 18:42:34.034 [info] > git for-each-ref --sort -committerdate --format %(refname) %(objectname) %(*objectname) [4ms]
2024-12-14 18:42:34.133 [info] > git status -z -uall [109ms]
2024-12-14 18:42:39.646 [info] > git config --get commit.template [7ms]
2024-12-14 18:42:39.648 [info] > git for-each-ref --format=%(refname)%00%(upstream:short)%00%(objectname)%00%(upstream:track)%00%(upstream:remotename)%00%(upstream:remoteref) refs/heads/main refs/remotes/main [4ms]
2024-12-14 18:42:39.665 [info] > git for-each-ref --sort -committerdate --format %(refname) %(objectname) %(*objectname) [4ms]
2024-12-14 18:42:39.773 [info] > git status -z -uall [119ms]
2024-12-14 18:43:02.459 [info] > git config --get commit.template [7ms]
2024-12-14 18:43:02.461 [info] > git for-each-ref --format=%(refname)%00%(upstream:short)%00%(objectname)%00%(upstream:track)%00%(upstream:remotename)%00%(upstream:remoteref) refs/heads/main refs/remotes/main [4ms]
2024-12-14 18:43:02.480 [info] > git for-each-ref --sort -committerdate --format %(refname) %(objectname) %(*objectname) [7ms]
2024-12-14 18:43:02.586 [info] > git status -z -uall [119ms]
2024-12-14 18:43:07.689 [info] > git config --get commit.template [8ms]
2024-12-14 18:43:07.690 [info] > git for-each-ref --format=%(refname)%00%(upstream:short)%00%(objectname)%00%(upstream:track)%00%(upstream:remotename)%00%(upstream:remoteref) refs/heads/main refs/remotes/main [3ms]
2024-12-14 18:43:07.706 [info] > git for-each-ref --sort -committerdate --format %(refname) %(objectname) %(*objectname) [4ms]
2024-12-14 18:43:07.808 [info] > git status -z -uall [112ms]
2024-12-14 18:43:12.889 [info] > git config --get commit.template [7ms]
2024-12-14 18:43:12.891 [info] > git for-each-ref --format=%(refname)%00%(upstream:short)%00%(objectname)%00%(upstream:track)%00%(upstream:remotename)%00%(upstream:remoteref) refs/heads/main refs/remotes/main [4ms]
2024-12-14 18:43:12.906 [info] > git for-each-ref --sort -committerdate --format %(refname) %(objectname) %(*objectname) [4ms]
2024-12-14 18:43:13.006 [info] > git status -z -uall [110ms]
2024-12-14 18:43:18.082 [info] > git config --get commit.template [7ms]
2024-12-14 18:43:18.083 [info] > git for-each-ref --format=%(refname)%00%(upstream:short)%00%(objectname)%00%(upstream:track)%00%(upstream:remotename)%00%(upstream:remoteref) refs/heads/main refs/remotes/main [3ms]
2024-12-14 18:43:18.099 [info] > git for-each-ref --sort -committerdate --format %(refname) %(objectname) %(*objectname) [4ms]
2024-12-14 18:43:18.212 [info] > git status -z -uall [123ms]
2024-12-14 18:43:23.288 [info] > git config --get commit.template [7ms]
2024-12-14 18:43:23.290 [info] > git for-each-ref --format=%(refname)%00%(upstream:short)%00%(objectname)%00%(upstream:track)%00%(upstream:remotename)%00%(upstream:remoteref) refs/heads/main refs/remotes/main [3ms]
2024-12-14 18:43:23.306 [info] > git for-each-ref --sort -committerdate --format %(refname) %(objectname) %(*objectname) [3ms]
2024-12-14 18:43:23.414 [info] > git status -z -uall [118ms]
2024-12-14 18:43:28.494 [info] > git config --get commit.template [7ms]
2024-12-14 18:43:28.495 [info] > git for-each-ref --format=%(refname)%00%(upstream:short)%00%(objectname)%00%(upstream:track)%00%(upstream:remotename)%00%(upstream:remoteref) refs/heads/main refs/remotes/main [3ms]
2024-12-14 18:43:28.512 [info] > git for-each-ref --sort -committerdate --format %(refname) %(objectname) %(*objectname) [5ms]
2024-12-14 18:43:28.604 [info] > git status -z -uall [102ms]
2024-12-14 18:43:36.026 [info] > git config --get commit.template [6ms]
2024-12-14 18:43:36.028 [info] > git for-each-ref --format=%(refname)%00%(upstream:short)%00%(objectname)%00%(upstream:track)%00%(upstream:remotename)%00%(upstream:remoteref) refs/heads/main refs/remotes/main [3ms]
2024-12-14 18:43:36.044 [info] > git for-each-ref --sort -committerdate --format %(refname) %(objectname) %(*objectname) [3ms]
2024-12-14 18:43:36.144 [info] > git status -z -uall [110ms]
2024-12-14 18:43:41.225 [info] > git config --get commit.template [8ms]
2024-12-14 18:43:41.226 [info] > git for-each-ref --format=%(refname)%00%(upstream:short)%00%(objectname)%00%(upstream:track)%00%(upstream:remotename)%00%(upstream:remoteref) refs/heads/main refs/remotes/main [3ms]
2024-12-14 18:43:41.243 [info] > git for-each-ref --sort -committerdate --format %(refname) %(objectname) %(*objectname) [4ms]
2024-12-14 18:43:41.340 [info] > git status -z -uall [106ms]
2024-12-14 18:43:46.414 [info] > git config --get commit.template [7ms]
2024-12-14 18:43:46.416 [info] > git for-each-ref --format=%(refname)%00%(upstream:short)%00%(objectname)%00%(upstream:track)%00%(upstream:remotename)%00%(upstream:remoteref) refs/heads/main refs/remotes/main [3ms]
2024-12-14 18:43:46.432 [info] > git for-each-ref --sort -committerdate --format %(refname) %(objectname) %(*objectname) [4ms]
2024-12-14 18:43:46.530 [info] > git status -z -uall [108ms]
2024-12-14 18:44:42.061 [info] > git config --get commit.template [7ms]
2024-12-14 18:44:42.064 [info] > git for-each-ref --format=%(refname)%00%(upstream:short)%00%(objectname)%00%(upstream:track)%00%(upstream:remotename)%00%(upstream:remoteref) refs/heads/main refs/remotes/main [4ms]
2024-12-14 18:44:42.086 [info] > git for-each-ref --sort -committerdate --format %(refname) %(objectname) %(*objectname) [10ms]
2024-12-14 18:44:42.181 [info] > git status -z -uall [111ms]
