2024-12-14 23:20:15.059 [info] Extension host with pid 1457 started
2024-12-14 23:20:15.059 [error] Error: EEXIST: file already exists, open '/home/ubuntu/.vscode-server/data/User/workspaceStorage/89c7bb5c0ce2071f34ce53eb8b7aa3eb/vscode.lock'
2024-12-14 23:20:15.071 [info] Lock '/home/ubuntu/.vscode-server/data/User/workspaceStorage/89c7bb5c0ce2071f34ce53eb8b7aa3eb/vscode.lock': Could not acquire lock, checking if the file is stale.
2024-12-14 23:20:15.143 [info] ExtensionService#_doActivateExtension vscode.emmet, startup: false, activationEvent: 'onLanguage'
2024-12-14 23:20:15.147 [info] ExtensionService#_doActivateExtension vscode.git-base, startup: false, activationEvent: '*', root cause: vscode.git
2024-12-14 23:20:15.165 [info] Lock '/home/ubuntu/.vscode-server/data/User/workspaceStorage/89c7bb5c0ce2071f34ce53eb8b7aa3eb/vscode.lock': The lock looks stale, waiting for 2s.
2024-12-14 23:20:16.631 [info] ExtensionService#_doActivateExtension vscode.tunnel-forwarding, startup: false, activationEvent: 'onTunnel'
2024-12-14 23:20:17.165 [info] Lock '/home/ubuntu/.vscode-server/data/User/workspaceStorage/89c7bb5c0ce2071f34ce53eb8b7aa3eb/vscode.lock': The lock looks stale even after waiting for 2s.
2024-12-14 23:20:17.166 [info] Lock '/home/ubuntu/.vscode-server/data/User/workspaceStorage/89c7bb5c0ce2071f34ce53eb8b7aa3eb/vscode.lock': Deleting a stale lock.
2024-12-14 23:20:17.178 [info] Lock '/home/ubuntu/.vscode-server/data/User/workspaceStorage/89c7bb5c0ce2071f34ce53eb8b7aa3eb/vscode.lock': Lock acquired.
2024-12-14 23:20:17.220 [info] ExtensionService#_doActivateExtension vscode.git, startup: false, activationEvent: '*'
2024-12-14 23:20:17.221 [info] ExtensionService#_doActivateExtension vscode.github, startup: false, activationEvent: '*'
2024-12-14 23:20:17.523 [info] Eager extensions activated
2024-12-14 23:20:17.523 [info] ExtensionService#_doActivateExtension vscode.debug-auto-launch, startup: false, activationEvent: 'onStartupFinished'
2024-12-14 23:20:17.524 [info] ExtensionService#_doActivateExtension vscode.merge-conflict, startup: false, activationEvent: 'onStartupFinished'
2024-12-14 23:20:17.745 [warning] [Decorations] CAPPING events from decorations provider vscode.git 2007
2024-12-14 23:20:18.072 [warning] [Decorations] CAPPING events from decorations provider vscode.git 2007
2024-12-14 23:20:25.706 [warning] [Decorations] CAPPING events from decorations provider vscode.git 2007
2024-12-14 23:20:30.900 [warning] [Decorations] CAPPING events from decorations provider vscode.git 2001
2024-12-14 23:20:36.051 [warning] [Decorations] CAPPING events from decorations provider vscode.git 2001
2024-12-14 23:20:41.252 [warning] [Decorations] CAPPING events from decorations provider vscode.git 2001
2024-12-14 23:20:48.807 [warning] [Decorations] CAPPING events from decorations provider vscode.git 2001
2024-12-14 23:20:53.998 [warning] [Decorations] CAPPING events from decorations provider vscode.git 2001
2024-12-14 23:20:59.176 [warning] [Decorations] CAPPING events from decorations provider vscode.git 2001
2024-12-14 23:21:04.373 [warning] [Decorations] CAPPING events from decorations provider vscode.git 2001
2024-12-14 23:21:09.581 [warning] [Decorations] CAPPING events from decorations provider vscode.git 2001
2024-12-14 23:21:14.782 [warning] [Decorations] CAPPING events from decorations provider vscode.git 2001
2024-12-14 23:21:19.983 [warning] [Decorations] CAPPING events from decorations provider vscode.git 2001
2024-12-14 23:21:25.185 [warning] [Decorations] CAPPING events from decorations provider vscode.git 2001
2024-12-14 23:21:30.377 [warning] [Decorations] CAPPING events from decorations provider vscode.git 2001
2024-12-14 23:21:35.568 [warning] [Decorations] CAPPING events from decorations provider vscode.git 2001
2024-12-14 23:21:40.777 [warning] [Decorations] CAPPING events from decorations provider vscode.git 2001
2024-12-14 23:21:45.993 [warning] [Decorations] CAPPING events from decorations provider vscode.git 2001
2024-12-14 23:21:51.191 [warning] [Decorations] CAPPING events from decorations provider vscode.git 2001
2024-12-14 23:21:56.388 [warning] [Decorations] CAPPING events from decorations provider vscode.git 2001
2024-12-14 23:22:01.548 [warning] [Decorations] CAPPING events from decorations provider vscode.git 2001
2024-12-14 23:22:09.043 [warning] [Decorations] CAPPING events from decorations provider vscode.git 2001
2024-12-14 23:22:14.235 [warning] [Decorations] CAPPING events from decorations provider vscode.git 2001
2024-12-14 23:22:21.091 [warning] [Decorations] CAPPING events from decorations provider vscode.git 2001
2024-12-14 23:22:26.288 [warning] [Decorations] CAPPING events from decorations provider vscode.git 2001
2024-12-14 23:22:31.489 [warning] [Decorations] CAPPING events from decorations provider vscode.git 2001
2024-12-14 23:22:39.050 [warning] [Decorations] CAPPING events from decorations provider vscode.git 2001
2024-12-14 23:22:44.252 [warning] [Decorations] CAPPING events from decorations provider vscode.git 2001
2024-12-14 23:22:49.409 [warning] [Decorations] CAPPING events from decorations provider vscode.git 2001
2024-12-14 23:22:54.604 [warning] [Decorations] CAPPING events from decorations provider vscode.git 2001
2024-12-14 23:22:59.800 [warning] [Decorations] CAPPING events from decorations provider vscode.git 2001
2024-12-14 23:23:04.950 [warning] [Decorations] CAPPING events from decorations provider vscode.git 2001
2024-12-14 23:23:10.143 [warning] [Decorations] CAPPING events from decorations provider vscode.git 2001
2024-12-14 23:23:15.336 [warning] [Decorations] CAPPING events from decorations provider vscode.git 2001
2024-12-14 23:23:20.546 [warning] [Decorations] CAPPING events from decorations provider vscode.git 2001
2024-12-14 23:23:25.747 [warning] [Decorations] CAPPING events from decorations provider vscode.git 2001
2024-12-14 23:23:30.945 [warning] [Decorations] CAPPING events from decorations provider vscode.git 2001
2024-12-14 23:23:36.073 [warning] [Decorations] CAPPING events from decorations provider vscode.git 2001
2024-12-14 23:23:41.262 [warning] [Decorations] CAPPING events from decorations provider vscode.git 2001
2024-12-14 23:23:46.447 [warning] [Decorations] CAPPING events from decorations provider vscode.git 2001
2024-12-14 23:23:51.641 [warning] [Decorations] CAPPING events from decorations provider vscode.git 2001
2024-12-14 23:23:56.834 [warning] [Decorations] CAPPING events from decorations provider vscode.git 2001
2024-12-14 23:24:02.032 [warning] [Decorations] CAPPING events from decorations provider vscode.git 2001
2024-12-14 23:24:07.237 [warning] [Decorations] CAPPING events from decorations provider vscode.git 2001
2024-12-14 23:24:12.439 [warning] [Decorations] CAPPING events from decorations provider vscode.git 2001
2024-12-14 23:24:17.633 [warning] [Decorations] CAPPING events from decorations provider vscode.git 2001
2024-12-14 23:24:22.831 [warning] [Decorations] CAPPING events from decorations provider vscode.git 2001
2024-12-14 23:24:28.026 [warning] [Decorations] CAPPING events from decorations provider vscode.git 2001
2024-12-14 23:24:33.196 [warning] [Decorations] CAPPING events from decorations provider vscode.git 2001
2024-12-14 23:24:38.718 [warning] [Decorations] CAPPING events from decorations provider vscode.git 2001
2024-12-14 23:24:43.876 [warning] [Decorations] CAPPING events from decorations provider vscode.git 2001
2024-12-14 23:24:49.043 [warning] [Decorations] CAPPING events from decorations provider vscode.git 2001
2024-12-14 23:24:54.253 [warning] [Decorations] CAPPING events from decorations provider vscode.git 2001
2024-12-14 23:24:59.447 [warning] [Decorations] CAPPING events from decorations provider vscode.git 2001
2024-12-14 23:25:04.643 [warning] [Decorations] CAPPING events from decorations provider vscode.git 2001
2024-12-14 23:25:09.844 [warning] [Decorations] CAPPING events from decorations provider vscode.git 2001
2024-12-14 23:25:15.032 [warning] [Decorations] CAPPING events from decorations provider vscode.git 2001
2024-12-14 23:25:20.229 [warning] [Decorations] CAPPING events from decorations provider vscode.git 2001
2024-12-14 23:25:25.429 [warning] [Decorations] CAPPING events from decorations provider vscode.git 2001
2024-12-14 23:26:19.491 [warning] [Decorations] CAPPING events from decorations provider vscode.git 2001
2024-12-14 23:26:22.468 [info] ExtensionService#_doActivateExtension vscode.npm, startup: false, activationEvent: 'onTerminalQuickFixRequest:ms-vscode.npm-command'
2024-12-14 23:26:24.694 [warning] [Decorations] CAPPING events from decorations provider vscode.git 2001
2024-12-14 23:26:27.696 [info] ExtensionService#_doActivateExtension vscode.configuration-editing, startup: false, activationEvent: 'onLanguage:json'
2024-12-14 23:26:27.697 [info] ExtensionService#_doActivateExtension vscode.extension-editing, startup: false, activationEvent: 'onLanguage:json'
2024-12-14 23:26:27.697 [info] ExtensionService#_doActivateExtension vscode.json-language-features, startup: false, activationEvent: 'onLanguage:json'
2024-12-14 23:26:52.513 [warning] [Decorations] CAPPING events from decorations provider vscode.git 2002
2024-12-14 23:26:57.720 [warning] [Decorations] CAPPING events from decorations provider vscode.git 2002
2024-12-14 23:27:39.399 [warning] [Decorations] CAPPING events from decorations provider vscode.git 2002
2024-12-14 23:27:44.601 [warning] [Decorations] CAPPING events from decorations provider vscode.git 2002
2024-12-14 23:27:49.801 [warning] [Decorations] CAPPING events from decorations provider vscode.git 2002
2024-12-14 23:28:15.250 [warning] [Decorations] CAPPING events from decorations provider vscode.git 2002
2024-12-14 23:28:20.448 [warning] [Decorations] CAPPING events from decorations provider vscode.git 2002
2024-12-14 23:28:25.635 [warning] [Decorations] CAPPING events from decorations provider vscode.git 2002
2024-12-14 23:28:30.843 [warning] [Decorations] CAPPING events from decorations provider vscode.git 2002
2024-12-14 23:28:38.409 [warning] [Decorations] CAPPING events from decorations provider vscode.git 2002
2024-12-14 23:28:43.600 [warning] [Decorations] CAPPING events from decorations provider vscode.git 2002
2024-12-14 23:29:25.351 [warning] [Decorations] CAPPING events from decorations provider vscode.git 2002
2024-12-14 23:29:30.559 [warning] [Decorations] CAPPING events from decorations provider vscode.git 2002
2024-12-14 23:29:35.757 [warning] [Decorations] CAPPING events from decorations provider vscode.git 2002
2024-12-14 23:29:59.139 [warning] [Decorations] CAPPING events from decorations provider vscode.git 2002
2024-12-14 23:30:04.329 [warning] [Decorations] CAPPING events from decorations provider vscode.git 2002
2024-12-14 23:30:09.529 [warning] [Decorations] CAPPING events from decorations provider vscode.git 2002
2024-12-14 23:30:14.724 [warning] [Decorations] CAPPING events from decorations provider vscode.git 2002
2024-12-14 23:30:41.492 [warning] [Decorations] CAPPING events from decorations provider vscode.git 2002
2024-12-14 23:30:46.657 [warning] [Decorations] CAPPING events from decorations provider vscode.git 2002
2024-12-14 23:30:51.855 [warning] [Decorations] CAPPING events from decorations provider vscode.git 2002
2024-12-14 23:30:57.043 [warning] [Decorations] CAPPING events from decorations provider vscode.git 2002
2024-12-14 23:32:07.640 [warning] [Decorations] CAPPING events from decorations provider vscode.git 2002
2024-12-14 23:32:12.843 [warning] [Decorations] CAPPING events from decorations provider vscode.git 2002
2024-12-14 23:32:18.043 [warning] [Decorations] CAPPING events from decorations provider vscode.git 2002
2024-12-14 23:32:23.261 [warning] [Decorations] CAPPING events from decorations provider vscode.git 2002
2024-12-14 23:33:38.799 [warning] [Decorations] CAPPING events from decorations provider vscode.git 2002
2024-12-14 23:33:46.741 [warning] [Decorations] CAPPING events from decorations provider vscode.git 2002
2024-12-14 23:33:51.935 [warning] [Decorations] CAPPING events from decorations provider vscode.git 2002
2024-12-14 23:33:57.136 [warning] [Decorations] CAPPING events from decorations provider vscode.git 2002
2024-12-14 23:34:02.334 [warning] [Decorations] CAPPING events from decorations provider vscode.git 2002
2024-12-14 23:34:10.107 [warning] [Decorations] CAPPING events from decorations provider vscode.git 2002
2024-12-14 23:34:29.340 [warning] [Decorations] CAPPING events from decorations provider vscode.git 2002
2024-12-14 23:34:34.559 [warning] [Decorations] CAPPING events from decorations provider vscode.git 2002
2024-12-14 23:34:39.766 [warning] [Decorations] CAPPING events from decorations provider vscode.git 2002
2024-12-14 23:34:44.962 [warning] [Decorations] CAPPING events from decorations provider vscode.git 2002
2024-12-14 23:34:50.157 [warning] [Decorations] CAPPING events from decorations provider vscode.git 2002
2024-12-14 23:34:55.348 [warning] [Decorations] CAPPING events from decorations provider vscode.git 2002
2024-12-14 23:35:00.550 [warning] [Decorations] CAPPING events from decorations provider vscode.git 2002
2024-12-14 23:35:20.824 [warning] [Decorations] CAPPING events from decorations provider vscode.git 2002
2024-12-14 23:35:36.709 [warning] [Decorations] CAPPING events from decorations provider vscode.git 2002
2024-12-14 23:36:31.409 [warning] [Decorations] CAPPING events from decorations provider vscode.git 2002
2024-12-14 23:36:36.615 [warning] [Decorations] CAPPING events from decorations provider vscode.git 2002
2024-12-14 23:36:42.295 [warning] [Decorations] CAPPING events from decorations provider vscode.git 2002
2024-12-14 23:36:47.458 [warning] [Decorations] CAPPING events from decorations provider vscode.git 2002
2024-12-14 23:36:52.646 [warning] [Decorations] CAPPING events from decorations provider vscode.git 2002
2024-12-14 23:36:57.812 [warning] [Decorations] CAPPING events from decorations provider vscode.git 2002
2024-12-14 23:37:03.355 [warning] [Decorations] CAPPING events from decorations provider vscode.git 2002
2024-12-14 23:37:08.549 [warning] [Decorations] CAPPING events from decorations provider vscode.git 2002
2024-12-14 23:37:13.760 [warning] [Decorations] CAPPING events from decorations provider vscode.git 2002
2024-12-14 23:37:19.584 [warning] [Decorations] CAPPING events from decorations provider vscode.git 2002
2024-12-14 23:37:24.781 [warning] [Decorations] CAPPING events from decorations provider vscode.git 2002
2024-12-14 23:37:47.894 [warning] [Decorations] CAPPING events from decorations provider vscode.git 2002
2024-12-14 23:37:53.071 [warning] [Decorations] CAPPING events from decorations provider vscode.git 2002
2024-12-15 00:00:59.396 [warning] [Decorations] CAPPING events from decorations provider vscode.git 2002
2024-12-15 00:01:04.604 [warning] [Decorations] CAPPING events from decorations provider vscode.git 2002
2024-12-15 00:02:37.902 [warning] [Decorations] CAPPING events from decorations provider vscode.git 2002
2024-12-15 00:02:43.301 [warning] [Decorations] CAPPING events from decorations provider vscode.git 2002
2024-12-15 00:02:48.525 [warning] [Decorations] CAPPING events from decorations provider vscode.git 2002
2024-12-15 00:02:53.729 [warning] [Decorations] CAPPING events from decorations provider vscode.git 2002
2024-12-15 00:02:58.929 [warning] [Decorations] CAPPING events from decorations provider vscode.git 2002
2024-12-15 00:03:04.132 [warning] [Decorations] CAPPING events from decorations provider vscode.git 2002
2024-12-15 00:03:09.334 [warning] [Decorations] CAPPING events from decorations provider vscode.git 2002
2024-12-15 00:03:14.550 [warning] [Decorations] CAPPING events from decorations provider vscode.git 2002
2024-12-15 00:03:19.746 [warning] [Decorations] CAPPING events from decorations provider vscode.git 2002
2024-12-15 00:03:25.094 [warning] [Decorations] CAPPING events from decorations provider vscode.git 2002
2024-12-15 00:03:30.285 [warning] [Decorations] CAPPING events from decorations provider vscode.git 2002
2024-12-15 00:03:35.457 [warning] [Decorations] CAPPING events from decorations provider vscode.git 2002
2024-12-15 00:03:40.620 [warning] [Decorations] CAPPING events from decorations provider vscode.git 2002
2024-12-15 00:03:45.827 [warning] [Decorations] CAPPING events from decorations provider vscode.git 2002
2024-12-15 00:03:51.038 [warning] [Decorations] CAPPING events from decorations provider vscode.git 2002
2024-12-15 00:03:56.224 [warning] [Decorations] CAPPING events from decorations provider vscode.git 2002
2024-12-15 00:04:01.415 [warning] [Decorations] CAPPING events from decorations provider vscode.git 2002
2024-12-15 00:04:06.617 [warning] [Decorations] CAPPING events from decorations provider vscode.git 2002
2024-12-15 00:04:11.802 [warning] [Decorations] CAPPING events from decorations provider vscode.git 2002
2024-12-15 00:04:16.974 [warning] [Decorations] CAPPING events from decorations provider vscode.git 2002
2024-12-15 00:04:22.091 [warning] [Decorations] CAPPING events from decorations provider vscode.git 2002
2024-12-15 00:04:27.283 [warning] [Decorations] CAPPING events from decorations provider vscode.git 2002
2024-12-15 00:04:32.479 [warning] [Decorations] CAPPING events from decorations provider vscode.git 2002
2024-12-15 00:04:37.668 [warning] [Decorations] CAPPING events from decorations provider vscode.git 2002
2024-12-15 00:04:42.877 [warning] [Decorations] CAPPING events from decorations provider vscode.git 2002
2024-12-15 00:04:48.087 [warning] [Decorations] CAPPING events from decorations provider vscode.git 2002
2024-12-15 00:04:53.267 [warning] [Decorations] CAPPING events from decorations provider vscode.git 2002
2024-12-15 00:04:59.463 [warning] [Decorations] CAPPING events from decorations provider vscode.git 2002
2024-12-15 00:05:04.667 [warning] [Decorations] CAPPING events from decorations provider vscode.git 2002
2024-12-15 00:05:09.866 [warning] [Decorations] CAPPING events from decorations provider vscode.git 2002
2024-12-15 00:05:15.069 [warning] [Decorations] CAPPING events from decorations provider vscode.git 2002
2024-12-15 00:05:20.263 [warning] [Decorations] CAPPING events from decorations provider vscode.git 2002
2024-12-15 00:05:25.442 [warning] [Decorations] CAPPING events from decorations provider vscode.git 2002
2024-12-15 00:05:30.635 [warning] [Decorations] CAPPING events from decorations provider vscode.git 2002
2024-12-15 00:06:03.054 [warning] [Decorations] CAPPING events from decorations provider vscode.git 2002
2024-12-15 00:06:08.267 [warning] [Decorations] CAPPING events from decorations provider vscode.git 2002
2024-12-15 00:06:13.897 [warning] [Decorations] CAPPING events from decorations provider vscode.git 2002
2024-12-15 00:06:19.068 [warning] [Decorations] CAPPING events from decorations provider vscode.git 2002
2024-12-15 00:12:20.805 [warning] [Decorations] CAPPING events from decorations provider vscode.git 2002
2024-12-15 00:12:26.011 [warning] [Decorations] CAPPING events from decorations provider vscode.git 2002
2024-12-15 00:12:31.209 [warning] [Decorations] CAPPING events from decorations provider vscode.git 2002
2024-12-15 00:12:36.409 [warning] [Decorations] CAPPING events from decorations provider vscode.git 2002
2024-12-15 00:12:41.612 [warning] [Decorations] CAPPING events from decorations provider vscode.git 2002
2024-12-15 00:13:48.166 [warning] [Decorations] CAPPING events from decorations provider vscode.git 2002
2024-12-15 00:27:42.874 [warning] [Decorations] CAPPING events from decorations provider vscode.git 2002
2024-12-15 01:28:32.193 [info] Extension host terminating: received terminate message from renderer
2024-12-15 01:28:32.194 [info] Lock '/home/ubuntu/.vscode-server/data/User/workspaceStorage/89c7bb5c0ce2071f34ce53eb8b7aa3eb/vscode.lock': Marking the lockfile as scheduled to be released in 6000 ms.
2024-12-15 01:28:32.280 [error] Canceled: Canceled
	at new IT (file:///home/ubuntu/.vscode-server/cli/servers/Stable-138f619c86f1199955d53b4166bef66ef252935c/server/out/vs/workbench/api/node/extensionHostProcess.js:32:153476)
	at Dy.U (file:///home/ubuntu/.vscode-server/cli/servers/Stable-138f619c86f1199955d53b4166bef66ef252935c/server/out/vs/workbench/api/node/extensionHostProcess.js:32:158086)
	at s.<computed>.n.charCodeAt.s.<computed> (file:///home/ubuntu/.vscode-server/cli/servers/Stable-138f619c86f1199955d53b4166bef66ef252935c/server/out/vs/workbench/api/node/extensionHostProcess.js:32:155580)
	at cw.g (file:///home/ubuntu/.vscode-server/cli/servers/Stable-138f619c86f1199955d53b4166bef66ef252935c/server/out/vs/workbench/api/node/extensionHostProcess.js:115:32313)
	at cw.executeCommand (file:///home/ubuntu/.vscode-server/cli/servers/Stable-138f619c86f1199955d53b4166bef66ef252935c/server/out/vs/workbench/api/node/extensionHostProcess.js:115:31817)
	at r.registerCommand.description (file:///home/ubuntu/.vscode-server/cli/servers/Stable-138f619c86f1199955d53b4166bef66ef252935c/server/out/vs/workbench/api/node/extensionHostProcess.js:115:31147)
	at cw.h (file:///home/ubuntu/.vscode-server/cli/servers/Stable-138f619c86f1199955d53b4166bef66ef252935c/server/out/vs/workbench/api/node/extensionHostProcess.js:115:32833)
	at cw.g (file:///home/ubuntu/.vscode-server/cli/servers/Stable-138f619c86f1199955d53b4166bef66ef252935c/server/out/vs/workbench/api/node/extensionHostProcess.js:115:31910)
	at cw.executeCommand (file:///home/ubuntu/.vscode-server/cli/servers/Stable-138f619c86f1199955d53b4166bef66ef252935c/server/out/vs/workbench/api/node/extensionHostProcess.js:115:31817)
	at Object.executeCommand (file:///home/ubuntu/.vscode-server/cli/servers/Stable-138f619c86f1199955d53b4166bef66ef252935c/server/out/vs/workbench/api/node/extensionHostProcess.js:157:37484)
	at Sh.L [as value] (/home/ubuntu/.vscode-server/cli/servers/Stable-138f619c86f1199955d53b4166bef66ef252935c/server/extensions/git/dist/main.js:2:975601)
	at P.B (file:///home/ubuntu/.vscode-server/cli/servers/Stable-138f619c86f1199955d53b4166bef66ef252935c/server/out/vs/workbench/api/node/extensionHostProcess.js:30:746)
	at P.C (file:///home/ubuntu/.vscode-server/cli/servers/Stable-138f619c86f1199955d53b4166bef66ef252935c/server/out/vs/workbench/api/node/extensionHostProcess.js:30:816)
	at P.fire (file:///home/ubuntu/.vscode-server/cli/servers/Stable-138f619c86f1199955d53b4166bef66ef252935c/server/out/vs/workbench/api/node/extensionHostProcess.js:30:1033)
	at Object.p [as dispose] (/home/ubuntu/.vscode-server/cli/servers/Stable-138f619c86f1199955d53b4166bef66ef252935c/server/extensions/git/dist/main.js:2:997158)
	at /home/ubuntu/.vscode-server/cli/servers/Stable-138f619c86f1199955d53b4166bef66ef252935c/server/extensions/git/dist/main.js:2:1003280
	at Array.forEach (<anonymous>)
	at b.dispose (/home/ubuntu/.vscode-server/cli/servers/Stable-138f619c86f1199955d53b4166bef66ef252935c/server/extensions/git/dist/main.js:2:1003266)
	at ev.<anonymous> (file:///home/ubuntu/.vscode-server/cli/servers/Stable-138f619c86f1199955d53b4166bef66ef252935c/server/out/vs/workbench/api/node/extensionHostProcess.js:109:20047)
	at ev.dispose (file:///home/ubuntu/.vscode-server/cli/servers/Stable-138f619c86f1199955d53b4166bef66ef252935c/server/out/vs/workbench/api/node/extensionHostProcess.js:109:20143)
	at ev.<anonymous> (/home/ubuntu/.vscode-server/cli/servers/Stable-138f619c86f1199955d53b4166bef66ef252935c/server/extensions/git/dist/main.js:2:978080)
	at ev.dispose (file:///home/ubuntu/.vscode-server/cli/servers/Stable-138f619c86f1199955d53b4166bef66ef252935c/server/out/vs/workbench/api/node/extensionHostProcess.js:109:20143)
	at ai (file:///home/ubuntu/.vscode-server/cli/servers/Stable-138f619c86f1199955d53b4166bef66ef252935c/server/out/vs/workbench/api/node/extensionHostProcess.js:25:699)
	at file:///home/ubuntu/.vscode-server/cli/servers/Stable-138f619c86f1199955d53b4166bef66ef252935c/server/out/vs/workbench/api/node/extensionHostProcess.js:119:14992
	at file:///home/ubuntu/.vscode-server/cli/servers/Stable-138f619c86f1199955d53b4166bef66ef252935c/server/out/vs/workbench/api/node/extensionHostProcess.js:25:1009
	at Object.dispose (file:///home/ubuntu/.vscode-server/cli/servers/Stable-138f619c86f1199955d53b4166bef66ef252935c/server/out/vs/workbench/api/node/extensionHostProcess.js:8:705)
	at zz.eb (file:///home/ubuntu/.vscode-server/cli/servers/Stable-138f619c86f1199955d53b4166bef66ef252935c/server/out/vs/workbench/api/node/extensionHostProcess.js:119:11919)
	at file:///home/ubuntu/.vscode-server/cli/servers/Stable-138f619c86f1199955d53b4166bef66ef252935c/server/out/vs/workbench/api/node/extensionHostProcess.js:119:9874
	at Array.map (<anonymous>)
	at zz.$ (file:///home/ubuntu/.vscode-server/cli/servers/Stable-138f619c86f1199955d53b4166bef66ef252935c/server/out/vs/workbench/api/node/extensionHostProcess.js:119:9862)
	at zz.terminate (file:///home/ubuntu/.vscode-server/cli/servers/Stable-138f619c86f1199955d53b4166bef66ef252935c/server/out/vs/workbench/api/node/extensionHostProcess.js:119:10105)
	at Q3.terminate (file:///home/ubuntu/.vscode-server/cli/servers/Stable-138f619c86f1199955d53b4166bef66ef252935c/server/out/vs/workbench/api/node/extensionHostProcess.js:120:1424)
	at Zi (file:///home/ubuntu/.vscode-server/cli/servers/Stable-138f619c86f1199955d53b4166bef66ef252935c/server/out/vs/workbench/api/node/extensionHostProcess.js:175:15080)
	at Sh.value (file:///home/ubuntu/.vscode-server/cli/servers/Stable-138f619c86f1199955d53b4166bef66ef252935c/server/out/vs/workbench/api/node/extensionHostProcess.js:175:13241)
	at P.B (file:///home/ubuntu/.vscode-server/cli/servers/Stable-138f619c86f1199955d53b4166bef66ef252935c/server/out/vs/workbench/api/node/extensionHostProcess.js:30:746)
	at P.fire (file:///home/ubuntu/.vscode-server/cli/servers/Stable-138f619c86f1199955d53b4166bef66ef252935c/server/out/vs/workbench/api/node/extensionHostProcess.js:30:964)
	at Vn.fire (file:///home/ubuntu/.vscode-server/cli/servers/Stable-138f619c86f1199955d53b4166bef66ef252935c/server/out/vs/workbench/api/node/extensionHostProcess.js:32:9457)
	at Wm.A (file:///home/ubuntu/.vscode-server/cli/servers/Stable-138f619c86f1199955d53b4166bef66ef252935c/server/out/vs/workbench/api/node/extensionHostProcess.js:32:12573)
	at Sh.value (file:///home/ubuntu/.vscode-server/cli/servers/Stable-138f619c86f1199955d53b4166bef66ef252935c/server/out/vs/workbench/api/node/extensionHostProcess.js:32:10993)
	at P.B (file:///home/ubuntu/.vscode-server/cli/servers/Stable-138f619c86f1199955d53b4166bef66ef252935c/server/out/vs/workbench/api/node/extensionHostProcess.js:30:746)
	at P.fire (file:///home/ubuntu/.vscode-server/cli/servers/Stable-138f619c86f1199955d53b4166bef66ef252935c/server/out/vs/workbench/api/node/extensionHostProcess.js:30:964)
	at s6.acceptChunk (file:///home/ubuntu/.vscode-server/cli/servers/Stable-138f619c86f1199955d53b4166bef66ef252935c/server/out/vs/workbench/api/node/extensionHostProcess.js:32:7940)
	at file:///home/ubuntu/.vscode-server/cli/servers/Stable-138f619c86f1199955d53b4166bef66ef252935c/server/out/vs/workbench/api/node/extensionHostProcess.js:32:7226
	at Socket.t (file:///home/ubuntu/.vscode-server/cli/servers/Stable-138f619c86f1199955d53b4166bef66ef252935c/server/out/vs/workbench/api/node/extensionHostProcess.js:32:15451)
	at Socket.emit (node:events:518:28)
	at addChunk (node:internal/streams/readable:561:12)
	at readableAddChunkPushByteMode (node:internal/streams/readable:512:3)
	at Readable.push (node:internal/streams/readable:392:5)
	at Pipe.onStreamRead (node:internal/stream_base_commons:191:23) setContext undefined
2024-12-15 01:28:32.282 [error] Canceled: Canceled
	at new IT (file:///home/ubuntu/.vscode-server/cli/servers/Stable-138f619c86f1199955d53b4166bef66ef252935c/server/out/vs/workbench/api/node/extensionHostProcess.js:32:153476)
	at Dy.U (file:///home/ubuntu/.vscode-server/cli/servers/Stable-138f619c86f1199955d53b4166bef66ef252935c/server/out/vs/workbench/api/node/extensionHostProcess.js:32:158086)
	at s.<computed>.n.charCodeAt.s.<computed> (file:///home/ubuntu/.vscode-server/cli/servers/Stable-138f619c86f1199955d53b4166bef66ef252935c/server/out/vs/workbench/api/node/extensionHostProcess.js:32:155580)
	at cw.g (file:///home/ubuntu/.vscode-server/cli/servers/Stable-138f619c86f1199955d53b4166bef66ef252935c/server/out/vs/workbench/api/node/extensionHostProcess.js:115:32313)
	at cw.executeCommand (file:///home/ubuntu/.vscode-server/cli/servers/Stable-138f619c86f1199955d53b4166bef66ef252935c/server/out/vs/workbench/api/node/extensionHostProcess.js:115:31817)
	at r.registerCommand.description (file:///home/ubuntu/.vscode-server/cli/servers/Stable-138f619c86f1199955d53b4166bef66ef252935c/server/out/vs/workbench/api/node/extensionHostProcess.js:115:31147)
	at cw.h (file:///home/ubuntu/.vscode-server/cli/servers/Stable-138f619c86f1199955d53b4166bef66ef252935c/server/out/vs/workbench/api/node/extensionHostProcess.js:115:32833)
	at cw.g (file:///home/ubuntu/.vscode-server/cli/servers/Stable-138f619c86f1199955d53b4166bef66ef252935c/server/out/vs/workbench/api/node/extensionHostProcess.js:115:31910)
	at cw.executeCommand (file:///home/ubuntu/.vscode-server/cli/servers/Stable-138f619c86f1199955d53b4166bef66ef252935c/server/out/vs/workbench/api/node/extensionHostProcess.js:115:31817)
	at Object.executeCommand (file:///home/ubuntu/.vscode-server/cli/servers/Stable-138f619c86f1199955d53b4166bef66ef252935c/server/out/vs/workbench/api/node/extensionHostProcess.js:157:37484)
	at set hasGitHubRepositories [as hasGitHubRepositories] (/home/ubuntu/.vscode-server/cli/servers/Stable-138f619c86f1199955d53b4166bef66ef252935c/server/extensions/github/dist/extension.js:2:328633)
	at /home/ubuntu/.vscode-server/cli/servers/Stable-138f619c86f1199955d53b4166bef66ef252935c/server/extensions/github/dist/extension.js:2:329592
	at Sh.value (/home/ubuntu/.vscode-server/cli/servers/Stable-138f619c86f1199955d53b4166bef66ef252935c/server/extensions/git/dist/main.js:2:1088462)
	at P.B (file:///home/ubuntu/.vscode-server/cli/servers/Stable-138f619c86f1199955d53b4166bef66ef252935c/server/out/vs/workbench/api/node/extensionHostProcess.js:30:746)
	at P.C (file:///home/ubuntu/.vscode-server/cli/servers/Stable-138f619c86f1199955d53b4166bef66ef252935c/server/out/vs/workbench/api/node/extensionHostProcess.js:30:816)
	at P.fire (file:///home/ubuntu/.vscode-server/cli/servers/Stable-138f619c86f1199955d53b4166bef66ef252935c/server/out/vs/workbench/api/node/extensionHostProcess.js:30:1033)
	at Object.p [as dispose] (/home/ubuntu/.vscode-server/cli/servers/Stable-138f619c86f1199955d53b4166bef66ef252935c/server/extensions/git/dist/main.js:2:997158)
	at /home/ubuntu/.vscode-server/cli/servers/Stable-138f619c86f1199955d53b4166bef66ef252935c/server/extensions/git/dist/main.js:2:1003280
	at Array.forEach (<anonymous>)
	at b.dispose (/home/ubuntu/.vscode-server/cli/servers/Stable-138f619c86f1199955d53b4166bef66ef252935c/server/extensions/git/dist/main.js:2:1003266)
	at ev.<anonymous> (file:///home/ubuntu/.vscode-server/cli/servers/Stable-138f619c86f1199955d53b4166bef66ef252935c/server/out/vs/workbench/api/node/extensionHostProcess.js:109:20047)
	at ev.dispose (file:///home/ubuntu/.vscode-server/cli/servers/Stable-138f619c86f1199955d53b4166bef66ef252935c/server/out/vs/workbench/api/node/extensionHostProcess.js:109:20143)
	at ev.<anonymous> (/home/ubuntu/.vscode-server/cli/servers/Stable-138f619c86f1199955d53b4166bef66ef252935c/server/extensions/git/dist/main.js:2:978080)
	at ev.dispose (file:///home/ubuntu/.vscode-server/cli/servers/Stable-138f619c86f1199955d53b4166bef66ef252935c/server/out/vs/workbench/api/node/extensionHostProcess.js:109:20143)
	at ai (file:///home/ubuntu/.vscode-server/cli/servers/Stable-138f619c86f1199955d53b4166bef66ef252935c/server/out/vs/workbench/api/node/extensionHostProcess.js:25:699)
	at file:///home/ubuntu/.vscode-server/cli/servers/Stable-138f619c86f1199955d53b4166bef66ef252935c/server/out/vs/workbench/api/node/extensionHostProcess.js:119:14992
	at file:///home/ubuntu/.vscode-server/cli/servers/Stable-138f619c86f1199955d53b4166bef66ef252935c/server/out/vs/workbench/api/node/extensionHostProcess.js:25:1009
	at Object.dispose (file:///home/ubuntu/.vscode-server/cli/servers/Stable-138f619c86f1199955d53b4166bef66ef252935c/server/out/vs/workbench/api/node/extensionHostProcess.js:8:705)
	at zz.eb (file:///home/ubuntu/.vscode-server/cli/servers/Stable-138f619c86f1199955d53b4166bef66ef252935c/server/out/vs/workbench/api/node/extensionHostProcess.js:119:11919)
	at file:///home/ubuntu/.vscode-server/cli/servers/Stable-138f619c86f1199955d53b4166bef66ef252935c/server/out/vs/workbench/api/node/extensionHostProcess.js:119:9874
	at Array.map (<anonymous>)
	at zz.$ (file:///home/ubuntu/.vscode-server/cli/servers/Stable-138f619c86f1199955d53b4166bef66ef252935c/server/out/vs/workbench/api/node/extensionHostProcess.js:119:9862)
	at zz.terminate (file:///home/ubuntu/.vscode-server/cli/servers/Stable-138f619c86f1199955d53b4166bef66ef252935c/server/out/vs/workbench/api/node/extensionHostProcess.js:119:10105)
	at Q3.terminate (file:///home/ubuntu/.vscode-server/cli/servers/Stable-138f619c86f1199955d53b4166bef66ef252935c/server/out/vs/workbench/api/node/extensionHostProcess.js:120:1424)
	at Zi (file:///home/ubuntu/.vscode-server/cli/servers/Stable-138f619c86f1199955d53b4166bef66ef252935c/server/out/vs/workbench/api/node/extensionHostProcess.js:175:15080)
	at Sh.value (file:///home/ubuntu/.vscode-server/cli/servers/Stable-138f619c86f1199955d53b4166bef66ef252935c/server/out/vs/workbench/api/node/extensionHostProcess.js:175:13241)
	at P.B (file:///home/ubuntu/.vscode-server/cli/servers/Stable-138f619c86f1199955d53b4166bef66ef252935c/server/out/vs/workbench/api/node/extensionHostProcess.js:30:746)
	at P.fire (file:///home/ubuntu/.vscode-server/cli/servers/Stable-138f619c86f1199955d53b4166bef66ef252935c/server/out/vs/workbench/api/node/extensionHostProcess.js:30:964)
	at Vn.fire (file:///home/ubuntu/.vscode-server/cli/servers/Stable-138f619c86f1199955d53b4166bef66ef252935c/server/out/vs/workbench/api/node/extensionHostProcess.js:32:9457)
	at Wm.A (file:///home/ubuntu/.vscode-server/cli/servers/Stable-138f619c86f1199955d53b4166bef66ef252935c/server/out/vs/workbench/api/node/extensionHostProcess.js:32:12573)
	at Sh.value (file:///home/ubuntu/.vscode-server/cli/servers/Stable-138f619c86f1199955d53b4166bef66ef252935c/server/out/vs/workbench/api/node/extensionHostProcess.js:32:10993)
	at P.B (file:///home/ubuntu/.vscode-server/cli/servers/Stable-138f619c86f1199955d53b4166bef66ef252935c/server/out/vs/workbench/api/node/extensionHostProcess.js:30:746)
	at P.fire (file:///home/ubuntu/.vscode-server/cli/servers/Stable-138f619c86f1199955d53b4166bef66ef252935c/server/out/vs/workbench/api/node/extensionHostProcess.js:30:964)
	at s6.acceptChunk (file:///home/ubuntu/.vscode-server/cli/servers/Stable-138f619c86f1199955d53b4166bef66ef252935c/server/out/vs/workbench/api/node/extensionHostProcess.js:32:7940)
	at file:///home/ubuntu/.vscode-server/cli/servers/Stable-138f619c86f1199955d53b4166bef66ef252935c/server/out/vs/workbench/api/node/extensionHostProcess.js:32:7226
	at Socket.t (file:///home/ubuntu/.vscode-server/cli/servers/Stable-138f619c86f1199955d53b4166bef66ef252935c/server/out/vs/workbench/api/node/extensionHostProcess.js:32:15451)
	at Socket.emit (node:events:518:28)
	at addChunk (node:internal/streams/readable:561:12)
	at readableAddChunkPushByteMode (node:internal/streams/readable:512:3)
	at Readable.push (node:internal/streams/readable:392:5)
	at Pipe.onStreamRead (node:internal/stream_base_commons:191:23) setContext undefined
2024-12-15 01:28:32.286 [info] Extension host with pid 1457 exiting with code 0
