2024-12-11 00:26:55.757 [info] [main] 로그 수준: Info
2024-12-11 00:26:55.757 [info] [main] "git"에서 찾은 git 유효성을 검사하는 중
2024-12-11 00:26:55.757 [info] [main] "2.43.0"에서 git "git"을(를) 사용하는 중
2024-12-11 00:26:55.757 [info] [Model][doInitialScan] Initial repository scan started
2024-12-11 00:26:55.757 [info] > git rev-parse --show-toplevel [4ms]
2024-12-11 00:26:55.757 [info] > git rev-parse --git-dir --git-common-dir [13ms]
2024-12-11 00:26:55.757 [info] [Model][openRepository] Opened repository: /home/ubuntu
2024-12-11 00:26:55.757 [info] > git config --get commit.template [114ms]
2024-12-11 00:26:55.804 [info] > git for-each-ref --format=%(refname)%00%(upstream:short)%00%(objectname)%00%(upstream:track)%00%(upstream:remotename)%00%(upstream:remoteref) refs/heads/main refs/remotes/main [44ms]
2024-12-11 00:26:55.819 [info] > git rev-parse --show-toplevel [11ms]
2024-12-11 00:26:55.826 [info] > git for-each-ref --sort -committerdate --format %(refname) %(objectname) %(*objectname) [9ms]
2024-12-11 00:26:55.828 [info] > git rev-parse --show-toplevel [6ms]
2024-12-11 00:26:55.863 [info] > git rev-parse --show-toplevel [2ms]
2024-12-11 00:26:55.871 [info] > git rev-parse --show-toplevel [1ms]
2024-12-11 00:26:55.877 [info] > git rev-parse --show-toplevel [1ms]
2024-12-11 00:26:55.884 [info] > git rev-parse --show-toplevel [2ms]
2024-12-11 00:26:55.889 [info] > git rev-parse --show-toplevel [2ms]
2024-12-11 00:26:55.894 [info] > git status -z -uall [81ms]
2024-12-11 00:26:55.914 [info] > git for-each-ref --format=%(refname)%00%(upstream:short)%00%(objectname)%00%(upstream:track)%00%(upstream:remotename)%00%(upstream:remoteref) refs/heads/main refs/remotes/main [7ms]
2024-12-11 00:26:55.918 [info] > git rev-parse --show-toplevel [26ms]
2024-12-11 00:26:55.925 [info] > git config --local branch.main.vscode-merge-base [7ms]
2024-12-11 00:26:55.925 [warning] [Git][config] git config failed: Failed to execute git
2024-12-11 00:26:55.928 [info] > git config --get commit.template [15ms]
2024-12-11 00:26:55.930 [info] > git rev-parse --show-toplevel [9ms]
2024-12-11 00:26:55.937 [info] > git reflog main --grep-reflog=branch: Created from *. [9ms]
2024-12-11 00:26:55.940 [info] > git rev-parse --show-toplevel [4ms]
2024-12-11 00:26:55.940 [info] > git for-each-ref --format=%(refname)%00%(upstream:short)%00%(objectname)%00%(upstream:track)%00%(upstream:remotename)%00%(upstream:remoteref) refs/heads/main refs/remotes/main [7ms]
2024-12-11 00:26:55.944 [info] > git symbolic-ref --short refs/remotes/origin/HEAD [5ms]
2024-12-11 00:26:55.944 [info] fatal: ref refs/remotes/origin/HEAD is not a symbolic ref
2024-12-11 00:26:55.945 [warning] [Repository][getDefaultBranch] Failed to get default branch details: Failed to execute git.
2024-12-11 00:26:55.964 [info] > git merge-base refs/heads/main refs/remotes/origin/main [16ms]
2024-12-11 00:26:55.972 [info] > git rev-parse --show-toplevel [27ms]
2024-12-11 00:26:55.981 [info] > git diff --name-status -z --diff-filter=ADMR 5f50a464d97ffa7dd3255e705ca17b010ff0152f...refs/remotes/origin/main [10ms]
2024-12-11 00:26:56.051 [info] > git rev-parse --show-toplevel [77ms]
2024-12-11 00:26:56.054 [info] [Model][doInitialScan] Initial repository scan completed - repositories (1), closed repositories (0), parent repositories (0), unsafe repositories (0)
2024-12-11 00:26:56.075 [info] > git status -z -uall [97ms]
2024-12-11 00:26:56.075 [info] > git show --textconv :README.md [13ms]
2024-12-11 00:26:56.075 [info] > git for-each-ref --sort -committerdate --format %(refname) %(objectname) %(*objectname) [94ms]
2024-12-11 00:26:56.079 [info] > git ls-files --stage -- /home/ubuntu/README.md [15ms]
2024-12-11 00:26:56.083 [info] > git cat-file -s 216f5a28c36e68eb0a1c643ddee86ad70bcdede9 [1ms]
2024-12-11 00:26:56.275 [info] > git check-ignore -v -z --stdin [55ms]
2024-12-11 00:27:22.981 [info] > git config --get commit.template [9ms]
2024-12-11 00:27:22.982 [info] > git for-each-ref --format=%(refname)%00%(upstream:short)%00%(objectname)%00%(upstream:track)%00%(upstream:remotename)%00%(upstream:remoteref) refs/heads/main refs/remotes/main [5ms]
2024-12-11 00:27:23.000 [info] > git for-each-ref --sort -committerdate --format %(refname) %(objectname) %(*objectname) [5ms]
2024-12-11 00:27:23.091 [info] > git status -z -uall [102ms]
2024-12-11 00:27:28.116 [info] > git config --get commit.template [7ms]
2024-12-11 00:27:28.118 [info] > git for-each-ref --format=%(refname)%00%(upstream:short)%00%(objectname)%00%(upstream:track)%00%(upstream:remotename)%00%(upstream:remoteref) refs/heads/main refs/remotes/main [3ms]
2024-12-11 00:27:28.137 [info] > git for-each-ref --sort -committerdate --format %(refname) %(objectname) %(*objectname) [7ms]
2024-12-11 00:27:28.225 [info] > git status -z -uall [101ms]
2024-12-11 00:28:53.284 [info] > git config --get commit.template [1ms]
2024-12-11 00:28:53.289 [info] > git for-each-ref --format=%(refname)%00%(upstream:short)%00%(objectname)%00%(upstream:track)%00%(upstream:remotename)%00%(upstream:remoteref) refs/heads/main refs/remotes/main [1ms]
2024-12-11 00:28:53.297 [info] > git for-each-ref --sort -committerdate --format %(refname) %(objectname) %(*objectname) [1ms]
2024-12-11 00:28:53.355 [info] > git status -z -uall [62ms]
2024-12-11 00:28:58.377 [info] > git config --get commit.template [9ms]
2024-12-11 00:28:58.378 [info] > git for-each-ref --format=%(refname)%00%(upstream:short)%00%(objectname)%00%(upstream:track)%00%(upstream:remotename)%00%(upstream:remoteref) refs/heads/main refs/remotes/main [4ms]
2024-12-11 00:28:58.397 [info] > git for-each-ref --sort -committerdate --format %(refname) %(objectname) %(*objectname) [7ms]
2024-12-11 00:28:58.487 [info] > git status -z -uall [102ms]
2024-12-11 00:29:03.511 [info] > git config --get commit.template [7ms]
2024-12-11 00:29:03.512 [info] > git for-each-ref --format=%(refname)%00%(upstream:short)%00%(objectname)%00%(upstream:track)%00%(upstream:remotename)%00%(upstream:remoteref) refs/heads/main refs/remotes/main [3ms]
2024-12-11 00:29:03.541 [info] > git for-each-ref --sort -committerdate --format %(refname) %(objectname) %(*objectname) [15ms]
2024-12-11 00:29:03.625 [info] > git status -z -uall [106ms]
2024-12-11 00:29:08.647 [info] > git config --get commit.template [7ms]
2024-12-11 00:29:08.649 [info] > git for-each-ref --format=%(refname)%00%(upstream:short)%00%(objectname)%00%(upstream:track)%00%(upstream:remotename)%00%(upstream:remoteref) refs/heads/main refs/remotes/main [4ms]
2024-12-11 00:29:08.670 [info] > git for-each-ref --sort -committerdate --format %(refname) %(objectname) %(*objectname) [8ms]
2024-12-11 00:29:08.761 [info] > git status -z -uall [105ms]
2024-12-11 00:29:13.789 [info] > git config --get commit.template [9ms]
2024-12-11 00:29:13.791 [info] > git for-each-ref --format=%(refname)%00%(upstream:short)%00%(objectname)%00%(upstream:track)%00%(upstream:remotename)%00%(upstream:remoteref) refs/heads/main refs/remotes/main [3ms]
2024-12-11 00:29:13.809 [info] > git for-each-ref --sort -committerdate --format %(refname) %(objectname) %(*objectname) [6ms]
2024-12-11 00:29:13.903 [info] > git status -z -uall [106ms]
2024-12-11 00:29:18.932 [info] > git config --get commit.template [9ms]
2024-12-11 00:29:18.933 [info] > git for-each-ref --format=%(refname)%00%(upstream:short)%00%(objectname)%00%(upstream:track)%00%(upstream:remotename)%00%(upstream:remoteref) refs/heads/main refs/remotes/main [4ms]
2024-12-11 00:29:18.954 [info] > git for-each-ref --sort -committerdate --format %(refname) %(objectname) %(*objectname) [6ms]
2024-12-11 00:29:19.044 [info] > git status -z -uall [103ms]
2024-12-11 00:29:24.067 [info] > git config --get commit.template [8ms]
2024-12-11 00:29:24.069 [info] > git for-each-ref --format=%(refname)%00%(upstream:short)%00%(objectname)%00%(upstream:track)%00%(upstream:remotename)%00%(upstream:remoteref) refs/heads/main refs/remotes/main [4ms]
2024-12-11 00:29:24.086 [info] > git for-each-ref --sort -committerdate --format %(refname) %(objectname) %(*objectname) [4ms]
2024-12-11 00:29:24.177 [info] > git status -z -uall [101ms]
2024-12-11 00:31:47.531 [info] > git config --get commit.template [7ms]
2024-12-11 00:31:47.533 [info] > git for-each-ref --format=%(refname)%00%(upstream:short)%00%(objectname)%00%(upstream:track)%00%(upstream:remotename)%00%(upstream:remoteref) refs/heads/main refs/remotes/main [3ms]
2024-12-11 00:31:47.552 [info] > git for-each-ref --sort -committerdate --format %(refname) %(objectname) %(*objectname) [6ms]
2024-12-11 00:31:47.645 [info] > git status -z -uall [105ms]
2024-12-11 00:44:16.290 [info] > git config --get commit.template [7ms]
2024-12-11 00:44:16.292 [info] > git for-each-ref --format=%(refname)%00%(upstream:short)%00%(objectname)%00%(upstream:track)%00%(upstream:remotename)%00%(upstream:remoteref) refs/heads/main refs/remotes/main [3ms]
2024-12-11 00:44:16.311 [info] > git for-each-ref --sort -committerdate --format %(refname) %(objectname) %(*objectname) [7ms]
2024-12-11 00:44:16.404 [info] > git status -z -uall [106ms]
2024-12-11 00:44:21.428 [info] > git config --get commit.template [7ms]
2024-12-11 00:44:21.430 [info] > git for-each-ref --format=%(refname)%00%(upstream:short)%00%(objectname)%00%(upstream:track)%00%(upstream:remotename)%00%(upstream:remoteref) refs/heads/main refs/remotes/main [3ms]
2024-12-11 00:44:21.449 [info] > git for-each-ref --sort -committerdate --format %(refname) %(objectname) %(*objectname) [6ms]
2024-12-11 00:44:21.542 [info] > git status -z -uall [106ms]
2024-12-11 00:44:26.564 [info] > git config --get commit.template [6ms]
2024-12-11 00:44:26.566 [info] > git for-each-ref --format=%(refname)%00%(upstream:short)%00%(objectname)%00%(upstream:track)%00%(upstream:remotename)%00%(upstream:remoteref) refs/heads/main refs/remotes/main [4ms]
2024-12-11 00:44:26.582 [info] > git for-each-ref --sort -committerdate --format %(refname) %(objectname) %(*objectname) [3ms]
2024-12-11 00:44:26.815 [info] > git status -z -uall [243ms]
2024-12-11 00:44:26.949 [info] > git show --textconv :static/swagger.json [47ms]
2024-12-11 00:44:26.949 [info] > git ls-files --stage -- /home/ubuntu/static/swagger.json [40ms]
2024-12-11 00:44:26.956 [info] > git cat-file -s 09f936ee0333f8f8d3c9c4ba01f6914edeaa88da [2ms]
2024-12-11 00:44:31.834 [info] > git config --get commit.template [8ms]
2024-12-11 00:44:31.836 [info] > git for-each-ref --format=%(refname)%00%(upstream:short)%00%(objectname)%00%(upstream:track)%00%(upstream:remotename)%00%(upstream:remoteref) refs/heads/main refs/remotes/main [3ms]
2024-12-11 00:44:31.854 [info] > git for-each-ref --sort -committerdate --format %(refname) %(objectname) %(*objectname) [5ms]
2024-12-11 00:44:31.944 [info] > git status -z -uall [102ms]
2024-12-11 00:44:36.964 [info] > git config --get commit.template [7ms]
2024-12-11 00:44:36.966 [info] > git for-each-ref --format=%(refname)%00%(upstream:short)%00%(objectname)%00%(upstream:track)%00%(upstream:remotename)%00%(upstream:remoteref) refs/heads/main refs/remotes/main [3ms]
2024-12-11 00:44:36.987 [info] > git for-each-ref --sort -committerdate --format %(refname) %(objectname) %(*objectname) [7ms]
2024-12-11 00:44:37.076 [info] > git status -z -uall [102ms]
2024-12-11 00:44:42.095 [info] > git config --get commit.template [7ms]
2024-12-11 00:44:42.098 [info] > git for-each-ref --format=%(refname)%00%(upstream:short)%00%(objectname)%00%(upstream:track)%00%(upstream:remotename)%00%(upstream:remoteref) refs/heads/main refs/remotes/main [3ms]
2024-12-11 00:44:42.114 [info] > git for-each-ref --sort -committerdate --format %(refname) %(objectname) %(*objectname) [4ms]
2024-12-11 00:44:42.211 [info] > git status -z -uall [107ms]
2024-12-11 00:45:15.300 [info] > git config --get commit.template [3ms]
2024-12-11 00:45:15.309 [info] > git for-each-ref --format=%(refname)%00%(upstream:short)%00%(objectname)%00%(upstream:track)%00%(upstream:remotename)%00%(upstream:remoteref) refs/heads/main refs/remotes/main [3ms]
2024-12-11 00:45:15.327 [info] > git for-each-ref --sort -committerdate --format %(refname) %(objectname) %(*objectname) [5ms]
2024-12-11 00:45:15.419 [info] > git status -z -uall [103ms]
2024-12-11 00:45:20.435 [info] > git config --get commit.template [3ms]
2024-12-11 00:45:20.445 [info] > git for-each-ref --format=%(refname)%00%(upstream:short)%00%(objectname)%00%(upstream:track)%00%(upstream:remotename)%00%(upstream:remoteref) refs/heads/main refs/remotes/main [4ms]
2024-12-11 00:45:20.461 [info] > git for-each-ref --sort -committerdate --format %(refname) %(objectname) %(*objectname) [2ms]
2024-12-11 00:45:20.557 [info] > git status -z -uall [106ms]
2024-12-11 00:45:26.264 [info] > git config --get commit.template [3ms]
2024-12-11 00:45:26.273 [info] > git for-each-ref --format=%(refname)%00%(upstream:short)%00%(objectname)%00%(upstream:track)%00%(upstream:remotename)%00%(upstream:remoteref) refs/heads/main refs/remotes/main [4ms]
2024-12-11 00:45:26.290 [info] > git for-each-ref --sort -committerdate --format %(refname) %(objectname) %(*objectname) [4ms]
2024-12-11 00:45:26.379 [info] > git status -z -uall [100ms]
2024-12-11 00:45:31.400 [info] > git config --get commit.template [7ms]
2024-12-11 00:45:31.402 [info] > git for-each-ref --format=%(refname)%00%(upstream:short)%00%(objectname)%00%(upstream:track)%00%(upstream:remotename)%00%(upstream:remoteref) refs/heads/main refs/remotes/main [3ms]
2024-12-11 00:45:31.420 [info] > git for-each-ref --sort -committerdate --format %(refname) %(objectname) %(*objectname) [4ms]
2024-12-11 00:45:31.525 [info] > git status -z -uall [116ms]
2024-12-11 00:45:36.545 [info] > git config --get commit.template [7ms]
2024-12-11 00:45:36.547 [info] > git for-each-ref --format=%(refname)%00%(upstream:short)%00%(objectname)%00%(upstream:track)%00%(upstream:remotename)%00%(upstream:remoteref) refs/heads/main refs/remotes/main [3ms]
2024-12-11 00:45:36.563 [info] > git for-each-ref --sort -committerdate --format %(refname) %(objectname) %(*objectname) [4ms]
2024-12-11 00:45:36.653 [info] > git status -z -uall [99ms]
2024-12-11 00:45:43.768 [info] > git config --get commit.template [7ms]
2024-12-11 00:45:43.771 [info] > git for-each-ref --format=%(refname)%00%(upstream:short)%00%(objectname)%00%(upstream:track)%00%(upstream:remotename)%00%(upstream:remoteref) refs/heads/main refs/remotes/main [3ms]
2024-12-11 00:45:43.787 [info] > git for-each-ref --sort -committerdate --format %(refname) %(objectname) %(*objectname) [4ms]
2024-12-11 00:45:43.880 [info] > git status -z -uall [103ms]
2024-12-11 00:45:48.905 [info] > git config --get commit.template [8ms]
2024-12-11 00:45:48.906 [info] > git for-each-ref --format=%(refname)%00%(upstream:short)%00%(objectname)%00%(upstream:track)%00%(upstream:remotename)%00%(upstream:remoteref) refs/heads/main refs/remotes/main [3ms]
2024-12-11 00:45:48.923 [info] > git for-each-ref --sort -committerdate --format %(refname) %(objectname) %(*objectname) [4ms]
2024-12-11 00:45:49.014 [info] > git status -z -uall [101ms]
2024-12-11 00:45:54.035 [info] > git config --get commit.template [6ms]
2024-12-11 00:45:54.037 [info] > git for-each-ref --format=%(refname)%00%(upstream:short)%00%(objectname)%00%(upstream:track)%00%(upstream:remotename)%00%(upstream:remoteref) refs/heads/main refs/remotes/main [3ms]
2024-12-11 00:45:54.053 [info] > git for-each-ref --sort -committerdate --format %(refname) %(objectname) %(*objectname) [5ms]
2024-12-11 00:45:54.144 [info] > git status -z -uall [101ms]
2024-12-11 00:45:59.164 [info] > git config --get commit.template [6ms]
2024-12-11 00:45:59.166 [info] > git for-each-ref --format=%(refname)%00%(upstream:short)%00%(objectname)%00%(upstream:track)%00%(upstream:remotename)%00%(upstream:remoteref) refs/heads/main refs/remotes/main [3ms]
2024-12-11 00:45:59.188 [info] > git for-each-ref --sort -committerdate --format %(refname) %(objectname) %(*objectname) [8ms]
2024-12-11 00:45:59.271 [info] > git status -z -uall [99ms]
2024-12-11 00:46:07.074 [info] > git config --get commit.template [3ms]
2024-12-11 00:46:07.084 [info] > git for-each-ref --format=%(refname)%00%(upstream:short)%00%(objectname)%00%(upstream:track)%00%(upstream:remotename)%00%(upstream:remoteref) refs/heads/main refs/remotes/main [3ms]
2024-12-11 00:46:07.103 [info] > git for-each-ref --sort -committerdate --format %(refname) %(objectname) %(*objectname) [6ms]
2024-12-11 00:46:07.194 [info] > git status -z -uall [104ms]
