2024-12-14 21:02:48.532 [info] [main] 로그 수준: Info
2024-12-14 21:02:48.532 [info] [main] "git"에서 찾은 git 유효성을 검사하는 중
2024-12-14 21:02:48.532 [info] [main] "2.43.0"에서 git "git"을(를) 사용하는 중
2024-12-14 21:02:48.532 [info] [Model][doInitialScan] Initial repository scan started
2024-12-14 21:02:48.532 [info] > git rev-parse --show-toplevel [19ms]
2024-12-14 21:02:48.532 [info] > git rev-parse --git-dir --git-common-dir [24ms]
2024-12-14 21:02:48.532 [info] [Model][openRepository] Opened repository: /home/ubuntu
2024-12-14 21:02:48.536 [info] > git rev-parse --show-toplevel [5ms]
2024-12-14 21:02:48.537 [info] > git config --get commit.template [10ms]
2024-12-14 21:02:48.644 [info] > git for-each-ref --format=%(refname)%00%(upstream:short)%00%(objectname)%00%(upstream:track)%00%(upstream:remotename)%00%(upstream:remoteref) refs/heads/main refs/remotes/main [95ms]
2024-12-14 21:02:48.670 [info] > git rev-parse --show-toplevel [16ms]
2024-12-14 21:02:48.685 [info] > git for-each-ref --sort -committerdate --format %(refname) %(objectname) %(*objectname) [16ms]
2024-12-14 21:02:48.686 [info] > git rev-parse --show-toplevel [2ms]
2024-12-14 21:02:48.728 [info] > git rev-parse --show-toplevel [16ms]
2024-12-14 21:02:48.749 [info] > git rev-parse --show-toplevel [0ms]
2024-12-14 21:02:48.772 [info] > git rev-parse --show-toplevel [2ms]
2024-12-14 21:02:48.786 [info] > git rev-parse --show-toplevel [0ms]
2024-12-14 21:02:48.829 [info] > git rev-parse --show-toplevel [30ms]
2024-12-14 21:02:48.842 [info] > git rev-parse --show-toplevel [0ms]
2024-12-14 21:02:48.849 [info] > git rev-parse --show-toplevel [0ms]
2024-12-14 21:02:48.869 [info] > git status -z -uall [208ms]
2024-12-14 21:02:48.869 [info] > git rev-parse --show-toplevel [6ms]
2024-12-14 21:02:48.994 [info] > git for-each-ref --format=%(refname)%00%(upstream:short)%00%(objectname)%00%(upstream:track)%00%(upstream:remotename)%00%(upstream:remoteref) refs/heads/main refs/remotes/main [11ms]
2024-12-14 21:02:49.000 [info] > git rev-parse --show-toplevel [121ms]
2024-12-14 21:02:49.354 [info] > git config --local branch.main.vscode-merge-base [353ms]
2024-12-14 21:02:49.354 [warning] [Git][config] git config failed: Failed to execute git
2024-12-14 21:02:49.359 [info] > git config --get commit.template [368ms]
2024-12-14 21:02:49.390 [info] > git reflog main --grep-reflog=branch: Created from *. [32ms]
2024-12-14 21:02:49.396 [info] > git rev-parse --show-toplevel [63ms]
2024-12-14 21:02:49.400 [info] [Model][doInitialScan] Initial repository scan completed - repositories (1), closed repositories (0), parent repositories (0), unsafe repositories (0)
2024-12-14 21:02:49.418 [info] > git check-ignore -v -z --stdin [47ms]
2024-12-14 21:02:49.424 [info] > git symbolic-ref --short refs/remotes/origin/HEAD [23ms]
2024-12-14 21:02:49.424 [info] fatal: ref refs/remotes/origin/HEAD is not a symbolic ref
2024-12-14 21:02:49.424 [warning] [Repository][getDefaultBranch] Failed to get default branch details: Failed to execute git.
2024-12-14 21:02:49.435 [info] > git show --textconv :static/swagger.json [29ms]
2024-12-14 21:02:49.435 [info] > git for-each-ref --format=%(refname)%00%(upstream:short)%00%(objectname)%00%(upstream:track)%00%(upstream:remotename)%00%(upstream:remoteref) refs/heads/main refs/remotes/main [21ms]
2024-12-14 21:02:49.436 [info] > git ls-files --stage -- /home/ubuntu/static/swagger.json [27ms]
2024-12-14 21:02:49.448 [info] > git cat-file -s ab73e4a3c11f5f8d1042eae240b3bad3108103b5 [1ms]
2024-12-14 21:02:49.448 [info] > git merge-base refs/heads/main refs/remotes/origin/main [14ms]
2024-12-14 21:02:49.454 [info] > git diff --name-status -z --diff-filter=ADMR 297643d4dc7e94925d0824c35dbac7c6bcb504e6...refs/remotes/origin/main [1ms]
2024-12-14 21:02:49.487 [info] > git for-each-ref --sort -committerdate --format %(refname) %(objectname) %(*objectname) [1ms]
2024-12-14 21:02:49.542 [info] > git status -z -uall [69ms]
2024-12-14 21:02:49.568 [info] > git blame --root --incremental 297643d4dc7e94925d0824c35dbac7c6bcb504e6 -- /home/ubuntu/static/swagger.json [29ms]
2024-12-14 21:02:51.560 [info] > git config --get commit.template [7ms]
2024-12-14 21:02:51.561 [info] > git for-each-ref --format=%(refname)%00%(upstream:short)%00%(objectname)%00%(upstream:track)%00%(upstream:remotename)%00%(upstream:remoteref) refs/heads/main refs/remotes/main [4ms]
2024-12-14 21:02:51.579 [info] > git for-each-ref --sort -committerdate --format %(refname) %(objectname) %(*objectname) [4ms]
2024-12-14 21:02:51.681 [info] > git status -z -uall [113ms]
2024-12-14 21:02:56.734 [info] > git config --get commit.template [9ms]
2024-12-14 21:02:56.736 [info] > git for-each-ref --format=%(refname)%00%(upstream:short)%00%(objectname)%00%(upstream:track)%00%(upstream:remotename)%00%(upstream:remoteref) refs/heads/main refs/remotes/main [4ms]
2024-12-14 21:02:56.757 [info] > git for-each-ref --sort -committerdate --format %(refname) %(objectname) %(*objectname) [8ms]
2024-12-14 21:02:56.884 [info] > git status -z -uall [141ms]
2024-12-14 21:03:01.938 [info] > git config --get commit.template [8ms]
2024-12-14 21:03:01.940 [info] > git for-each-ref --format=%(refname)%00%(upstream:short)%00%(objectname)%00%(upstream:track)%00%(upstream:remotename)%00%(upstream:remoteref) refs/heads/main refs/remotes/main [4ms]
2024-12-14 21:03:01.959 [info] > git for-each-ref --sort -committerdate --format %(refname) %(objectname) %(*objectname) [6ms]
2024-12-14 21:03:02.059 [info] > git status -z -uall [113ms]
2024-12-14 21:03:34.913 [info] > git config --get commit.template [7ms]
2024-12-14 21:03:34.914 [info] > git for-each-ref --format=%(refname)%00%(upstream:short)%00%(objectname)%00%(upstream:track)%00%(upstream:remotename)%00%(upstream:remoteref) refs/heads/main refs/remotes/main [3ms]
2024-12-14 21:03:34.930 [info] > git for-each-ref --sort -committerdate --format %(refname) %(objectname) %(*objectname) [3ms]
2024-12-14 21:03:35.032 [info] > git status -z -uall [111ms]
2024-12-14 21:03:40.143 [info] > git config --get commit.template [8ms]
2024-12-14 21:03:40.144 [info] > git for-each-ref --format=%(refname)%00%(upstream:short)%00%(objectname)%00%(upstream:track)%00%(upstream:remotename)%00%(upstream:remoteref) refs/heads/main refs/remotes/main [4ms]
2024-12-14 21:03:40.164 [info] > git for-each-ref --sort -committerdate --format %(refname) %(objectname) %(*objectname) [7ms]
2024-12-14 21:03:40.268 [info] > git status -z -uall [118ms]
2024-12-14 21:03:45.353 [info] > git config --get commit.template [8ms]
2024-12-14 21:03:45.354 [info] > git for-each-ref --format=%(refname)%00%(upstream:short)%00%(objectname)%00%(upstream:track)%00%(upstream:remotename)%00%(upstream:remoteref) refs/heads/main refs/remotes/main [4ms]
2024-12-14 21:03:45.373 [info] > git for-each-ref --sort -committerdate --format %(refname) %(objectname) %(*objectname) [6ms]
2024-12-14 21:03:45.477 [info] > git status -z -uall [115ms]
2024-12-14 21:03:55.612 [info] > git config --get commit.template [7ms]
2024-12-14 21:03:55.614 [info] > git for-each-ref --format=%(refname)%00%(upstream:short)%00%(objectname)%00%(upstream:track)%00%(upstream:remotename)%00%(upstream:remoteref) refs/heads/main refs/remotes/main [4ms]
2024-12-14 21:03:55.632 [info] > git for-each-ref --sort -committerdate --format %(refname) %(objectname) %(*objectname) [6ms]
2024-12-14 21:03:55.728 [info] > git status -z -uall [108ms]
2024-12-14 21:04:00.920 [info] > git config --get commit.template [8ms]
2024-12-14 21:04:00.922 [info] > git for-each-ref --format=%(refname)%00%(upstream:short)%00%(objectname)%00%(upstream:track)%00%(upstream:remotename)%00%(upstream:remoteref) refs/heads/main refs/remotes/main [3ms]
2024-12-14 21:04:00.941 [info] > git for-each-ref --sort -committerdate --format %(refname) %(objectname) %(*objectname) [7ms]
2024-12-14 21:04:01.033 [info] > git status -z -uall [103ms]
2024-12-14 21:04:07.202 [info] > git config --get commit.template [7ms]
2024-12-14 21:04:07.204 [info] > git for-each-ref --format=%(refname)%00%(upstream:short)%00%(objectname)%00%(upstream:track)%00%(upstream:remotename)%00%(upstream:remoteref) refs/heads/main refs/remotes/main [3ms]
2024-12-14 21:04:07.233 [info] > git for-each-ref --sort -committerdate --format %(refname) %(objectname) %(*objectname) [16ms]
2024-12-14 21:04:07.321 [info] > git status -z -uall [111ms]
2024-12-14 21:04:12.398 [info] > git config --get commit.template [8ms]
2024-12-14 21:04:12.400 [info] > git for-each-ref --format=%(refname)%00%(upstream:short)%00%(objectname)%00%(upstream:track)%00%(upstream:remotename)%00%(upstream:remoteref) refs/heads/main refs/remotes/main [4ms]
2024-12-14 21:04:12.417 [info] > git for-each-ref --sort -committerdate --format %(refname) %(objectname) %(*objectname) [5ms]
2024-12-14 21:04:12.516 [info] > git status -z -uall [110ms]
2024-12-14 21:04:17.598 [info] > git config --get commit.template [8ms]
2024-12-14 21:04:17.600 [info] > git for-each-ref --format=%(refname)%00%(upstream:short)%00%(objectname)%00%(upstream:track)%00%(upstream:remotename)%00%(upstream:remoteref) refs/heads/main refs/remotes/main [3ms]
2024-12-14 21:04:17.624 [info] > git for-each-ref --sort -committerdate --format %(refname) %(objectname) %(*objectname) [12ms]
2024-12-14 21:04:17.711 [info] > git status -z -uall [105ms]
2024-12-14 21:04:24.384 [info] > git config --get commit.template [7ms]
2024-12-14 21:04:24.386 [info] > git for-each-ref --format=%(refname)%00%(upstream:short)%00%(objectname)%00%(upstream:track)%00%(upstream:remotename)%00%(upstream:remoteref) refs/heads/main refs/remotes/main [3ms]
2024-12-14 21:04:24.402 [info] > git for-each-ref --sort -committerdate --format %(refname) %(objectname) %(*objectname) [4ms]
2024-12-14 21:04:24.505 [info] > git status -z -uall [113ms]
2024-12-14 21:04:29.598 [info] > git config --get commit.template [8ms]
2024-12-14 21:04:29.600 [info] > git for-each-ref --format=%(refname)%00%(upstream:short)%00%(objectname)%00%(upstream:track)%00%(upstream:remotename)%00%(upstream:remoteref) refs/heads/main refs/remotes/main [3ms]
2024-12-14 21:04:29.618 [info] > git for-each-ref --sort -committerdate --format %(refname) %(objectname) %(*objectname) [4ms]
2024-12-14 21:04:29.718 [info] > git status -z -uall [109ms]
2024-12-14 21:04:35.157 [info] > git config --get commit.template [7ms]
2024-12-14 21:04:35.160 [info] > git for-each-ref --format=%(refname)%00%(upstream:short)%00%(objectname)%00%(upstream:track)%00%(upstream:remotename)%00%(upstream:remoteref) refs/heads/main refs/remotes/main [3ms]
2024-12-14 21:04:35.180 [info] > git for-each-ref --sort -committerdate --format %(refname) %(objectname) %(*objectname) [7ms]
2024-12-14 21:04:35.279 [info] > git status -z -uall [113ms]
2024-12-14 21:04:44.845 [info] > git config --get commit.template [8ms]
2024-12-14 21:04:44.847 [info] > git for-each-ref --format=%(refname)%00%(upstream:short)%00%(objectname)%00%(upstream:track)%00%(upstream:remotename)%00%(upstream:remoteref) refs/heads/main refs/remotes/main [3ms]
2024-12-14 21:04:44.863 [info] > git for-each-ref --sort -committerdate --format %(refname) %(objectname) %(*objectname) [4ms]
2024-12-14 21:04:44.956 [info] > git status -z -uall [103ms]
2024-12-14 21:04:51.785 [info] > git config --get commit.template [8ms]
2024-12-14 21:04:51.788 [info] > git for-each-ref --format=%(refname)%00%(upstream:short)%00%(objectname)%00%(upstream:track)%00%(upstream:remotename)%00%(upstream:remoteref) refs/heads/main refs/remotes/main [4ms]
2024-12-14 21:04:51.807 [info] > git for-each-ref --sort -committerdate --format %(refname) %(objectname) %(*objectname) [6ms]
2024-12-14 21:04:51.908 [info] > git status -z -uall [114ms]
2024-12-14 21:05:01.447 [info] > git config --get commit.template [8ms]
2024-12-14 21:05:01.449 [info] > git for-each-ref --format=%(refname)%00%(upstream:short)%00%(objectname)%00%(upstream:track)%00%(upstream:remotename)%00%(upstream:remoteref) refs/heads/main refs/remotes/main [3ms]
2024-12-14 21:05:01.466 [info] > git for-each-ref --sort -committerdate --format %(refname) %(objectname) %(*objectname) [4ms]
2024-12-14 21:05:01.574 [info] > git status -z -uall [118ms]
2024-12-14 21:05:13.591 [info] > git config --get commit.template [8ms]
2024-12-14 21:05:13.593 [info] > git for-each-ref --format=%(refname)%00%(upstream:short)%00%(objectname)%00%(upstream:track)%00%(upstream:remotename)%00%(upstream:remoteref) refs/heads/main refs/remotes/main [3ms]
2024-12-14 21:05:13.609 [info] > git for-each-ref --sort -committerdate --format %(refname) %(objectname) %(*objectname) [4ms]
2024-12-14 21:05:13.717 [info] > git status -z -uall [118ms]
2024-12-14 21:05:18.798 [info] > git config --get commit.template [10ms]
2024-12-14 21:05:18.801 [info] > git for-each-ref --format=%(refname)%00%(upstream:short)%00%(objectname)%00%(upstream:track)%00%(upstream:remotename)%00%(upstream:remoteref) refs/heads/main refs/remotes/main [4ms]
2024-12-14 21:05:18.818 [info] > git for-each-ref --sort -committerdate --format %(refname) %(objectname) %(*objectname) [4ms]
2024-12-14 21:05:18.931 [info] > git status -z -uall [124ms]
2024-12-14 21:06:25.318 [info] > git config --get commit.template [8ms]
2024-12-14 21:06:25.320 [info] > git for-each-ref --format=%(refname)%00%(upstream:short)%00%(objectname)%00%(upstream:track)%00%(upstream:remotename)%00%(upstream:remoteref) refs/heads/main refs/remotes/main [4ms]
2024-12-14 21:06:25.339 [info] > git for-each-ref --sort -committerdate --format %(refname) %(objectname) %(*objectname) [6ms]
2024-12-14 21:06:25.446 [info] > git status -z -uall [119ms]
2024-12-14 21:06:30.540 [info] > git config --get commit.template [7ms]
2024-12-14 21:06:30.541 [info] > git for-each-ref --format=%(refname)%00%(upstream:short)%00%(objectname)%00%(upstream:track)%00%(upstream:remotename)%00%(upstream:remoteref) refs/heads/main refs/remotes/main [3ms]
2024-12-14 21:06:30.560 [info] > git for-each-ref --sort -committerdate --format %(refname) %(objectname) %(*objectname) [6ms]
2024-12-14 21:06:30.661 [info] > git status -z -uall [113ms]
2024-12-14 21:06:42.327 [info] > git config --get commit.template [7ms]
2024-12-14 21:06:42.328 [info] > git for-each-ref --format=%(refname)%00%(upstream:short)%00%(objectname)%00%(upstream:track)%00%(upstream:remotename)%00%(upstream:remoteref) refs/heads/main refs/remotes/main [3ms]
2024-12-14 21:06:42.347 [info] > git for-each-ref --sort -committerdate --format %(refname) %(objectname) %(*objectname) [6ms]
2024-12-14 21:06:42.451 [info] > git status -z -uall [117ms]
2024-12-14 21:06:47.527 [info] > git config --get commit.template [7ms]
2024-12-14 21:06:47.529 [info] > git for-each-ref --format=%(refname)%00%(upstream:short)%00%(objectname)%00%(upstream:track)%00%(upstream:remotename)%00%(upstream:remoteref) refs/heads/main refs/remotes/main [3ms]
2024-12-14 21:06:47.545 [info] > git for-each-ref --sort -committerdate --format %(refname) %(objectname) %(*objectname) [4ms]
2024-12-14 21:06:47.670 [info] > git status -z -uall [135ms]
2024-12-14 21:07:34.645 [info] > git config --get commit.template [1ms]
2024-12-14 21:07:34.654 [info] > git for-each-ref --format=%(refname)%00%(upstream:short)%00%(objectname)%00%(upstream:track)%00%(upstream:remotename)%00%(upstream:remoteref) refs/heads/main refs/remotes/main [4ms]
2024-12-14 21:07:34.673 [info] > git for-each-ref --sort -committerdate --format %(refname) %(objectname) %(*objectname) [5ms]
2024-12-14 21:07:34.778 [info] > git status -z -uall [117ms]
2024-12-14 21:07:39.834 [info] > git config --get commit.template [7ms]
2024-12-14 21:07:39.836 [info] > git for-each-ref --format=%(refname)%00%(upstream:short)%00%(objectname)%00%(upstream:track)%00%(upstream:remotename)%00%(upstream:remoteref) refs/heads/main refs/remotes/main [3ms]
2024-12-14 21:07:39.853 [info] > git for-each-ref --sort -committerdate --format %(refname) %(objectname) %(*objectname) [6ms]
2024-12-14 21:07:39.950 [info] > git status -z -uall [108ms]
2024-12-14 21:07:45.021 [info] > git config --get commit.template [7ms]
2024-12-14 21:07:45.024 [info] > git for-each-ref --format=%(refname)%00%(upstream:short)%00%(objectname)%00%(upstream:track)%00%(upstream:remotename)%00%(upstream:remoteref) refs/heads/main refs/remotes/main [3ms]
2024-12-14 21:07:45.043 [info] > git for-each-ref --sort -committerdate --format %(refname) %(objectname) %(*objectname) [6ms]
2024-12-14 21:07:45.139 [info] > git status -z -uall [109ms]
2024-12-14 21:07:50.219 [info] > git config --get commit.template [9ms]
2024-12-14 21:07:50.220 [info] > git for-each-ref --format=%(refname)%00%(upstream:short)%00%(objectname)%00%(upstream:track)%00%(upstream:remotename)%00%(upstream:remoteref) refs/heads/main refs/remotes/main [3ms]
2024-12-14 21:07:50.237 [info] > git for-each-ref --sort -committerdate --format %(refname) %(objectname) %(*objectname) [5ms]
2024-12-14 21:07:50.340 [info] > git status -z -uall [113ms]
2024-12-14 21:07:55.419 [info] > git config --get commit.template [7ms]
2024-12-14 21:07:55.421 [info] > git for-each-ref --format=%(refname)%00%(upstream:short)%00%(objectname)%00%(upstream:track)%00%(upstream:remotename)%00%(upstream:remoteref) refs/heads/main refs/remotes/main [3ms]
2024-12-14 21:07:55.434 [info] > git for-each-ref --sort -committerdate --format %(refname) %(objectname) %(*objectname) [1ms]
2024-12-14 21:07:55.525 [info] > git status -z -uall [97ms]
2024-12-14 21:08:00.604 [info] > git config --get commit.template [8ms]
2024-12-14 21:08:00.606 [info] > git for-each-ref --format=%(refname)%00%(upstream:short)%00%(objectname)%00%(upstream:track)%00%(upstream:remotename)%00%(upstream:remoteref) refs/heads/main refs/remotes/main [4ms]
2024-12-14 21:08:00.625 [info] > git for-each-ref --sort -committerdate --format %(refname) %(objectname) %(*objectname) [4ms]
2024-12-14 21:08:00.725 [info] > git status -z -uall [112ms]
2024-12-14 21:08:05.802 [info] > git config --get commit.template [8ms]
2024-12-14 21:08:05.804 [info] > git for-each-ref --format=%(refname)%00%(upstream:short)%00%(objectname)%00%(upstream:track)%00%(upstream:remotename)%00%(upstream:remoteref) refs/heads/main refs/remotes/main [3ms]
2024-12-14 21:08:05.822 [info] > git for-each-ref --sort -committerdate --format %(refname) %(objectname) %(*objectname) [4ms]
2024-12-14 21:08:05.926 [info] > git status -z -uall [114ms]
2024-12-14 21:08:11.008 [info] > git config --get commit.template [8ms]
2024-12-14 21:08:11.010 [info] > git for-each-ref --format=%(refname)%00%(upstream:short)%00%(objectname)%00%(upstream:track)%00%(upstream:remotename)%00%(upstream:remoteref) refs/heads/main refs/remotes/main [3ms]
2024-12-14 21:08:11.029 [info] > git for-each-ref --sort -committerdate --format %(refname) %(objectname) %(*objectname) [7ms]
2024-12-14 21:08:11.125 [info] > git status -z -uall [109ms]
2024-12-14 21:08:16.201 [info] > git config --get commit.template [7ms]
2024-12-14 21:08:16.203 [info] > git for-each-ref --format=%(refname)%00%(upstream:short)%00%(objectname)%00%(upstream:track)%00%(upstream:remotename)%00%(upstream:remoteref) refs/heads/main refs/remotes/main [3ms]
2024-12-14 21:08:16.222 [info] > git for-each-ref --sort -committerdate --format %(refname) %(objectname) %(*objectname) [7ms]
2024-12-14 21:08:16.323 [info] > git status -z -uall [113ms]
2024-12-14 21:08:21.367 [info] > git config --get commit.template [8ms]
2024-12-14 21:08:21.369 [info] > git for-each-ref --format=%(refname)%00%(upstream:short)%00%(objectname)%00%(upstream:track)%00%(upstream:remotename)%00%(upstream:remoteref) refs/heads/main refs/remotes/main [3ms]
2024-12-14 21:08:21.386 [info] > git for-each-ref --sort -committerdate --format %(refname) %(objectname) %(*objectname) [5ms]
2024-12-14 21:08:21.490 [info] > git status -z -uall [115ms]
2024-12-14 21:08:26.564 [info] > git config --get commit.template [7ms]
2024-12-14 21:08:26.567 [info] > git for-each-ref --format=%(refname)%00%(upstream:short)%00%(objectname)%00%(upstream:track)%00%(upstream:remotename)%00%(upstream:remoteref) refs/heads/main refs/remotes/main [3ms]
2024-12-14 21:08:26.582 [info] > git for-each-ref --sort -committerdate --format %(refname) %(objectname) %(*objectname) [4ms]
2024-12-14 21:08:26.685 [info] > git status -z -uall [112ms]
2024-12-14 21:08:32.476 [info] > git config --get commit.template [8ms]
2024-12-14 21:08:32.478 [info] > git for-each-ref --format=%(refname)%00%(upstream:short)%00%(objectname)%00%(upstream:track)%00%(upstream:remotename)%00%(upstream:remoteref) refs/heads/main refs/remotes/main [4ms]
2024-12-14 21:08:32.497 [info] > git for-each-ref --sort -committerdate --format %(refname) %(objectname) %(*objectname) [6ms]
2024-12-14 21:08:32.599 [info] > git status -z -uall [114ms]
2024-12-14 21:08:37.675 [info] > git config --get commit.template [8ms]
2024-12-14 21:08:37.677 [info] > git for-each-ref --format=%(refname)%00%(upstream:short)%00%(objectname)%00%(upstream:track)%00%(upstream:remotename)%00%(upstream:remoteref) refs/heads/main refs/remotes/main [3ms]
2024-12-14 21:08:37.693 [info] > git for-each-ref --sort -committerdate --format %(refname) %(objectname) %(*objectname) [4ms]
2024-12-14 21:08:37.796 [info] > git status -z -uall [112ms]
2024-12-14 21:08:42.875 [info] > git config --get commit.template [7ms]
2024-12-14 21:08:42.876 [info] > git for-each-ref --format=%(refname)%00%(upstream:short)%00%(objectname)%00%(upstream:track)%00%(upstream:remotename)%00%(upstream:remoteref) refs/heads/main refs/remotes/main [3ms]
2024-12-14 21:08:42.897 [info] > git for-each-ref --sort -committerdate --format %(refname) %(objectname) %(*objectname) [9ms]
2024-12-14 21:08:42.998 [info] > git status -z -uall [116ms]
2024-12-14 21:08:50.619 [info] > git config --get commit.template [7ms]
2024-12-14 21:08:50.622 [info] > git for-each-ref --format=%(refname)%00%(upstream:short)%00%(objectname)%00%(upstream:track)%00%(upstream:remotename)%00%(upstream:remoteref) refs/heads/main refs/remotes/main [3ms]
2024-12-14 21:08:50.640 [info] > git for-each-ref --sort -committerdate --format %(refname) %(objectname) %(*objectname) [6ms]
2024-12-14 21:08:50.737 [info] > git status -z -uall [109ms]
2024-12-14 21:10:49.015 [info] > git config --get commit.template [7ms]
2024-12-14 21:10:49.017 [info] > git for-each-ref --format=%(refname)%00%(upstream:short)%00%(objectname)%00%(upstream:track)%00%(upstream:remotename)%00%(upstream:remoteref) refs/heads/main refs/remotes/main [3ms]
2024-12-14 21:10:49.048 [info] > git for-each-ref --sort -committerdate --format %(refname) %(objectname) %(*objectname) [16ms]
2024-12-14 21:10:49.127 [info] > git status -z -uall [103ms]
2024-12-14 21:10:54.224 [info] > git config --get commit.template [7ms]
2024-12-14 21:10:54.226 [info] > git for-each-ref --format=%(refname)%00%(upstream:short)%00%(objectname)%00%(upstream:track)%00%(upstream:remotename)%00%(upstream:remoteref) refs/heads/main refs/remotes/main [3ms]
2024-12-14 21:10:54.243 [info] > git for-each-ref --sort -committerdate --format %(refname) %(objectname) %(*objectname) [5ms]
2024-12-14 21:10:54.336 [info] > git status -z -uall [103ms]
2024-12-14 21:13:37.068 [info] > git config --get commit.template [7ms]
2024-12-14 21:13:37.070 [info] > git for-each-ref --format=%(refname)%00%(upstream:short)%00%(objectname)%00%(upstream:track)%00%(upstream:remotename)%00%(upstream:remoteref) refs/heads/main refs/remotes/main [3ms]
2024-12-14 21:13:37.086 [info] > git for-each-ref --sort -committerdate --format %(refname) %(objectname) %(*objectname) [4ms]
2024-12-14 21:13:37.214 [info] > git status -z -uall [138ms]
2024-12-14 21:13:42.296 [info] > git config --get commit.template [7ms]
2024-12-14 21:13:42.297 [info] > git for-each-ref --format=%(refname)%00%(upstream:short)%00%(objectname)%00%(upstream:track)%00%(upstream:remotename)%00%(upstream:remoteref) refs/heads/main refs/remotes/main [3ms]
2024-12-14 21:13:42.313 [info] > git for-each-ref --sort -committerdate --format %(refname) %(objectname) %(*objectname) [4ms]
2024-12-14 21:13:42.420 [info] > git status -z -uall [116ms]
2024-12-14 21:13:47.467 [info] > git config --get commit.template [7ms]
2024-12-14 21:13:47.469 [info] > git for-each-ref --format=%(refname)%00%(upstream:short)%00%(objectname)%00%(upstream:track)%00%(upstream:remotename)%00%(upstream:remoteref) refs/heads/main refs/remotes/main [3ms]
2024-12-14 21:13:47.488 [info] > git for-each-ref --sort -committerdate --format %(refname) %(objectname) %(*objectname) [7ms]
2024-12-14 21:13:47.589 [info] > git status -z -uall [113ms]
2024-12-14 21:13:52.653 [info] > git config --get commit.template [8ms]
2024-12-14 21:13:52.654 [info] > git for-each-ref --format=%(refname)%00%(upstream:short)%00%(objectname)%00%(upstream:track)%00%(upstream:remotename)%00%(upstream:remoteref) refs/heads/main refs/remotes/main [3ms]
2024-12-14 21:13:52.671 [info] > git for-each-ref --sort -committerdate --format %(refname) %(objectname) %(*objectname) [5ms]
2024-12-14 21:13:52.769 [info] > git status -z -uall [108ms]
2024-12-14 21:13:58.190 [info] > git config --get commit.template [7ms]
2024-12-14 21:13:58.192 [info] > git for-each-ref --format=%(refname)%00%(upstream:short)%00%(objectname)%00%(upstream:track)%00%(upstream:remotename)%00%(upstream:remoteref) refs/heads/main refs/remotes/main [3ms]
2024-12-14 21:13:58.214 [info] > git for-each-ref --sort -committerdate --format %(refname) %(objectname) %(*objectname) [10ms]
2024-12-14 21:13:58.313 [info] > git status -z -uall [115ms]
2024-12-14 21:14:03.391 [info] > git config --get commit.template [8ms]
2024-12-14 21:14:03.393 [info] > git for-each-ref --format=%(refname)%00%(upstream:short)%00%(objectname)%00%(upstream:track)%00%(upstream:remotename)%00%(upstream:remoteref) refs/heads/main refs/remotes/main [4ms]
2024-12-14 21:14:03.412 [info] > git for-each-ref --sort -committerdate --format %(refname) %(objectname) %(*objectname) [6ms]
2024-12-14 21:14:03.508 [info] > git status -z -uall [109ms]
2024-12-14 21:14:28.905 [info] > git config --get commit.template [6ms]
2024-12-14 21:14:28.907 [info] > git for-each-ref --format=%(refname)%00%(upstream:short)%00%(objectname)%00%(upstream:track)%00%(upstream:remotename)%00%(upstream:remoteref) refs/heads/main refs/remotes/main [3ms]
2024-12-14 21:14:28.931 [info] > git for-each-ref --sort -committerdate --format %(refname) %(objectname) %(*objectname) [11ms]
2024-12-14 21:14:29.028 [info] > git status -z -uall [115ms]
2024-12-14 21:14:45.237 [info] > git config --get commit.template [7ms]
2024-12-14 21:14:45.239 [info] > git for-each-ref --format=%(refname)%00%(upstream:short)%00%(objectname)%00%(upstream:track)%00%(upstream:remotename)%00%(upstream:remoteref) refs/heads/main refs/remotes/main [3ms]
2024-12-14 21:14:45.258 [info] > git for-each-ref --sort -committerdate --format %(refname) %(objectname) %(*objectname) [6ms]
2024-12-14 21:14:45.357 [info] > git status -z -uall [111ms]
2024-12-14 21:14:50.443 [info] > git config --get commit.template [7ms]
2024-12-14 21:14:50.445 [info] > git for-each-ref --format=%(refname)%00%(upstream:short)%00%(objectname)%00%(upstream:track)%00%(upstream:remotename)%00%(upstream:remoteref) refs/heads/main refs/remotes/main [3ms]
2024-12-14 21:14:50.470 [info] > git for-each-ref --sort -committerdate --format %(refname) %(objectname) %(*objectname) [11ms]
2024-12-14 21:14:50.558 [info] > git status -z -uall [106ms]
2024-12-14 21:14:55.645 [info] > git config --get commit.template [8ms]
2024-12-14 21:14:55.647 [info] > git for-each-ref --format=%(refname)%00%(upstream:short)%00%(objectname)%00%(upstream:track)%00%(upstream:remotename)%00%(upstream:remoteref) refs/heads/main refs/remotes/main [3ms]
2024-12-14 21:14:55.662 [info] > git for-each-ref --sort -committerdate --format %(refname) %(objectname) %(*objectname) [4ms]
2024-12-14 21:14:55.753 [info] > git status -z -uall [100ms]
2024-12-14 21:15:00.833 [info] > git config --get commit.template [7ms]
2024-12-14 21:15:00.835 [info] > git for-each-ref --format=%(refname)%00%(upstream:short)%00%(objectname)%00%(upstream:track)%00%(upstream:remotename)%00%(upstream:remoteref) refs/heads/main refs/remotes/main [3ms]
2024-12-14 21:15:00.854 [info] > git for-each-ref --sort -committerdate --format %(refname) %(objectname) %(*objectname) [5ms]
2024-12-14 21:15:00.943 [info] > git status -z -uall [102ms]
2024-12-14 21:15:06.025 [info] > git config --get commit.template [7ms]
2024-12-14 21:15:06.027 [info] > git for-each-ref --format=%(refname)%00%(upstream:short)%00%(objectname)%00%(upstream:track)%00%(upstream:remotename)%00%(upstream:remoteref) refs/heads/main refs/remotes/main [4ms]
2024-12-14 21:15:06.044 [info] > git for-each-ref --sort -committerdate --format %(refname) %(objectname) %(*objectname) [4ms]
2024-12-14 21:15:06.147 [info] > git status -z -uall [113ms]
2024-12-14 21:15:11.207 [info] > git config --get commit.template [7ms]
2024-12-14 21:15:11.209 [info] > git for-each-ref --format=%(refname)%00%(upstream:short)%00%(objectname)%00%(upstream:track)%00%(upstream:remotename)%00%(upstream:remoteref) refs/heads/main refs/remotes/main [3ms]
2024-12-14 21:15:11.226 [info] > git for-each-ref --sort -committerdate --format %(refname) %(objectname) %(*objectname) [4ms]
2024-12-14 21:15:11.327 [info] > git status -z -uall [112ms]
2024-12-14 21:15:16.406 [info] > git config --get commit.template [7ms]
2024-12-14 21:15:16.408 [info] > git for-each-ref --format=%(refname)%00%(upstream:short)%00%(objectname)%00%(upstream:track)%00%(upstream:remotename)%00%(upstream:remoteref) refs/heads/main refs/remotes/main [3ms]
2024-12-14 21:15:16.424 [info] > git for-each-ref --sort -committerdate --format %(refname) %(objectname) %(*objectname) [4ms]
2024-12-14 21:15:16.525 [info] > git status -z -uall [111ms]
2024-12-14 21:15:23.866 [info] > git config --get commit.template [8ms]
2024-12-14 21:15:23.868 [info] > git for-each-ref --format=%(refname)%00%(upstream:short)%00%(objectname)%00%(upstream:track)%00%(upstream:remotename)%00%(upstream:remoteref) refs/heads/main refs/remotes/main [3ms]
2024-12-14 21:15:23.887 [info] > git for-each-ref --sort -committerdate --format %(refname) %(objectname) %(*objectname) [6ms]
2024-12-14 21:15:23.985 [info] > git status -z -uall [110ms]
2024-12-14 21:15:29.066 [info] > git config --get commit.template [8ms]
2024-12-14 21:15:29.067 [info] > git for-each-ref --format=%(refname)%00%(upstream:short)%00%(objectname)%00%(upstream:track)%00%(upstream:remotename)%00%(upstream:remoteref) refs/heads/main refs/remotes/main [3ms]
2024-12-14 21:15:29.084 [info] > git for-each-ref --sort -committerdate --format %(refname) %(objectname) %(*objectname) [4ms]
2024-12-14 21:15:29.185 [info] > git status -z -uall [111ms]
2024-12-14 21:15:45.021 [info] > git config --get commit.template [6ms]
2024-12-14 21:15:45.023 [info] > git for-each-ref --format=%(refname)%00%(upstream:short)%00%(objectname)%00%(upstream:track)%00%(upstream:remotename)%00%(upstream:remoteref) refs/heads/main refs/remotes/main [3ms]
2024-12-14 21:15:45.038 [info] > git for-each-ref --sort -committerdate --format %(refname) %(objectname) %(*objectname) [4ms]
2024-12-14 21:15:45.143 [info] > git status -z -uall [114ms]
