2024-12-15 09:08:48.572 [info] Extension host with pid 251495 started
2024-12-15 09:08:48.595 [info] Lock '/home/ubuntu/.vscode-server/data/User/workspaceStorage/89c7bb5c0ce2071f34ce53eb8b7aa3eb/vscode.lock': Lock acquired.
2024-12-15 09:08:48.641 [info] ExtensionService#_doActivateExtension vscode.git-base, startup: false, activationEvent: '*', root cause: vscode.git
2024-12-15 09:08:48.642 [info] ExtensionService#_doActivateExtension vscode.emmet, startup: false, activationEvent: 'onLanguage'
2024-12-15 09:08:48.675 [info] ExtensionService#_doActivateExtension vscode.git, startup: false, activationEvent: '*'
2024-12-15 09:08:48.675 [info] ExtensionService#_doActivateExtension vscode.github, startup: false, activationEvent: '*'
2024-12-15 09:08:48.915 [info] Eager extensions activated
2024-12-15 09:08:48.916 [info] ExtensionService#_doActivateExtension vscode.debug-auto-launch, startup: false, activationEvent: 'onStartupFinished'
2024-12-15 09:08:48.916 [info] ExtensionService#_doActivateExtension vscode.merge-conflict, startup: false, activationEvent: 'onStartupFinished'
2024-12-15 09:08:49.166 [warning] [Decorations] CAPPING events from decorations provider vscode.git 2008
2024-12-15 09:08:49.529 [warning] [Decorations] CAPPING events from decorations provider vscode.git 2008
2024-12-15 09:08:49.736 [info] ExtensionService#_doActivateExtension vscode.tunnel-forwarding, startup: false, activationEvent: 'onTunnel'
2024-12-15 09:09:00.029 [warning] [Decorations] CAPPING events from decorations provider vscode.git 2008
2024-12-15 09:09:05.235 [warning] [Decorations] CAPPING events from decorations provider vscode.git 2002
2024-12-15 09:09:06.599 [info] ExtensionService#_doActivateExtension vscode.configuration-editing, startup: false, activationEvent: 'onLanguage:json'
2024-12-15 09:09:06.600 [info] ExtensionService#_doActivateExtension vscode.extension-editing, startup: false, activationEvent: 'onLanguage:json'
2024-12-15 09:09:06.601 [info] ExtensionService#_doActivateExtension vscode.json-language-features, startup: false, activationEvent: 'onLanguage:json'
2024-12-15 09:09:06.601 [info] ExtensionService#_doActivateExtension vscode.npm, startup: false, activationEvent: 'onLanguage:json'
2024-12-15 09:09:10.440 [warning] [Decorations] CAPPING events from decorations provider vscode.git 2003
2024-12-15 09:09:15.653 [warning] [Decorations] CAPPING events from decorations provider vscode.git 2003
2024-12-15 09:09:20.851 [warning] [Decorations] CAPPING events from decorations provider vscode.git 2003
2024-12-15 09:09:26.059 [warning] [Decorations] CAPPING events from decorations provider vscode.git 2003
2024-12-15 09:09:31.255 [warning] [Decorations] CAPPING events from decorations provider vscode.git 2003
2024-12-15 09:09:36.415 [warning] [Decorations] CAPPING events from decorations provider vscode.git 2003
2024-12-15 09:09:41.604 [warning] [Decorations] CAPPING events from decorations provider vscode.git 2003
2024-12-15 09:09:46.800 [warning] [Decorations] CAPPING events from decorations provider vscode.git 2003
2024-12-15 09:09:52.006 [warning] [Decorations] CAPPING events from decorations provider vscode.git 2003
2024-12-15 09:09:57.123 [warning] [Decorations] CAPPING events from decorations provider vscode.git 2003
2024-12-15 09:10:02.321 [warning] [Decorations] CAPPING events from decorations provider vscode.git 2003
2024-12-15 09:10:09.651 [warning] [Decorations] CAPPING events from decorations provider vscode.git 2003
2024-12-15 09:10:14.847 [warning] [Decorations] CAPPING events from decorations provider vscode.git 2003
2024-12-15 09:10:20.656 [warning] [Decorations] CAPPING events from decorations provider vscode.git 2003
2024-12-15 09:10:27.475 [warning] [Decorations] CAPPING events from decorations provider vscode.git 2003
2024-12-15 09:11:37.768 [warning] [Decorations] CAPPING events from decorations provider vscode.git 2003
2024-12-15 09:11:42.980 [warning] [Decorations] CAPPING events from decorations provider vscode.git 2003
2024-12-15 09:11:48.188 [warning] [Decorations] CAPPING events from decorations provider vscode.git 2003
2024-12-15 09:11:53.391 [warning] [Decorations] CAPPING events from decorations provider vscode.git 2003
2024-12-15 09:11:58.559 [warning] [Decorations] CAPPING events from decorations provider vscode.git 2003
2024-12-15 09:12:03.753 [warning] [Decorations] CAPPING events from decorations provider vscode.git 2003
2024-12-15 09:12:08.955 [warning] [Decorations] CAPPING events from decorations provider vscode.git 2003
2024-12-15 09:12:14.153 [warning] [Decorations] CAPPING events from decorations provider vscode.git 2003
2024-12-15 09:12:19.307 [warning] [Decorations] CAPPING events from decorations provider vscode.git 2003
2024-12-15 09:12:24.509 [warning] [Decorations] CAPPING events from decorations provider vscode.git 2003
2024-12-15 09:12:30.034 [warning] [Decorations] CAPPING events from decorations provider vscode.git 2003
2024-12-15 09:12:35.235 [warning] [Decorations] CAPPING events from decorations provider vscode.git 2003
2024-12-15 09:12:40.439 [warning] [Decorations] CAPPING events from decorations provider vscode.git 2003
2024-12-15 09:12:45.646 [warning] [Decorations] CAPPING events from decorations provider vscode.git 2003
2024-12-15 09:12:50.808 [warning] [Decorations] CAPPING events from decorations provider vscode.git 2003
2024-12-15 09:12:56.015 [warning] [Decorations] CAPPING events from decorations provider vscode.git 2003
2024-12-15 09:13:17.237 [warning] [Decorations] CAPPING events from decorations provider vscode.git 2003
2024-12-15 09:13:22.444 [warning] [Decorations] CAPPING events from decorations provider vscode.git 2003
2024-12-15 09:13:27.651 [warning] [Decorations] CAPPING events from decorations provider vscode.git 2003
2024-12-15 09:13:32.846 [warning] [Decorations] CAPPING events from decorations provider vscode.git 2003
2024-12-15 09:20:27.033 [warning] [Decorations] CAPPING events from decorations provider vscode.git 2003
2024-12-15 09:20:32.198 [warning] [Decorations] CAPPING events from decorations provider vscode.git 2003
2024-12-15 09:20:37.389 [warning] [Decorations] CAPPING events from decorations provider vscode.git 2003
2024-12-15 09:20:59.741 [warning] [Decorations] CAPPING events from decorations provider vscode.git 2003
2024-12-15 09:21:32.058 [warning] [Decorations] CAPPING events from decorations provider vscode.git 2003
2024-12-15 09:21:37.272 [warning] [Decorations] CAPPING events from decorations provider vscode.git 2003
2024-12-15 09:21:42.476 [warning] [Decorations] CAPPING events from decorations provider vscode.git 2003
2024-12-15 09:22:11.579 [warning] [Decorations] CAPPING events from decorations provider vscode.git 2003
2024-12-15 09:22:16.873 [warning] [Decorations] CAPPING events from decorations provider vscode.git 2007
2024-12-15 09:22:31.646 [warning] [Decorations] CAPPING events from decorations provider vscode.git 2007
2024-12-15 09:24:30.656 [warning] [Decorations] CAPPING events from decorations provider vscode.git 2007
2024-12-15 09:24:35.860 [warning] [Decorations] CAPPING events from decorations provider vscode.git 2007
2024-12-15 09:24:41.063 [warning] [Decorations] CAPPING events from decorations provider vscode.git 2007
2024-12-15 09:25:25.887 [warning] [Decorations] CAPPING events from decorations provider vscode.git 2007
2024-12-15 09:25:31.089 [warning] [Decorations] CAPPING events from decorations provider vscode.git 2008
2024-12-15 09:26:41.223 [warning] [Decorations] CAPPING events from decorations provider vscode.git 2008
2024-12-15 09:26:46.449 [warning] [Decorations] CAPPING events from decorations provider vscode.git 2008
2024-12-15 09:26:52.122 [warning] [Decorations] CAPPING events from decorations provider vscode.git 2008
2024-12-15 09:26:57.302 [warning] [Decorations] CAPPING events from decorations provider vscode.git 2008
2024-12-15 09:27:02.501 [warning] [Decorations] CAPPING events from decorations provider vscode.git 2008
2024-12-15 09:27:07.693 [warning] [Decorations] CAPPING events from decorations provider vscode.git 2008
2024-12-15 09:27:36.173 [warning] [Decorations] CAPPING events from decorations provider vscode.git 2010
2024-12-15 09:27:41.378 [warning] [Decorations] CAPPING events from decorations provider vscode.git 2010
2024-12-15 09:28:40.642 [warning] [Decorations] CAPPING events from decorations provider vscode.git 2010
2024-12-15 09:28:45.841 [warning] [Decorations] CAPPING events from decorations provider vscode.git 2010
2024-12-15 09:28:51.045 [warning] [Decorations] CAPPING events from decorations provider vscode.git 2010
2024-12-15 09:29:18.388 [warning] [Decorations] CAPPING events from decorations provider vscode.git 2010
2024-12-15 09:29:23.599 [warning] [Decorations] CAPPING events from decorations provider vscode.git 2010
2024-12-15 09:29:28.793 [warning] [Decorations] CAPPING events from decorations provider vscode.git 2011
2024-12-15 09:29:49.425 [warning] [Decorations] CAPPING events from decorations provider vscode.git 2011
2024-12-15 09:29:54.632 [warning] [Decorations] CAPPING events from decorations provider vscode.git 2012
2024-12-15 09:30:02.654 [warning] [Decorations] CAPPING events from decorations provider vscode.git 2012
2024-12-15 09:30:14.426 [warning] [Decorations] CAPPING events from decorations provider vscode.git 2012
2024-12-15 09:30:31.319 [warning] [Decorations] CAPPING events from decorations provider vscode.git 2012
2024-12-15 09:30:54.306 [warning] [Decorations] CAPPING events from decorations provider vscode.git 2012
2024-12-15 09:30:59.513 [warning] [Decorations] CAPPING events from decorations provider vscode.git 2012
2024-12-15 09:31:04.729 [warning] [Decorations] CAPPING events from decorations provider vscode.git 2012
2024-12-15 09:31:09.931 [warning] [Decorations] CAPPING events from decorations provider vscode.git 2012
2024-12-15 09:31:15.112 [warning] [Decorations] CAPPING events from decorations provider vscode.git 2012
2024-12-15 09:31:58.280 [warning] [Decorations] CAPPING events from decorations provider vscode.git 2013
2024-12-15 09:32:03.484 [warning] [Decorations] CAPPING events from decorations provider vscode.git 2012
2024-12-15 09:32:08.701 [warning] [Decorations] CAPPING events from decorations provider vscode.git 2012
2024-12-15 09:32:13.906 [warning] [Decorations] CAPPING events from decorations provider vscode.git 2012
2024-12-15 09:32:19.094 [warning] [Decorations] CAPPING events from decorations provider vscode.git 2012
2024-12-15 09:32:24.263 [warning] [Decorations] CAPPING events from decorations provider vscode.git 2012
2024-12-15 09:32:29.459 [warning] [Decorations] CAPPING events from decorations provider vscode.git 2012
2024-12-15 09:33:25.408 [warning] [Decorations] CAPPING events from decorations provider vscode.git 2012
2024-12-15 09:33:31.893 [warning] [Decorations] CAPPING events from decorations provider vscode.git 2012
2024-12-15 09:33:37.098 [warning] [Decorations] CAPPING events from decorations provider vscode.git 2012
2024-12-15 09:33:42.321 [warning] [Decorations] CAPPING events from decorations provider vscode.git 2012
2024-12-15 09:34:24.067 [warning] [Decorations] CAPPING events from decorations provider vscode.git 2014
2024-12-15 09:34:29.285 [warning] [Decorations] CAPPING events from decorations provider vscode.git 2014
2024-12-15 09:34:49.108 [warning] [Decorations] CAPPING events from decorations provider vscode.git 2014
2024-12-15 09:34:58.512 [warning] [Decorations] CAPPING events from decorations provider vscode.git 2014
2024-12-15 09:35:03.714 [warning] [Decorations] CAPPING events from decorations provider vscode.git 2014
2024-12-15 09:35:08.894 [warning] [Decorations] CAPPING events from decorations provider vscode.git 2014
2024-12-15 09:35:14.103 [warning] [Decorations] CAPPING events from decorations provider vscode.git 2014
2024-12-15 09:35:20.316 [warning] [Decorations] CAPPING events from decorations provider vscode.git 2014
2024-12-15 09:35:35.202 [warning] [Decorations] CAPPING events from decorations provider vscode.git 2015
2024-12-15 09:35:47.331 [warning] [Decorations] CAPPING events from decorations provider vscode.git 2015
2024-12-15 09:35:52.540 [warning] [Decorations] CAPPING events from decorations provider vscode.git 2015
2024-12-15 09:36:25.612 [warning] [Decorations] CAPPING events from decorations provider vscode.git 2015
2024-12-15 09:36:30.825 [warning] [Decorations] CAPPING events from decorations provider vscode.git 2015
2024-12-15 09:36:37.760 [warning] [Decorations] CAPPING events from decorations provider vscode.git 2019
2024-12-15 09:36:44.352 [warning] [Decorations] CAPPING events from decorations provider vscode.git 2019
2024-12-15 09:36:49.557 [warning] [Decorations] CAPPING events from decorations provider vscode.git 2019
2024-12-15 09:36:54.764 [warning] [Decorations] CAPPING events from decorations provider vscode.git 2019
2024-12-15 09:36:59.959 [warning] [Decorations] CAPPING events from decorations provider vscode.git 2019
2024-12-15 09:37:05.160 [warning] [Decorations] CAPPING events from decorations provider vscode.git 2019
2024-12-15 09:37:10.349 [warning] [Decorations] CAPPING events from decorations provider vscode.git 2019
2024-12-15 09:37:15.499 [warning] [Decorations] CAPPING events from decorations provider vscode.git 2019
2024-12-15 09:37:20.700 [warning] [Decorations] CAPPING events from decorations provider vscode.git 2019
2024-12-15 09:37:25.895 [warning] [Decorations] CAPPING events from decorations provider vscode.git 2019
2024-12-15 09:37:31.098 [warning] [Decorations] CAPPING events from decorations provider vscode.git 2019
2024-12-15 09:37:36.296 [warning] [Decorations] CAPPING events from decorations provider vscode.git 2019
2024-12-15 09:37:41.502 [warning] [Decorations] CAPPING events from decorations provider vscode.git 2019
2024-12-15 09:37:46.711 [warning] [Decorations] CAPPING events from decorations provider vscode.git 2019
2024-12-15 09:37:51.913 [warning] [Decorations] CAPPING events from decorations provider vscode.git 2019
2024-12-15 09:37:57.083 [warning] [Decorations] CAPPING events from decorations provider vscode.git 2019
2024-12-15 09:38:02.280 [warning] [Decorations] CAPPING events from decorations provider vscode.git 2019
2024-12-15 09:38:11.899 [warning] [Decorations] CAPPING events from decorations provider vscode.git 2019
2024-12-15 09:38:17.103 [warning] [Decorations] CAPPING events from decorations provider vscode.git 2021
2024-12-15 09:38:26.005 [warning] [Decorations] CAPPING events from decorations provider vscode.git 2020
2024-12-15 09:38:38.637 [warning] [Decorations] CAPPING events from decorations provider vscode.git 2020
2024-12-15 09:38:55.704 [warning] [Decorations] CAPPING events from decorations provider vscode.git 2020
2024-12-15 09:39:00.910 [warning] [Decorations] CAPPING events from decorations provider vscode.git 2020
2024-12-15 09:39:06.113 [warning] [Decorations] CAPPING events from decorations provider vscode.git 2020
2024-12-15 09:39:11.311 [warning] [Decorations] CAPPING events from decorations provider vscode.git 2020
2024-12-15 09:39:16.519 [warning] [Decorations] CAPPING events from decorations provider vscode.git 2020
2024-12-15 09:39:21.704 [warning] [Decorations] CAPPING events from decorations provider vscode.git 2020
2024-12-15 09:39:26.866 [warning] [Decorations] CAPPING events from decorations provider vscode.git 2021
2024-12-15 09:39:37.664 [warning] [Decorations] CAPPING events from decorations provider vscode.git 2021
2024-12-15 09:39:42.873 [warning] [Decorations] CAPPING events from decorations provider vscode.git 2021
2024-12-15 09:39:48.075 [warning] [Decorations] CAPPING events from decorations provider vscode.git 2021
2024-12-15 09:39:53.279 [warning] [Decorations] CAPPING events from decorations provider vscode.git 2021
2024-12-15 09:39:58.481 [warning] [Decorations] CAPPING events from decorations provider vscode.git 2021
2024-12-15 09:40:03.660 [warning] [Decorations] CAPPING events from decorations provider vscode.git 2021
2024-12-15 09:40:08.850 [warning] [Decorations] CAPPING events from decorations provider vscode.git 2021
2024-12-15 09:40:14.049 [warning] [Decorations] CAPPING events from decorations provider vscode.git 2021
2024-12-15 09:40:19.248 [warning] [Decorations] CAPPING events from decorations provider vscode.git 2021
2024-12-15 09:40:24.450 [warning] [Decorations] CAPPING events from decorations provider vscode.git 2022
2024-12-15 09:40:29.650 [warning] [Decorations] CAPPING events from decorations provider vscode.git 2022
2024-12-15 09:40:34.862 [warning] [Decorations] CAPPING events from decorations provider vscode.git 2022
2024-12-15 09:40:40.064 [warning] [Decorations] CAPPING events from decorations provider vscode.git 2022
2024-12-15 09:40:45.269 [warning] [Decorations] CAPPING events from decorations provider vscode.git 2022
2024-12-15 09:40:50.479 [warning] [Decorations] CAPPING events from decorations provider vscode.git 2022
2024-12-15 09:40:55.685 [warning] [Decorations] CAPPING events from decorations provider vscode.git 2022
2024-12-15 09:41:00.883 [warning] [Decorations] CAPPING events from decorations provider vscode.git 2022
2024-12-15 09:41:06.092 [warning] [Decorations] CAPPING events from decorations provider vscode.git 2022
2024-12-15 09:41:14.208 [warning] [Decorations] CAPPING events from decorations provider vscode.git 2022
2024-12-15 09:41:19.429 [warning] [Decorations] CAPPING events from decorations provider vscode.git 2023
2024-12-15 09:41:24.631 [warning] [Decorations] CAPPING events from decorations provider vscode.git 2023
2024-12-15 09:41:43.596 [warning] [Decorations] CAPPING events from decorations provider vscode.git 2023
2024-12-15 09:42:27.430 [warning] [Decorations] CAPPING events from decorations provider vscode.git 2023
2024-12-15 09:42:32.636 [warning] [Decorations] CAPPING events from decorations provider vscode.git 2023
2024-12-15 09:42:38.208 [warning] [Decorations] CAPPING events from decorations provider vscode.git 2023
2024-12-15 09:42:43.415 [warning] [Decorations] CAPPING events from decorations provider vscode.git 2023
2024-12-15 09:42:49.237 [warning] [Decorations] CAPPING events from decorations provider vscode.git 2023
2024-12-15 09:42:54.447 [warning] [Decorations] CAPPING events from decorations provider vscode.git 2023
2024-12-15 09:42:59.639 [warning] [Decorations] CAPPING events from decorations provider vscode.git 2023
2024-12-15 09:43:04.845 [warning] [Decorations] CAPPING events from decorations provider vscode.git 2023
2024-12-15 09:43:10.039 [warning] [Decorations] CAPPING events from decorations provider vscode.git 2024
2024-12-15 09:44:19.680 [warning] [Decorations] CAPPING events from decorations provider vscode.git 2024
2024-12-15 09:44:50.566 [warning] [Decorations] CAPPING events from decorations provider vscode.git 2024
2024-12-15 09:44:55.745 [warning] [Decorations] CAPPING events from decorations provider vscode.git 2024
2024-12-15 09:45:00.949 [warning] [Decorations] CAPPING events from decorations provider vscode.git 2024
2024-12-15 09:45:06.150 [warning] [Decorations] CAPPING events from decorations provider vscode.git 2025
2024-12-15 09:46:12.687 [warning] [Decorations] CAPPING events from decorations provider vscode.git 2025
2024-12-15 09:46:17.889 [warning] [Decorations] CAPPING events from decorations provider vscode.git 2025
2024-12-15 09:46:23.084 [warning] [Decorations] CAPPING events from decorations provider vscode.git 2025
2024-12-15 09:46:28.288 [warning] [Decorations] CAPPING events from decorations provider vscode.git 2025
2024-12-15 09:47:27.912 [warning] [Decorations] CAPPING events from decorations provider vscode.git 2025
2024-12-15 09:47:33.090 [warning] [Decorations] CAPPING events from decorations provider vscode.git 2025
2024-12-15 09:47:38.296 [warning] [Decorations] CAPPING events from decorations provider vscode.git 2025
2024-12-15 09:47:43.480 [warning] [Decorations] CAPPING events from decorations provider vscode.git 2025
2024-12-15 09:47:48.674 [warning] [Decorations] CAPPING events from decorations provider vscode.git 2025
2024-12-15 09:47:53.903 [warning] [Decorations] CAPPING events from decorations provider vscode.git 2025
2024-12-15 09:48:45.394 [warning] [Decorations] CAPPING events from decorations provider vscode.git 2025
2024-12-15 09:48:50.600 [warning] [Decorations] CAPPING events from decorations provider vscode.git 2025
2024-12-15 09:50:04.905 [warning] [Decorations] CAPPING events from decorations provider vscode.git 2025
2024-12-15 09:50:10.118 [warning] [Decorations] CAPPING events from decorations provider vscode.git 2025
2024-12-15 09:50:15.301 [warning] [Decorations] CAPPING events from decorations provider vscode.git 2025
2024-12-15 09:50:20.491 [warning] [Decorations] CAPPING events from decorations provider vscode.git 2025
2024-12-15 09:50:52.170 [warning] [Decorations] CAPPING events from decorations provider vscode.git 2025
2024-12-15 09:50:57.376 [warning] [Decorations] CAPPING events from decorations provider vscode.git 2025
2024-12-15 09:51:19.272 [warning] [Decorations] CAPPING events from decorations provider vscode.git 2025
2024-12-15 09:51:24.487 [warning] [Decorations] CAPPING events from decorations provider vscode.git 2026
2024-12-15 09:52:35.031 [warning] [Decorations] CAPPING events from decorations provider vscode.git 2026
2024-12-15 09:53:12.333 [warning] [Decorations] CAPPING events from decorations provider vscode.git 2026
2024-12-15 09:54:28.894 [warning] [Decorations] CAPPING events from decorations provider vscode.git 2026
2024-12-15 09:54:43.082 [warning] [Decorations] CAPPING events from decorations provider vscode.git 2026
2024-12-15 09:54:48.286 [warning] [Decorations] CAPPING events from decorations provider vscode.git 2026
2024-12-15 09:54:53.498 [warning] [Decorations] CAPPING events from decorations provider vscode.git 2026
2024-12-15 09:54:58.706 [warning] [Decorations] CAPPING events from decorations provider vscode.git 2026
2024-12-15 09:55:03.904 [warning] [Decorations] CAPPING events from decorations provider vscode.git 2026
2024-12-15 09:55:09.116 [warning] [Decorations] CAPPING events from decorations provider vscode.git 2026
2024-12-15 09:55:14.323 [warning] [Decorations] CAPPING events from decorations provider vscode.git 2026
2024-12-15 09:56:08.865 [warning] [Decorations] CAPPING events from decorations provider vscode.git 2026
2024-12-15 09:56:14.060 [warning] [Decorations] CAPPING events from decorations provider vscode.git 2026
2024-12-15 09:56:19.278 [warning] [Decorations] CAPPING events from decorations provider vscode.git 2031
2024-12-15 09:56:28.027 [warning] [Decorations] CAPPING events from decorations provider vscode.git 2031
2024-12-15 09:56:33.252 [warning] [Decorations] CAPPING events from decorations provider vscode.git 2031
2024-12-15 09:56:39.004 [warning] [Decorations] CAPPING events from decorations provider vscode.git 2031
2024-12-15 09:56:58.094 [warning] [Decorations] CAPPING events from decorations provider vscode.git 2032
2024-12-15 09:57:03.302 [warning] [Decorations] CAPPING events from decorations provider vscode.git 2032
2024-12-15 09:57:08.497 [warning] [Decorations] CAPPING events from decorations provider vscode.git 2032
2024-12-15 09:57:13.688 [warning] [Decorations] CAPPING events from decorations provider vscode.git 2032
2024-12-15 09:57:18.894 [warning] [Decorations] CAPPING events from decorations provider vscode.git 2032
2024-12-15 09:57:24.409 [warning] [Decorations] CAPPING events from decorations provider vscode.git 2032
2024-12-15 09:57:29.597 [warning] [Decorations] CAPPING events from decorations provider vscode.git 2032
2024-12-15 09:57:34.794 [warning] [Decorations] CAPPING events from decorations provider vscode.git 2032
2024-12-15 09:57:39.995 [warning] [Decorations] CAPPING events from decorations provider vscode.git 2033
2024-12-15 09:58:46.946 [warning] [Decorations] CAPPING events from decorations provider vscode.git 2033
2024-12-15 09:58:52.149 [warning] [Decorations] CAPPING events from decorations provider vscode.git 2033
2024-12-15 09:58:57.357 [warning] [Decorations] CAPPING events from decorations provider vscode.git 2033
2024-12-15 09:59:02.939 [warning] [Decorations] CAPPING events from decorations provider vscode.git 2033
2024-12-15 10:15:14.919 [warning] [Decorations] CAPPING events from decorations provider vscode.git 2033
2024-12-15 10:15:20.128 [warning] [Decorations] CAPPING events from decorations provider vscode.git 2033
2024-12-15 10:15:25.901 [warning] [Decorations] CAPPING events from decorations provider vscode.git 2034
2024-12-15 10:15:31.886 [warning] [Decorations] CAPPING events from decorations provider vscode.git 2034
2024-12-15 10:15:37.081 [warning] [Decorations] CAPPING events from decorations provider vscode.git 2034
2024-12-15 10:15:42.252 [warning] [Decorations] CAPPING events from decorations provider vscode.git 2034
2024-12-15 10:15:47.459 [warning] [Decorations] CAPPING events from decorations provider vscode.git 2034
2024-12-15 10:15:52.659 [warning] [Decorations] CAPPING events from decorations provider vscode.git 2034
2024-12-15 10:15:57.859 [warning] [Decorations] CAPPING events from decorations provider vscode.git 2034
2024-12-15 10:16:03.020 [warning] [Decorations] CAPPING events from decorations provider vscode.git 2034
2024-12-15 10:16:08.223 [warning] [Decorations] CAPPING events from decorations provider vscode.git 2034
2024-12-15 10:16:13.398 [warning] [Decorations] CAPPING events from decorations provider vscode.git 2034
2024-12-15 10:16:18.598 [warning] [Decorations] CAPPING events from decorations provider vscode.git 2034
2024-12-15 10:16:23.792 [warning] [Decorations] CAPPING events from decorations provider vscode.git 2034
2024-12-15 10:16:45.004 [warning] [Decorations] CAPPING events from decorations provider vscode.git 2034
2024-12-15 10:16:50.210 [warning] [Decorations] CAPPING events from decorations provider vscode.git 2034
2024-12-15 10:16:55.408 [warning] [Decorations] CAPPING events from decorations provider vscode.git 2034
2024-12-15 10:17:00.627 [warning] [Decorations] CAPPING events from decorations provider vscode.git 2035
2024-12-15 10:18:13.732 [warning] [Decorations] CAPPING events from decorations provider vscode.git 2035
2024-12-15 10:18:18.943 [warning] [Decorations] CAPPING events from decorations provider vscode.git 2035
2024-12-15 10:18:24.115 [warning] [Decorations] CAPPING events from decorations provider vscode.git 2035
2024-12-15 10:18:29.306 [warning] [Decorations] CAPPING events from decorations provider vscode.git 2035
2024-12-15 10:18:34.507 [warning] [Decorations] CAPPING events from decorations provider vscode.git 2035
2024-12-15 10:18:39.705 [warning] [Decorations] CAPPING events from decorations provider vscode.git 2035
2024-12-15 10:18:44.872 [warning] [Decorations] CAPPING events from decorations provider vscode.git 2035
2024-12-15 10:18:50.058 [warning] [Decorations] CAPPING events from decorations provider vscode.git 2035
2024-12-15 10:18:55.263 [warning] [Decorations] CAPPING events from decorations provider vscode.git 2035
2024-12-15 10:19:00.456 [warning] [Decorations] CAPPING events from decorations provider vscode.git 2035
2024-12-15 10:19:05.644 [warning] [Decorations] CAPPING events from decorations provider vscode.git 2035
2024-12-15 10:19:10.863 [warning] [Decorations] CAPPING events from decorations provider vscode.git 2035
2024-12-15 10:19:16.066 [warning] [Decorations] CAPPING events from decorations provider vscode.git 2036
2024-12-15 10:19:21.262 [warning] [Decorations] CAPPING events from decorations provider vscode.git 2036
2024-12-15 10:19:26.459 [warning] [Decorations] CAPPING events from decorations provider vscode.git 2036
2024-12-15 10:19:31.663 [warning] [Decorations] CAPPING events from decorations provider vscode.git 2036
2024-12-15 10:19:36.868 [warning] [Decorations] CAPPING events from decorations provider vscode.git 2036
2024-12-15 10:19:42.069 [warning] [Decorations] CAPPING events from decorations provider vscode.git 2036
2024-12-15 10:19:47.235 [warning] [Decorations] CAPPING events from decorations provider vscode.git 2036
2024-12-15 10:19:52.429 [warning] [Decorations] CAPPING events from decorations provider vscode.git 2036
2024-12-15 10:19:57.631 [warning] [Decorations] CAPPING events from decorations provider vscode.git 2036
2024-12-15 10:20:17.796 [warning] [Decorations] CAPPING events from decorations provider vscode.git 2036
2024-12-15 10:20:23.008 [warning] [Decorations] CAPPING events from decorations provider vscode.git 2036
2024-12-15 10:20:28.181 [warning] [Decorations] CAPPING events from decorations provider vscode.git 2036
2024-12-15 10:20:33.367 [warning] [Decorations] CAPPING events from decorations provider vscode.git 2037
2024-12-15 10:20:38.565 [warning] [Decorations] CAPPING events from decorations provider vscode.git 2037
2024-12-15 10:20:43.778 [warning] [Decorations] CAPPING events from decorations provider vscode.git 2037
2024-12-15 10:20:48.985 [warning] [Decorations] CAPPING events from decorations provider vscode.git 2037
2024-12-15 10:20:54.554 [warning] [Decorations] CAPPING events from decorations provider vscode.git 2037
2024-12-15 10:20:59.721 [warning] [Decorations] CAPPING events from decorations provider vscode.git 2037
2024-12-15 10:21:06.066 [warning] [Decorations] CAPPING events from decorations provider vscode.git 2037
2024-12-15 10:21:11.266 [warning] [Decorations] CAPPING events from decorations provider vscode.git 2038
2024-12-15 10:22:00.885 [warning] [Decorations] CAPPING events from decorations provider vscode.git 2038
2024-12-15 10:22:06.082 [warning] [Decorations] CAPPING events from decorations provider vscode.git 2038
2024-12-15 10:22:38.340 [warning] [Decorations] CAPPING events from decorations provider vscode.git 2038
2024-12-15 10:22:43.542 [warning] [Decorations] CAPPING events from decorations provider vscode.git 2039
2024-12-15 10:23:19.519 [warning] [Decorations] CAPPING events from decorations provider vscode.git 2039
2024-12-15 10:23:24.736 [warning] [Decorations] CAPPING events from decorations provider vscode.git 2039
2024-12-15 10:23:57.166 [warning] [Decorations] CAPPING events from decorations provider vscode.git 2039
2024-12-15 10:24:02.365 [warning] [Decorations] CAPPING events from decorations provider vscode.git 2043
2024-12-15 10:24:07.567 [warning] [Decorations] CAPPING events from decorations provider vscode.git 2043
2024-12-15 10:24:12.767 [warning] [Decorations] CAPPING events from decorations provider vscode.git 2043
2024-12-15 10:24:17.971 [warning] [Decorations] CAPPING events from decorations provider vscode.git 2043
2024-12-15 10:24:23.177 [warning] [Decorations] CAPPING events from decorations provider vscode.git 2043
2024-12-15 10:24:28.891 [warning] [Decorations] CAPPING events from decorations provider vscode.git 2043
2024-12-15 10:24:34.890 [warning] [Decorations] CAPPING events from decorations provider vscode.git 2043
2024-12-15 10:24:40.100 [warning] [Decorations] CAPPING events from decorations provider vscode.git 2043
2024-12-15 10:24:45.269 [warning] [Decorations] CAPPING events from decorations provider vscode.git 2043
2024-12-15 10:24:50.485 [warning] [Decorations] CAPPING events from decorations provider vscode.git 2043
2024-12-15 10:26:44.107 [warning] [Decorations] CAPPING events from decorations provider vscode.git 2043
2024-12-15 10:26:49.306 [warning] [Decorations] CAPPING events from decorations provider vscode.git 2043
2024-12-15 10:26:54.506 [warning] [Decorations] CAPPING events from decorations provider vscode.git 2043
2024-12-15 10:26:59.703 [warning] [Decorations] CAPPING events from decorations provider vscode.git 2043
2024-12-15 10:27:04.912 [warning] [Decorations] CAPPING events from decorations provider vscode.git 2043
2024-12-15 10:27:10.095 [warning] [Decorations] CAPPING events from decorations provider vscode.git 2043
2024-12-15 10:27:15.267 [warning] [Decorations] CAPPING events from decorations provider vscode.git 2043
2024-12-15 10:27:20.789 [warning] [Decorations] CAPPING events from decorations provider vscode.git 2043
2024-12-15 10:27:25.997 [warning] [Decorations] CAPPING events from decorations provider vscode.git 2043
2024-12-15 10:27:31.201 [warning] [Decorations] CAPPING events from decorations provider vscode.git 2043
2024-12-15 10:27:36.414 [warning] [Decorations] CAPPING events from decorations provider vscode.git 2043
2024-12-15 10:27:41.592 [warning] [Decorations] CAPPING events from decorations provider vscode.git 2043
2024-12-15 10:27:46.794 [warning] [Decorations] CAPPING events from decorations provider vscode.git 2043
2024-12-15 10:27:51.998 [warning] [Decorations] CAPPING events from decorations provider vscode.git 2043
2024-12-15 10:27:57.200 [warning] [Decorations] CAPPING events from decorations provider vscode.git 2043
2024-12-15 10:28:02.372 [warning] [Decorations] CAPPING events from decorations provider vscode.git 2043
2024-12-15 10:28:07.564 [warning] [Decorations] CAPPING events from decorations provider vscode.git 2043
2024-12-15 10:28:12.759 [warning] [Decorations] CAPPING events from decorations provider vscode.git 2043
2024-12-15 10:28:17.925 [warning] [Decorations] CAPPING events from decorations provider vscode.git 2043
2024-12-15 10:28:23.127 [warning] [Decorations] CAPPING events from decorations provider vscode.git 2043
2024-12-15 10:28:28.328 [warning] [Decorations] CAPPING events from decorations provider vscode.git 2043
2024-12-15 10:28:33.528 [warning] [Decorations] CAPPING events from decorations provider vscode.git 2043
2024-12-15 10:28:38.692 [warning] [Decorations] CAPPING events from decorations provider vscode.git 2043
2024-12-15 10:28:43.887 [warning] [Decorations] CAPPING events from decorations provider vscode.git 2043
2024-12-15 10:29:03.614 [warning] [Decorations] CAPPING events from decorations provider vscode.git 2043
2024-12-15 10:29:08.774 [warning] [Decorations] CAPPING events from decorations provider vscode.git 2043
2024-12-15 10:29:13.985 [warning] [Decorations] CAPPING events from decorations provider vscode.git 2043
2024-12-15 10:30:17.146 [warning] [Decorations] CAPPING events from decorations provider vscode.git 2043
2024-12-15 10:30:22.314 [warning] [Decorations] CAPPING events from decorations provider vscode.git 2043
2024-12-15 10:30:27.506 [warning] [Decorations] CAPPING events from decorations provider vscode.git 2043
2024-12-15 10:30:32.706 [warning] [Decorations] CAPPING events from decorations provider vscode.git 2043
2024-12-15 10:33:22.461 [warning] [Decorations] CAPPING events from decorations provider vscode.git 2043
2024-12-15 10:38:05.790 [warning] [Decorations] CAPPING events from decorations provider vscode.git 2043
2024-12-15 10:40:04.184 [warning] [Decorations] CAPPING events from decorations provider vscode.git 2043
2024-12-15 10:40:09.331 [warning] [Decorations] CAPPING events from decorations provider vscode.git 2044
2024-12-15 10:40:14.529 [warning] [Decorations] CAPPING events from decorations provider vscode.git 2044
2024-12-15 10:41:33.351 [warning] [Decorations] CAPPING events from decorations provider vscode.git 2044
2024-12-15 10:41:38.567 [warning] [Decorations] CAPPING events from decorations provider vscode.git 2044
2024-12-15 10:41:43.758 [warning] [Decorations] CAPPING events from decorations provider vscode.git 2044
2024-12-15 10:41:48.957 [warning] [Decorations] CAPPING events from decorations provider vscode.git 2044
2024-12-15 10:41:54.161 [warning] [Decorations] CAPPING events from decorations provider vscode.git 2044
2024-12-15 10:41:59.389 [warning] [Decorations] CAPPING events from decorations provider vscode.git 2044
2024-12-15 10:42:04.604 [warning] [Decorations] CAPPING events from decorations provider vscode.git 2045
2024-12-15 10:42:09.804 [warning] [Decorations] CAPPING events from decorations provider vscode.git 2045
2024-12-15 10:42:15.014 [warning] [Decorations] CAPPING events from decorations provider vscode.git 2045
2024-12-15 10:42:20.210 [warning] [Decorations] CAPPING events from decorations provider vscode.git 2045
2024-12-15 10:42:34.041 [warning] [Decorations] CAPPING events from decorations provider vscode.git 2045
2024-12-15 10:42:39.242 [warning] [Decorations] CAPPING events from decorations provider vscode.git 2045
2024-12-15 10:43:07.545 [warning] [Decorations] CAPPING events from decorations provider vscode.git 2045
2024-12-15 10:43:12.761 [warning] [Decorations] CAPPING events from decorations provider vscode.git 2045
2024-12-15 10:43:19.348 [warning] [Decorations] CAPPING events from decorations provider vscode.git 2046
2024-12-15 10:43:24.550 [warning] [Decorations] CAPPING events from decorations provider vscode.git 2046
2024-12-15 10:43:29.749 [warning] [Decorations] CAPPING events from decorations provider vscode.git 2046
2024-12-15 10:43:34.951 [warning] [Decorations] CAPPING events from decorations provider vscode.git 2046
2024-12-15 10:43:40.159 [warning] [Decorations] CAPPING events from decorations provider vscode.git 2046
2024-12-15 10:44:00.671 [warning] [Decorations] CAPPING events from decorations provider vscode.git 2046
2024-12-15 10:44:05.875 [warning] [Decorations] CAPPING events from decorations provider vscode.git 2047
2024-12-15 10:44:11.039 [warning] [Decorations] CAPPING events from decorations provider vscode.git 2047
2024-12-15 10:44:16.241 [warning] [Decorations] CAPPING events from decorations provider vscode.git 2047
2024-12-15 10:44:21.391 [warning] [Decorations] CAPPING events from decorations provider vscode.git 2047
2024-12-15 10:44:26.599 [warning] [Decorations] CAPPING events from decorations provider vscode.git 2047
2024-12-15 10:44:31.753 [warning] [Decorations] CAPPING events from decorations provider vscode.git 2047
2024-12-15 10:44:36.952 [warning] [Decorations] CAPPING events from decorations provider vscode.git 2047
2024-12-15 10:44:42.152 [warning] [Decorations] CAPPING events from decorations provider vscode.git 2047
2024-12-15 10:44:50.141 [warning] [Decorations] CAPPING events from decorations provider vscode.git 2047
2024-12-15 10:44:55.265 [warning] [Decorations] CAPPING events from decorations provider vscode.git 2048
2024-12-15 10:45:54.595 [warning] [Decorations] CAPPING events from decorations provider vscode.git 2048
2024-12-15 10:45:59.794 [warning] [Decorations] CAPPING events from decorations provider vscode.git 2048
2024-12-15 10:46:04.998 [warning] [Decorations] CAPPING events from decorations provider vscode.git 2049
2024-12-15 10:47:05.023 [warning] [Decorations] CAPPING events from decorations provider vscode.git 2049
2024-12-15 10:47:10.235 [warning] [Decorations] CAPPING events from decorations provider vscode.git 2049
2024-12-15 10:47:15.910 [warning] [Decorations] CAPPING events from decorations provider vscode.git 2049
2024-12-15 10:47:44.443 [warning] [Decorations] CAPPING events from decorations provider vscode.git 2049
2024-12-15 10:47:49.673 [warning] [Decorations] CAPPING events from decorations provider vscode.git 2049
2024-12-15 10:48:00.920 [warning] [Decorations] CAPPING events from decorations provider vscode.git 2049
2024-12-15 10:48:06.130 [warning] [Decorations] CAPPING events from decorations provider vscode.git 2049
2024-12-15 10:48:29.721 [warning] [Decorations] CAPPING events from decorations provider vscode.git 2049
2024-12-15 10:48:34.906 [warning] [Decorations] CAPPING events from decorations provider vscode.git 2049
2024-12-15 10:48:40.088 [warning] [Decorations] CAPPING events from decorations provider vscode.git 2050
2024-12-15 10:49:22.624 [warning] [Decorations] CAPPING events from decorations provider vscode.git 2050
2024-12-15 10:49:27.827 [warning] [Decorations] CAPPING events from decorations provider vscode.git 2051
2024-12-15 10:49:33.097 [warning] [Decorations] CAPPING events from decorations provider vscode.git 2051
2024-12-15 10:50:11.302 [warning] [Decorations] CAPPING events from decorations provider vscode.git 2051
2024-12-15 10:50:16.507 [warning] [Decorations] CAPPING events from decorations provider vscode.git 2052
2024-12-15 10:51:38.407 [warning] [Decorations] CAPPING events from decorations provider vscode.git 2052
2024-12-15 10:52:32.484 [warning] [Decorations] CAPPING events from decorations provider vscode.git 2052
2024-12-15 10:52:37.666 [warning] [Decorations] CAPPING events from decorations provider vscode.git 2053
2024-12-15 10:53:51.424 [warning] [Decorations] CAPPING events from decorations provider vscode.git 2053
2024-12-15 10:53:56.623 [warning] [Decorations] CAPPING events from decorations provider vscode.git 2054
2024-12-15 10:54:22.219 [warning] [Decorations] CAPPING events from decorations provider vscode.git 2054
2024-12-15 10:56:02.204 [warning] [Decorations] CAPPING events from decorations provider vscode.git 2054
2024-12-15 10:56:07.381 [warning] [Decorations] CAPPING events from decorations provider vscode.git 2054
2024-12-15 10:56:31.102 [warning] [Decorations] CAPPING events from decorations provider vscode.git 2055
2024-12-15 10:56:48.001 [warning] [Decorations] CAPPING events from decorations provider vscode.git 2055
2024-12-15 10:56:53.221 [warning] [Decorations] CAPPING events from decorations provider vscode.git 2056
2024-12-15 10:57:19.249 [warning] [Decorations] CAPPING events from decorations provider vscode.git 2056
2024-12-15 10:57:24.448 [warning] [Decorations] CAPPING events from decorations provider vscode.git 2056
2024-12-15 10:57:49.514 [warning] [Decorations] CAPPING events from decorations provider vscode.git 2056
2024-12-15 10:57:54.723 [warning] [Decorations] CAPPING events from decorations provider vscode.git 2058
2024-12-15 10:59:56.242 [warning] [Decorations] CAPPING events from decorations provider vscode.git 2058
2024-12-15 11:00:01.434 [warning] [Decorations] CAPPING events from decorations provider vscode.git 2058
2024-12-15 11:00:28.117 [warning] [Decorations] CAPPING events from decorations provider vscode.git 2059
2024-12-15 11:00:33.327 [warning] [Decorations] CAPPING events from decorations provider vscode.git 2059
2024-12-15 11:00:38.492 [warning] [Decorations] CAPPING events from decorations provider vscode.git 2059
2024-12-15 11:00:43.619 [warning] [Decorations] CAPPING events from decorations provider vscode.git 2059
2024-12-15 11:00:48.759 [warning] [Decorations] CAPPING events from decorations provider vscode.git 2060
2024-12-15 11:01:20.065 [warning] [Decorations] CAPPING events from decorations provider vscode.git 2060
2024-12-15 11:02:21.407 [warning] [Decorations] CAPPING events from decorations provider vscode.git 2061
2024-12-15 11:02:26.615 [warning] [Decorations] CAPPING events from decorations provider vscode.git 2061
2024-12-15 11:02:31.818 [warning] [Decorations] CAPPING events from decorations provider vscode.git 2061
2024-12-15 11:02:37.023 [warning] [Decorations] CAPPING events from decorations provider vscode.git 2061
2024-12-15 11:02:42.209 [warning] [Decorations] CAPPING events from decorations provider vscode.git 2061
2024-12-15 11:02:55.225 [warning] [Decorations] CAPPING events from decorations provider vscode.git 2061
2024-12-15 11:03:00.430 [warning] [Decorations] CAPPING events from decorations provider vscode.git 2062
2024-12-15 11:03:05.635 [warning] [Decorations] CAPPING events from decorations provider vscode.git 2062
2024-12-15 11:04:53.098 [warning] [Decorations] CAPPING events from decorations provider vscode.git 2062
2024-12-15 11:04:58.280 [warning] [Decorations] CAPPING events from decorations provider vscode.git 2062
2024-12-15 11:05:03.478 [warning] [Decorations] CAPPING events from decorations provider vscode.git 2062
2024-12-15 11:05:09.265 [warning] [Decorations] CAPPING events from decorations provider vscode.git 2063
2024-12-15 11:05:14.487 [warning] [Decorations] CAPPING events from decorations provider vscode.git 2063
2024-12-15 11:05:19.674 [warning] [Decorations] CAPPING events from decorations provider vscode.git 2063
2024-12-15 11:05:26.235 [warning] [Decorations] CAPPING events from decorations provider vscode.git 2063
2024-12-15 11:05:37.467 [warning] [Decorations] CAPPING events from decorations provider vscode.git 2063
2024-12-15 11:06:03.604 [warning] [Decorations] CAPPING events from decorations provider vscode.git 2063
2024-12-15 11:06:17.734 [warning] [Decorations] CAPPING events from decorations provider vscode.git 2067
2024-12-15 11:06:22.924 [warning] [Decorations] CAPPING events from decorations provider vscode.git 2067
2024-12-15 11:06:50.131 [warning] [Decorations] CAPPING events from decorations provider vscode.git 2068
2024-12-15 11:07:20.667 [warning] [Decorations] CAPPING events from decorations provider vscode.git 2068
2024-12-15 11:07:25.817 [warning] [Decorations] CAPPING events from decorations provider vscode.git 2069
2024-12-15 11:07:53.703 [warning] [Decorations] CAPPING events from decorations provider vscode.git 2069
2024-12-15 11:07:58.908 [warning] [Decorations] CAPPING events from decorations provider vscode.git 2069
2024-12-15 11:08:04.116 [warning] [Decorations] CAPPING events from decorations provider vscode.git 2069
2024-12-15 11:08:09.312 [warning] [Decorations] CAPPING events from decorations provider vscode.git 2069
2024-12-15 11:08:14.826 [warning] [Decorations] CAPPING events from decorations provider vscode.git 2069
2024-12-15 11:08:19.989 [warning] [Decorations] CAPPING events from decorations provider vscode.git 2069
2024-12-15 11:08:25.126 [warning] [Decorations] CAPPING events from decorations provider vscode.git 2070
2024-12-15 11:09:23.806 [warning] [Decorations] CAPPING events from decorations provider vscode.git 2070
2024-12-15 11:10:18.054 [warning] [Decorations] CAPPING events from decorations provider vscode.git 2071
2024-12-15 11:10:23.262 [warning] [Decorations] CAPPING events from decorations provider vscode.git 2071
2024-12-15 11:10:28.467 [warning] [Decorations] CAPPING events from decorations provider vscode.git 2071
2024-12-15 11:10:33.667 [warning] [Decorations] CAPPING events from decorations provider vscode.git 2071
2024-12-15 11:10:38.867 [warning] [Decorations] CAPPING events from decorations provider vscode.git 2071
2024-12-15 11:10:44.050 [warning] [Decorations] CAPPING events from decorations provider vscode.git 2071
2024-12-15 11:10:49.244 [warning] [Decorations] CAPPING events from decorations provider vscode.git 2071
2024-12-15 11:11:59.612 [warning] [Decorations] CAPPING events from decorations provider vscode.git 2071
2024-12-15 11:12:04.834 [warning] [Decorations] CAPPING events from decorations provider vscode.git 2071
2024-12-15 11:13:54.264 [warning] [Decorations] CAPPING events from decorations provider vscode.git 2071
2024-12-15 11:14:30.670 [warning] [Decorations] CAPPING events from decorations provider vscode.git 2072
2024-12-15 11:14:35.838 [warning] [Decorations] CAPPING events from decorations provider vscode.git 2072
2024-12-15 11:14:41.045 [warning] [Decorations] CAPPING events from decorations provider vscode.git 2072
2024-12-15 11:14:46.187 [warning] [Decorations] CAPPING events from decorations provider vscode.git 2072
2024-12-15 11:22:23.380 [warning] [Decorations] CAPPING events from decorations provider vscode.git 2072
2024-12-15 11:22:28.538 [warning] [Decorations] CAPPING events from decorations provider vscode.git 2073
2024-12-15 11:23:46.228 [warning] [Decorations] CAPPING events from decorations provider vscode.git 2073
2024-12-15 11:23:51.451 [warning] [Decorations] CAPPING events from decorations provider vscode.git 2073
2024-12-15 11:23:56.620 [warning] [Decorations] CAPPING events from decorations provider vscode.git 2073
2024-12-15 11:24:01.816 [warning] [Decorations] CAPPING events from decorations provider vscode.git 2073
2024-12-15 11:24:07.007 [warning] [Decorations] CAPPING events from decorations provider vscode.git 2073
2024-12-15 11:24:28.605 [warning] [Decorations] CAPPING events from decorations provider vscode.git 2074
2024-12-15 11:24:33.801 [warning] [Decorations] CAPPING events from decorations provider vscode.git 2074
2024-12-15 11:24:39.002 [warning] [Decorations] CAPPING events from decorations provider vscode.git 2074
2024-12-15 11:24:44.171 [warning] [Decorations] CAPPING events from decorations provider vscode.git 2074
2024-12-15 11:24:49.363 [warning] [Decorations] CAPPING events from decorations provider vscode.git 2074
2024-12-15 11:24:54.556 [warning] [Decorations] CAPPING events from decorations provider vscode.git 2074
2024-12-15 11:24:59.755 [warning] [Decorations] CAPPING events from decorations provider vscode.git 2074
2024-12-15 11:25:04.982 [warning] [Decorations] CAPPING events from decorations provider vscode.git 2074
2024-12-15 11:25:10.191 [warning] [Decorations] CAPPING events from decorations provider vscode.git 2074
2024-12-15 11:25:15.396 [warning] [Decorations] CAPPING events from decorations provider vscode.git 2075
2024-12-15 11:25:26.149 [warning] [Decorations] CAPPING events from decorations provider vscode.git 2075
2024-12-15 11:25:48.774 [warning] [Decorations] CAPPING events from decorations provider vscode.git 2075
2024-12-15 11:25:57.253 [warning] [Decorations] CAPPING events from decorations provider vscode.git 2075
2024-12-15 11:26:02.408 [warning] [Decorations] CAPPING events from decorations provider vscode.git 2079
2024-12-15 11:26:29.074 [warning] [Decorations] CAPPING events from decorations provider vscode.git 2079
2024-12-15 11:26:34.274 [warning] [Decorations] CAPPING events from decorations provider vscode.git 2079
2024-12-15 11:26:39.478 [warning] [Decorations] CAPPING events from decorations provider vscode.git 2079
2024-12-15 11:27:03.833 [warning] [Decorations] CAPPING events from decorations provider vscode.git 2080
2024-12-15 11:27:09.035 [warning] [Decorations] CAPPING events from decorations provider vscode.git 2080
2024-12-15 11:27:36.481 [warning] [Decorations] CAPPING events from decorations provider vscode.git 2080
2024-12-15 11:28:01.006 [warning] [Decorations] CAPPING events from decorations provider vscode.git 2084
2024-12-15 11:28:28.907 [warning] [Decorations] CAPPING events from decorations provider vscode.git 2084
2024-12-15 11:28:47.125 [warning] [Decorations] CAPPING events from decorations provider vscode.git 2085
2024-12-15 11:28:52.329 [warning] [Decorations] CAPPING events from decorations provider vscode.git 2086
2024-12-15 11:28:57.530 [warning] [Decorations] CAPPING events from decorations provider vscode.git 2086
2024-12-15 11:29:02.718 [warning] [Decorations] CAPPING events from decorations provider vscode.git 2086
2024-12-15 11:29:07.905 [warning] [Decorations] CAPPING events from decorations provider vscode.git 2086
2024-12-15 11:29:13.072 [warning] [Decorations] CAPPING events from decorations provider vscode.git 2086
2024-12-15 11:29:18.272 [warning] [Decorations] CAPPING events from decorations provider vscode.git 2086
2024-12-15 11:29:23.477 [warning] [Decorations] CAPPING events from decorations provider vscode.git 2086
2024-12-15 11:29:28.674 [warning] [Decorations] CAPPING events from decorations provider vscode.git 2086
2024-12-15 11:29:33.873 [warning] [Decorations] CAPPING events from decorations provider vscode.git 2086
2024-12-15 11:29:39.047 [warning] [Decorations] CAPPING events from decorations provider vscode.git 2086
2024-12-15 11:29:44.240 [warning] [Decorations] CAPPING events from decorations provider vscode.git 2086
2024-12-15 11:29:53.825 [warning] [Decorations] CAPPING events from decorations provider vscode.git 2086
2024-12-15 11:29:59.031 [warning] [Decorations] CAPPING events from decorations provider vscode.git 2086
2024-12-15 11:30:04.192 [warning] [Decorations] CAPPING events from decorations provider vscode.git 2086
