2024-12-14 18:16:56.662 [info] [main] 로그 수준: Info
2024-12-14 18:16:56.662 [info] [main] "git"에서 찾은 git 유효성을 검사하는 중
2024-12-14 18:16:56.662 [info] [main] "2.43.0"에서 git "git"을(를) 사용하는 중
2024-12-14 18:16:56.662 [info] [Model][doInitialScan] Initial repository scan started
2024-12-14 18:16:56.662 [info] > git rev-parse --show-toplevel [33ms]
2024-12-14 18:16:56.664 [info] > git rev-parse --git-dir --git-common-dir [12ms]
2024-12-14 18:16:56.683 [info] [Model][openRepository] Opened repository: /home/ubuntu
2024-12-14 18:16:56.712 [info] > git config --get commit.template [8ms]
2024-12-14 18:16:56.724 [info] > git rev-parse --show-toplevel [18ms]
2024-12-14 18:16:56.758 [info] > git for-each-ref --format=%(refname)%00%(upstream:short)%00%(objectname)%00%(upstream:track)%00%(upstream:remotename)%00%(upstream:remoteref) refs/heads/main refs/remotes/main [30ms]
2024-12-14 18:16:56.798 [info] > git rev-parse --show-toplevel [18ms]
2024-12-14 18:16:56.812 [info] > git for-each-ref --sort -committerdate --format %(refname) %(objectname) %(*objectname) [15ms]
2024-12-14 18:16:56.862 [info] > git rev-parse --show-toplevel [50ms]
2024-12-14 18:16:56.882 [info] > git rev-parse --show-toplevel [11ms]
2024-12-14 18:16:56.895 [info] > git rev-parse --show-toplevel [6ms]
2024-12-14 18:16:56.901 [info] > git rev-parse --show-toplevel [4ms]
2024-12-14 18:16:56.907 [info] > git rev-parse --show-toplevel [1ms]
2024-12-14 18:16:56.916 [info] > git rev-parse --show-toplevel [0ms]
2024-12-14 18:16:56.920 [info] > git rev-parse --show-toplevel [0ms]
2024-12-14 18:16:56.932 [info] > git rev-parse --show-toplevel [3ms]
2024-12-14 18:16:56.938 [info] > git rev-parse --show-toplevel [1ms]
2024-12-14 18:16:57.054 [info] > git status -z -uall [264ms]
2024-12-14 18:16:57.054 [info] > git rev-parse --show-toplevel [12ms]
2024-12-14 18:16:57.181 [info] > git for-each-ref --format=%(refname)%00%(upstream:short)%00%(objectname)%00%(upstream:track)%00%(upstream:remotename)%00%(upstream:remoteref) refs/heads/main refs/remotes/main [19ms]
2024-12-14 18:16:57.186 [info] > git rev-parse --show-toplevel [114ms]
2024-12-14 18:16:57.192 [info] [Model][doInitialScan] Initial repository scan completed - repositories (1), closed repositories (0), parent repositories (0), unsafe repositories (0)
2024-12-14 18:16:57.509 [info] > git show --textconv :static/swagger.json [312ms]
2024-12-14 18:16:57.514 [info] > git ls-files --stage -- /home/ubuntu/static/swagger.json [310ms]
2024-12-14 18:16:57.519 [info] > git config --local branch.main.vscode-merge-base [332ms]
2024-12-14 18:16:57.519 [warning] [Git][config] git config failed: Failed to execute git
2024-12-14 18:16:57.522 [info] > git config --get commit.template [349ms]
2024-12-14 18:16:57.540 [info] > git reflog main --grep-reflog=branch: Created from *. [19ms]
2024-12-14 18:16:57.544 [info] > git cat-file -s ab73e4a3c11f5f8d1042eae240b3bad3108103b5 [26ms]
2024-12-14 18:16:57.552 [info] > git for-each-ref --format=%(refname)%00%(upstream:short)%00%(objectname)%00%(upstream:track)%00%(upstream:remotename)%00%(upstream:remoteref) refs/heads/main refs/remotes/main [1ms]
2024-12-14 18:16:57.552 [info] > git symbolic-ref --short refs/remotes/origin/HEAD [8ms]
2024-12-14 18:16:57.552 [info] fatal: ref refs/remotes/origin/HEAD is not a symbolic ref
2024-12-14 18:16:57.552 [warning] [Repository][getDefaultBranch] Failed to get default branch details: Failed to execute git.
2024-12-14 18:16:57.567 [info] > git check-ignore -v -z --stdin [32ms]
2024-12-14 18:16:57.567 [info] > git merge-base refs/heads/main refs/remotes/origin/main [2ms]
2024-12-14 18:16:57.579 [info] > git diff --name-status -z --diff-filter=ADMR 297643d4dc7e94925d0824c35dbac7c6bcb504e6...refs/remotes/origin/main [9ms]
2024-12-14 18:16:57.593 [info] > git for-each-ref --sort -committerdate --format %(refname) %(objectname) %(*objectname) [15ms]
2024-12-14 18:16:57.689 [info] > git status -z -uall [113ms]
2024-12-14 18:16:57.728 [info] > git blame --root --incremental 297643d4dc7e94925d0824c35dbac7c6bcb504e6 -- /home/ubuntu/static/swagger.json [38ms]
2024-12-14 18:17:00.984 [info] > git config --get commit.template [8ms]
2024-12-14 18:17:00.986 [info] > git for-each-ref --format=%(refname)%00%(upstream:short)%00%(objectname)%00%(upstream:track)%00%(upstream:remotename)%00%(upstream:remoteref) refs/heads/main refs/remotes/main [3ms]
2024-12-14 18:17:01.005 [info] > git for-each-ref --sort -committerdate --format %(refname) %(objectname) %(*objectname) [4ms]
2024-12-14 18:17:01.106 [info] > git status -z -uall [111ms]
2024-12-14 18:17:06.180 [info] > git config --get commit.template [7ms]
2024-12-14 18:17:06.182 [info] > git for-each-ref --format=%(refname)%00%(upstream:short)%00%(objectname)%00%(upstream:track)%00%(upstream:remotename)%00%(upstream:remoteref) refs/heads/main refs/remotes/main [3ms]
2024-12-14 18:17:06.202 [info] > git for-each-ref --sort -committerdate --format %(refname) %(objectname) %(*objectname) [6ms]
2024-12-14 18:17:06.289 [info] > git status -z -uall [100ms]
2024-12-14 18:17:11.991 [info] > git config --get commit.template [8ms]
2024-12-14 18:17:11.992 [info] > git for-each-ref --format=%(refname)%00%(upstream:short)%00%(objectname)%00%(upstream:track)%00%(upstream:remotename)%00%(upstream:remoteref) refs/heads/main refs/remotes/main [3ms]
2024-12-14 18:17:12.015 [info] > git for-each-ref --sort -committerdate --format %(refname) %(objectname) %(*objectname) [7ms]
2024-12-14 18:17:12.103 [info] > git status -z -uall [103ms]
2024-12-14 18:17:21.992 [info] > git config --get commit.template [8ms]
2024-12-14 18:17:21.993 [info] > git for-each-ref --format=%(refname)%00%(upstream:short)%00%(objectname)%00%(upstream:track)%00%(upstream:remotename)%00%(upstream:remoteref) refs/heads/main refs/remotes/main [3ms]
2024-12-14 18:17:22.011 [info] > git for-each-ref --sort -committerdate --format %(refname) %(objectname) %(*objectname) [5ms]
2024-12-14 18:17:22.107 [info] > git status -z -uall [108ms]
2024-12-14 18:17:27.183 [info] > git config --get commit.template [8ms]
2024-12-14 18:17:27.184 [info] > git for-each-ref --format=%(refname)%00%(upstream:short)%00%(objectname)%00%(upstream:track)%00%(upstream:remotename)%00%(upstream:remoteref) refs/heads/main refs/remotes/main [3ms]
2024-12-14 18:17:27.203 [info] > git for-each-ref --sort -committerdate --format %(refname) %(objectname) %(*objectname) [4ms]
2024-12-14 18:17:27.303 [info] > git status -z -uall [112ms]
2024-12-14 18:17:32.379 [info] > git config --get commit.template [8ms]
2024-12-14 18:17:32.380 [info] > git for-each-ref --format=%(refname)%00%(upstream:short)%00%(objectname)%00%(upstream:track)%00%(upstream:remotename)%00%(upstream:remoteref) refs/heads/main refs/remotes/main [3ms]
2024-12-14 18:17:32.397 [info] > git for-each-ref --sort -committerdate --format %(refname) %(objectname) %(*objectname) [4ms]
2024-12-14 18:17:32.493 [info] > git status -z -uall [106ms]
2024-12-14 18:17:39.997 [info] > git config --get commit.template [5ms]
2024-12-14 18:17:40.007 [info] > git for-each-ref --format=%(refname)%00%(upstream:short)%00%(objectname)%00%(upstream:track)%00%(upstream:remotename)%00%(upstream:remoteref) refs/heads/main refs/remotes/main [3ms]
2024-12-14 18:17:40.035 [info] > git for-each-ref --sort -committerdate --format %(refname) %(objectname) %(*objectname) [15ms]
2024-12-14 18:17:40.125 [info] > git status -z -uall [112ms]
2024-12-14 18:17:51.006 [info] > git config --get commit.template [9ms]
2024-12-14 18:17:51.007 [info] > git for-each-ref --format=%(refname)%00%(upstream:short)%00%(objectname)%00%(upstream:track)%00%(upstream:remotename)%00%(upstream:remoteref) refs/heads/main refs/remotes/main [4ms]
2024-12-14 18:17:51.024 [info] > git for-each-ref --sort -committerdate --format %(refname) %(objectname) %(*objectname) [3ms]
2024-12-14 18:17:51.120 [info] > git status -z -uall [105ms]
2024-12-14 18:17:58.009 [info] > git config --get commit.template [8ms]
2024-12-14 18:17:58.010 [info] > git for-each-ref --format=%(refname)%00%(upstream:short)%00%(objectname)%00%(upstream:track)%00%(upstream:remotename)%00%(upstream:remoteref) refs/heads/main refs/remotes/main [3ms]
2024-12-14 18:17:58.028 [info] > git for-each-ref --sort -committerdate --format %(refname) %(objectname) %(*objectname) [5ms]
2024-12-14 18:17:58.123 [info] > git status -z -uall [106ms]
2024-12-14 18:18:26.176 [info] > git config --get commit.template [8ms]
2024-12-14 18:18:26.177 [info] > git for-each-ref --format=%(refname)%00%(upstream:short)%00%(objectname)%00%(upstream:track)%00%(upstream:remotename)%00%(upstream:remoteref) refs/heads/main refs/remotes/main [3ms]
2024-12-14 18:18:26.214 [info] > git for-each-ref --sort -committerdate --format %(refname) %(objectname) %(*objectname) [18ms]
2024-12-14 18:18:26.299 [info] > git status -z -uall [115ms]
2024-12-14 18:18:31.407 [info] > git config --get commit.template [8ms]
2024-12-14 18:18:31.409 [info] > git for-each-ref --format=%(refname)%00%(upstream:short)%00%(objectname)%00%(upstream:track)%00%(upstream:remotename)%00%(upstream:remoteref) refs/heads/main refs/remotes/main [3ms]
2024-12-14 18:18:31.431 [info] > git for-each-ref --sort -committerdate --format %(refname) %(objectname) %(*objectname) [8ms]
2024-12-14 18:18:31.520 [info] > git status -z -uall [105ms]
2024-12-14 18:18:36.626 [info] > git config --get commit.template [9ms]
2024-12-14 18:18:36.628 [info] > git for-each-ref --format=%(refname)%00%(upstream:short)%00%(objectname)%00%(upstream:track)%00%(upstream:remotename)%00%(upstream:remoteref) refs/heads/main refs/remotes/main [5ms]
2024-12-14 18:18:36.648 [info] > git for-each-ref --sort -committerdate --format %(refname) %(objectname) %(*objectname) [7ms]
2024-12-14 18:18:36.752 [info] > git status -z -uall [117ms]
2024-12-14 18:18:41.830 [info] > git config --get commit.template [8ms]
2024-12-14 18:18:41.832 [info] > git for-each-ref --format=%(refname)%00%(upstream:short)%00%(objectname)%00%(upstream:track)%00%(upstream:remotename)%00%(upstream:remoteref) refs/heads/main refs/remotes/main [4ms]
2024-12-14 18:18:41.859 [info] > git for-each-ref --sort -committerdate --format %(refname) %(objectname) %(*objectname) [13ms]
2024-12-14 18:18:41.947 [info] > git status -z -uall [109ms]
2024-12-14 18:18:47.015 [info] > git config --get commit.template [3ms]
2024-12-14 18:18:47.025 [info] > git for-each-ref --format=%(refname)%00%(upstream:short)%00%(objectname)%00%(upstream:track)%00%(upstream:remotename)%00%(upstream:remoteref) refs/heads/main refs/remotes/main [3ms]
2024-12-14 18:18:47.042 [info] > git for-each-ref --sort -committerdate --format %(refname) %(objectname) %(*objectname) [4ms]
2024-12-14 18:18:47.137 [info] > git status -z -uall [106ms]
2024-12-14 18:18:52.209 [info] > git config --get commit.template [8ms]
2024-12-14 18:18:52.211 [info] > git for-each-ref --format=%(refname)%00%(upstream:short)%00%(objectname)%00%(upstream:track)%00%(upstream:remotename)%00%(upstream:remoteref) refs/heads/main refs/remotes/main [4ms]
2024-12-14 18:18:52.228 [info] > git for-each-ref --sort -committerdate --format %(refname) %(objectname) %(*objectname) [5ms]
2024-12-14 18:18:52.320 [info] > git status -z -uall [103ms]
2024-12-14 18:18:57.395 [info] > git config --get commit.template [9ms]
2024-12-14 18:18:57.397 [info] > git for-each-ref --format=%(refname)%00%(upstream:short)%00%(objectname)%00%(upstream:track)%00%(upstream:remotename)%00%(upstream:remoteref) refs/heads/main refs/remotes/main [4ms]
2024-12-14 18:18:57.419 [info] > git for-each-ref --sort -committerdate --format %(refname) %(objectname) %(*objectname) [7ms]
2024-12-14 18:18:57.514 [info] > git status -z -uall [110ms]
2024-12-14 18:19:02.583 [info] > git config --get commit.template [5ms]
2024-12-14 18:19:02.594 [info] > git for-each-ref --format=%(refname)%00%(upstream:short)%00%(objectname)%00%(upstream:track)%00%(upstream:remotename)%00%(upstream:remoteref) refs/heads/main refs/remotes/main [4ms]
2024-12-14 18:19:02.614 [info] > git for-each-ref --sort -committerdate --format %(refname) %(objectname) %(*objectname) [4ms]
2024-12-14 18:19:02.711 [info] > git status -z -uall [110ms]
2024-12-14 18:19:07.804 [info] > git config --get commit.template [9ms]
2024-12-14 18:19:07.808 [info] > git for-each-ref --format=%(refname)%00%(upstream:short)%00%(objectname)%00%(upstream:track)%00%(upstream:remotename)%00%(upstream:remoteref) refs/heads/main refs/remotes/main [4ms]
2024-12-14 18:19:07.825 [info] > git for-each-ref --sort -committerdate --format %(refname) %(objectname) %(*objectname) [4ms]
2024-12-14 18:19:07.926 [info] > git status -z -uall [111ms]
2024-12-14 18:19:47.026 [info] > git config --get commit.template [8ms]
2024-12-14 18:19:47.028 [info] > git for-each-ref --format=%(refname)%00%(upstream:short)%00%(objectname)%00%(upstream:track)%00%(upstream:remotename)%00%(upstream:remoteref) refs/heads/main refs/remotes/main [3ms]
2024-12-14 18:19:47.054 [info] > git for-each-ref --sort -committerdate --format %(refname) %(objectname) %(*objectname) [13ms]
2024-12-14 18:19:47.144 [info] > git status -z -uall [110ms]
2024-12-14 18:19:52.217 [info] > git config --get commit.template [8ms]
2024-12-14 18:19:52.219 [info] > git for-each-ref --format=%(refname)%00%(upstream:short)%00%(objectname)%00%(upstream:track)%00%(upstream:remotename)%00%(upstream:remoteref) refs/heads/main refs/remotes/main [3ms]
2024-12-14 18:19:52.236 [info] > git for-each-ref --sort -committerdate --format %(refname) %(objectname) %(*objectname) [4ms]
2024-12-14 18:19:52.326 [info] > git status -z -uall [101ms]
2024-12-14 18:19:57.417 [info] > git config --get commit.template [7ms]
2024-12-14 18:19:57.418 [info] > git for-each-ref --format=%(refname)%00%(upstream:short)%00%(objectname)%00%(upstream:track)%00%(upstream:remotename)%00%(upstream:remoteref) refs/heads/main refs/remotes/main [3ms]
2024-12-14 18:19:57.436 [info] > git for-each-ref --sort -committerdate --format %(refname) %(objectname) %(*objectname) [5ms]
2024-12-14 18:19:57.531 [info] > git status -z -uall [106ms]
2024-12-14 18:20:02.605 [info] > git config --get commit.template [8ms]
2024-12-14 18:20:02.608 [info] > git for-each-ref --format=%(refname)%00%(upstream:short)%00%(objectname)%00%(upstream:track)%00%(upstream:remotename)%00%(upstream:remoteref) refs/heads/main refs/remotes/main [3ms]
2024-12-14 18:20:02.628 [info] > git for-each-ref --sort -committerdate --format %(refname) %(objectname) %(*objectname) [6ms]
2024-12-14 18:20:02.715 [info] > git status -z -uall [100ms]
2024-12-14 18:20:07.789 [info] > git config --get commit.template [8ms]
2024-12-14 18:20:07.791 [info] > git for-each-ref --format=%(refname)%00%(upstream:short)%00%(objectname)%00%(upstream:track)%00%(upstream:remotename)%00%(upstream:remoteref) refs/heads/main refs/remotes/main [3ms]
2024-12-14 18:20:07.805 [info] > git for-each-ref --sort -committerdate --format %(refname) %(objectname) %(*objectname) [2ms]
2024-12-14 18:20:07.904 [info] > git status -z -uall [105ms]
2024-12-14 18:20:12.977 [info] > git config --get commit.template [8ms]
2024-12-14 18:20:12.979 [info] > git for-each-ref --format=%(refname)%00%(upstream:short)%00%(objectname)%00%(upstream:track)%00%(upstream:remotename)%00%(upstream:remoteref) refs/heads/main refs/remotes/main [3ms]
2024-12-14 18:20:13.009 [info] > git for-each-ref --sort -committerdate --format %(refname) %(objectname) %(*objectname) [15ms]
2024-12-14 18:20:13.099 [info] > git status -z -uall [112ms]
2024-12-14 18:20:18.171 [info] > git config --get commit.template [4ms]
2024-12-14 18:20:18.182 [info] > git for-each-ref --format=%(refname)%00%(upstream:short)%00%(objectname)%00%(upstream:track)%00%(upstream:remotename)%00%(upstream:remoteref) refs/heads/main refs/remotes/main [4ms]
2024-12-14 18:20:18.218 [info] > git for-each-ref --sort -committerdate --format %(refname) %(objectname) %(*objectname) [22ms]
2024-12-14 18:20:18.321 [info] > git status -z -uall [132ms]
2024-12-14 18:20:23.412 [info] > git config --get commit.template [10ms]
2024-12-14 18:20:23.415 [info] > git for-each-ref --format=%(refname)%00%(upstream:short)%00%(objectname)%00%(upstream:track)%00%(upstream:remotename)%00%(upstream:remoteref) refs/heads/main refs/remotes/main [4ms]
2024-12-14 18:20:23.434 [info] > git for-each-ref --sort -committerdate --format %(refname) %(objectname) %(*objectname) [6ms]
2024-12-14 18:20:23.526 [info] > git status -z -uall [105ms]
2024-12-14 18:20:28.594 [info] > git config --get commit.template [8ms]
2024-12-14 18:20:28.596 [info] > git for-each-ref --format=%(refname)%00%(upstream:short)%00%(objectname)%00%(upstream:track)%00%(upstream:remotename)%00%(upstream:remoteref) refs/heads/main refs/remotes/main [4ms]
2024-12-14 18:20:28.616 [info] > git for-each-ref --sort -committerdate --format %(refname) %(objectname) %(*objectname) [7ms]
2024-12-14 18:20:28.710 [info] > git status -z -uall [107ms]
2024-12-14 18:20:33.751 [info] > git config --get commit.template [8ms]
2024-12-14 18:20:33.752 [info] > git for-each-ref --format=%(refname)%00%(upstream:short)%00%(objectname)%00%(upstream:track)%00%(upstream:remotename)%00%(upstream:remoteref) refs/heads/main refs/remotes/main [3ms]
2024-12-14 18:20:33.771 [info] > git for-each-ref --sort -committerdate --format %(refname) %(objectname) %(*objectname) [5ms]
2024-12-14 18:20:33.872 [info] > git status -z -uall [112ms]
2024-12-14 18:20:38.924 [info] > git config --get commit.template [7ms]
2024-12-14 18:20:38.926 [info] > git for-each-ref --format=%(refname)%00%(upstream:short)%00%(objectname)%00%(upstream:track)%00%(upstream:remotename)%00%(upstream:remoteref) refs/heads/main refs/remotes/main [3ms]
2024-12-14 18:20:38.948 [info] > git for-each-ref --sort -committerdate --format %(refname) %(objectname) %(*objectname) [10ms]
2024-12-14 18:20:39.042 [info] > git status -z -uall [110ms]
2024-12-14 18:20:45.549 [info] > git config --get commit.template [3ms]
2024-12-14 18:20:45.557 [info] > git for-each-ref --format=%(refname)%00%(upstream:short)%00%(objectname)%00%(upstream:track)%00%(upstream:remotename)%00%(upstream:remoteref) refs/heads/main refs/remotes/main [4ms]
2024-12-14 18:20:45.568 [info] > git for-each-ref --sort -committerdate --format %(refname) %(objectname) %(*objectname) [4ms]
2024-12-14 18:20:45.663 [info] > git status -z -uall [102ms]
2024-12-14 18:20:50.720 [info] > git config --get commit.template [7ms]
2024-12-14 18:20:50.721 [info] > git for-each-ref --format=%(refname)%00%(upstream:short)%00%(objectname)%00%(upstream:track)%00%(upstream:remotename)%00%(upstream:remoteref) refs/heads/main refs/remotes/main [3ms]
2024-12-14 18:20:50.750 [info] > git for-each-ref --sort -committerdate --format %(refname) %(objectname) %(*objectname) [16ms]
2024-12-14 18:20:50.831 [info] > git status -z -uall [103ms]
2024-12-14 18:20:56.557 [info] > git config --get commit.template [4ms]
2024-12-14 18:20:56.567 [info] > git for-each-ref --format=%(refname)%00%(upstream:short)%00%(objectname)%00%(upstream:track)%00%(upstream:remotename)%00%(upstream:remoteref) refs/heads/main refs/remotes/main [3ms]
2024-12-14 18:20:56.586 [info] > git for-each-ref --sort -committerdate --format %(refname) %(objectname) %(*objectname) [6ms]
2024-12-14 18:20:56.688 [info] > git status -z -uall [115ms]
2024-12-14 18:22:43.230 [info] > git config --get commit.template [8ms]
2024-12-14 18:22:43.232 [info] > git for-each-ref --format=%(refname)%00%(upstream:short)%00%(objectname)%00%(upstream:track)%00%(upstream:remotename)%00%(upstream:remoteref) refs/heads/main refs/remotes/main [4ms]
2024-12-14 18:22:43.253 [info] > git for-each-ref --sort -committerdate --format %(refname) %(objectname) %(*objectname) [5ms]
2024-12-14 18:22:43.356 [info] > git status -z -uall [115ms]
2024-12-14 18:22:48.455 [info] > git config --get commit.template [7ms]
2024-12-14 18:22:48.457 [info] > git for-each-ref --format=%(refname)%00%(upstream:short)%00%(objectname)%00%(upstream:track)%00%(upstream:remotename)%00%(upstream:remoteref) refs/heads/main refs/remotes/main [3ms]
2024-12-14 18:22:48.473 [info] > git for-each-ref --sort -committerdate --format %(refname) %(objectname) %(*objectname) [4ms]
2024-12-14 18:22:48.570 [info] > git status -z -uall [107ms]
2024-12-14 18:22:54.772 [info] > git config --get commit.template [8ms]
2024-12-14 18:22:54.774 [info] > git for-each-ref --format=%(refname)%00%(upstream:short)%00%(objectname)%00%(upstream:track)%00%(upstream:remotename)%00%(upstream:remoteref) refs/heads/main refs/remotes/main [3ms]
2024-12-14 18:22:54.793 [info] > git for-each-ref --sort -committerdate --format %(refname) %(objectname) %(*objectname) [6ms]
2024-12-14 18:22:54.892 [info] > git status -z -uall [112ms]
2024-12-14 18:23:37.874 [info] > git config --get commit.template [9ms]
2024-12-14 18:23:37.875 [info] > git for-each-ref --format=%(refname)%00%(upstream:short)%00%(objectname)%00%(upstream:track)%00%(upstream:remotename)%00%(upstream:remoteref) refs/heads/main refs/remotes/main [3ms]
2024-12-14 18:23:37.895 [info] > git for-each-ref --sort -committerdate --format %(refname) %(objectname) %(*objectname) [6ms]
2024-12-14 18:23:37.997 [info] > git status -z -uall [114ms]
2024-12-14 18:23:43.058 [info] > git config --get commit.template [8ms]
2024-12-14 18:23:43.060 [info] > git for-each-ref --format=%(refname)%00%(upstream:short)%00%(objectname)%00%(upstream:track)%00%(upstream:remotename)%00%(upstream:remoteref) refs/heads/main refs/remotes/main [4ms]
2024-12-14 18:23:43.077 [info] > git for-each-ref --sort -committerdate --format %(refname) %(objectname) %(*objectname) [4ms]
2024-12-14 18:23:43.169 [info] > git status -z -uall [102ms]
2024-12-14 18:23:48.266 [info] > git config --get commit.template [7ms]
2024-12-14 18:23:48.269 [info] > git for-each-ref --format=%(refname)%00%(upstream:short)%00%(objectname)%00%(upstream:track)%00%(upstream:remotename)%00%(upstream:remoteref) refs/heads/main refs/remotes/main [3ms]
2024-12-14 18:23:48.288 [info] > git for-each-ref --sort -committerdate --format %(refname) %(objectname) %(*objectname) [7ms]
2024-12-14 18:23:48.391 [info] > git status -z -uall [116ms]
2024-12-14 18:23:53.821 [info] > git config --get commit.template [7ms]
2024-12-14 18:23:53.823 [info] > git for-each-ref --format=%(refname)%00%(upstream:short)%00%(objectname)%00%(upstream:track)%00%(upstream:remotename)%00%(upstream:remoteref) refs/heads/main refs/remotes/main [3ms]
2024-12-14 18:23:53.847 [info] > git for-each-ref --sort -committerdate --format %(refname) %(objectname) %(*objectname) [12ms]
2024-12-14 18:23:53.932 [info] > git status -z -uall [104ms]
2024-12-14 18:23:59.004 [info] > git config --get commit.template [8ms]
2024-12-14 18:23:59.006 [info] > git for-each-ref --format=%(refname)%00%(upstream:short)%00%(objectname)%00%(upstream:track)%00%(upstream:remotename)%00%(upstream:remoteref) refs/heads/main refs/remotes/main [3ms]
2024-12-14 18:23:59.025 [info] > git for-each-ref --sort -committerdate --format %(refname) %(objectname) %(*objectname) [6ms]
2024-12-14 18:23:59.126 [info] > git status -z -uall [113ms]
2024-12-14 18:24:16.255 [info] > git config --get commit.template [7ms]
2024-12-14 18:24:16.257 [info] > git for-each-ref --format=%(refname)%00%(upstream:short)%00%(objectname)%00%(upstream:track)%00%(upstream:remotename)%00%(upstream:remoteref) refs/heads/main refs/remotes/main [3ms]
2024-12-14 18:24:16.277 [info] > git for-each-ref --sort -committerdate --format %(refname) %(objectname) %(*objectname) [7ms]
2024-12-14 18:24:16.373 [info] > git status -z -uall [109ms]
2024-12-14 18:26:32.385 [info] > git config --get commit.template [7ms]
2024-12-14 18:26:32.387 [info] > git for-each-ref --format=%(refname)%00%(upstream:short)%00%(objectname)%00%(upstream:track)%00%(upstream:remotename)%00%(upstream:remoteref) refs/heads/main refs/remotes/main [3ms]
2024-12-14 18:26:32.407 [info] > git for-each-ref --sort -committerdate --format %(refname) %(objectname) %(*objectname) [6ms]
2024-12-14 18:26:32.506 [info] > git status -z -uall [111ms]
