2024-12-09 08:33:10.493 [info] [main] 로그 수준: Info
2024-12-09 08:33:10.494 [info] [main] "git"에서 찾은 git 유효성을 검사하는 중
2024-12-09 08:33:10.494 [info] [main] "2.43.0"에서 git "git"을(를) 사용하는 중
2024-12-09 08:33:10.494 [info] [Model][doInitialScan] Initial repository scan started
2024-12-09 08:33:10.494 [info] > git rev-parse --show-toplevel [12ms]
2024-12-09 08:33:10.494 [info] > git rev-parse --git-dir --git-common-dir [3ms]
2024-12-09 08:33:10.494 [info] [Model][openRepository] Opened repository: /home/ubuntu
2024-12-09 08:33:10.494 [info] > git config --get commit.template [4ms]
2024-12-09 08:33:10.495 [info] > git rev-parse --show-toplevel [4ms]
2024-12-09 08:33:10.503 [info] > git for-each-ref --format=%(refname)%00%(upstream:short)%00%(objectname)%00%(upstream:track)%00%(upstream:remotename)%00%(upstream:remoteref) refs/heads/main refs/remotes/main [5ms]
2024-12-09 08:33:10.511 [info] > git rev-parse --show-toplevel [9ms]
2024-12-09 08:33:10.515 [info] > git rev-parse --show-toplevel [1ms]
2024-12-09 08:33:10.515 [info] > git for-each-ref --sort -committerdate --format %(refname) %(objectname) %(*objectname) [4ms]
2024-12-09 08:33:10.592 [info] > git status -z -uall [85ms]
2024-12-09 08:33:10.592 [info] > git rev-parse --show-toplevel [65ms]
2024-12-09 08:33:10.608 [info] > git for-each-ref --format=%(refname)%00%(upstream:short)%00%(objectname)%00%(upstream:track)%00%(upstream:remotename)%00%(upstream:remoteref) refs/heads/main refs/remotes/main [8ms]
2024-12-09 08:33:10.611 [info] > git config --get commit.template [4ms]
2024-12-09 08:33:10.611 [info] > git rev-parse --show-toplevel [7ms]
2024-12-09 08:33:10.612 [info] > git config --local branch.main.vscode-merge-base [2ms]
2024-12-09 08:33:10.612 [warning] [Git][config] git config failed: Failed to execute git
2024-12-09 08:33:10.619 [info] > git reflog main --grep-reflog=branch: Created from *. [5ms]
2024-12-09 08:33:10.623 [info] > git symbolic-ref --short refs/remotes/origin/HEAD [0ms]
2024-12-09 08:33:10.624 [info] fatal: ref refs/remotes/origin/HEAD is not a symbolic ref
2024-12-09 08:33:10.624 [warning] [Repository][getDefaultBranch] Failed to get default branch details: Failed to execute git.
2024-12-09 08:33:10.637 [info] > git for-each-ref --format=%(refname)%00%(upstream:short)%00%(objectname)%00%(upstream:track)%00%(upstream:remotename)%00%(upstream:remoteref) refs/heads/main refs/remotes/main [19ms]
2024-12-09 08:33:10.638 [info] > git rev-parse --show-toplevel [22ms]
2024-12-09 08:33:10.641 [info] > git merge-base refs/heads/main refs/remotes/origin/main [14ms]
2024-12-09 08:33:10.645 [info] > git rev-parse --show-toplevel [4ms]
2024-12-09 08:33:10.648 [info] > git diff --name-status -z --diff-filter=ADMR 71957848c436212eb2d0cc73fe960591b9178c38...refs/remotes/origin/main [4ms]
2024-12-09 08:33:10.654 [info] > git rev-parse --show-toplevel [6ms]
2024-12-09 08:33:10.665 [info] > git for-each-ref --sort -committerdate --format %(refname) %(objectname) %(*objectname) [11ms]
2024-12-09 08:33:10.667 [info] > git rev-parse --show-toplevel [3ms]
2024-12-09 08:33:10.670 [info] [Model][doInitialScan] Initial repository scan completed - repositories (1), closed repositories (0), parent repositories (0), unsafe repositories (0)
2024-12-09 08:33:10.740 [info] > git status -z -uall [89ms]
2024-12-09 08:33:10.972 [info] > git show --textconv :static/swagger.json [8ms]
2024-12-09 08:33:10.977 [info] > git ls-files --stage -- /home/ubuntu/static/swagger.json [7ms]
2024-12-09 08:33:10.985 [info] > git cat-file -s 09f936ee0333f8f8d3c9c4ba01f6914edeaa88da [3ms]
2024-12-09 08:33:11.064 [info] > git check-ignore -v -z --stdin [25ms]
2024-12-09 08:33:14.856 [info] > git config --get commit.template [7ms]
2024-12-09 08:33:14.878 [info] > git for-each-ref --format=%(refname)%00%(upstream:short)%00%(objectname)%00%(upstream:track)%00%(upstream:remotename)%00%(upstream:remoteref) refs/heads/main refs/remotes/main [4ms]
2024-12-09 08:33:14.905 [info] > git for-each-ref --sort -committerdate --format %(refname) %(objectname) %(*objectname) [12ms]
2024-12-09 08:33:14.949 [info] > git status -z -uall [63ms]
2024-12-09 08:34:11.734 [info] > git config --get commit.template [7ms]
2024-12-09 08:34:11.736 [info] > git for-each-ref --format=%(refname)%00%(upstream:short)%00%(objectname)%00%(upstream:track)%00%(upstream:remotename)%00%(upstream:remoteref) refs/heads/main refs/remotes/main [4ms]
2024-12-09 08:34:11.761 [info] > git for-each-ref --sort -committerdate --format %(refname) %(objectname) %(*objectname) [13ms]
2024-12-09 08:34:11.817 [info] > git status -z -uall [75ms]
2024-12-09 08:34:16.841 [info] > git config --get commit.template [8ms]
2024-12-09 08:34:16.842 [info] > git for-each-ref --format=%(refname)%00%(upstream:short)%00%(objectname)%00%(upstream:track)%00%(upstream:remotename)%00%(upstream:remoteref) refs/heads/main refs/remotes/main [3ms]
2024-12-09 08:34:16.858 [info] > git for-each-ref --sort -committerdate --format %(refname) %(objectname) %(*objectname) [3ms]
2024-12-09 08:34:16.925 [info] > git status -z -uall [77ms]
2024-12-09 08:34:21.182 [info] > git check-ignore -v -z --stdin [10ms]
2024-12-09 08:34:21.946 [info] > git config --get commit.template [7ms]
2024-12-09 08:34:21.950 [info] > git for-each-ref --format=%(refname)%00%(upstream:short)%00%(objectname)%00%(upstream:track)%00%(upstream:remotename)%00%(upstream:remoteref) refs/heads/main refs/remotes/main [5ms]
2024-12-09 08:34:21.973 [info] > git for-each-ref --sort -committerdate --format %(refname) %(objectname) %(*objectname) [11ms]
2024-12-09 08:34:22.034 [info] > git status -z -uall [78ms]
2024-12-09 08:34:27.054 [info] > git config --get commit.template [9ms]
2024-12-09 08:34:27.056 [info] > git for-each-ref --format=%(refname)%00%(upstream:short)%00%(objectname)%00%(upstream:track)%00%(upstream:remotename)%00%(upstream:remoteref) refs/heads/main refs/remotes/main [4ms]
2024-12-09 08:34:27.071 [info] > git for-each-ref --sort -committerdate --format %(refname) %(objectname) %(*objectname) [3ms]
2024-12-09 08:34:27.136 [info] > git status -z -uall [74ms]
2024-12-09 08:34:30.240 [info] > git check-ignore -v -z --stdin [12ms]
2024-12-09 08:34:33.938 [info] > git config --get commit.template [3ms]
2024-12-09 08:34:33.947 [info] > git for-each-ref --format=%(refname)%00%(upstream:short)%00%(objectname)%00%(upstream:track)%00%(upstream:remotename)%00%(upstream:remoteref) refs/heads/main refs/remotes/main [3ms]
2024-12-09 08:34:33.969 [info] > git for-each-ref --sort -committerdate --format %(refname) %(objectname) %(*objectname) [9ms]
2024-12-09 08:34:34.030 [info] > git status -z -uall [76ms]
2024-12-09 08:34:39.051 [info] > git config --get commit.template [7ms]
2024-12-09 08:34:39.053 [info] > git for-each-ref --format=%(refname)%00%(upstream:short)%00%(objectname)%00%(upstream:track)%00%(upstream:remotename)%00%(upstream:remoteref) refs/heads/main refs/remotes/main [3ms]
2024-12-09 08:34:39.074 [info] > git for-each-ref --sort -committerdate --format %(refname) %(objectname) %(*objectname) [9ms]
2024-12-09 08:34:39.133 [info] > git status -z -uall [72ms]
2024-12-09 08:34:40.232 [info] > git show --textconv :.github/workflows/deploy.yml [9ms]
2024-12-09 08:34:40.241 [info] > git ls-files --stage -- /home/ubuntu/.github/workflows/deploy.yml [11ms]
2024-12-09 08:34:40.472 [info] > git check-ignore -v -z --stdin [11ms]
2024-12-09 08:34:50.962 [info] > git config --get commit.template [7ms]
2024-12-09 08:34:50.964 [info] > git for-each-ref --format=%(refname)%00%(upstream:short)%00%(objectname)%00%(upstream:track)%00%(upstream:remotename)%00%(upstream:remoteref) refs/heads/main refs/remotes/main [3ms]
2024-12-09 08:34:50.985 [info] > git for-each-ref --sort -committerdate --format %(refname) %(objectname) %(*objectname) [10ms]
2024-12-09 08:34:51.042 [info] > git status -z -uall [73ms]
2024-12-09 08:34:56.062 [info] > git config --get commit.template [7ms]
2024-12-09 08:34:56.064 [info] > git for-each-ref --format=%(refname)%00%(upstream:short)%00%(objectname)%00%(upstream:track)%00%(upstream:remotename)%00%(upstream:remoteref) refs/heads/main refs/remotes/main [3ms]
2024-12-09 08:34:56.079 [info] > git for-each-ref --sort -committerdate --format %(refname) %(objectname) %(*objectname) [4ms]
2024-12-09 08:34:56.143 [info] > git status -z -uall [73ms]
2024-12-09 08:35:01.164 [info] > git config --get commit.template [7ms]
2024-12-09 08:35:01.166 [info] > git for-each-ref --format=%(refname)%00%(upstream:short)%00%(objectname)%00%(upstream:track)%00%(upstream:remotename)%00%(upstream:remoteref) refs/heads/main refs/remotes/main [3ms]
2024-12-09 08:35:01.181 [info] > git for-each-ref --sort -committerdate --format %(refname) %(objectname) %(*objectname) [4ms]
2024-12-09 08:35:01.244 [info] > git status -z -uall [73ms]
2024-12-09 08:35:03.620 [info] > git config --get commit.template [7ms]
2024-12-09 08:35:03.622 [info] > git for-each-ref --format=%(refname)%00%(upstream:short)%00%(objectname)%00%(upstream:track)%00%(upstream:remotename)%00%(upstream:remoteref) refs/heads/main refs/remotes/main [3ms]
2024-12-09 08:35:03.638 [info] > git for-each-ref --sort -committerdate --format %(refname) %(objectname) %(*objectname) [4ms]
2024-12-09 08:35:03.696 [info] > git status -z -uall [68ms]
2024-12-09 08:35:04.825 [info] > git ls-files --stage -- /home/ubuntu/.github/workflows/deploy.yml [7ms]
2024-12-09 08:35:04.834 [info] > git cat-file -s 603b50dd156ee75c425962966d7465d0e7526ddc [3ms]
2024-12-09 08:35:04.852 [info] > git show --textconv :.github/workflows/deploy.yml [8ms]
2024-12-09 08:35:05.357 [info] > git config --get commit.template [6ms]
2024-12-09 08:35:05.360 [info] > git for-each-ref --format=%(refname)%00%(upstream:short)%00%(objectname)%00%(upstream:track)%00%(upstream:remotename)%00%(upstream:remoteref) refs/heads/main refs/remotes/main [4ms]
2024-12-09 08:35:05.380 [info] > git for-each-ref --sort -committerdate --format %(refname) %(objectname) %(*objectname) [8ms]
2024-12-09 08:35:05.430 [info] > git status -z -uall [64ms]
2024-12-09 08:35:05.454 [info] > git merge-base refs/heads/main refs/remotes/origin/main [2ms]
2024-12-09 08:35:05.463 [info] > git diff --name-status -z --diff-filter=ADMR 71957848c436212eb2d0cc73fe960591b9178c38...refs/remotes/origin/main [3ms]
2024-12-09 08:35:06.266 [info] > git config --get commit.template [7ms]
2024-12-09 08:35:06.267 [info] > git for-each-ref --format=%(refname)%00%(upstream:short)%00%(objectname)%00%(upstream:track)%00%(upstream:remotename)%00%(upstream:remoteref) refs/heads/main refs/remotes/main [3ms]
2024-12-09 08:35:06.283 [info] > git for-each-ref --sort -committerdate --format %(refname) %(objectname) %(*objectname) [4ms]
2024-12-09 08:35:06.342 [info] > git status -z -uall [69ms]
2024-12-09 08:35:06.627 [info] > git ls-files --stage -- /home/ubuntu/.github/workflows/deploy.yml [4ms]
2024-12-09 08:35:06.632 [info] > git cat-file -s 603b50dd156ee75c425962966d7465d0e7526ddc [2ms]
2024-12-09 08:35:06.645 [info] > git show --textconv :.github/workflows/deploy.yml [5ms]
2024-12-09 08:35:11.360 [info] > git config --get commit.template [7ms]
2024-12-09 08:35:11.362 [info] > git for-each-ref --format=%(refname)%00%(upstream:short)%00%(objectname)%00%(upstream:track)%00%(upstream:remotename)%00%(upstream:remoteref) refs/heads/main refs/remotes/main [3ms]
2024-12-09 08:35:11.379 [info] > git for-each-ref --sort -committerdate --format %(refname) %(objectname) %(*objectname) [2ms]
2024-12-09 08:35:11.437 [info] > git status -z -uall [69ms]
2024-12-09 08:35:22.524 [info] > git config --get commit.template [7ms]
2024-12-09 08:35:22.527 [info] > git for-each-ref --format=%(refname)%00%(upstream:short)%00%(objectname)%00%(upstream:track)%00%(upstream:remotename)%00%(upstream:remoteref) refs/heads/main refs/remotes/main [4ms]
2024-12-09 08:35:22.544 [info] > git for-each-ref --sort -committerdate --format %(refname) %(objectname) %(*objectname) [2ms]
2024-12-09 08:35:22.603 [info] > git status -z -uall [70ms]
2024-12-09 08:35:24.429 [info] > git ls-files --stage -- /home/ubuntu/.github/workflows/deploy.yml [7ms]
2024-12-09 08:35:24.437 [info] > git cat-file -s 603b50dd156ee75c425962966d7465d0e7526ddc [3ms]
2024-12-09 08:35:24.455 [info] > git show --textconv :.github/workflows/deploy.yml [8ms]
2024-12-09 08:35:27.062 [info] > git ls-files --stage -- /home/ubuntu/.github/workflows/deploy.yml [8ms]
2024-12-09 08:35:27.070 [info] > git cat-file -s 603b50dd156ee75c425962966d7465d0e7526ddc [2ms]
2024-12-09 08:35:27.088 [info] > git show --textconv :.github/workflows/deploy.yml [8ms]
2024-12-09 08:35:27.196 [info] > git config --get commit.template [5ms]
2024-12-09 08:35:27.197 [info] > git for-each-ref --format=%(refname)%00%(upstream:short)%00%(objectname)%00%(upstream:track)%00%(upstream:remotename)%00%(upstream:remoteref) refs/heads/main refs/remotes/main [2ms]
2024-12-09 08:35:27.218 [info] > git for-each-ref --sort -committerdate --format %(refname) %(objectname) %(*objectname) [3ms]
2024-12-09 08:35:27.248 [info] > git status -z -uall [45ms]
2024-12-09 08:35:27.263 [info] > git merge-base refs/heads/main refs/remotes/origin/main [2ms]
2024-12-09 08:35:27.270 [info] > git diff --name-status -z --diff-filter=ADMR 71957848c436212eb2d0cc73fe960591b9178c38...refs/remotes/origin/main [2ms]
2024-12-09 08:35:27.622 [info] > git config --get commit.template [7ms]
2024-12-09 08:35:27.625 [info] > git for-each-ref --format=%(refname)%00%(upstream:short)%00%(objectname)%00%(upstream:track)%00%(upstream:remotename)%00%(upstream:remoteref) refs/heads/main refs/remotes/main [4ms]
2024-12-09 08:35:27.640 [info] > git for-each-ref --sort -committerdate --format %(refname) %(objectname) %(*objectname) [3ms]
2024-12-09 08:35:27.703 [info] > git status -z -uall [72ms]
2024-12-09 08:35:28.521 [info] > git ls-files --stage -- /home/ubuntu/.github/workflows/deploy.yml [7ms]
2024-12-09 08:35:28.529 [info] > git cat-file -s 603b50dd156ee75c425962966d7465d0e7526ddc [3ms]
2024-12-09 08:35:28.546 [info] > git show --textconv :.github/workflows/deploy.yml [8ms]
2024-12-09 08:35:30.753 [info] > git config --get commit.template [7ms]
2024-12-09 08:35:30.756 [info] > git for-each-ref --format=%(refname)%00%(upstream:short)%00%(objectname)%00%(upstream:track)%00%(upstream:remotename)%00%(upstream:remoteref) refs/heads/main refs/remotes/main [4ms]
2024-12-09 08:35:30.782 [info] > git for-each-ref --sort -committerdate --format %(refname) %(objectname) %(*objectname) [14ms]
2024-12-09 08:35:30.824 [info] > git status -z -uall [62ms]
2024-12-09 08:35:30.839 [info] > git merge-base refs/heads/main refs/remotes/origin/main [3ms]
2024-12-09 08:35:30.846 [info] > git diff --name-status -z --diff-filter=ADMR 71957848c436212eb2d0cc73fe960591b9178c38...refs/remotes/origin/main [2ms]
2024-12-09 08:35:32.132 [info] > git ls-files --stage -- /home/ubuntu/.github/workflows/deploy.yml [8ms]
2024-12-09 08:35:32.140 [info] > git cat-file -s 603b50dd156ee75c425962966d7465d0e7526ddc [3ms]
2024-12-09 08:35:32.157 [info] > git show --textconv :.github/workflows/deploy.yml [8ms]
2024-12-09 08:35:33.016 [info] > git config --get commit.template [6ms]
2024-12-09 08:35:33.019 [info] > git for-each-ref --format=%(refname)%00%(upstream:short)%00%(objectname)%00%(upstream:track)%00%(upstream:remotename)%00%(upstream:remoteref) refs/heads/main refs/remotes/main [3ms]
2024-12-09 08:35:33.038 [info] > git for-each-ref --sort -committerdate --format %(refname) %(objectname) %(*objectname) [8ms]
2024-12-09 08:35:33.095 [info] > git status -z -uall [70ms]
2024-12-09 08:35:38.113 [info] > git config --get commit.template [6ms]
2024-12-09 08:35:38.115 [info] > git for-each-ref --format=%(refname)%00%(upstream:short)%00%(objectname)%00%(upstream:track)%00%(upstream:remotename)%00%(upstream:remoteref) refs/heads/main refs/remotes/main [3ms]
2024-12-09 08:35:38.140 [info] > git for-each-ref --sort -committerdate --format %(refname) %(objectname) %(*objectname) [14ms]
2024-12-09 08:35:38.197 [info] > git status -z -uall [75ms]
2024-12-09 08:36:10.013 [info] > git config --get commit.template [6ms]
2024-12-09 08:36:10.016 [info] > git for-each-ref --format=%(refname)%00%(upstream:short)%00%(objectname)%00%(upstream:track)%00%(upstream:remotename)%00%(upstream:remoteref) refs/heads/main refs/remotes/main [4ms]
2024-12-09 08:36:10.033 [info] > git for-each-ref --sort -committerdate --format %(refname) %(objectname) %(*objectname) [4ms]
2024-12-09 08:36:10.097 [info] > git status -z -uall [76ms]
2024-12-09 08:36:13.213 [info] > git config --get commit.template [7ms]
2024-12-09 08:36:13.215 [info] > git for-each-ref --format=%(refname)%00%(upstream:short)%00%(objectname)%00%(upstream:track)%00%(upstream:remotename)%00%(upstream:remoteref) refs/heads/main refs/remotes/main [3ms]
2024-12-09 08:36:13.237 [info] > git for-each-ref --sort -committerdate --format %(refname) %(objectname) %(*objectname) [10ms]
2024-12-09 08:36:13.289 [info] > git status -z -uall [68ms]
2024-12-09 08:36:13.304 [info] > git merge-base refs/heads/main refs/remotes/origin/main [3ms]
2024-12-09 08:36:13.313 [info] > git diff --name-status -z --diff-filter=ADMR 19473f3c85e7cd694a60e849557f87fd2b972661...refs/remotes/origin/main [4ms]
2024-12-09 08:36:14.499 [info] > git ls-files --stage -- /home/ubuntu/.github/workflows/deploy.yml [7ms]
2024-12-09 08:36:14.508 [info] > git cat-file -s 603b50dd156ee75c425962966d7465d0e7526ddc [3ms]
2024-12-09 08:36:14.525 [info] > git show --textconv :.github/workflows/deploy.yml [7ms]
2024-12-09 08:36:15.111 [info] > git config --get commit.template [3ms]
2024-12-09 08:36:15.117 [info] > git for-each-ref --format=%(refname)%00%(upstream:short)%00%(objectname)%00%(upstream:track)%00%(upstream:remotename)%00%(upstream:remoteref) refs/heads/main refs/remotes/main [2ms]
2024-12-09 08:36:15.138 [info] > git for-each-ref --sort -committerdate --format %(refname) %(objectname) %(*objectname) [11ms]
2024-12-09 08:36:15.168 [info] > git status -z -uall [46ms]
2024-12-09 08:38:21.201 [info] > git config --get commit.template [6ms]
2024-12-09 08:38:21.203 [info] > git for-each-ref --format=%(refname)%00%(upstream:short)%00%(objectname)%00%(upstream:track)%00%(upstream:remotename)%00%(upstream:remoteref) refs/heads/main refs/remotes/main [3ms]
2024-12-09 08:38:21.218 [info] > git for-each-ref --sort -committerdate --format %(refname) %(objectname) %(*objectname) [4ms]
2024-12-09 08:38:21.279 [info] > git status -z -uall [70ms]
2024-12-09 08:38:21.522 [info] > git show --textconv :requirements.txt [9ms]
2024-12-09 08:38:21.530 [info] > git ls-files --stage -- /home/ubuntu/requirements.txt [12ms]
2024-12-09 08:38:21.538 [info] > git cat-file -s cb8cb83d5a3a4e28790381eee1551b58559ccdff [3ms]
2024-12-09 08:38:26.300 [info] > git config --get commit.template [7ms]
2024-12-09 08:38:26.301 [info] > git for-each-ref --format=%(refname)%00%(upstream:short)%00%(objectname)%00%(upstream:track)%00%(upstream:remotename)%00%(upstream:remoteref) refs/heads/main refs/remotes/main [3ms]
2024-12-09 08:38:26.317 [info] > git for-each-ref --sort -committerdate --format %(refname) %(objectname) %(*objectname) [4ms]
2024-12-09 08:38:26.378 [info] > git status -z -uall [71ms]
2024-12-09 08:38:31.396 [info] > git config --get commit.template [6ms]
2024-12-09 08:38:31.398 [info] > git for-each-ref --format=%(refname)%00%(upstream:short)%00%(objectname)%00%(upstream:track)%00%(upstream:remotename)%00%(upstream:remoteref) refs/heads/main refs/remotes/main [3ms]
2024-12-09 08:38:31.421 [info] > git for-each-ref --sort -committerdate --format %(refname) %(objectname) %(*objectname) [10ms]
2024-12-09 08:38:31.474 [info] > git status -z -uall [70ms]
2024-12-09 08:38:36.491 [info] > git config --get commit.template [7ms]
2024-12-09 08:38:36.493 [info] > git for-each-ref --format=%(refname)%00%(upstream:short)%00%(objectname)%00%(upstream:track)%00%(upstream:remotename)%00%(upstream:remoteref) refs/heads/main refs/remotes/main [3ms]
2024-12-09 08:38:36.507 [info] > git for-each-ref --sort -committerdate --format %(refname) %(objectname) %(*objectname) [3ms]
2024-12-09 08:38:36.566 [info] > git status -z -uall [68ms]
2024-12-09 08:38:41.584 [info] > git config --get commit.template [7ms]
2024-12-09 08:38:41.587 [info] > git for-each-ref --format=%(refname)%00%(upstream:short)%00%(objectname)%00%(upstream:track)%00%(upstream:remotename)%00%(upstream:remoteref) refs/heads/main refs/remotes/main [4ms]
2024-12-09 08:38:41.605 [info] > git for-each-ref --sort -committerdate --format %(refname) %(objectname) %(*objectname) [7ms]
2024-12-09 08:38:41.663 [info] > git status -z -uall [70ms]
2024-12-09 08:38:57.603 [info] > git config --get commit.template [7ms]
2024-12-09 08:38:57.605 [info] > git for-each-ref --format=%(refname)%00%(upstream:short)%00%(objectname)%00%(upstream:track)%00%(upstream:remotename)%00%(upstream:remoteref) refs/heads/main refs/remotes/main [3ms]
2024-12-09 08:38:57.624 [info] > git for-each-ref --sort -committerdate --format %(refname) %(objectname) %(*objectname) [5ms]
2024-12-09 08:38:57.690 [info] > git status -z -uall [79ms]
2024-12-09 08:38:59.855 [info] > git check-ignore -v -z --stdin [8ms]
2024-12-09 08:39:02.709 [info] > git config --get commit.template [7ms]
2024-12-09 08:39:02.711 [info] > git for-each-ref --format=%(refname)%00%(upstream:short)%00%(objectname)%00%(upstream:track)%00%(upstream:remotename)%00%(upstream:remoteref) refs/heads/main refs/remotes/main [3ms]
2024-12-09 08:39:02.727 [info] > git for-each-ref --sort -committerdate --format %(refname) %(objectname) %(*objectname) [3ms]
2024-12-09 08:39:02.793 [info] > git status -z -uall [77ms]
2024-12-09 08:39:07.856 [info] > git config --get commit.template [7ms]
2024-12-09 08:39:07.858 [info] > git for-each-ref --format=%(refname)%00%(upstream:short)%00%(objectname)%00%(upstream:track)%00%(upstream:remotename)%00%(upstream:remoteref) refs/heads/main refs/remotes/main [3ms]
2024-12-09 08:39:07.873 [info] > git for-each-ref --sort -committerdate --format %(refname) %(objectname) %(*objectname) [4ms]
2024-12-09 08:39:07.939 [info] > git status -z -uall [76ms]
2024-12-09 08:39:12.377 [info] > git check-ignore -v -z --stdin [13ms]
2024-12-09 08:39:13.330 [info] > git config --get commit.template [7ms]
2024-12-09 08:39:13.332 [info] > git for-each-ref --format=%(refname)%00%(upstream:short)%00%(objectname)%00%(upstream:track)%00%(upstream:remotename)%00%(upstream:remoteref) refs/heads/main refs/remotes/main [3ms]
2024-12-09 08:39:13.349 [info] > git for-each-ref --sort -committerdate --format %(refname) %(objectname) %(*objectname) [6ms]
2024-12-09 08:39:13.411 [info] > git status -z -uall [73ms]
2024-12-09 08:39:15.267 [info] > git check-ignore -v -z --stdin [13ms]
2024-12-09 08:39:20.368 [info] > git config --get commit.template [6ms]
2024-12-09 08:39:20.371 [info] > git for-each-ref --format=%(refname)%00%(upstream:short)%00%(objectname)%00%(upstream:track)%00%(upstream:remotename)%00%(upstream:remoteref) refs/heads/main refs/remotes/main [3ms]
2024-12-09 08:39:20.395 [info] > git for-each-ref --sort -committerdate --format %(refname) %(objectname) %(*objectname) [13ms]
2024-12-09 08:39:20.464 [info] > git status -z -uall [87ms]
2024-12-09 08:39:25.497 [info] > git config --get commit.template [8ms]
2024-12-09 08:39:25.499 [info] > git for-each-ref --format=%(refname)%00%(upstream:short)%00%(objectname)%00%(upstream:track)%00%(upstream:remotename)%00%(upstream:remoteref) refs/heads/main refs/remotes/main [3ms]
2024-12-09 08:39:25.517 [info] > git for-each-ref --sort -committerdate --format %(refname) %(objectname) %(*objectname) [6ms]
2024-12-09 08:39:25.568 [info] > git status -z -uall [63ms]
2024-12-09 08:39:30.593 [info] > git config --get commit.template [7ms]
2024-12-09 08:39:30.595 [info] > git for-each-ref --format=%(refname)%00%(upstream:short)%00%(objectname)%00%(upstream:track)%00%(upstream:remotename)%00%(upstream:remoteref) refs/heads/main refs/remotes/main [3ms]
2024-12-09 08:39:30.610 [info] > git for-each-ref --sort -committerdate --format %(refname) %(objectname) %(*objectname) [4ms]
2024-12-09 08:39:30.664 [info] > git status -z -uall [63ms]
2024-12-09 08:39:35.680 [info] > git config --get commit.template [6ms]
2024-12-09 08:39:35.681 [info] > git for-each-ref --format=%(refname)%00%(upstream:short)%00%(objectname)%00%(upstream:track)%00%(upstream:remotename)%00%(upstream:remoteref) refs/heads/main refs/remotes/main [2ms]
2024-12-09 08:39:35.698 [info] > git for-each-ref --sort -committerdate --format %(refname) %(objectname) %(*objectname) [6ms]
2024-12-09 08:39:35.754 [info] > git status -z -uall [68ms]
2024-12-09 08:39:40.773 [info] > git config --get commit.template [7ms]
2024-12-09 08:39:40.775 [info] > git for-each-ref --format=%(refname)%00%(upstream:short)%00%(objectname)%00%(upstream:track)%00%(upstream:remotename)%00%(upstream:remoteref) refs/heads/main refs/remotes/main [3ms]
2024-12-09 08:39:40.793 [info] > git for-each-ref --sort -committerdate --format %(refname) %(objectname) %(*objectname) [6ms]
2024-12-09 08:39:40.849 [info] > git status -z -uall [68ms]
2024-12-09 08:40:19.182 [info] > git config --get commit.template [7ms]
2024-12-09 08:40:19.185 [info] > git for-each-ref --format=%(refname)%00%(upstream:short)%00%(objectname)%00%(upstream:track)%00%(upstream:remotename)%00%(upstream:remoteref) refs/heads/main refs/remotes/main [3ms]
2024-12-09 08:40:19.202 [info] > git for-each-ref --sort -committerdate --format %(refname) %(objectname) %(*objectname) [5ms]
2024-12-09 08:40:19.259 [info] > git status -z -uall [68ms]
2024-12-09 08:40:24.277 [info] > git config --get commit.template [7ms]
2024-12-09 08:40:24.280 [info] > git for-each-ref --format=%(refname)%00%(upstream:short)%00%(objectname)%00%(upstream:track)%00%(upstream:remotename)%00%(upstream:remoteref) refs/heads/main refs/remotes/main [3ms]
2024-12-09 08:40:24.295 [info] > git for-each-ref --sort -committerdate --format %(refname) %(objectname) %(*objectname) [3ms]
2024-12-09 08:40:24.356 [info] > git status -z -uall [71ms]
2024-12-09 08:40:30.371 [info] > git config --get commit.template [7ms]
2024-12-09 08:40:30.373 [info] > git for-each-ref --format=%(refname)%00%(upstream:short)%00%(objectname)%00%(upstream:track)%00%(upstream:remotename)%00%(upstream:remoteref) refs/heads/main refs/remotes/main [3ms]
2024-12-09 08:40:30.392 [info] > git for-each-ref --sort -committerdate --format %(refname) %(objectname) %(*objectname) [6ms]
2024-12-09 08:40:30.449 [info] > git status -z -uall [70ms]
2024-12-09 08:40:35.478 [info] > git config --get commit.template [5ms]
2024-12-09 08:40:35.495 [info] > git for-each-ref --format=%(refname)%00%(upstream:short)%00%(objectname)%00%(upstream:track)%00%(upstream:remotename)%00%(upstream:remoteref) refs/heads/main refs/remotes/main [1ms]
2024-12-09 08:40:35.522 [info] > git for-each-ref --sort -committerdate --format %(refname) %(objectname) %(*objectname) [2ms]
2024-12-09 08:40:35.572 [info] > git status -z -uall [65ms]
2024-12-09 08:40:49.377 [info] > git config --get commit.template [7ms]
2024-12-09 08:40:49.379 [info] > git for-each-ref --format=%(refname)%00%(upstream:short)%00%(objectname)%00%(upstream:track)%00%(upstream:remotename)%00%(upstream:remoteref) refs/heads/main refs/remotes/main [3ms]
2024-12-09 08:40:49.394 [info] > git for-each-ref --sort -committerdate --format %(refname) %(objectname) %(*objectname) [5ms]
2024-12-09 08:40:49.457 [info] > git status -z -uall [73ms]
2024-12-09 08:40:56.384 [info] > git config --get commit.template [8ms]
2024-12-09 08:40:56.386 [info] > git for-each-ref --format=%(refname)%00%(upstream:short)%00%(objectname)%00%(upstream:track)%00%(upstream:remotename)%00%(upstream:remoteref) refs/heads/main refs/remotes/main [3ms]
2024-12-09 08:40:56.402 [info] > git for-each-ref --sort -committerdate --format %(refname) %(objectname) %(*objectname) [5ms]
2024-12-09 08:40:56.471 [info] > git status -z -uall [79ms]
