2024-12-14 18:29:47.740 [info] Extension host with pid 1488 started
2024-12-14 18:29:47.740 [error] Error: EEXIST: file already exists, open '/home/ubuntu/.vscode-server/data/User/workspaceStorage/89c7bb5c0ce2071f34ce53eb8b7aa3eb/vscode.lock'
2024-12-14 18:29:47.799 [info] Lock '/home/ubuntu/.vscode-server/data/User/workspaceStorage/89c7bb5c0ce2071f34ce53eb8b7aa3eb/vscode.lock': Could not acquire lock, checking if the file is stale.
2024-12-14 18:29:47.807 [info] ExtensionService#_doActivateExtension vscode.git-base, startup: false, activationEvent: '*', root cause: vscode.git
2024-12-14 18:29:47.808 [info] ExtensionService#_doActivateExtension vscode.emmet, startup: false, activationEvent: 'onLanguage'
2024-12-14 18:29:47.808 [info] ExtensionService#_doActivateExtension vscode.configuration-editing, startup: false, activationEvent: 'onLanguage:json'
2024-12-14 18:29:47.808 [info] ExtensionService#_doActivateExtension vscode.extension-editing, startup: false, activationEvent: 'onLanguage:json'
2024-12-14 18:29:47.809 [info] ExtensionService#_doActivateExtension vscode.json-language-features, startup: false, activationEvent: 'onLanguage:json'
2024-12-14 18:29:47.809 [info] ExtensionService#_doActivateExtension vscode.npm, startup: false, activationEvent: 'onLanguage:json'
2024-12-14 18:29:47.814 [info] Lock '/home/ubuntu/.vscode-server/data/User/workspaceStorage/89c7bb5c0ce2071f34ce53eb8b7aa3eb/vscode.lock': The pid 1403 appears to be gone.
2024-12-14 18:29:47.814 [info] Lock '/home/ubuntu/.vscode-server/data/User/workspaceStorage/89c7bb5c0ce2071f34ce53eb8b7aa3eb/vscode.lock': Deleting a stale lock.
2024-12-14 18:29:47.825 [info] Lock '/home/ubuntu/.vscode-server/data/User/workspaceStorage/89c7bb5c0ce2071f34ce53eb8b7aa3eb/vscode.lock': Lock acquired.
2024-12-14 18:29:48.150 [info] ExtensionService#_doActivateExtension vscode.git, startup: false, activationEvent: '*'
2024-12-14 18:29:48.150 [info] ExtensionService#_doActivateExtension vscode.github, startup: false, activationEvent: '*'
2024-12-14 18:29:48.823 [info] Eager extensions activated
2024-12-14 18:29:48.824 [info] ExtensionService#_doActivateExtension vscode.debug-auto-launch, startup: false, activationEvent: 'onStartupFinished'
2024-12-14 18:29:48.824 [info] ExtensionService#_doActivateExtension vscode.merge-conflict, startup: false, activationEvent: 'onStartupFinished'
2024-12-14 18:29:49.142 [warning] [Decorations] CAPPING events from decorations provider vscode.git 1895
2024-12-14 18:29:49.501 [info] ExtensionService#_doActivateExtension vscode.tunnel-forwarding, startup: false, activationEvent: 'onTunnel'
2024-12-14 18:29:49.867 [warning] [Decorations] CAPPING events from decorations provider vscode.git 1895
2024-12-14 18:29:54.145 [warning] [Decorations] CAPPING events from decorations provider vscode.git 1895
2024-12-14 18:30:19.749 [warning] [Decorations] CAPPING events from decorations provider vscode.git 1895
2024-12-14 18:30:24.941 [warning] [Decorations] CAPPING events from decorations provider vscode.git 1895
2024-12-14 18:30:47.649 [warning] [Decorations] CAPPING events from decorations provider vscode.git 1895
2024-12-14 18:30:52.838 [warning] [Decorations] CAPPING events from decorations provider vscode.git 1895
2024-12-14 18:31:11.024 [warning] [Decorations] CAPPING events from decorations provider vscode.git 1895
2024-12-14 18:31:16.193 [warning] [Decorations] CAPPING events from decorations provider vscode.git 1895
2024-12-14 18:31:21.389 [warning] [Decorations] CAPPING events from decorations provider vscode.git 1895
