2024-12-14 18:31:55.016 [info] [main] 로그 수준: Info
2024-12-14 18:31:55.016 [info] [main] "git"에서 찾은 git 유효성을 검사하는 중
2024-12-14 18:31:55.016 [info] [main] "2.43.0"에서 git "git"을(를) 사용하는 중
2024-12-14 18:31:55.016 [info] [Model][doInitialScan] Initial repository scan started
2024-12-14 18:31:55.016 [info] > git rev-parse --show-toplevel [31ms]
2024-12-14 18:31:55.018 [info] > git rev-parse --git-dir --git-common-dir [3ms]
2024-12-14 18:31:55.029 [info] [Model][openRepository] Opened repository: /home/ubuntu
2024-12-14 18:31:55.094 [info] > git rev-parse --show-toplevel [40ms]
2024-12-14 18:31:55.095 [info] > git config --get commit.template [48ms]
2024-12-14 18:31:55.120 [info] > git rev-parse --show-toplevel [1ms]
2024-12-14 18:31:55.122 [info] > git for-each-ref --format=%(refname)%00%(upstream:short)%00%(objectname)%00%(upstream:track)%00%(upstream:remotename)%00%(upstream:remoteref) refs/heads/main refs/remotes/main [15ms]
2024-12-14 18:31:55.128 [info] > git rev-parse --show-toplevel [1ms]
2024-12-14 18:31:55.165 [info] > git rev-parse --show-toplevel [20ms]
2024-12-14 18:31:55.166 [info] > git for-each-ref --sort -committerdate --format %(refname) %(objectname) %(*objectname) [14ms]
2024-12-14 18:31:55.186 [info] > git rev-parse --show-toplevel [1ms]
2024-12-14 18:31:55.194 [info] > git rev-parse --show-toplevel [1ms]
2024-12-14 18:31:55.202 [info] > git rev-parse --show-toplevel [1ms]
2024-12-14 18:31:55.212 [info] > git rev-parse --show-toplevel [1ms]
2024-12-14 18:31:55.223 [info] > git rev-parse --show-toplevel [1ms]
2024-12-14 18:31:55.228 [info] > git rev-parse --show-toplevel [3ms]
2024-12-14 18:31:55.232 [info] > git rev-parse --show-toplevel [0ms]
2024-12-14 18:31:55.240 [info] > git rev-parse --show-toplevel [1ms]
2024-12-14 18:31:55.244 [info] > git rev-parse --show-toplevel [0ms]
2024-12-14 18:31:55.251 [info] [Model][doInitialScan] Initial repository scan completed - repositories (1), closed repositories (0), parent repositories (0), unsafe repositories (0)
2024-12-14 18:31:55.273 [info] > git status -z -uall [131ms]
2024-12-14 18:31:55.378 [info] > git for-each-ref --format=%(refname)%00%(upstream:short)%00%(objectname)%00%(upstream:track)%00%(upstream:remotename)%00%(upstream:remoteref) refs/heads/main refs/remotes/main [11ms]
2024-12-14 18:31:55.383 [info] > git config --local branch.main.vscode-merge-base [0ms]
2024-12-14 18:31:55.383 [warning] [Git][config] git config failed: Failed to execute git
2024-12-14 18:31:55.386 [info] > git config --get commit.template [8ms]
2024-12-14 18:31:55.666 [info] > git show --textconv :static/swagger.json [16ms]
2024-12-14 18:31:55.666 [info] > git for-each-ref --format=%(refname)%00%(upstream:short)%00%(objectname)%00%(upstream:track)%00%(upstream:remotename)%00%(upstream:remoteref) refs/heads/main refs/remotes/main [277ms]
2024-12-14 18:31:55.666 [info] > git reflog main --grep-reflog=branch: Created from *. [281ms]
2024-12-14 18:31:55.693 [info] > git symbolic-ref --short refs/remotes/origin/HEAD [23ms]
2024-12-14 18:31:55.693 [info] fatal: ref refs/remotes/origin/HEAD is not a symbolic ref
2024-12-14 18:31:55.693 [warning] [Repository][getDefaultBranch] Failed to get default branch details: Failed to execute git.
2024-12-14 18:31:55.698 [info] > git ls-files --stage -- /home/ubuntu/static/swagger.json [43ms]
2024-12-14 18:31:55.708 [info] > git check-ignore -v -z --stdin [32ms]
2024-12-14 18:31:55.709 [info] > git cat-file -s ab73e4a3c11f5f8d1042eae240b3bad3108103b5 [8ms]
2024-12-14 18:31:55.711 [info] > git merge-base refs/heads/main refs/remotes/origin/main [14ms]
2024-12-14 18:31:55.718 [info] > git diff --name-status -z --diff-filter=ADMR 297643d4dc7e94925d0824c35dbac7c6bcb504e6...refs/remotes/origin/main [3ms]
2024-12-14 18:31:55.731 [info] > git for-each-ref --sort -committerdate --format %(refname) %(objectname) %(*objectname) [1ms]
2024-12-14 18:31:55.929 [info] > git blame --root --incremental 297643d4dc7e94925d0824c35dbac7c6bcb504e6 -- /home/ubuntu/static/swagger.json [152ms]
2024-12-14 18:31:55.931 [info] > git status -z -uall [205ms]
2024-12-14 18:32:03.025 [info] > git config --get commit.template [8ms]
2024-12-14 18:32:03.026 [info] > git for-each-ref --format=%(refname)%00%(upstream:short)%00%(objectname)%00%(upstream:track)%00%(upstream:remotename)%00%(upstream:remoteref) refs/heads/main refs/remotes/main [3ms]
2024-12-14 18:32:03.048 [info] > git for-each-ref --sort -committerdate --format %(refname) %(objectname) %(*objectname) [7ms]
2024-12-14 18:32:03.161 [info] > git status -z -uall [126ms]
2024-12-14 18:32:08.231 [info] > git config --get commit.template [7ms]
2024-12-14 18:32:08.233 [info] > git for-each-ref --format=%(refname)%00%(upstream:short)%00%(objectname)%00%(upstream:track)%00%(upstream:remotename)%00%(upstream:remoteref) refs/heads/main refs/remotes/main [4ms]
2024-12-14 18:32:08.250 [info] > git for-each-ref --sort -committerdate --format %(refname) %(objectname) %(*objectname) [5ms]
2024-12-14 18:32:08.352 [info] > git status -z -uall [113ms]
2024-12-14 18:32:13.440 [info] > git config --get commit.template [8ms]
2024-12-14 18:32:13.442 [info] > git for-each-ref --format=%(refname)%00%(upstream:short)%00%(objectname)%00%(upstream:track)%00%(upstream:remotename)%00%(upstream:remoteref) refs/heads/main refs/remotes/main [3ms]
2024-12-14 18:32:13.465 [info] > git for-each-ref --sort -committerdate --format %(refname) %(objectname) %(*objectname) [10ms]
2024-12-14 18:32:13.543 [info] > git status -z -uall [94ms]
2024-12-14 18:32:18.634 [info] > git config --get commit.template [10ms]
2024-12-14 18:32:18.636 [info] > git for-each-ref --format=%(refname)%00%(upstream:short)%00%(objectname)%00%(upstream:track)%00%(upstream:remotename)%00%(upstream:remoteref) refs/heads/main refs/remotes/main [4ms]
2024-12-14 18:32:18.657 [info] > git for-each-ref --sort -committerdate --format %(refname) %(objectname) %(*objectname) [4ms]
2024-12-14 18:32:18.758 [info] > git status -z -uall [115ms]
2024-12-14 18:32:23.838 [info] > git config --get commit.template [8ms]
2024-12-14 18:32:23.839 [info] > git for-each-ref --format=%(refname)%00%(upstream:short)%00%(objectname)%00%(upstream:track)%00%(upstream:remotename)%00%(upstream:remoteref) refs/heads/main refs/remotes/main [4ms]
2024-12-14 18:32:23.858 [info] > git for-each-ref --sort -committerdate --format %(refname) %(objectname) %(*objectname) [5ms]
2024-12-14 18:32:23.953 [info] > git status -z -uall [107ms]
