2024-12-14 19:49:24.440 [info] Extension host with pid 14127 started
2024-12-14 19:49:24.440 [error] Error: EEXIST: file already exists, open '/home/ubuntu/.vscode-server/data/User/workspaceStorage/89c7bb5c0ce2071f34ce53eb8b7aa3eb/vscode.lock'
2024-12-14 19:49:24.443 [info] Lock '/home/ubuntu/.vscode-server/data/User/workspaceStorage/89c7bb5c0ce2071f34ce53eb8b7aa3eb/vscode.lock': Could not acquire lock, checking if the file is stale.
2024-12-14 19:49:24.455 [info] Lock '/home/ubuntu/.vscode-server/data/User/workspaceStorage/89c7bb5c0ce2071f34ce53eb8b7aa3eb/vscode.lock': The lock looks stale, waiting for 2s.
2024-12-14 19:49:26.455 [info] Lock '/home/ubuntu/.vscode-server/data/User/workspaceStorage/89c7bb5c0ce2071f34ce53eb8b7aa3eb/vscode.lock': The lock looks stale even after waiting for 2s.
2024-12-14 19:49:26.456 [info] Lock '/home/ubuntu/.vscode-server/data/User/workspaceStorage/89c7bb5c0ce2071f34ce53eb8b7aa3eb/vscode.lock': Deleting a stale lock.
2024-12-14 19:49:26.463 [info] Lock '/home/ubuntu/.vscode-server/data/User/workspaceStorage/89c7bb5c0ce2071f34ce53eb8b7aa3eb/vscode.lock': Lock acquired.
2024-12-14 19:49:27.261 [info] ExtensionService#_doActivateExtension vscode.git-base, startup: false, activationEvent: '*', root cause: vscode.git
2024-12-14 19:49:27.265 [info] ExtensionService#_doActivateExtension vscode.tunnel-forwarding, startup: false, activationEvent: 'onTunnel'
2024-12-14 19:49:27.270 [info] ExtensionService#_doActivateExtension vscode.emmet, startup: false, activationEvent: 'onLanguage'
2024-12-14 19:49:27.270 [info] ExtensionService#_doActivateExtension vscode.configuration-editing, startup: false, activationEvent: 'onLanguage:json'
2024-12-14 19:49:27.271 [info] ExtensionService#_doActivateExtension vscode.extension-editing, startup: false, activationEvent: 'onLanguage:json'
2024-12-14 19:49:27.272 [info] ExtensionService#_doActivateExtension vscode.json-language-features, startup: false, activationEvent: 'onLanguage:json'
2024-12-14 19:49:27.274 [info] ExtensionService#_doActivateExtension vscode.npm, startup: false, activationEvent: 'onLanguage:json'
2024-12-14 19:49:29.856 [info] ExtensionService#_doActivateExtension vscode.git, startup: false, activationEvent: '*'
2024-12-14 19:49:29.857 [info] ExtensionService#_doActivateExtension vscode.github, startup: false, activationEvent: '*'
2024-12-14 19:49:30.752 [info] Eager extensions activated
2024-12-14 19:49:30.753 [info] ExtensionService#_doActivateExtension vscode.debug-auto-launch, startup: false, activationEvent: 'onStartupFinished'
2024-12-14 19:49:30.754 [info] ExtensionService#_doActivateExtension vscode.merge-conflict, startup: false, activationEvent: 'onStartupFinished'
2024-12-14 19:49:30.979 [warning] [Decorations] CAPPING events from decorations provider vscode.git 1983
2024-12-14 19:49:31.314 [warning] [Decorations] CAPPING events from decorations provider vscode.git 1983
2024-12-14 19:49:33.956 [warning] [Decorations] CAPPING events from decorations provider vscode.git 1985
2024-12-14 19:49:39.163 [warning] [Decorations] CAPPING events from decorations provider vscode.git 1985
2024-12-14 19:49:44.361 [warning] [Decorations] CAPPING events from decorations provider vscode.git 1985
2024-12-14 19:49:53.910 [warning] [Decorations] CAPPING events from decorations provider vscode.git 1985
2024-12-14 19:49:59.116 [warning] [Decorations] CAPPING events from decorations provider vscode.git 1985
2024-12-14 19:50:04.275 [warning] [Decorations] CAPPING events from decorations provider vscode.git 1985
2024-12-14 19:50:09.882 [warning] [Decorations] CAPPING events from decorations provider vscode.git 1985
2024-12-14 19:50:15.079 [warning] [Decorations] CAPPING events from decorations provider vscode.git 1985
2024-12-14 19:50:20.235 [warning] [Decorations] CAPPING events from decorations provider vscode.git 1985
2024-12-14 19:50:25.431 [warning] [Decorations] CAPPING events from decorations provider vscode.git 1985
2024-12-14 19:50:30.628 [warning] [Decorations] CAPPING events from decorations provider vscode.git 1985
2024-12-14 19:50:35.826 [warning] [Decorations] CAPPING events from decorations provider vscode.git 1985
2024-12-14 19:50:41.025 [warning] [Decorations] CAPPING events from decorations provider vscode.git 1985
2024-12-14 19:50:46.187 [warning] [Decorations] CAPPING events from decorations provider vscode.git 1985
2024-12-14 19:50:51.387 [warning] [Decorations] CAPPING events from decorations provider vscode.git 1985
2024-12-14 19:50:56.576 [warning] [Decorations] CAPPING events from decorations provider vscode.git 1985
2024-12-14 19:51:01.772 [warning] [Decorations] CAPPING events from decorations provider vscode.git 1985
2024-12-14 19:51:06.970 [warning] [Decorations] CAPPING events from decorations provider vscode.git 1985
2024-12-14 19:51:12.167 [warning] [Decorations] CAPPING events from decorations provider vscode.git 1985
2024-12-14 19:51:17.361 [warning] [Decorations] CAPPING events from decorations provider vscode.git 1985
2024-12-14 19:51:22.561 [warning] [Decorations] CAPPING events from decorations provider vscode.git 1985
2024-12-14 19:51:28.826 [warning] [Decorations] CAPPING events from decorations provider vscode.git 1985
2024-12-14 19:51:34.013 [warning] [Decorations] CAPPING events from decorations provider vscode.git 1985
2024-12-14 19:51:39.200 [warning] [Decorations] CAPPING events from decorations provider vscode.git 1985
2024-12-14 19:52:27.321 [warning] [Decorations] CAPPING events from decorations provider vscode.git 1985
2024-12-14 19:52:32.539 [warning] [Decorations] CAPPING events from decorations provider vscode.git 1985
2024-12-14 19:52:37.740 [warning] [Decorations] CAPPING events from decorations provider vscode.git 1985
2024-12-14 19:52:42.943 [warning] [Decorations] CAPPING events from decorations provider vscode.git 1985
2024-12-14 19:52:48.105 [warning] [Decorations] CAPPING events from decorations provider vscode.git 1985
2024-12-14 19:52:53.291 [warning] [Decorations] CAPPING events from decorations provider vscode.git 1985
2024-12-14 19:52:58.914 [warning] [Decorations] CAPPING events from decorations provider vscode.git 1985
2024-12-14 19:53:04.115 [warning] [Decorations] CAPPING events from decorations provider vscode.git 1985
2024-12-14 19:53:13.101 [warning] [Decorations] CAPPING events from decorations provider vscode.git 1985
2024-12-14 19:53:39.751 [warning] [Decorations] CAPPING events from decorations provider vscode.git 1985
2024-12-14 19:53:45.027 [warning] [Decorations] CAPPING events from decorations provider vscode.git 1985
2024-12-14 19:53:50.177 [warning] [Decorations] CAPPING events from decorations provider vscode.git 1985
2024-12-14 19:53:58.826 [warning] [Decorations] CAPPING events from decorations provider vscode.git 1985
2024-12-14 19:54:04.021 [warning] [Decorations] CAPPING events from decorations provider vscode.git 1985
2024-12-14 19:54:11.824 [warning] [Decorations] CAPPING events from decorations provider vscode.git 1985
2024-12-14 19:54:17.025 [warning] [Decorations] CAPPING events from decorations provider vscode.git 1985
2024-12-14 19:54:23.122 [warning] [Decorations] CAPPING events from decorations provider vscode.git 1985
2024-12-14 19:54:28.336 [warning] [Decorations] CAPPING events from decorations provider vscode.git 1985
2024-12-14 19:54:34.863 [warning] [Decorations] CAPPING events from decorations provider vscode.git 1985
2024-12-14 19:54:40.056 [warning] [Decorations] CAPPING events from decorations provider vscode.git 1985
2024-12-14 19:54:45.897 [warning] [Decorations] CAPPING events from decorations provider vscode.git 1985
2024-12-14 19:54:51.085 [warning] [Decorations] CAPPING events from decorations provider vscode.git 1985
2024-12-14 19:54:56.303 [warning] [Decorations] CAPPING events from decorations provider vscode.git 1985
2024-12-14 19:55:22.608 [warning] [Decorations] CAPPING events from decorations provider vscode.git 1985
2024-12-14 19:55:40.734 [warning] [Decorations] CAPPING events from decorations provider vscode.git 1985
2024-12-14 19:55:45.947 [warning] [Decorations] CAPPING events from decorations provider vscode.git 1985
2024-12-14 19:55:56.989 [warning] [Decorations] CAPPING events from decorations provider vscode.git 1985
2024-12-14 19:56:02.191 [warning] [Decorations] CAPPING events from decorations provider vscode.git 1985
2024-12-14 19:56:07.396 [warning] [Decorations] CAPPING events from decorations provider vscode.git 1985
2024-12-14 19:56:12.595 [warning] [Decorations] CAPPING events from decorations provider vscode.git 1985
2024-12-14 19:56:17.784 [warning] [Decorations] CAPPING events from decorations provider vscode.git 1985
2024-12-14 19:56:22.978 [warning] [Decorations] CAPPING events from decorations provider vscode.git 1985
2024-12-14 19:57:31.808 [warning] [Decorations] CAPPING events from decorations provider vscode.git 1985
2024-12-14 19:59:04.537 [warning] [Decorations] CAPPING events from decorations provider vscode.git 1985
2024-12-14 19:59:09.754 [warning] [Decorations] CAPPING events from decorations provider vscode.git 1985
2024-12-14 19:59:14.960 [warning] [Decorations] CAPPING events from decorations provider vscode.git 1985
2024-12-14 19:59:20.716 [warning] [Decorations] CAPPING events from decorations provider vscode.git 1985
2024-12-14 19:59:25.843 [warning] [Decorations] CAPPING events from decorations provider vscode.git 1985
2024-12-14 19:59:31.033 [warning] [Decorations] CAPPING events from decorations provider vscode.git 1985
2024-12-14 19:59:36.229 [warning] [Decorations] CAPPING events from decorations provider vscode.git 1985
2024-12-14 19:59:41.429 [warning] [Decorations] CAPPING events from decorations provider vscode.git 1985
2024-12-14 19:59:46.624 [warning] [Decorations] CAPPING events from decorations provider vscode.git 1985
2024-12-14 19:59:51.826 [warning] [Decorations] CAPPING events from decorations provider vscode.git 1985
2024-12-14 19:59:57.394 [warning] [Decorations] CAPPING events from decorations provider vscode.git 1985
2024-12-14 20:00:02.588 [warning] [Decorations] CAPPING events from decorations provider vscode.git 1985
2024-12-14 20:00:07.788 [warning] [Decorations] CAPPING events from decorations provider vscode.git 1985
2024-12-14 20:00:12.990 [warning] [Decorations] CAPPING events from decorations provider vscode.git 1985
2024-12-14 20:00:18.185 [warning] [Decorations] CAPPING events from decorations provider vscode.git 1985
2024-12-14 20:00:23.395 [warning] [Decorations] CAPPING events from decorations provider vscode.git 1985
2024-12-14 20:00:28.578 [warning] [Decorations] CAPPING events from decorations provider vscode.git 1985
2024-12-14 20:00:33.773 [warning] [Decorations] CAPPING events from decorations provider vscode.git 1985
2024-12-14 20:00:38.942 [warning] [Decorations] CAPPING events from decorations provider vscode.git 1985
2024-12-14 20:00:44.135 [warning] [Decorations] CAPPING events from decorations provider vscode.git 1985
2024-12-14 20:00:49.337 [warning] [Decorations] CAPPING events from decorations provider vscode.git 1985
2024-12-14 20:00:54.530 [warning] [Decorations] CAPPING events from decorations provider vscode.git 1985
2024-12-14 20:01:01.078 [warning] [Decorations] CAPPING events from decorations provider vscode.git 1985
2024-12-14 20:01:06.250 [warning] [Decorations] CAPPING events from decorations provider vscode.git 1985
2024-12-14 20:01:11.449 [warning] [Decorations] CAPPING events from decorations provider vscode.git 1985
2024-12-14 20:01:16.647 [warning] [Decorations] CAPPING events from decorations provider vscode.git 1985
2024-12-14 20:01:21.842 [warning] [Decorations] CAPPING events from decorations provider vscode.git 1985
2024-12-14 20:01:28.392 [warning] [Decorations] CAPPING events from decorations provider vscode.git 1985
2024-12-14 20:01:33.586 [warning] [Decorations] CAPPING events from decorations provider vscode.git 1985
2024-12-14 20:01:38.799 [warning] [Decorations] CAPPING events from decorations provider vscode.git 1985
2024-12-14 20:01:45.407 [warning] [Decorations] CAPPING events from decorations provider vscode.git 1985
2024-12-14 20:01:50.607 [warning] [Decorations] CAPPING events from decorations provider vscode.git 1985
2024-12-14 20:01:55.805 [warning] [Decorations] CAPPING events from decorations provider vscode.git 1985
2024-12-14 20:02:00.999 [warning] [Decorations] CAPPING events from decorations provider vscode.git 1985
2024-12-14 20:02:07.564 [warning] [Decorations] CAPPING events from decorations provider vscode.git 1985
2024-12-14 20:02:13.551 [warning] [Decorations] CAPPING events from decorations provider vscode.git 1985
2024-12-14 20:02:18.748 [warning] [Decorations] CAPPING events from decorations provider vscode.git 1985
2024-12-14 20:02:23.914 [warning] [Decorations] CAPPING events from decorations provider vscode.git 1985
2024-12-14 20:02:29.101 [warning] [Decorations] CAPPING events from decorations provider vscode.git 1985
2024-12-14 20:02:34.297 [warning] [Decorations] CAPPING events from decorations provider vscode.git 1985
2024-12-14 20:02:39.490 [warning] [Decorations] CAPPING events from decorations provider vscode.git 1985
2024-12-14 20:02:44.686 [warning] [Decorations] CAPPING events from decorations provider vscode.git 1985
2024-12-14 20:02:49.851 [warning] [Decorations] CAPPING events from decorations provider vscode.git 1985
2024-12-14 20:02:55.053 [warning] [Decorations] CAPPING events from decorations provider vscode.git 1985
2024-12-14 20:03:00.250 [warning] [Decorations] CAPPING events from decorations provider vscode.git 1985
2024-12-14 20:03:05.450 [warning] [Decorations] CAPPING events from decorations provider vscode.git 1985
2024-12-14 20:03:10.654 [warning] [Decorations] CAPPING events from decorations provider vscode.git 1985
2024-12-14 20:03:15.861 [warning] [Decorations] CAPPING events from decorations provider vscode.git 1985
2024-12-14 20:03:21.059 [warning] [Decorations] CAPPING events from decorations provider vscode.git 1985
2024-12-14 20:03:26.261 [warning] [Decorations] CAPPING events from decorations provider vscode.git 1985
2024-12-14 20:03:31.456 [warning] [Decorations] CAPPING events from decorations provider vscode.git 1985
2024-12-14 20:03:36.661 [warning] [Decorations] CAPPING events from decorations provider vscode.git 1985
2024-12-14 20:03:41.882 [warning] [Decorations] CAPPING events from decorations provider vscode.git 1985
2024-12-14 20:03:47.077 [warning] [Decorations] CAPPING events from decorations provider vscode.git 1985
2024-12-14 20:03:52.245 [warning] [Decorations] CAPPING events from decorations provider vscode.git 1985
2024-12-14 20:03:57.441 [warning] [Decorations] CAPPING events from decorations provider vscode.git 1985
2024-12-14 20:04:02.643 [warning] [Decorations] CAPPING events from decorations provider vscode.git 1985
2024-12-14 20:04:07.845 [warning] [Decorations] CAPPING events from decorations provider vscode.git 1985
2024-12-14 20:04:13.038 [warning] [Decorations] CAPPING events from decorations provider vscode.git 1985
2024-12-14 20:04:18.244 [warning] [Decorations] CAPPING events from decorations provider vscode.git 1985
2024-12-14 20:04:23.439 [warning] [Decorations] CAPPING events from decorations provider vscode.git 1985
2024-12-14 20:04:28.632 [warning] [Decorations] CAPPING events from decorations provider vscode.git 1985
2024-12-14 20:04:33.829 [warning] [Decorations] CAPPING events from decorations provider vscode.git 1985
2024-12-14 20:04:39.026 [warning] [Decorations] CAPPING events from decorations provider vscode.git 1985
2024-12-14 20:04:45.576 [warning] [Decorations] CAPPING events from decorations provider vscode.git 1985
2024-12-14 20:04:50.777 [warning] [Decorations] CAPPING events from decorations provider vscode.git 1985
2024-12-14 20:04:55.967 [warning] [Decorations] CAPPING events from decorations provider vscode.git 1985
2024-12-14 20:05:01.186 [warning] [Decorations] CAPPING events from decorations provider vscode.git 1985
2024-12-14 20:05:06.381 [warning] [Decorations] CAPPING events from decorations provider vscode.git 1985
2024-12-14 20:05:11.587 [warning] [Decorations] CAPPING events from decorations provider vscode.git 1985
2024-12-14 20:05:16.785 [warning] [Decorations] CAPPING events from decorations provider vscode.git 1985
2024-12-14 20:05:21.983 [warning] [Decorations] CAPPING events from decorations provider vscode.git 1985
2024-12-14 20:05:27.174 [warning] [Decorations] CAPPING events from decorations provider vscode.git 1985
2024-12-14 20:05:32.361 [warning] [Decorations] CAPPING events from decorations provider vscode.git 1985
2024-12-14 20:05:37.557 [warning] [Decorations] CAPPING events from decorations provider vscode.git 1985
2024-12-14 20:05:42.756 [warning] [Decorations] CAPPING events from decorations provider vscode.git 1985
2024-12-14 20:05:47.928 [warning] [Decorations] CAPPING events from decorations provider vscode.git 1985
2024-12-14 20:05:53.124 [warning] [Decorations] CAPPING events from decorations provider vscode.git 1985
2024-12-14 20:05:58.324 [warning] [Decorations] CAPPING events from decorations provider vscode.git 1985
2024-12-14 20:06:03.528 [warning] [Decorations] CAPPING events from decorations provider vscode.git 1985
2024-12-14 20:06:08.729 [warning] [Decorations] CAPPING events from decorations provider vscode.git 1985
2024-12-14 20:06:13.927 [warning] [Decorations] CAPPING events from decorations provider vscode.git 1985
2024-12-14 20:06:19.099 [warning] [Decorations] CAPPING events from decorations provider vscode.git 1985
2024-12-14 20:06:24.294 [warning] [Decorations] CAPPING events from decorations provider vscode.git 1985
2024-12-14 20:06:29.491 [warning] [Decorations] CAPPING events from decorations provider vscode.git 1985
2024-12-14 20:06:34.690 [warning] [Decorations] CAPPING events from decorations provider vscode.git 1985
2024-12-14 20:06:39.886 [warning] [Decorations] CAPPING events from decorations provider vscode.git 1985
2024-12-14 20:06:45.090 [warning] [Decorations] CAPPING events from decorations provider vscode.git 1985
2024-12-14 20:06:50.284 [warning] [Decorations] CAPPING events from decorations provider vscode.git 1985
2024-12-14 20:06:55.484 [warning] [Decorations] CAPPING events from decorations provider vscode.git 1985
2024-12-14 20:07:00.681 [warning] [Decorations] CAPPING events from decorations provider vscode.git 1985
2024-12-14 20:07:05.885 [warning] [Decorations] CAPPING events from decorations provider vscode.git 1985
2024-12-14 20:07:11.082 [warning] [Decorations] CAPPING events from decorations provider vscode.git 1985
2024-12-14 20:07:19.614 [warning] [Decorations] CAPPING events from decorations provider vscode.git 1985
2024-12-14 20:07:25.614 [warning] [Decorations] CAPPING events from decorations provider vscode.git 1985
2024-12-14 20:07:30.822 [warning] [Decorations] CAPPING events from decorations provider vscode.git 1985
2024-12-14 20:07:36.014 [warning] [Decorations] CAPPING events from decorations provider vscode.git 1985
2024-12-14 20:07:41.233 [warning] [Decorations] CAPPING events from decorations provider vscode.git 1985
2024-12-14 20:07:46.393 [warning] [Decorations] CAPPING events from decorations provider vscode.git 1985
2024-12-14 20:07:51.584 [warning] [Decorations] CAPPING events from decorations provider vscode.git 1985
2024-12-14 20:07:56.776 [warning] [Decorations] CAPPING events from decorations provider vscode.git 1985
2024-12-14 20:08:01.934 [warning] [Decorations] CAPPING events from decorations provider vscode.git 1985
2024-12-14 20:08:10.535 [warning] [Decorations] CAPPING events from decorations provider vscode.git 1985
2024-12-14 20:08:15.739 [warning] [Decorations] CAPPING events from decorations provider vscode.git 1985
2024-12-14 20:08:20.941 [warning] [Decorations] CAPPING events from decorations provider vscode.git 1985
2024-12-14 20:08:26.129 [warning] [Decorations] CAPPING events from decorations provider vscode.git 1985
2024-12-14 20:08:31.318 [warning] [Decorations] CAPPING events from decorations provider vscode.git 1985
2024-12-14 20:08:36.520 [warning] [Decorations] CAPPING events from decorations provider vscode.git 1985
2024-12-14 20:08:41.715 [warning] [Decorations] CAPPING events from decorations provider vscode.git 1985
2024-12-14 20:08:46.907 [warning] [Decorations] CAPPING events from decorations provider vscode.git 1985
2024-12-14 20:08:52.100 [warning] [Decorations] CAPPING events from decorations provider vscode.git 1985
2024-12-14 20:08:57.294 [warning] [Decorations] CAPPING events from decorations provider vscode.git 1985
2024-12-14 20:09:02.467 [warning] [Decorations] CAPPING events from decorations provider vscode.git 1985
2024-12-14 20:09:07.625 [warning] [Decorations] CAPPING events from decorations provider vscode.git 1985
2024-12-14 20:09:12.820 [warning] [Decorations] CAPPING events from decorations provider vscode.git 1985
2024-12-14 20:09:18.024 [warning] [Decorations] CAPPING events from decorations provider vscode.git 1985
2024-12-14 20:09:23.194 [warning] [Decorations] CAPPING events from decorations provider vscode.git 1985
2024-12-14 20:09:28.382 [warning] [Decorations] CAPPING events from decorations provider vscode.git 1985
2024-12-14 20:09:33.580 [warning] [Decorations] CAPPING events from decorations provider vscode.git 1985
2024-12-14 20:09:38.766 [warning] [Decorations] CAPPING events from decorations provider vscode.git 1985
2024-12-14 20:09:43.964 [warning] [Decorations] CAPPING events from decorations provider vscode.git 1985
2024-12-14 20:09:49.157 [warning] [Decorations] CAPPING events from decorations provider vscode.git 1985
2024-12-14 20:09:54.353 [warning] [Decorations] CAPPING events from decorations provider vscode.git 1985
2024-12-14 20:09:59.548 [warning] [Decorations] CAPPING events from decorations provider vscode.git 1985
2024-12-14 20:10:04.741 [warning] [Decorations] CAPPING events from decorations provider vscode.git 1985
2024-12-14 20:10:09.906 [warning] [Decorations] CAPPING events from decorations provider vscode.git 1985
2024-12-14 20:10:15.068 [warning] [Decorations] CAPPING events from decorations provider vscode.git 1985
2024-12-14 20:10:20.249 [warning] [Decorations] CAPPING events from decorations provider vscode.git 1985
2024-12-14 20:10:25.443 [warning] [Decorations] CAPPING events from decorations provider vscode.git 1985
2024-12-14 20:10:30.612 [warning] [Decorations] CAPPING events from decorations provider vscode.git 1985
2024-12-14 20:10:35.811 [warning] [Decorations] CAPPING events from decorations provider vscode.git 1985
2024-12-14 20:10:41.014 [warning] [Decorations] CAPPING events from decorations provider vscode.git 1985
2024-12-14 20:10:50.589 [warning] [Decorations] CAPPING events from decorations provider vscode.git 1985
2024-12-14 20:10:55.783 [warning] [Decorations] CAPPING events from decorations provider vscode.git 1985
2024-12-14 20:11:00.970 [warning] [Decorations] CAPPING events from decorations provider vscode.git 1985
2024-12-14 20:11:06.168 [warning] [Decorations] CAPPING events from decorations provider vscode.git 1985
2024-12-14 20:11:11.367 [warning] [Decorations] CAPPING events from decorations provider vscode.git 1985
2024-12-14 20:11:16.571 [warning] [Decorations] CAPPING events from decorations provider vscode.git 1985
2024-12-14 20:11:21.758 [warning] [Decorations] CAPPING events from decorations provider vscode.git 1985
2024-12-14 20:11:26.943 [warning] [Decorations] CAPPING events from decorations provider vscode.git 1985
2024-12-14 20:11:32.136 [warning] [Decorations] CAPPING events from decorations provider vscode.git 1985
2024-12-14 20:11:37.335 [warning] [Decorations] CAPPING events from decorations provider vscode.git 1985
2024-12-14 20:11:42.533 [warning] [Decorations] CAPPING events from decorations provider vscode.git 1985
2024-12-14 20:11:47.729 [warning] [Decorations] CAPPING events from decorations provider vscode.git 1985
2024-12-14 20:11:52.929 [warning] [Decorations] CAPPING events from decorations provider vscode.git 1985
2024-12-14 20:11:58.136 [warning] [Decorations] CAPPING events from decorations provider vscode.git 1985
2024-12-14 20:12:03.328 [warning] [Decorations] CAPPING events from decorations provider vscode.git 1985
2024-12-14 20:12:08.535 [warning] [Decorations] CAPPING events from decorations provider vscode.git 1985
2024-12-14 20:12:13.730 [warning] [Decorations] CAPPING events from decorations provider vscode.git 1985
2024-12-14 20:12:18.928 [warning] [Decorations] CAPPING events from decorations provider vscode.git 1985
2024-12-14 20:12:24.101 [warning] [Decorations] CAPPING events from decorations provider vscode.git 1985
2024-12-14 20:12:29.305 [warning] [Decorations] CAPPING events from decorations provider vscode.git 1985
2024-12-14 20:12:34.471 [warning] [Decorations] CAPPING events from decorations provider vscode.git 1985
2024-12-14 20:12:39.664 [warning] [Decorations] CAPPING events from decorations provider vscode.git 1985
2024-12-14 20:12:44.862 [warning] [Decorations] CAPPING events from decorations provider vscode.git 1985
2024-12-14 20:12:50.060 [warning] [Decorations] CAPPING events from decorations provider vscode.git 1985
2024-12-14 20:12:55.256 [warning] [Decorations] CAPPING events from decorations provider vscode.git 1985
2024-12-14 20:13:00.448 [warning] [Decorations] CAPPING events from decorations provider vscode.git 1985
2024-12-14 20:13:05.670 [warning] [Decorations] CAPPING events from decorations provider vscode.git 1985
2024-12-14 20:13:10.866 [warning] [Decorations] CAPPING events from decorations provider vscode.git 1985
2024-12-14 20:13:16.056 [warning] [Decorations] CAPPING events from decorations provider vscode.git 1985
2024-12-14 20:13:21.254 [warning] [Decorations] CAPPING events from decorations provider vscode.git 1985
2024-12-14 20:13:26.408 [warning] [Decorations] CAPPING events from decorations provider vscode.git 1985
2024-12-14 20:13:31.604 [warning] [Decorations] CAPPING events from decorations provider vscode.git 1985
2024-12-14 20:13:36.801 [warning] [Decorations] CAPPING events from decorations provider vscode.git 1985
2024-12-14 20:13:42.007 [warning] [Decorations] CAPPING events from decorations provider vscode.git 1985
2024-12-14 20:13:47.206 [warning] [Decorations] CAPPING events from decorations provider vscode.git 1985
2024-12-14 20:13:52.406 [warning] [Decorations] CAPPING events from decorations provider vscode.git 1985
2024-12-14 20:13:57.572 [warning] [Decorations] CAPPING events from decorations provider vscode.git 1985
2024-12-14 20:14:02.785 [warning] [Decorations] CAPPING events from decorations provider vscode.git 1985
2024-12-14 20:14:07.968 [warning] [Decorations] CAPPING events from decorations provider vscode.git 1985
2024-12-14 20:14:13.153 [warning] [Decorations] CAPPING events from decorations provider vscode.git 1985
2024-12-14 20:14:18.355 [warning] [Decorations] CAPPING events from decorations provider vscode.git 1985
2024-12-14 20:14:27.317 [warning] [Decorations] CAPPING events from decorations provider vscode.git 1985
2024-12-14 20:14:32.515 [warning] [Decorations] CAPPING events from decorations provider vscode.git 1985
2024-12-14 20:14:37.714 [warning] [Decorations] CAPPING events from decorations provider vscode.git 1985
2024-12-14 20:14:42.910 [warning] [Decorations] CAPPING events from decorations provider vscode.git 1985
2024-12-14 20:14:48.133 [warning] [Decorations] CAPPING events from decorations provider vscode.git 1985
2024-12-14 20:14:53.452 [warning] [Decorations] CAPPING events from decorations provider vscode.git 1985
2024-12-14 20:14:58.648 [warning] [Decorations] CAPPING events from decorations provider vscode.git 1985
2024-12-14 20:15:03.831 [warning] [Decorations] CAPPING events from decorations provider vscode.git 1985
2024-12-14 20:15:09.000 [warning] [Decorations] CAPPING events from decorations provider vscode.git 1985
2024-12-14 20:15:14.212 [warning] [Decorations] CAPPING events from decorations provider vscode.git 1985
2024-12-14 20:15:19.413 [warning] [Decorations] CAPPING events from decorations provider vscode.git 1985
2024-12-14 20:15:24.609 [warning] [Decorations] CAPPING events from decorations provider vscode.git 1985
2024-12-14 20:15:29.800 [warning] [Decorations] CAPPING events from decorations provider vscode.git 1985
2024-12-14 20:15:35.002 [warning] [Decorations] CAPPING events from decorations provider vscode.git 1985
2024-12-14 20:15:40.198 [warning] [Decorations] CAPPING events from decorations provider vscode.git 1985
2024-12-14 20:15:45.383 [warning] [Decorations] CAPPING events from decorations provider vscode.git 1985
2024-12-14 20:15:50.596 [warning] [Decorations] CAPPING events from decorations provider vscode.git 1985
2024-12-14 20:15:55.783 [warning] [Decorations] CAPPING events from decorations provider vscode.git 1985
2024-12-14 20:16:00.977 [warning] [Decorations] CAPPING events from decorations provider vscode.git 1985
2024-12-14 20:16:06.166 [warning] [Decorations] CAPPING events from decorations provider vscode.git 1985
2024-12-14 20:16:37.088 [warning] [Decorations] CAPPING events from decorations provider vscode.git 1985
2024-12-14 20:19:29.063 [warning] [Decorations] CAPPING events from decorations provider vscode.git 1985
2024-12-14 20:20:01.032 [warning] [Decorations] CAPPING events from decorations provider vscode.git 1985
2024-12-14 20:20:06.189 [warning] [Decorations] CAPPING events from decorations provider vscode.git 1985
2024-12-14 20:20:11.387 [warning] [Decorations] CAPPING events from decorations provider vscode.git 1985
2024-12-14 20:20:16.573 [warning] [Decorations] CAPPING events from decorations provider vscode.git 1985
2024-12-14 20:20:37.664 [warning] [Decorations] CAPPING events from decorations provider vscode.git 1985
2024-12-14 20:20:42.848 [warning] [Decorations] CAPPING events from decorations provider vscode.git 1985
2024-12-14 20:20:48.045 [warning] [Decorations] CAPPING events from decorations provider vscode.git 1985
2024-12-14 20:20:54.638 [warning] [Decorations] CAPPING events from decorations provider vscode.git 1985
2024-12-14 20:20:59.840 [warning] [Decorations] CAPPING events from decorations provider vscode.git 1985
2024-12-14 20:21:05.030 [warning] [Decorations] CAPPING events from decorations provider vscode.git 1985
2024-12-14 20:21:10.233 [warning] [Decorations] CAPPING events from decorations provider vscode.git 1985
2024-12-14 20:21:15.435 [warning] [Decorations] CAPPING events from decorations provider vscode.git 1985
2024-12-14 20:21:20.633 [warning] [Decorations] CAPPING events from decorations provider vscode.git 1985
2024-12-14 20:21:36.217 [warning] [Decorations] CAPPING events from decorations provider vscode.git 1985
2024-12-14 20:21:41.410 [warning] [Decorations] CAPPING events from decorations provider vscode.git 1985
2024-12-14 20:21:46.605 [warning] [Decorations] CAPPING events from decorations provider vscode.git 1985
2024-12-14 20:21:51.807 [warning] [Decorations] CAPPING events from decorations provider vscode.git 1985
2024-12-14 20:22:03.153 [warning] [Decorations] CAPPING events from decorations provider vscode.git 1985
2024-12-14 20:25:16.863 [warning] [Decorations] CAPPING events from decorations provider vscode.git 1985
2024-12-14 20:25:22.071 [warning] [Decorations] CAPPING events from decorations provider vscode.git 1985
2024-12-14 20:27:24.000 [warning] [Decorations] CAPPING events from decorations provider vscode.git 1985
2024-12-14 20:27:29.213 [warning] [Decorations] CAPPING events from decorations provider vscode.git 1985
2024-12-14 20:27:34.384 [warning] [Decorations] CAPPING events from decorations provider vscode.git 1985
2024-12-14 20:27:39.581 [warning] [Decorations] CAPPING events from decorations provider vscode.git 1985
2024-12-14 20:27:44.786 [warning] [Decorations] CAPPING events from decorations provider vscode.git 1985
2024-12-14 20:27:49.987 [warning] [Decorations] CAPPING events from decorations provider vscode.git 1985
2024-12-14 20:27:55.194 [warning] [Decorations] CAPPING events from decorations provider vscode.git 1985
2024-12-14 20:28:00.367 [warning] [Decorations] CAPPING events from decorations provider vscode.git 1985
2024-12-14 20:28:05.557 [warning] [Decorations] CAPPING events from decorations provider vscode.git 1985
2024-12-14 20:28:10.752 [warning] [Decorations] CAPPING events from decorations provider vscode.git 1985
2024-12-14 20:28:15.948 [warning] [Decorations] CAPPING events from decorations provider vscode.git 1985
2024-12-14 20:28:21.153 [warning] [Decorations] CAPPING events from decorations provider vscode.git 1985
2024-12-14 20:28:26.355 [warning] [Decorations] CAPPING events from decorations provider vscode.git 1985
2024-12-14 20:28:31.548 [warning] [Decorations] CAPPING events from decorations provider vscode.git 1985
2024-12-14 20:28:36.735 [warning] [Decorations] CAPPING events from decorations provider vscode.git 1985
2024-12-14 20:28:41.932 [warning] [Decorations] CAPPING events from decorations provider vscode.git 1985
2024-12-14 20:28:47.129 [warning] [Decorations] CAPPING events from decorations provider vscode.git 1985
2024-12-14 20:28:52.325 [warning] [Decorations] CAPPING events from decorations provider vscode.git 1985
2024-12-14 20:28:57.495 [warning] [Decorations] CAPPING events from decorations provider vscode.git 1985
2024-12-14 20:29:11.288 [warning] [Decorations] CAPPING events from decorations provider vscode.git 1985
2024-12-14 20:29:16.488 [warning] [Decorations] CAPPING events from decorations provider vscode.git 1985
2024-12-14 20:29:21.681 [warning] [Decorations] CAPPING events from decorations provider vscode.git 1985
2024-12-14 20:29:26.867 [warning] [Decorations] CAPPING events from decorations provider vscode.git 1985
2024-12-14 20:29:32.070 [warning] [Decorations] CAPPING events from decorations provider vscode.git 1985
2024-12-14 20:29:37.263 [warning] [Decorations] CAPPING events from decorations provider vscode.git 1985
2024-12-14 20:31:25.695 [warning] [Decorations] CAPPING events from decorations provider vscode.git 1985
2024-12-14 20:31:30.902 [warning] [Decorations] CAPPING events from decorations provider vscode.git 1985
2024-12-14 20:31:36.111 [warning] [Decorations] CAPPING events from decorations provider vscode.git 1985
2024-12-14 20:31:41.301 [warning] [Decorations] CAPPING events from decorations provider vscode.git 1985
2024-12-14 20:31:47.997 [warning] [Decorations] CAPPING events from decorations provider vscode.git 1985
2024-12-14 20:31:53.183 [warning] [Decorations] CAPPING events from decorations provider vscode.git 1985
2024-12-14 20:31:58.369 [warning] [Decorations] CAPPING events from decorations provider vscode.git 1985
2024-12-14 20:32:03.561 [warning] [Decorations] CAPPING events from decorations provider vscode.git 1985
2024-12-14 20:32:08.756 [warning] [Decorations] CAPPING events from decorations provider vscode.git 1985
2024-12-14 20:32:13.960 [warning] [Decorations] CAPPING events from decorations provider vscode.git 1985
2024-12-14 20:32:19.155 [warning] [Decorations] CAPPING events from decorations provider vscode.git 1985
2024-12-14 20:32:45.925 [warning] [Decorations] CAPPING events from decorations provider vscode.git 1985
2024-12-14 20:33:08.974 [warning] [Decorations] CAPPING events from decorations provider vscode.git 1985
2024-12-14 20:33:14.150 [warning] [Decorations] CAPPING events from decorations provider vscode.git 1985
2024-12-14 20:47:15.578 [warning] [Decorations] CAPPING events from decorations provider vscode.git 1985
2024-12-14 20:47:20.776 [warning] [Decorations] CAPPING events from decorations provider vscode.git 1985
2024-12-14 20:47:25.977 [warning] [Decorations] CAPPING events from decorations provider vscode.git 1985
2024-12-14 20:47:31.522 [warning] [Decorations] CAPPING events from decorations provider vscode.git 1985
2024-12-14 20:47:36.709 [warning] [Decorations] CAPPING events from decorations provider vscode.git 1985
2024-12-14 20:47:41.887 [warning] [Decorations] CAPPING events from decorations provider vscode.git 1985
2024-12-14 20:47:54.454 [warning] [Decorations] CAPPING events from decorations provider vscode.git 1985
2024-12-14 20:47:59.650 [warning] [Decorations] CAPPING events from decorations provider vscode.git 1985
2024-12-14 20:48:04.852 [warning] [Decorations] CAPPING events from decorations provider vscode.git 1985
2024-12-14 20:50:25.266 [warning] [Decorations] CAPPING events from decorations provider vscode.git 1985
2024-12-14 20:50:30.469 [warning] [Decorations] CAPPING events from decorations provider vscode.git 1985
2024-12-14 20:50:35.679 [warning] [Decorations] CAPPING events from decorations provider vscode.git 1985
2024-12-14 20:50:40.861 [warning] [Decorations] CAPPING events from decorations provider vscode.git 1985
2024-12-14 20:50:46.042 [warning] [Decorations] CAPPING events from decorations provider vscode.git 1985
2024-12-14 20:50:51.234 [warning] [Decorations] CAPPING events from decorations provider vscode.git 1985
2024-12-14 20:50:56.434 [warning] [Decorations] CAPPING events from decorations provider vscode.git 1985
2024-12-14 20:51:01.630 [warning] [Decorations] CAPPING events from decorations provider vscode.git 1985
2024-12-14 20:51:08.265 [warning] [Decorations] CAPPING events from decorations provider vscode.git 1985
2024-12-14 20:51:13.445 [warning] [Decorations] CAPPING events from decorations provider vscode.git 1985
2024-12-14 20:51:18.590 [warning] [Decorations] CAPPING events from decorations provider vscode.git 1985
2024-12-14 20:51:23.774 [warning] [Decorations] CAPPING events from decorations provider vscode.git 1985
2024-12-14 20:51:28.973 [warning] [Decorations] CAPPING events from decorations provider vscode.git 1985
2024-12-14 20:51:35.524 [warning] [Decorations] CAPPING events from decorations provider vscode.git 1985
2024-12-14 20:51:40.718 [warning] [Decorations] CAPPING events from decorations provider vscode.git 1985
2024-12-14 20:51:45.909 [warning] [Decorations] CAPPING events from decorations provider vscode.git 1985
2024-12-14 20:51:51.530 [warning] [Decorations] CAPPING events from decorations provider vscode.git 1985
2024-12-14 20:51:56.703 [warning] [Decorations] CAPPING events from decorations provider vscode.git 1985
2024-12-14 20:52:01.896 [warning] [Decorations] CAPPING events from decorations provider vscode.git 1985
2024-12-14 20:52:07.090 [warning] [Decorations] CAPPING events from decorations provider vscode.git 1985
2024-12-14 20:52:12.284 [warning] [Decorations] CAPPING events from decorations provider vscode.git 1985
2024-12-14 20:52:17.471 [warning] [Decorations] CAPPING events from decorations provider vscode.git 1985
2024-12-14 20:52:22.672 [warning] [Decorations] CAPPING events from decorations provider vscode.git 1985
2024-12-14 20:52:27.854 [warning] [Decorations] CAPPING events from decorations provider vscode.git 1985
2024-12-14 20:52:33.296 [warning] [Decorations] CAPPING events from decorations provider vscode.git 1985
2024-12-14 20:52:38.479 [warning] [Decorations] CAPPING events from decorations provider vscode.git 1985
2024-12-14 20:52:43.677 [warning] [Decorations] CAPPING events from decorations provider vscode.git 1985
2024-12-14 20:52:48.866 [warning] [Decorations] CAPPING events from decorations provider vscode.git 1985
2024-12-14 20:52:54.052 [warning] [Decorations] CAPPING events from decorations provider vscode.git 1985
2024-12-14 20:52:59.256 [warning] [Decorations] CAPPING events from decorations provider vscode.git 1985
2024-12-14 20:59:09.816 [warning] [Decorations] CAPPING events from decorations provider vscode.git 1985
2024-12-14 20:59:15.012 [warning] [Decorations] CAPPING events from decorations provider vscode.git 1985
2024-12-14 20:59:20.213 [warning] [Decorations] CAPPING events from decorations provider vscode.git 1985
2024-12-14 20:59:25.379 [warning] [Decorations] CAPPING events from decorations provider vscode.git 1985
2024-12-14 20:59:30.576 [warning] [Decorations] CAPPING events from decorations provider vscode.git 1985
2024-12-14 20:59:36.371 [warning] [Decorations] CAPPING events from decorations provider vscode.git 1985
2024-12-14 20:59:41.572 [warning] [Decorations] CAPPING events from decorations provider vscode.git 1985
2024-12-14 20:59:46.769 [warning] [Decorations] CAPPING events from decorations provider vscode.git 1985
2024-12-14 20:59:51.968 [warning] [Decorations] CAPPING events from decorations provider vscode.git 1985
2024-12-14 20:59:57.159 [warning] [Decorations] CAPPING events from decorations provider vscode.git 1985
2024-12-14 21:00:03.710 [warning] [Decorations] CAPPING events from decorations provider vscode.git 1985
2024-12-14 21:00:08.910 [warning] [Decorations] CAPPING events from decorations provider vscode.git 1985
2024-12-14 21:00:14.111 [warning] [Decorations] CAPPING events from decorations provider vscode.git 1985
2024-12-14 21:00:19.314 [warning] [Decorations] CAPPING events from decorations provider vscode.git 1985
2024-12-14 21:00:24.507 [warning] [Decorations] CAPPING events from decorations provider vscode.git 1985
2024-12-14 21:00:29.701 [warning] [Decorations] CAPPING events from decorations provider vscode.git 1985
2024-12-14 21:00:34.892 [warning] [Decorations] CAPPING events from decorations provider vscode.git 1985
2024-12-14 21:00:40.088 [warning] [Decorations] CAPPING events from decorations provider vscode.git 1985
2024-12-14 21:00:45.284 [warning] [Decorations] CAPPING events from decorations provider vscode.git 1985
2024-12-14 21:00:50.480 [warning] [Decorations] CAPPING events from decorations provider vscode.git 1985
2024-12-14 21:00:56.807 [warning] [Decorations] CAPPING events from decorations provider vscode.git 1985
2024-12-14 21:01:01.993 [warning] [Decorations] CAPPING events from decorations provider vscode.git 1985
2024-12-14 21:01:07.194 [warning] [Decorations] CAPPING events from decorations provider vscode.git 1985
2024-12-14 21:01:12.382 [warning] [Decorations] CAPPING events from decorations provider vscode.git 1985
2024-12-14 21:01:17.563 [warning] [Decorations] CAPPING events from decorations provider vscode.git 1985
2024-12-14 21:01:26.087 [warning] [Decorations] CAPPING events from decorations provider vscode.git 1985
2024-12-14 21:01:31.284 [warning] [Decorations] CAPPING events from decorations provider vscode.git 1985
2024-12-14 21:01:39.155 [warning] [Decorations] CAPPING events from decorations provider vscode.git 1985
2024-12-14 21:01:46.185 [warning] [Decorations] CAPPING events from decorations provider vscode.git 1985
