2024-12-09 08:33:09.749 [info] Extension host with pid 223221 started
2024-12-09 08:33:09.772 [info] Lock '/home/ubuntu/.vscode-server/data/User/workspaceStorage/89c7bb5c0ce2071f34ce53eb8b7aa3eb/vscode.lock': Lock acquired.
2024-12-09 08:33:09.831 [info] ExtensionService#_doActivateExtension vscode.emmet, startup: false, activationEvent: 'onLanguage'
2024-12-09 08:33:09.832 [info] ExtensionService#_doActivateExtension vscode.configuration-editing, startup: false, activationEvent: 'onLanguage:json'
2024-12-09 08:33:09.832 [info] ExtensionService#_doActivateExtension vscode.extension-editing, startup: false, activationEvent: 'onLanguage:json'
2024-12-09 08:33:09.833 [info] ExtensionService#_doActivateExtension vscode.json-language-features, startup: false, activationEvent: 'onLanguage:json'
2024-12-09 08:33:09.833 [info] ExtensionService#_doActivateExtension vscode.npm, startup: false, activationEvent: 'onLanguage:json'
2024-12-09 08:33:09.833 [info] ExtensionService#_doActivateExtension vscode.git-base, startup: false, activationEvent: '*', root cause: vscode.git
2024-12-09 08:33:10.031 [info] ExtensionService#_doActivateExtension vscode.git, startup: false, activationEvent: '*'
2024-12-09 08:33:10.032 [info] ExtensionService#_doActivateExtension vscode.github, startup: false, activationEvent: '*'
2024-12-09 08:33:10.421 [info] Eager extensions activated
2024-12-09 08:33:10.422 [info] ExtensionService#_doActivateExtension vscode.debug-auto-launch, startup: false, activationEvent: 'onStartupFinished'
2024-12-09 08:33:10.422 [info] ExtensionService#_doActivateExtension vscode.merge-conflict, startup: false, activationEvent: 'onStartupFinished'
2024-12-09 08:33:11.702 [info] ExtensionService#_doActivateExtension vscode.tunnel-forwarding, startup: false, activationEvent: 'onTunnel'
2024-12-09 08:39:02.828 [warning] [Decorations] CAPPING events from decorations provider vscode.git 1015
2024-12-09 08:39:07.965 [warning] [Decorations] CAPPING events from decorations provider vscode.git 1016
2024-12-09 08:39:13.434 [warning] [Decorations] CAPPING events from decorations provider vscode.git 1016
2024-12-09 08:39:20.478 [warning] [Decorations] CAPPING events from decorations provider vscode.git 1016
2024-12-09 08:39:25.573 [warning] [Decorations] CAPPING events from decorations provider vscode.git 1016
2024-12-09 08:40:24.367 [warning] [Decorations] CAPPING events from decorations provider vscode.git 1016
2024-12-09 08:40:30.455 [warning] [Decorations] CAPPING events from decorations provider vscode.git 1016
2024-12-09 08:40:35.589 [warning] [Decorations] CAPPING events from decorations provider vscode.git 940
2024-12-09 08:40:49.477 [warning] [Decorations] CAPPING events from decorations provider vscode.git 1042
2024-12-09 08:40:56.519 [warning] [Decorations] CAPPING events from decorations provider vscode.git 2115
2024-12-09 08:41:00.456 [warning] [Decorations] CAPPING events from decorations provider vscode.git 2115
2024-12-09 08:41:01.668 [warning] [Decorations] CAPPING events from decorations provider vscode.git 2115
2024-12-09 08:41:06.813 [warning] [Decorations] CAPPING events from decorations provider vscode.git 2115
2024-12-09 08:41:10.192 [warning] [Decorations] CAPPING events from decorations provider vscode.git 2115
2024-12-09 08:43:33.642 [warning] [Decorations] CAPPING events from decorations provider vscode.git 5129
2024-12-09 08:43:38.910 [warning] [Decorations] CAPPING events from decorations provider vscode.git 6183
2024-12-09 08:43:44.159 [warning] [Decorations] CAPPING events from decorations provider vscode.git 6183
2024-12-09 08:43:51.589 [warning] [Decorations] CAPPING events from decorations provider vscode.git 6183
2024-12-09 08:43:56.879 [warning] [Decorations] CAPPING events from decorations provider vscode.git 6183
2024-12-09 08:43:58.428 [warning] [Decorations] CAPPING events from decorations provider vscode.git 6183
2024-12-09 08:44:02.031 [warning] [Decorations] CAPPING events from decorations provider vscode.git 6133
2024-12-09 08:48:09.420 [warning] [Decorations] CAPPING events from decorations provider vscode.git 258
2024-12-09 08:48:14.553 [warning] [Decorations] CAPPING events from decorations provider vscode.git 259
2024-12-09 08:48:19.670 [warning] [Decorations] CAPPING events from decorations provider vscode.git 259
2024-12-09 08:48:24.804 [warning] [Decorations] CAPPING events from decorations provider vscode.git 259
2024-12-09 08:48:29.927 [warning] [Decorations] CAPPING events from decorations provider vscode.git 259
2024-12-09 08:48:35.047 [warning] [Decorations] CAPPING events from decorations provider vscode.git 259
2024-12-09 08:48:40.181 [warning] [Decorations] CAPPING events from decorations provider vscode.git 259
2024-12-09 08:48:45.324 [warning] [Decorations] CAPPING events from decorations provider vscode.git 259
2024-12-09 08:48:50.457 [warning] [Decorations] CAPPING events from decorations provider vscode.git 259
2024-12-09 08:48:55.586 [warning] [Decorations] CAPPING events from decorations provider vscode.git 259
2024-12-09 08:49:00.712 [warning] [Decorations] CAPPING events from decorations provider vscode.git 259
